This is pdfTeX, Version 3.1415926-2.3-1.40.12 (MiKTeX 2.9) (preloaded format=pdflatex 2012.9.13)  29 OCT 2012 21:32
entering extended mode
**Tanks.tex
(C:\Repos\CS5200_Tanks\Documentation\Document\Tanks.tex
LaTeX2e <2011/06/27>
Babel <v3.8m> and hyphenation patterns for english, afrikaans, ancientgreek, ar
abic, armenian, assamese, basque, bengali, bokmal, bulgarian, catalan, coptic, 
croatian, czech, danish, dutch, esperanto, estonian, farsi, finnish, french, ga
lician, german, german-x-2009-06-19, greek, gujarati, hindi, hungarian, iceland
ic, indonesian, interlingua, irish, italian, kannada, kurmanji, lao, latin, lat
vian, lithuanian, malayalam, marathi, mongolian, mongolianlmc, monogreek, ngerm
an, ngerman-x-2009-06-19, nynorsk, oriya, panjabi, pinyin, polish, portuguese, 
romanian, russian, sanskrit, serbian, slovak, slovenian, spanish, swedish, swis
sgerman, tamil, telugu, turkish, turkmen, ukenglish, ukrainian, uppersorbian, u
senglishmax, welsh, loaded.
("C:\Program Files (x86)\MiKTeX 2.9\tex\latex\base\article.cls"
Document Class: article 2007/10/19 v1.4h Standard LaTeX document class
("C:\Program Files (x86)\MiKTeX 2.9\tex\latex\base\size12.clo"
File: size12.clo 2007/10/19 v1.4h Standard LaTeX file (size option)
)
\c@part=\count79
\c@section=\count80
\c@subsection=\count81
\c@subsubsection=\count82
\c@paragraph=\count83
\c@subparagraph=\count84
\c@figure=\count85
\c@table=\count86
\abovecaptionskip=\skip41
\belowcaptionskip=\skip42
\bibindent=\dimen102
)
("C:\Program Files (x86)\MiKTeX 2.9\tex\latex\graphics\graphicx.sty"
Package: graphicx 1999/02/16 v1.0f Enhanced LaTeX Graphics (DPC,SPQR)

("C:\Program Files (x86)\MiKTeX 2.9\tex\latex\graphics\keyval.sty"
Package: keyval 1999/03/16 v1.13 key=value parser (DPC)
\KV@toks@=\toks14
)
("C:\Program Files (x86)\MiKTeX 2.9\tex\latex\graphics\graphics.sty"
Package: graphics 2009/02/05 v1.0o Standard LaTeX Graphics (DPC,SPQR)

("C:\Program Files (x86)\MiKTeX 2.9\tex\latex\graphics\trig.sty"
Package: trig 1999/03/16 v1.09 sin cos tan (DPC)
)
("C:\Program Files (x86)\MiKTeX 2.9\tex\latex\00miktex\graphics.cfg"
File: graphics.cfg 2007/01/18 v1.5 graphics configuration of teTeX/TeXLive
)
Package graphics Info: Driver file: pdftex.def on input line 91.

("C:\Program Files (x86)\MiKTeX 2.9\tex\latex\pdftex-def\pdftex.def"
File: pdftex.def 2011/05/27 v0.06d Graphics/color for pdfTeX

("C:\Program Files (x86)\MiKTeX 2.9\tex\generic\oberdiek\infwarerr.sty"
Package: infwarerr 2010/04/08 v1.3 Providing info/warning/message (HO)
)
("C:\Program Files (x86)\MiKTeX 2.9\tex\generic\oberdiek\ltxcmds.sty"
Package: ltxcmds 2011/04/18 v1.20 LaTeX kernel commands for general use (HO)
)
\Gread@gobject=\count87
))
\Gin@req@height=\dimen103
\Gin@req@width=\dimen104
)
("C:\Program Files (x86)\MiKTeX 2.9\tex\latex\hyperref\hyperref.sty"
Package: hyperref 2011/08/19 v6.82h Hypertext links for LaTeX

("C:\Program Files (x86)\MiKTeX 2.9\tex\generic\oberdiek\hobsub-hyperref.sty"
Package: hobsub-hyperref 2011/04/23 v1.4 Bundle oberdiek, subset hyperref (HO)

("C:\Program Files (x86)\MiKTeX 2.9\tex\generic\oberdiek\hobsub-generic.sty"
Package: hobsub-generic 2011/04/23 v1.4 Bundle oberdiek, subset generic (HO)
Package: hobsub 2011/04/23 v1.4 Subsetting bundle oberdiek (HO)
Package hobsub Info: Skipping package `infwarerr' (already loaded).
Package hobsub Info: Skipping package `ltxcmds' (already loaded).
Package: ifluatex 2010/03/01 v1.3 Provides the ifluatex switch (HO)
Package ifluatex Info: LuaTeX not detected.
Package: ifvtex 2010/03/01 v1.5 Switches for detecting VTeX and its modes (HO)
Package ifvtex Info: VTeX not detected.
Package: intcalc 2007/09/27 v1.1 Expandable integer calculations (HO)
Package: ifpdf 2011/01/30 v2.3 Provides the ifpdf switch (HO)
Package ifpdf Info: pdfTeX in PDF mode is detected.
Package: etexcmds 2011/02/16 v1.5 Prefix for e-TeX command names (HO)
Package etexcmds Info: Could not find \expanded.
(etexcmds)             That can mean that you are not using pdfTeX 1.50 or
(etexcmds)             that some package has redefined \expanded.
(etexcmds)             In the latter case, load this package earlier.
Package: kvsetkeys 2011/04/07 v1.13 Key value parser (HO)
Package: kvdefinekeys 2011/04/07 v1.3 Defining keys (HO)
Package: pdftexcmds 2011/04/22 v0.16 Utilities of pdfTeX for LuaTeX (HO)
Package pdftexcmds Info: LuaTeX not detected.
Package pdftexcmds Info: \pdf@primitive is available.
Package pdftexcmds Info: \pdf@ifprimitive is available.
Package pdftexcmds Info: \pdfdraftmode found.
Package: pdfescape 2011/04/04 v1.12 Provides string conversions (HO)
Package: bigintcalc 2011/01/30 v1.2 Expandable big integer calculations (HO)
Package: bitset 2011/01/30 v1.1 Data type bit set (HO)
Package: uniquecounter 2011/01/30 v1.2 Provides unlimited unique counter (HO)
)
Package hobsub Info: Skipping package `hobsub' (already loaded).
Package: letltxmacro 2010/09/02 v1.4 Let assignment for LaTeX macros (HO)
Package: hopatch 2011/01/30 v1.0 Wrapper for package hooks (HO)
Package: xcolor-patch 2011/01/30 xcolor patch
Package: atveryend 2011/04/23 v1.7 Hooks at very end of document (HO)
Package: atbegshi 2011/01/30 v1.15 At begin shipout hook (HO)
Package: refcount 2010/12/01 v3.2 Data extraction from references (HO)
Package: hycolor 2011/01/30 v1.7 Color options of hyperref/bookmark (HO)
)
("C:\Program Files (x86)\MiKTeX 2.9\tex\generic\ifxetex\ifxetex.sty"
Package: ifxetex 2010/09/12 v0.6 Provides ifxetex conditional
)
("C:\Program Files (x86)\MiKTeX 2.9\tex\latex\oberdiek\kvoptions.sty"
Package: kvoptions 2010/12/23 v3.10 Keyval support for LaTeX options (HO)
)
\@linkdim=\dimen105
\Hy@linkcounter=\count88
\Hy@pagecounter=\count89

("C:\Program Files (x86)\MiKTeX 2.9\tex\latex\hyperref\pd1enc.def"
File: pd1enc.def 2011/08/19 v6.82h Hyperref: PDFDocEncoding definition (HO)
)
\Hy@SavedSpaceFactor=\count90

("C:\Program Files (x86)\MiKTeX 2.9\tex\latex\00miktex\hyperref.cfg"
File: hyperref.cfg 2002/06/06 v1.2 hyperref configuration of TeXLive
)
Package hyperref Info: Hyper figures OFF on input line 4053.
Package hyperref Info: Link nesting OFF on input line 4058.
Package hyperref Info: Hyper index ON on input line 4061.
Package hyperref Info: Plain pages OFF on input line 4068.
Package hyperref Info: Backreferencing OFF on input line 4073.
Package hyperref Info: Implicit mode ON; LaTeX internals redefined.
Package hyperref Info: Bookmarks ON on input line 4291.
\c@Hy@tempcnt=\count91

("C:\Program Files (x86)\MiKTeX 2.9\tex\latex\ltxmisc\url.sty"
\Urlmuskip=\muskip10
Package: url 2006/04/12  ver 3.3  Verb mode for urls, etc.
)
LaTeX Info: Redefining \url on input line 4644.
\Fld@menulength=\count92
\Field@Width=\dimen106
\Fld@charsize=\dimen107
Package hyperref Info: Hyper figures OFF on input line 5730.
Package hyperref Info: Link nesting OFF on input line 5735.
Package hyperref Info: Hyper index ON on input line 5738.
Package hyperref Info: backreferencing OFF on input line 5745.
Package hyperref Info: Link coloring OFF on input line 5750.
Package hyperref Info: Link coloring with OCG OFF on input line 5755.
Package hyperref Info: PDF/A mode OFF on input line 5760.
LaTeX Info: Redefining \ref on input line 5800.
LaTeX Info: Redefining \pageref on input line 5804.
\Hy@abspage=\count93
\c@Item=\count94
\c@Hfootnote=\count95
)

Package hyperref Message: Driver (autodetected): hpdftex.

("C:\Program Files (x86)\MiKTeX 2.9\tex\latex\hyperref\hpdftex.def"
File: hpdftex.def 2011/08/19 v6.82h Hyperref driver for pdfTeX
\Fld@listcount=\count96
\c@bookmark@seq@number=\count97

("C:\Program Files (x86)\MiKTeX 2.9\tex\latex\oberdiek\rerunfilecheck.sty"
Package: rerunfilecheck 2011/04/15 v1.7 Rerun checks for auxiliary files (HO)
Package uniquecounter Info: New unique counter `rerunfilecheck' on input line 2
82.
)
\Hy@SectionHShift=\skip43
)
("C:\Program Files (x86)\MiKTeX 2.9\tex\latex\tools\enumerate.sty"
Package: enumerate 1999/03/05 v3.00 enumerate extensions (DPC)
\@enLab=\toks15
)
(C:\Users\McKinley\AppData\Roaming\MiKTeX\2.9\tex\latex\supertabular\supertabul
ar.sty
Package: supertabular 2004/02/20 v4.1e the supertabular environment
\c@tracingst=\count98
\ST@wd=\dimen108
\ST@rightskip=\skip44
\ST@leftskip=\skip45
\ST@parfillskip=\skip46
\ST@pageleft=\dimen109
\ST@headht=\dimen110
\ST@tailht=\dimen111
\ST@pagesofar=\dimen112
\ST@pboxht=\dimen113
\ST@lineht=\dimen114
\ST@stretchht=\dimen115
\ST@prevht=\dimen116
\ST@toadd=\dimen117
\ST@dimen=\dimen118
\ST@pbox=\box26
) ("C:\Program Files (x86)\MiKTeX 2.9\tex\latex\geometry\geometry.sty"
Package: geometry 2010/09/12 v5.6 Page Geometry
\Gm@cnth=\count99
\Gm@cntv=\count100
\c@Gm@tempcnt=\count101
\Gm@bindingoffset=\dimen119
\Gm@wd@mp=\dimen120
\Gm@odd@mp=\dimen121
\Gm@even@mp=\dimen122
\Gm@layoutwidth=\dimen123
\Gm@layoutheight=\dimen124
\Gm@layouthoffset=\dimen125
\Gm@layoutvoffset=\dimen126
\Gm@dimlist=\toks16

("C:\Program Files (x86)\MiKTeX 2.9\tex\latex\geometry\geometry.cfg"))
(C:\Repos\CS5200_Tanks\Documentation\Document\Tanks.aux)
LaTeX Font Info:    Checking defaults for OML/cmm/m/it on input line 9.
LaTeX Font Info:    ... okay on input line 9.
LaTeX Font Info:    Checking defaults for T1/cmr/m/n on input line 9.
LaTeX Font Info:    ... okay on input line 9.
LaTeX Font Info:    Checking defaults for OT1/cmr/m/n on input line 9.
LaTeX Font Info:    ... okay on input line 9.
LaTeX Font Info:    Checking defaults for OMS/cmsy/m/n on input line 9.
LaTeX Font Info:    ... okay on input line 9.
LaTeX Font Info:    Checking defaults for OMX/cmex/m/n on input line 9.
LaTeX Font Info:    ... okay on input line 9.
LaTeX Font Info:    Checking defaults for U/cmr/m/n on input line 9.
LaTeX Font Info:    ... okay on input line 9.
LaTeX Font Info:    Checking defaults for PD1/pdf/m/n on input line 9.
LaTeX Font Info:    ... okay on input line 9.

(C:\Users\McKinley\AppData\Roaming\MiKTeX\2.9\tex\context\base\supp-pdf.mkii
[Loading MPS to PDF converter (version 2006.09.02).]
\scratchcounter=\count102
\scratchdimen=\dimen127
\scratchbox=\box27
\nofMPsegments=\count103
\nofMParguments=\count104
\everyMPshowfont=\toks17
\MPscratchCnt=\count105
\MPscratchDim=\dimen128
\MPnumerator=\count106
\makeMPintoPDFobject=\count107
\everyMPtoPDFconversion=\toks18
)
\AtBeginShipoutBox=\box28
Package hyperref Info: Link coloring OFF on input line 9.
 ("C:\Program Files (x86)\MiKTeX 2.9\tex\latex\hyperref\nameref.sty"
Package: nameref 2010/04/30 v2.40 Cross-referencing by name of section

("C:\Program Files (x86)\MiKTeX 2.9\tex\generic\oberdiek\gettitlestring.sty"
Package: gettitlestring 2010/12/03 v1.4 Cleanup title references (HO)
)
\c@section@level=\count108
)
LaTeX Info: Redefining \ref on input line 9.
LaTeX Info: Redefining \pageref on input line 9.
LaTeX Info: Redefining \nameref on input line 9.

(C:\Repos\CS5200_Tanks\Documentation\Document\Tanks.out)
(C:\Repos\CS5200_Tanks\Documentation\Document\Tanks.out)
\@outlinefile=\write3

*geometry* driver: auto-detecting
*geometry* detected driver: pdftex
*geometry* verbose mode - [ preamble ] result:
* driver: pdftex
* paper: <default>
* layout: <same size as paper>
* layoutoffset:(h,v)=(0.0pt,0.0pt)
* modes: 
* h-part:(L,W,R)=(71.13188pt, 472.03123pt, 71.13188pt)
* v-part:(T,H,B)=(71.13188pt, 652.70622pt, 71.13188pt)
* \paperwidth=614.295pt
* \paperheight=794.96999pt
* \textwidth=472.03123pt
* \textheight=652.70622pt
* \oddsidemargin=-1.1381pt
* \evensidemargin=-1.1381pt
* \topmargin=-38.1381pt
* \headheight=12.0pt
* \headsep=25.0pt
* \topskip=12.0pt
* \footskip=30.0pt
* \marginparwidth=44.0pt
* \marginparsep=10.0pt
* \columnsep=10.0pt
* \skip\footins=10.8pt plus 4.0pt minus 2.0pt
* \hoffset=0.0pt
* \voffset=0.0pt
* \mag=1000
* \@twocolumnfalse
* \@twosidefalse
* \@mparswitchfalse
* \@reversemarginfalse
* (1in=72.27pt=25.4mm, 1cm=28.453pt)

LaTeX Font Info:    External font `cmex10' loaded for size
(Font)              <14.4> on input line 17.
LaTeX Font Info:    External font `cmex10' loaded for size
(Font)              <7> on input line 17.
[1

{C:/Users/McKinley/AppData/Local/MiKTeX/2.9/pdftex/config/pdftex.map}]
(C:\Repos\CS5200_Tanks\Documentation\Document\Tanks.toc
LaTeX Font Info:    External font `cmex10' loaded for size
(Font)              <12> on input line 3.
LaTeX Font Info:    External font `cmex10' loaded for size
(Font)              <8> on input line 3.
LaTeX Font Info:    External font `cmex10' loaded for size
(Font)              <6> on input line 3.
)
\tf@toc=\write4
pdfTeX warning (ext4): destination with the same identifier (name{page.1}) has 
been already used, duplicate ignored
<to be read again> 
                   \relax 
l.22 \newpage
              [1]
Missing character: There is no ‚ in font cmr12!
Missing character: There is no Ä in font cmr12!
Missing character: There is no ô in font cmr12!
Missing character: There is no ‚ in font cmr12!
Missing character: There is no Ä in font cmr12!
Missing character: There is no ú in font cmr12!
Missing character: There is no ‚ in font cmr12!
Missing character: There is no Ä in font cmr12!
Missing character: There is no ù in font cmr12!
 [2] [3]
LaTeX Font Info:    Try loading font information for OMS+cmr on input line 108.


("C:\Program Files (x86)\MiKTeX 2.9\tex\latex\base\omscmr.fd"
File: omscmr.fd 1999/05/25 v2.5h Standard LaTeX font definitions
)
LaTeX Font Info:    Font shape `OMS/cmr/m/n' in size <12> not available
(Font)              Font shape `OMS/cmsy/m/n' tried instead on input line 108.

Overfull \hbox (57.94629pt too wide) in paragraph at lines 114--114
[] 
 []


Underfull \hbox (badness 1168) in paragraph at lines 117--117
[]\OT1/cmr/m/n/12 Allows a player to reg-is-
 []


Underfull \hbox (badness 1292) in paragraph at lines 117--117
\OT1/cmr/m/n/12 ter with the Fight Man-
 []


Underfull \hbox (badness 10000) in paragraph at lines 117--117
[]\OT1/cmr/m/n/12 Fight Man-
 []


Underfull \hbox (badness 1365) in paragraph at lines 118--118
\OT1/cmr/m/n/12 pli-ca-tion er-ror oc-curs, or
 []


Underfull \hbox (badness 10000) in paragraph at lines 118--118
[]\OT1/cmr/m/n/12 Player,
 []


Underfull \hbox (badness 10000) in paragraph at lines 118--118
\OT1/cmr/m/n/12 Fight
 []


Underfull \hbox (badness 10000) in paragraph at lines 118--118
[]\OT1/cmr/m/n/12 Fight Man-
 []


Overfull \hbox (57.94629pt too wide) in paragraph at lines 114--118
 [] 
 []

[4]
Underfull \hbox (badness 10000) in paragraph at lines 121--121
[]\OT1/cmr/m/n/12 Fight Man-
 []


Underfull \hbox (badness 10000) in paragraph at lines 124--124
[]\OT1/cmr/m/n/12 Location
 []


Underfull \hbox (badness 1881) in paragraph at lines 124--124
\OT1/cmr/m/n/12 formed of the up to 10
 []


Underfull \hbox (badness 10000) in paragraph at lines 124--124
[]\OT1/cmr/m/n/12 Fight Man-
 []


Underfull \hbox (badness 10000) in paragraph at lines 124--124
\OT1/cmr/m/n/12 ager, Spec-i-
 []


Underfull \hbox (badness 10000) in paragraph at lines 127--127
[]\OT1/cmr/m/n/12 Fight Man-
 []


Underfull \hbox (badness 10000) in paragraph at lines 130--130
[]\OT1/cmr/m/n/12 Create
 []


Underfull \hbox (badness 10000) in paragraph at lines 130--130
[]\OT1/cmr/m/n/12 Fight Man-
 []


Underfull \hbox (badness 5388) in paragraph at lines 133--133
[]\OT1/cmr/m/n/12 Allows a player to en-
 []


Underfull \hbox (badness 10000) in paragraph at lines 133--133
[]\OT1/cmr/m/n/12 Fight Man-
 []


Overfull \hbox (57.94629pt too wide) in paragraph at lines 118--133
 [] 
 []

[5]
Underfull \hbox (badness 1917) in paragraph at lines 134--134
\OT1/cmr/m/n/12 the player wishes to see
 []


Underfull \hbox (badness 10000) in paragraph at lines 134--134
[]\OT1/cmr/m/n/12 Fight Man-
 []


Underfull \hbox (badness 1460) in paragraph at lines 137--137
\OT1/cmr/m/n/12 an empty shell from the
 []


Underfull \hbox (badness 10000) in paragraph at lines 137--137
[]\OT1/cmr/m/n/12 Shell Man-
 []


Underfull \hbox (badness 10000) in paragraph at lines 139--139
[]\OT1/cmr/m/n/12 Gunpowder
 []


Overfull \hbox (57.94629pt too wide) in paragraph at lines 133--142
 [] 
 []

[6]

LaTeX Warning: File `Diagrams/Class Diagrams/Message Classes.jpg' not found on 
input line 153.

<Diagrams/Class Diagrams/Message Classes.jpg, id=244, 1059.96pt x 638.385pt>
File: Diagrams/Class Diagrams/Message Classes.jpg Graphic file (type jpg)

<use Diagrams/Class Diagrams/Message Classes.jpg>
Package pdftex.def Info: Diagrams/Class Diagrams/Message Classes.jpg used on in
put line 153.
(pdftex.def)             Requested size: 472.03123pt x 284.28986pt.
 [7 <C:/Repos/CS5200_Tanks/Documentation/Document/Diagrams/Class Diagrams/Messa
ge Classes.jpg>]

LaTeX Warning: File `Diagrams/Class Diagrams/Register Protocol.jpg' not found o
n input line 162.


<Diagrams/Class Diagrams/Register Protocol.jpg, id=250, 1019.81pt x 536.0025pt>
File: Diagrams/Class Diagrams/Register Protocol.jpg Graphic file (type jpg)
<use Diagrams/Class Diagrams/Register Protocol.jpg>
Package pdftex.def Info: Diagrams/Class Diagrams/Register Protocol.jpg used on 
input line 162.
(pdftex.def)             Requested size: 472.03123pt x 248.09357pt.
 [8 <C:/Repos/CS5200_Tanks/Documentation/Document/Diagrams/Class Diagrams/Regis
ter Protocol.jpg>]

LaTeX Warning: File `Diagrams/Class Diagrams/Unregister Protocol.jpg' not found
 on input line 171.


<Diagrams/Class Diagrams/Unregister Protocol.jpg, id=256, 809.0225pt x 497.86pt
>
File: Diagrams/Class Diagrams/Unregister Protocol.jpg Graphic file (type jpg)
 <use Diagrams/Class Diagrams/Unregister Protocol.jpg>
Package pdftex.def Info: Diagrams/Class Diagrams/Unregister Protocol.jpg used o
n input line 171.
(pdftex.def)             Requested size: 472.03123pt x 290.48346pt.
 [9 <C:/Repos/CS5200_Tanks/Documentation/Document/Diagrams/Class Diagrams/Unreg
ister Protocol.jpg>]

LaTeX Warning: File `Diagrams/Class Diagrams/Location List Protocol.jpg' not fo
und on input line 180.


<Diagrams/Class Diagrams/Location List Protocol.jpg, id=262, 651.43375pt x 497.
86pt>
File: Diagrams/Class Diagrams/Location List Protocol.jpg Graphic file (type jpg
)
 <use Diagrams/Class Diagrams/Location List Protocol.jpg>
Package pdftex.def Info: Diagrams/Class Diagrams/Location List Protocol.jpg use
d on input line 180.
(pdftex.def)             Requested size: 472.03123pt x 360.76073pt.
 [10 <C:/Repos/CS5200_Tanks/Documentation/Document/Diagrams/Class Diagrams/Loca
tion List Protocol.jpg>]

LaTeX Warning: File `Diagrams/Class Diagrams/Player List Protocol.jpg' not foun
d on input line 189.


<Diagrams/Class Diagrams/Player List Protocol.jpg, id=268, 678.535pt x 618.31pt
>
File: Diagrams/Class Diagrams/Player List Protocol.jpg Graphic file (type jpg)
 <use Diagrams/Class Diagrams/Player List Protocol.jpg>
Package pdftex.def Info: Diagrams/Class Diagrams/Player List Protocol.jpg used 
on input line 189.
(pdftex.def)             Requested size: 472.03123pt x 430.13461pt.
 [11 <C:/Repos/CS5200_Tanks/Documentation/Document/Diagrams/Class Diagrams/Play
er List Protocol.jpg>]

LaTeX Warning: File `Diagrams/Class Diagrams/Fight List Protocol.jpg' not found
 on input line 198.


<Diagrams/Class Diagrams/Fight List Protocol.jpg, id=274, 608.2725pt x 447.6725
pt>
File: Diagrams/Class Diagrams/Fight List Protocol.jpg Graphic file (type jpg)
 <use Diagrams/Class Diagrams/Fight List Protocol.jpg>
Package pdftex.def Info: Diagrams/Class Diagrams/Fight List Protocol.jpg used o
n input line 198.
(pdftex.def)             Requested size: 377.62642pt x 277.92978pt.
 [12 <C:/Repos/CS5200_Tanks/Documentation/Document/Diagrams/Class Diagrams/Figh
t List Protocol.jpg>]

LaTeX Warning: File `Diagrams/Class Diagrams/Join Fight Protocol.jpg' not found
 on input line 207.


<Diagrams/Class Diagrams/Join Fight Protocol.jpg, id=281, 447.6725pt x 387.4475
pt>
File: Diagrams/Class Diagrams/Join Fight Protocol.jpg Graphic file (type jpg)
 <use Diagrams/Class Diagrams/Join Fight Protocol.jpg>
Package pdftex.def Info: Diagrams/Class Diagrams/Join Fight Protocol.jpg used o
n input line 207.
(pdftex.def)             Requested size: 330.42041pt x 285.97357pt.
 [13 <C:/Repos/CS5200_Tanks/Documentation/Document/Diagrams/Class Diagrams/Join
 Fight Protocol.jpg>]

LaTeX Warning: File `Diagrams/Class Diagrams/Create Fight Protocol.jpg' not fou
nd on input line 216.


<Diagrams/Class Diagrams/Create Fight Protocol.jpg, id=287, 1210.5225pt x 548.0
475pt>
File: Diagrams/Class Diagrams/Create Fight Protocol.jpg Graphic file (type jpg)

 <use Diagrams/Class Diagrams/Create Fight Protocol.jpg>
Package pdftex.def Info: Diagrams/Class Diagrams/Create Fight Protocol.jpg used
 on input line 216.
(pdftex.def)             Requested size: 472.03123pt x 213.70421pt.
 [14 <C:/Repos/CS5200_Tanks/Documentation/Document/Diagrams/Class Diagrams/Crea
te Fight Protocol.jpg>]

LaTeX Warning: File `Diagrams/Class Diagrams/Fire Shell Protocol.jpg' not found
 on input line 225.


<Diagrams/Class Diagrams/Fire Shell Protocol.jpg, id=293, 1210.5225pt x 550.055
pt>
File: Diagrams/Class Diagrams/Fire Shell Protocol.jpg Graphic file (type jpg)
 <use Diagrams/Class Diagrams/Fire Shell Protocol.jpg>
Package pdftex.def Info: Diagrams/Class Diagrams/Fire Shell Protocol.jpg used o
n input line 225.
(pdftex.def)             Requested size: 472.03123pt x 214.48701pt.
 [15 <C:/Repos/CS5200_Tanks/Documentation/Document/Diagrams/Class Diagrams/Fire
 Shell Protocol.jpg>]

LaTeX Warning: File `Diagrams/Class Diagrams/Fill Shell Protocol.jpg' not found
 on input line 234.


<Diagrams/Class Diagrams/Fill Shell Protocol.jpg, id=299, 368.37625pt x 477.785
pt>
File: Diagrams/Class Diagrams/Fill Shell Protocol.jpg Graphic file (type jpg)
 <use Diagrams/Class Diagrams/Fill Shell Protocol.jpg>
Package pdftex.def Info: Diagrams/Class Diagrams/Fill Shell Protocol.jpg used o
n input line 234.
(pdftex.def)             Requested size: 330.42041pt x 428.55173pt.
 [16 <C:/Repos/CS5200_Tanks/Documentation/Document/Diagrams/Class Diagrams/Fill
 Shell Protocol.jpg>]

LaTeX Warning: File `Diagrams/Class Diagrams/Get Shell Protocol.jpg' not found 
on input line 243.


<Diagrams/Class Diagrams/Get Shell Protocol.jpg, id=305, 357.335pt x 417.56pt>
File: Diagrams/Class Diagrams/Get Shell Protocol.jpg Graphic file (type jpg)

<use Diagrams/Class Diagrams/Get Shell Protocol.jpg>
Package pdftex.def Info: Diagrams/Class Diagrams/Get Shell Protocol.jpg used on
 input line 243.
(pdftex.def)             Requested size: 330.42041pt x 386.12862pt.
 [17 <C:/Repos/CS5200_Tanks/Documentation/Document/Diagrams/Class Diagrams/Get 
Shell Protocol.jpg>]
Underfull \hbox (badness 10000) in paragraph at lines 253--253
[]\OT1/cmr/bx/n/12 Valid At-tribute
 []


Underfull \hbox (badness 10000) in paragraph at lines 253--253
[]\OT1/cmr/bx/n/12 Valid At-tribute
 []


Underfull \hbox (badness 10000) in paragraph at lines 255--255
[]\OT1/cmr/m/n/12 Register
 []


Underfull \hbox (badness 1939) in paragraph at lines 255--255
\OT1/cmr/m/n/12 with the Fight Man-ager.
 []


Underfull \hbox (badness 3884) in paragraph at lines 255--255
[]\OT1/cmr/m/n/12 Register Pro-to-
 []


Underfull \hbox (badness 4341) in paragraph at lines 255--255
[]\OT1/cmr/m/n/12 playerName: "John
 []


Underfull \hbox (badness 10000) in paragraph at lines 256--256
[]\OT1/cmr/m/n/12 Register
 []


Underfull \hbox (badness 1515) in paragraph at lines 256--256
\OT1/cmr/m/n/12 ter Re-quest, a client re-
 []


Underfull \hbox (badness 3884) in paragraph at lines 256--256
[]\OT1/cmr/m/n/12 Register Pro-to-
 []


Underfull \hbox (badness 10000) in paragraph at lines 259--259
[]\OT1/cmr/m/n/12 Unregister
 []


Underfull \hbox (badness 2229) in paragraph at lines 259--259
\OT1/cmr/m/n/12 Man-ager, and that their
 []


Underfull \hbox (badness 5147) in paragraph at lines 259--259
[]\OT1/cmr/m/n/12 Unregister pro-
 []


Underfull \hbox (badness 10000) in paragraph at lines 259--259
[]\OT1/cmr/m/n/12 unregisterReason:
 []


Underfull \hbox (badness 10000) in paragraph at lines 259--259
[]\OT1/cmr/m/n/12 note:``System
 []


Underfull \hbox (badness 5519) in paragraph at lines 262--262
[]\OT1/cmr/m/n/12 Fire Shell
 []


Underfull \hbox (badness 1442) in paragraph at lines 262--262
\OT1/cmr/m/n/12 fully and that its ef-fects
 []

[18]
Underfull \hbox (badness 10000) in paragraph at lines 262--262
[]\OT1/cmr/bx/n/12 Valid At-tribute
 []


Underfull \hbox (badness 10000) in paragraph at lines 265--265
[]\OT1/cmr/m/n/12 Location
 []


Underfull \hbox (badness 10000) in paragraph at lines 265--265
\OT1/cmr/m/n/12 List Re-
 []


Underfull \hbox (badness 2334) in paragraph at lines 265--265
\OT1/cmr/m/n/12 must query the spec-i-fied
 []


Underfull \hbox (badness 10000) in paragraph at lines 265--265
[]\OT1/cmr/m/n/12 Location List
 []


Underfull \hbox (badness 10000) in paragraph at lines 266--266
[]\OT1/cmr/m/n/12 Last Lo-
 []


Underfull \hbox (badness 10000) in paragraph at lines 266--266
\OT1/cmr/m/n/12 ca-tions
 []


Underfull \hbox (badness 10000) in paragraph at lines 266--266
[]\OT1/cmr/m/n/12 Location List
 []


Underfull \hbox (badness 10000) in paragraph at lines 267--267
[]\OT1/cmr/m/n/12 Location
 []


Underfull \hbox (badness 2884) in paragraph at lines 267--267
[]\OT1/cmr/m/n/12 Used when a player re-
 []


Underfull \hbox (badness 2961) in paragraph at lines 267--267
\OT1/cmr/m/n/12 sponds to a Last Lo-ca-
 []


Underfull \hbox (badness 2941) in paragraph at lines 267--267
\OT1/cmr/m/n/12 tions Re-quest and sends
 []


Underfull \hbox (badness 1852) in paragraph at lines 267--267
\OT1/cmr/m/n/12 back their pre-vi-ous lo-ca-
 []


Underfull \hbox (badness 1496) in paragraph at lines 267--267
\OT1/cmr/m/n/12 tions. Means the Fight
 []


Underfull \hbox (badness 1424) in paragraph at lines 267--267
\OT1/cmr/m/n/12 tion the player re-quested
 []


Underfull \hbox (badness 3601) in paragraph at lines 267--267
\OT1/cmr/m/n/12 mes-sage onto the player
 []


Underfull \hbox (badness 10000) in paragraph at lines 267--267
[]\OT1/cmr/m/n/12 Location List
 []


Underfull \hbox (badness 7012) in paragraph at lines 267--267
[]\OT1/cmr/m/n/12 locationList: Lo-ca-
 []


Underfull \hbox (badness 1596) in paragraph at lines 270--270
\OT1/cmr/m/n/12 a list of cur-rent play-ers.
 []

[19]
Underfull \hbox (badness 10000) in paragraph at lines 270--270
[]\OT1/cmr/bx/n/12 Valid At-tribute
 []


Underfull \hbox (badness 10000) in paragraph at lines 274--274
[]\OT1/cmr/m/n/12 Fight
 []


Underfull \hbox (badness 10000) in paragraph at lines 274--274
\OT1/cmr/m/n/12 Cre-ation
 []


Underfull \hbox (badness 3884) in paragraph at lines 274--274
\OT1/cmr/m/n/12 was not in any of the
 []


Underfull \hbox (badness 10000) in paragraph at lines 274--274
[]\OT1/cmr/m/n/12 Create Fight
 []


Underfull \hbox (badness 2334) in paragraph at lines 280--280
[]\OT1/cmr/m/n/12 Fight List
 []


Underfull \hbox (badness 2334) in paragraph at lines 281--281
[]\OT1/cmr/m/n/12 Fight List
 []

[20]
Underfull \hbox (badness 10000) in paragraph at lines 281--281
[]\OT1/cmr/bx/n/12 Valid At-tribute
 []


Underfull \hbox (badness 10000) in paragraph at lines 284--284
[]\OT1/cmr/m/n/12 Get Shell
 []


Underfull \hbox (badness 2884) in paragraph at lines 284--284
[]\OT1/cmr/m/n/12 Used when a player re-
 []


Underfull \hbox (badness 10000) in paragraph at lines 285--285
[]\OT1/cmr/m/n/12 Get Shell
 []


Underfull \hbox (badness 10000) in paragraph at lines 288--288
[]\OT1/cmr/m/n/12 Fill Shell
 []


Underfull \hbox (badness 10000) in paragraph at lines 289--289
[]\OT1/cmr/m/n/12 Fill Shell
 []

[21]
Underfull \hbox (badness 10000) in paragraph at lines 289--289
[]\OT1/cmr/bx/n/12 Valid At-tribute
 []


Underfull \hbox (badness 5519) in paragraph at lines 293--293
[]\OT1/cmr/m/n/12 Fire Shell
 []


Underfull \hbox (badness 1694) in paragraph at lines 293--293
\OT1/cmr/m/n/12 ager must broad-cast this
 []


Underfull \hbox (badness 2050) in paragraph at lines 294--294
\OT1/cmr/m/n/12 ager wishes to broad-cast
 []


Underfull \hbox (badness 3128) in paragraph at lines 294--294
\OT1/cmr/m/n/12 to all play-ers the event
 []


Underfull \hbox (badness 1831) in paragraph at lines 298--298
[]\OT1/cmr/m/n/12 Used when some com-po-
 []


Underfull \hbox (badness 2253) in paragraph at lines 298--298
\OT1/cmr/m/n/12 to ei-ther ac-knowl-edge or
 []


Underfull \hbox (badness 10000) in paragraph at lines 298--298
\OT1/cmr/m/n/12 neg-a-tively ac-knowl-edge
 []


Underfull \hbox (badness 3281) in paragraph at lines 298--298
\OT1/cmr/m/n/12 the cor-rect re-ceive of a
 []


Underfull \hbox (badness 1168) in paragraph at lines 298--298
\OT1/cmr/m/n/12 mes-sage. Means a mes-
 []


Underfull \hbox (badness 6461) in paragraph at lines 298--298
\OT1/cmr/m/n/12 sage pre-vi-ously sent by
 []


Underfull \hbox (badness 7613) in paragraph at lines 298--298
\OT1/cmr/m/n/12 the re-ceiv-ing com-po-nent
 []


Underfull \hbox (badness 10000) in paragraph at lines 298--298
\OT1/cmr/m/n/12 reached the des-ti-na-tion,
 []


Underfull \hbox (badness 1629) in paragraph at lines 298--298
\OT1/cmr/m/n/12 and that this com-po-nent
 []


Underfull \hbox (badness 10000) in paragraph at lines 298--298
\OT1/cmr/m/n/12 must de-ter-mine whether
 []


Underfull \hbox (badness 2626) in paragraph at lines 298--298
[]\OT1/cmr/m/n/12 Unregister Pro-
 []

[22]
Underfull \hbox (badness 10000) in paragraph at lines 298--298
[]\OT1/cmr/bx/n/12 Valid At-tribute
 []


Underfull \hbox (badness 2418) in paragraph at lines 301--301
[]\OT1/cmr/m/n/12 New Con-
 []


Underfull \hbox (badness 10000) in paragraph at lines 301--301
\OT1/cmr/m/n/12 nec-tion
 []


Underfull \hbox (badness 1005) in paragraph at lines 301--301
\OT1/cmr/m/n/12 to com-mu-ni-cate the need
 []


Underfull \hbox (badness 2237) in paragraph at lines 301--301
\OT1/cmr/m/n/12 they must cre-ate a new
 []


Underfull \hbox (badness 10000) in paragraph at lines 301--301
\OT1/cmr/m/n/12 to-col, Player
 []

[23]

LaTeX Warning: File `Diagrams/Sequence Diagrams/General.jpg' not found on input
 line 312.

<Diagrams/Sequence Diagrams/General.jpg, id=336, 668.4975pt x 387.4475pt>
File: Diagrams/Sequence Diagrams/General.jpg Graphic file (type jpg)

<use Diagrams/Sequence Diagrams/General.jpg>
Package pdftex.def Info: Diagrams/Sequence Diagrams/General.jpg used on input l
ine 312.
(pdftex.def)             Requested size: 472.03123pt x 273.588pt.
 [24 <C:/Repos/CS5200_Tanks/Documentation/Document/Diagrams/Sequence Diagrams/G
eneral.jpg>]

LaTeX Warning: File `Diagrams/Sequence Diagrams/Player List Protocol Sequence.j
pg' not found on input line 321.


<Diagrams/Sequence Diagrams/Player List Protocol Sequence.jpg, id=343, 929.4725
pt x 447.6725pt>
File: Diagrams/Sequence Diagrams/Player List Protocol Sequence.jpg Graphic file
 (type jpg)

<use Diagrams/Sequence Diagrams/Player List Protocol Sequence.jpg>
Package pdftex.def Info: Diagrams/Sequence Diagrams/Player List Protocol Sequen
ce.jpg used on input line 321.
(pdftex.def)             Requested size: 472.03123pt x 227.34679pt.
 [25 <C:/Repos/CS5200_Tanks/Documentation/Document/Diagrams/Sequence Diagrams/P
layer List Protocol Sequence.jpg>]

LaTeX Warning: File `Diagrams/Sequence Diagrams/Fight List Protocol Sequence.jp
g' not found on input line 330.


<Diagrams/Sequence Diagrams/Fight List Protocol Sequence.jpg, id=349, 927.465pt
 x 447.6725pt>
File: Diagrams/Sequence Diagrams/Fight List Protocol Sequence.jpg Graphic file 
(type jpg)

<use Diagrams/Sequence Diagrams/Fight List Protocol Sequence.jpg>
Package pdftex.def Info: Diagrams/Sequence Diagrams/Fight List Protocol Sequenc
e.jpg used on input line 330.
(pdftex.def)             Requested size: 472.03123pt x 227.84544pt.
 [26 <C:/Repos/CS5200_Tanks/Documentation/Document/Diagrams/Sequence Diagrams/F
ight List Protocol Sequence.jpg>]

LaTeX Warning: File `Diagrams/Sequence Diagrams/Location List Protocol Sequence
.jpg' not found on input line 339.


<Diagrams/Sequence Diagrams/Location List Protocol Sequence.jpg, id=355, 716.67
75pt x 295.1025pt>
File: Diagrams/Sequence Diagrams/Location List Protocol Sequence.jpg Graphic fi
le (type jpg)

<use Diagrams/Sequence Diagrams/Location List Protocol Sequence.jpg>
Package pdftex.def Info: Diagrams/Sequence Diagrams/Location List Protocol Sequ
ence.jpg used on input line 339.
(pdftex.def)             Requested size: 330.42041pt x 136.05498pt.
 [27 <C:/Repos/CS5200_Tanks/Documentation/Document/Diagrams/Sequence Diagrams/L
ocation List Protocol Sequence.jpg>]

LaTeX Warning: File `Diagrams/Sequence Diagrams/Fire Shell Protocol Sequence.jp
g' not found on input line 348.


<Diagrams/Sequence Diagrams/Fire Shell Protocol Sequence.jpg, id=361, 819.06pt 
x 517.935pt>
File: Diagrams/Sequence Diagrams/Fire Shell Protocol Sequence.jpg Graphic file 
(type jpg)
 <use Diagrams/Sequence Diagrams/Fire Shell Protocol Sequence.jpg>
Package pdftex.def Info: Diagrams/Sequence Diagrams/Fire Shell Protocol Sequenc
e.jpg used on input line 348.
(pdftex.def)             Requested size: 472.03123pt x 298.49786pt.

[28 <C:/Repos/CS5200_Tanks/Documentation/Document/Diagrams/Sequence Diagrams/Fi
re Shell Protocol Sequence.jpg>]

LaTeX Warning: File `Diagrams/Sequence Diagrams/Create Fight Protocol Sequence.
jpg' not found on input line 357.


<Diagrams/Sequence Diagrams/Create Fight Protocol Sequence.jpg, id=367, 997.727
5pt x 556.0775pt>
File: Diagrams/Sequence Diagrams/Create Fight Protocol Sequence.jpg Graphic fil
e (type jpg)

<use Diagrams/Sequence Diagrams/Create Fight Protocol Sequence.jpg>
Package pdftex.def Info: Diagrams/Sequence Diagrams/Create Fight Protocol Seque
nce.jpg used on input line 357.
(pdftex.def)             Requested size: 472.03123pt x 263.07892pt.
 [29 <C:/Repos/CS5200_Tanks/Documentation/Document/Diagrams/Sequence Diagrams/C
reate Fight Protocol Sequence.jpg>]

LaTeX Warning: File `Diagrams/Structure Diagrams/ThreadingStructure.jpg' not fo
und on input line 374.


<Diagrams/Structure Diagrams/ThreadingStructure.jpg, id=373, 849.1725pt x 497.8
6pt>
File: Diagrams/Structure Diagrams/ThreadingStructure.jpg Graphic file (type jpg
)
 <use Diagrams/Structure Diagrams/ThreadingStructure.jpg>
Package pdftex.def Info: Diagrams/Structure Diagrams/ThreadingStructure.jpg use
d on input line 374.
(pdftex.def)             Requested size: 472.03123pt x 276.74858pt.
 [30 <C:/Repos/CS5200_Tanks/Documentation/Document/Diagrams/Structure Diagrams/
ThreadingStructure.jpg>]

LaTeX Warning: File `Diagrams/Structure Diagrams/ModelAndStrategyStructure.jpg'
 not found on input line 380.


<Diagrams/Structure Diagrams/ModelAndStrategyStructure.jpg, id=379, 608.2725pt 
x 538.01pt>
File: Diagrams/Structure Diagrams/ModelAndStrategyStructure.jpg Graphic file (t
ype jpg)
 <use Diagrams/Structure Diagrams/ModelAndStrategyStructure.jpg>
Package pdftex.def Info: Diagrams/Structure Diagrams/ModelAndStrategyStructure.
jpg used on input line 380.
(pdftex.def)             Requested size: 472.03123pt x 417.51988pt.

[31 <C:/Repos/CS5200_Tanks/Documentation/Document/Diagrams/Structure Diagrams/M
odelAndStrategyStructure.jpg>]

LaTeX Warning: File `Diagrams/Structure Diagrams/ComponentDiagram.jpg' not foun
d on input line 387.


<Diagrams/Structure Diagrams/ComponentDiagram.jpg, id=384, 1203.49625pt x 758.8
35pt>
File: Diagrams/Structure Diagrams/ComponentDiagram.jpg Graphic file (type jpg)
 <use Diagrams/Structure Diagrams/ComponentDiagram.jpg>
Package pdftex.def Info: Diagrams/Structure Diagrams/ComponentDiagram.jpg used 
on input line 387.
(pdftex.def)             Requested size: 472.03123pt x 297.6234pt.
Package atveryend Info: Empty hook `BeforeClearDocument' on input line 397.
 [32 <C:/Repos/CS5200_Tanks/Documentation/Document/Diagrams/Structure Diagrams/
ComponentDiagram.jpg>] [33]
Package atveryend Info: Empty hook `AfterLastShipout' on input line 397.
 (C:\Repos\CS5200_Tanks\Documentation\Document\Tanks.aux)
Package atveryend Info: Executing hook `AtVeryEndDocument' on input line 397.
Package atveryend Info: Executing hook `AtEndAfterFileList' on input line 397.
Package rerunfilecheck Info: File `Tanks.out' has not changed.
(rerunfilecheck)             Checksum: 18CAF86CDC7198DFA463F8F23BEA69B5;2314.
 ) 
Here is how much of TeX's memory you used:
 5631 strings out of 494045
 86481 string characters out of 3145960
 171675 words of memory out of 3000000
 8774 multiletter control sequences out of 15000+200000
 8808 words of font info for 31 fonts, out of 3000000 for 9000
 715 hyphenation exceptions out of 8191
 29i,9n,32p,1218b,420s stack positions out of 5000i,500n,10000p,200000b,50000s
<C:/Program Files (x86)/MiKTeX 2.9/fonts/type1/public/amsfonts/cm/cmbx12.pfb>
<C:/Program Files (x86)/MiKTeX 2.9/fonts/type1/public/amsfonts/cm/cmr12.pfb><C:
/Program Files (x86)/MiKTeX 2.9/fonts/type1/public/amsfonts/cm/cmr17.pfb><C:/Pr
ogram Files (x86)/MiKTeX 2.9/fonts/type1/public/amsfonts/cm/cmsy10.pfb>
Output written on Tanks.pdf (34 pages, 2355876 bytes).
PDF statistics:
 436 PDF objects out of 1000 (max. 8388607)
 127 named destinations out of 1000 (max. 500000)
 365 words of extra memory for PDF output out of 10000 (max. 10000000)

