17:16:38.378 [JavaFX Application Thread] INFO  TanksCommon.Communicator1 - Communicator initializeSocket:
	 Socket initialized
17:16:38.381 [JavaFX Application Thread] INFO  TanksCommon.Communicator1 - BackgroundThread Start: 
	Thread Started
17:16:48.496 [Communicator] INFO  TanksCommon.Communicator1 - Communicator run:
	 adding envelope to inputQueue
17:16:48.596 [Communicator] INFO  TanksCommon.Communicator1 - Communicator run:
	 outputQueue not empty, trying to send the message
17:16:48.596 [Communicator] INFO  TanksCommon.Communicator1 - Communicator sendMessage
	 Starting to try to send message of length: 74
17:16:48.596 [Communicator] INFO  TanksCommon.Communicator1 - Communicator sendMessage
	 Sent successfully length: 74
17:22:57.730 [Communicator] INFO  TanksCommon.Communicator1 - Communicator run:
	 adding envelope to inputQueue
17:22:57.830 [Communicator] INFO  TanksCommon.Communicator1 - Communicator run:
	 outputQueue not empty, trying to send the message
17:22:57.830 [Communicator] INFO  TanksCommon.Communicator1 - Communicator sendMessage
	 Starting to try to send message of length: 74
17:22:57.830 [Communicator] INFO  TanksCommon.Communicator1 - Communicator sendMessage
	 Sent successfully length: 74
17:24:06.322 [JavaFX Application Thread] INFO  TanksCommon.Communicator1 - BackgroundThread Stop:
	 Stopping Thread
17:24:07.324 [JavaFX Application Thread] INFO  TanksCommon.Communicator1 - BackgroundThread Stop:
	 Thread Stopped
