18:14:35.912 [FightManagerDoer] INFO  TanksCommon.Doer.Doer - tanksfightmanager.FightManagerDoerrun:
	 Got envelope from communicator inputqueue
18:14:35.912 [FightManagerDoer] INFO  TanksCommon.Doer.Doer - FightManagerDoer process
	detected register request
18:14:35.912 [FightManagerDoer] INFO  TanksCommon.Doer.Doer - FightManagerDoer processRegisterRequest
	Processing register request
18:14:35.913 [FightManagerDoer] INFO  TanksCommon.Doer.Doer - FightManagerDoer processRegisterRequest
	Set player ID to: 1
18:14:45.871 [FightManagerDoer] INFO  TanksCommon.Doer.Doer - tanksfightmanager.FightManagerDoerrun:
	 Got envelope from communicator inputqueue
18:14:45.871 [FightManagerDoer] INFO  TanksCommon.Doer.Doer - FightManagerDoer process
	detected register request
18:14:45.871 [FightManagerDoer] INFO  TanksCommon.Doer.Doer - FightManagerDoer processRegisterRequest
	Processing register request
18:14:45.871 [FightManagerDoer] INFO  TanksCommon.Doer.Doer - FightManagerDoer processRegisterRequest
	Set player ID to: 2
18:14:55.927 [FightManagerDoer] INFO  TanksCommon.Doer.Doer - tanksfightmanager.FightManagerDoerrun:
	 Got envelope from communicator inputqueue
18:14:55.927 [FightManagerDoer] INFO  TanksCommon.Doer.Doer - FightManagerDoer process
	detected register request
18:14:55.927 [FightManagerDoer] INFO  TanksCommon.Doer.Doer - FightManagerDoer processRegisterRequest
	Processing register request
18:14:55.927 [FightManagerDoer] INFO  TanksCommon.Doer.Doer - FightManagerDoer processRegisterRequest
	Set player ID to: 3
18:17:49.036 [FightManagerDoer] INFO  TanksCommon.Doer.Doer - tanksfightmanager.FightManagerDoerrun:
	 Got envelope from communicator inputqueue
18:17:49.036 [FightManagerDoer] INFO  TanksCommon.Doer.Doer - FightManagerDoer process
	detected register request
18:17:49.036 [FightManagerDoer] INFO  TanksCommon.Doer.Doer - FightManagerDoer processRegisterRequest
	Processing register request
18:17:49.036 [FightManagerDoer] INFO  TanksCommon.Doer.Doer - FightManagerDoer processRegisterRequest
	Set player ID to: 4
18:17:58.993 [FightManagerDoer] INFO  TanksCommon.Doer.Doer - tanksfightmanager.FightManagerDoerrun:
	 Got envelope from communicator inputqueue
18:17:58.993 [FightManagerDoer] INFO  TanksCommon.Doer.Doer - FightManagerDoer process
	detected register request
18:17:58.993 [FightManagerDoer] INFO  TanksCommon.Doer.Doer - FightManagerDoer processRegisterRequest
	Processing register request
18:17:58.993 [FightManagerDoer] INFO  TanksCommon.Doer.Doer - FightManagerDoer processRegisterRequest
	Set player ID to: 5
18:18:09.049 [FightManagerDoer] INFO  TanksCommon.Doer.Doer - tanksfightmanager.FightManagerDoerrun:
	 Got envelope from communicator inputqueue
18:18:09.049 [FightManagerDoer] INFO  TanksCommon.Doer.Doer - FightManagerDoer process
	detected register request
18:18:09.049 [FightManagerDoer] INFO  TanksCommon.Doer.Doer - FightManagerDoer processRegisterRequest
	Processing register request
18:18:09.049 [FightManagerDoer] INFO  TanksCommon.Doer.Doer - FightManagerDoer processRegisterRequest
	Set player ID to: 6
