18:21:45.491 [FightManagerDoer] INFO  TanksCommon.Doer.Doer - tanksfightmanager.FightManagerDoerrun:
	 Got envelope from communicator inputqueue
18:21:45.491 [FightManagerDoer] INFO  TanksCommon.Doer.Doer - FightManagerDoer process
	detected register request
18:21:45.491 [FightManagerDoer] INFO  TanksCommon.Doer.Doer - FightManagerDoer processRegisterRequest
	Processing register request
18:21:45.492 [FightManagerDoer] INFO  TanksCommon.Doer.Doer - FightManagerDoer processRegisterRequest
	Set player ID to: 1
18:21:55.449 [FightManagerDoer] INFO  TanksCommon.Doer.Doer - tanksfightmanager.FightManagerDoerrun:
	 Got envelope from communicator inputqueue
18:21:55.449 [FightManagerDoer] INFO  TanksCommon.Doer.Doer - FightManagerDoer process
	detected register request
18:21:55.449 [FightManagerDoer] INFO  TanksCommon.Doer.Doer - FightManagerDoer processRegisterRequest
	Processing register request
18:21:55.449 [FightManagerDoer] INFO  TanksCommon.Doer.Doer - FightManagerDoer processRegisterRequest
	Set player ID to: 2
18:22:05.506 [FightManagerDoer] INFO  TanksCommon.Doer.Doer - tanksfightmanager.FightManagerDoerrun:
	 Got envelope from communicator inputqueue
18:22:05.506 [FightManagerDoer] INFO  TanksCommon.Doer.Doer - FightManagerDoer process
	detected register request
18:22:05.506 [FightManagerDoer] INFO  TanksCommon.Doer.Doer - FightManagerDoer processRegisterRequest
	Processing register request
18:22:05.506 [FightManagerDoer] INFO  TanksCommon.Doer.Doer - FightManagerDoer processRegisterRequest
	Set player ID to: 3
