15:45:28.924 [main] DEBUG TanksCommon.Communicator2 - Communicator constructor:
	 communicator created
15:45:28.924 [main] INFO  TanksCommon.Communicator2 - Communicator initializeSocket:
	 Socket initialized
15:45:28.927 [main] DEBUG TanksCommon.Communicator3 - Communicator constructor:
	 communicator created
15:45:28.928 [main] INFO  TanksCommon.Communicator3 - Communicator initializeSocket:
	 Socket initialized
15:45:28.930 [main] TRACE F.FightManagerFightListConversation - FightManagerFightListConversation buildReply
	created FightList reply
15:45:28.932 [main] DEBUG Conversation.Conversation - Conversation sendMessageTo
	 message added to communicator output queue
15:45:28.932 [main] DEBUG F.FightManagerFightListConversation - FightManagerFightListConversation sendReply
	sent FightList reply
15:45:28.935 [main] DEBUG TanksCommon.Communicator4 - Communicator constructor:
	 communicator created
15:45:28.935 [main] INFO  TanksCommon.Communicator4 - Communicator initializeSocket:
	 Socket initialized
15:45:28.937 [main] DEBUG TanksCommon.Communicator5 - Communicator constructor:
	 communicator created
15:45:28.938 [main] INFO  TanksCommon.Communicator5 - Communicator initializeSocket:
	 Socket initialized
15:45:28.940 [main] DEBUG TanksCommon.Communicator6 - Communicator constructor:
	 communicator created
15:45:28.941 [main] INFO  TanksCommon.Communicator6 - Communicator initializeSocket:
	 Socket initialized
15:45:28.943 [main] DEBUG TanksCommon.Communicator7 - Communicator constructor:
	 communicator created
15:45:28.943 [main] INFO  TanksCommon.Communicator7 - Communicator initializeSocket:
	 Socket initialized
