17:59:39.387 [main] DEBUG Conversation.Conversation - Conversation sendMessageTo
	 message added to communicator output queue
17:59:39.389 [main] DEBUG F.FightManagerPlayerListConversation - FightManagerPlayerListConversation sendReply
	sent PlayerList reply
17:59:39.391 [main] DEBUG TanksCommon.Communicator2 - Communicator constructor:
	 communicator created
17:59:39.391 [main] INFO  TanksCommon.Communicator2 - Communicator initializeSocket:
	 Socket initialized
17:59:39.392 [main] DEBUG TanksCommon.Communicator3 - Communicator constructor:
	 communicator created
17:59:39.392 [main] INFO  TanksCommon.Communicator3 - Communicator initializeSocket:
	 Socket initialized
17:59:39.392 [main] TRACE F.FightManagerPlayerListConversation - FightManagerPlayerListConversation buildReply
	created PlayerList reply
17:59:39.393 [main] DEBUG TanksCommon.Communicator4 - Communicator constructor:
	 communicator created
17:59:39.394 [main] INFO  TanksCommon.Communicator4 - Communicator initializeSocket:
	 Socket initialized
17:59:39.395 [main] DEBUG TanksCommon.Communicator5 - Communicator constructor:
	 communicator created
17:59:39.395 [main] INFO  TanksCommon.Communicator5 - Communicator initializeSocket:
	 Socket initialized
17:59:39.395 [main] DEBUG TanksCommon.Model.TanksModel - TanksModel add
	Added conversation to conversations
17:59:39.397 [main] TRACE F.FightManagerPlayerListConversation - FightManagerPlayerListConversation buildReply
	created PlayerList reply
17:59:39.397 [main] DEBUG Conversation.Conversation - Conversation sendMessageTo
	 message added to communicator output queue
17:59:39.397 [main] DEBUG F.FightManagerPlayerListConversation - FightManagerPlayerListConversation sendReply
	sent PlayerList reply
17:59:39.401 [main] DEBUG TanksCommon.Communicator6 - Communicator constructor:
	 communicator created
17:59:39.401 [main] INFO  TanksCommon.Communicator6 - Communicator initializeSocket:
	 Socket initialized
17:59:39.402 [main] DEBUG TanksCommon.Communicator7 - Communicator constructor:
	 communicator created
17:59:39.402 [main] INFO  TanksCommon.Communicator7 - Communicator initializeSocket:
	 Socket initialized
