08:37:54.762 [JavaFX Application Thread] DEBUG t.FightManagerController - setupPropertiesReader
	properties reader setup correctly
08:37:54.965 [JavaFX Application Thread] INFO  tanksfightmanager.StatsManager - StatsManager initialize
	initailized StatsManager. Set: 
		guid: 4eefb07a-4709-4f63-a0a3-5b0eaed890ea
		managerName: MrManager
		operatorName: McKinley Olsen
		operatorAddress: m.olsen@aggiemail.usu.edu
08:37:55.092 [JavaFX Application Thread] DEBUG t.FightManagerController - readProperties
	properties read correctly
08:37:55.236 [JavaFX Application Thread] INFO  tanksfightmanager.StatsManager - StatsManager register
	registered with service without exception. Received result: SUCCESS
08:38:18.417 [Communicator] TRACE M.RegisterProtocol.RegisterRequest - RegisterRequest decode
	read classID from bytes, got: 202
	Write: 1024
	Read: 4
08:38:18.417 [Communicator] TRACE M.RegisterProtocol.RegisterRequest - RegisterRequest decode
	got object length; got: 54
	Write: 1024
	Read: 6
08:38:18.417 [Communicator] TRACE M.RegisterProtocol.RegisterRequest - RegisterRequest decode
	decoding super
	Write: 1024
	Read: 6
08:38:18.417 [Communicator] TRACE M.RegisterProtocol.RegisterRequest - RegisterRequest decode
	got classID: 201
	Write: 1024
	Read: 10
08:38:18.417 [Communicator] TRACE M.RegisterProtocol.RegisterRequest - RegisterRequest decode
	got length: 42
	Write: 1024
	Read: 12
08:38:18.417 [Communicator] TRACE M.RegisterProtocol.RegisterRequest - RegisterRequest decode
	decoding super42
	Write: 1024
	Read: 12
08:38:18.417 [Communicator] TRACE M.RegisterProtocol.RegisterRequest - RegisterRequest decode
	setting requestType
	Write: 1024
	Read: 46
08:38:18.418 [Communicator] TRACE M.RegisterProtocol.RegisterRequest - RegisterRequest decode
	setting playerID
	Write: 1024
	Read: 50
08:38:18.418 [Communicator] TRACE M.RegisterProtocol.RegisterRequest - RegisterRequest decode
	setting player name to: a
	Write: 1024
	Read: 60
08:38:18.462 [FightManagerDoer] INFO  tanksfightmanager.StatsManager - StatsManager setCurrentNumberOfPlayers
	changed current number of players to: 1
08:38:18.462 [FightManagerDoer] INFO  tanksfightmanager.StatsManager - StatsManager setCurrentNumberOfPlayers
	set max number of players to: 1
