17:03:29.114 [main] DEBUG TanksCommon.Communicator2 - Communicator constructor:
	 communicator created
17:03:29.114 [main] INFO  TanksCommon.Communicator2 - Communicator initializeSocket:
	 Socket initialized
17:03:29.115 [main] DEBUG TanksCommon.Communicator3 - Communicator constructor:
	 communicator created
17:03:29.115 [main] INFO  TanksCommon.Communicator3 - Communicator initializeSocket:
	 Socket initialized
17:03:29.115 [main] DEBUG TanksCommon.Communicator4 - Communicator constructor:
	 communicator created
17:03:29.115 [main] INFO  TanksCommon.Communicator4 - Communicator initializeSocket:
	 Socket initialized
17:03:29.116 [main] DEBUG TanksCommon.Communicator5 - Communicator constructor:
	 communicator created
17:03:29.116 [main] INFO  TanksCommon.Communicator5 - Communicator initializeSocket:
	 Socket initialized
17:03:29.117 [main] DEBUG TanksCommon.Model.TanksModel - TanksModel add
	Added conversation to conversations
17:03:29.119 [main] TRACE F.FightManagerFightListConversation - FightManagerFightListConversation buildReply
	created FightList reply
17:03:29.121 [main] DEBUG Conversation.Conversation - Conversation sendMessageTo
	 message added to communicator output queue
17:03:29.121 [main] DEBUG F.FightManagerFightListConversation - FightManagerFightListConversation sendReply
	sent FightList reply
17:03:29.121 [main] DEBUG Conversation.Conversation - Conversation sendMessageTo
	 message added to communicator output queue
17:03:29.121 [main] DEBUG F.FightManagerFightListConversation - FightManagerFightListConversation sendReply
	sent FightList reply
17:04:29.122 [main] DEBUG TanksCommon.Communicator6 - Communicator constructor:
	 communicator created
17:04:29.122 [main] INFO  TanksCommon.Communicator6 - Communicator initializeSocket:
	 Socket initialized
17:04:29.123 [main] DEBUG TanksCommon.Communicator7 - Communicator constructor:
	 communicator created
17:04:29.123 [main] INFO  TanksCommon.Communicator7 - Communicator initializeSocket:
	 Socket initialized
