17:50:24.523 [main] DEBUG Conversation.Conversation - Conversation sendMessageTo
	 message added to communicator output queue
17:50:24.523 [main] DEBUG F.FightManagerPlayerListConversation - FightManagerPlayerListConversation sendReply
	sent PlayerList reply
17:50:24.528 [main] DEBUG TanksCommon.Communicator2 - Communicator constructor:
	 communicator created
17:50:24.528 [main] INFO  TanksCommon.Communicator2 - Communicator initializeSocket:
	 Socket initialized
17:50:24.529 [main] DEBUG TanksCommon.Communicator3 - Communicator constructor:
	 communicator created
17:50:24.529 [main] INFO  TanksCommon.Communicator3 - Communicator initializeSocket:
	 Socket initialized
17:50:24.530 [main] DEBUG TanksCommon.Model.TanksModel - TanksModel add
	Added conversation to conversations
17:50:24.531 [main] TRACE F.FightManagerPlayerListConversation - FightManagerPlayerListConversation buildReply
	created PlayerList reply
17:50:24.532 [main] DEBUG Conversation.Conversation - Conversation sendMessageTo
	 message added to communicator output queue
17:50:24.532 [main] DEBUG F.FightManagerPlayerListConversation - FightManagerPlayerListConversation sendReply
	sent PlayerList reply
17:50:24.533 [main] DEBUG TanksCommon.Communicator4 - Communicator constructor:
	 communicator created
17:50:24.533 [main] INFO  TanksCommon.Communicator4 - Communicator initializeSocket:
	 Socket initialized
17:50:24.533 [main] TRACE F.FightManagerPlayerListConversation - FightManagerPlayerListConversation buildReply
	created PlayerList reply
17:50:24.534 [main] DEBUG TanksCommon.Communicator5 - Communicator constructor:
	 communicator created
17:50:24.534 [main] INFO  TanksCommon.Communicator5 - Communicator initializeSocket:
	 Socket initialized
17:50:24.534 [main] DEBUG TanksCommon.Communicator6 - Communicator constructor:
	 communicator created
17:50:24.534 [main] INFO  TanksCommon.Communicator6 - Communicator initializeSocket:
	 Socket initialized
17:50:24.535 [main] DEBUG TanksCommon.Communicator7 - Communicator constructor:
	 communicator created
17:50:24.535 [main] INFO  TanksCommon.Communicator7 - Communicator initializeSocket:
	 Socket initialized
