15:42:51.719 [main] TRACE F.FightManagerFightListConversation - FightManagerFightListConversation buildReply
	created FightList reply
15:42:51.741 [main] DEBUG TanksCommon.Communicator2 - Communicator constructor:
	 communicator created
15:42:51.741 [main] INFO  TanksCommon.Communicator2 - Communicator initializeSocket:
	 Socket initialized
15:42:51.745 [main] DEBUG TanksCommon.Communicator3 - Communicator constructor:
	 communicator created
15:42:51.745 [main] INFO  TanksCommon.Communicator3 - Communicator initializeSocket:
	 Socket initialized
15:42:51.749 [main] DEBUG TanksCommon.Communicator4 - Communicator constructor:
	 communicator created
15:42:51.749 [main] INFO  TanksCommon.Communicator4 - Communicator initializeSocket:
	 Socket initialized
15:42:51.751 [main] DEBUG TanksCommon.Communicator5 - Communicator constructor:
	 communicator created
15:42:51.752 [main] INFO  TanksCommon.Communicator5 - Communicator initializeSocket:
	 Socket initialized
15:42:51.754 [main] DEBUG TanksCommon.Communicator6 - Communicator constructor:
	 communicator created
15:42:51.754 [main] INFO  TanksCommon.Communicator6 - Communicator initializeSocket:
	 Socket initialized
15:42:51.757 [main] DEBUG TanksCommon.Communicator7 - Communicator constructor:
	 communicator created
15:42:51.757 [main] INFO  TanksCommon.Communicator7 - Communicator initializeSocket:
	 Socket initialized
