16:44:58.223 [main] DEBUG TanksCommon.Communicator2 - Communicator constructor:
	 communicator created
16:44:58.223 [main] INFO  TanksCommon.Communicator2 - Communicator initializeSocket:
	 Socket initialized
16:44:58.224 [main] DEBUG TanksCommon.Communicator3 - Communicator constructor:
	 communicator created
16:44:58.224 [main] INFO  TanksCommon.Communicator3 - Communicator initializeSocket:
	 Socket initialized
16:44:58.225 [main] DEBUG TanksCommon.Communicator4 - Communicator constructor:
	 communicator created
16:44:58.225 [main] INFO  TanksCommon.Communicator4 - Communicator initializeSocket:
	 Socket initialized
16:44:58.231 [main] TRACE F.FightManagerFightListConversation - FightManagerFightListConversation buildReply
	created FightList reply
16:44:58.231 [main] DEBUG Conversation.Conversation - Conversation sendMessageTo
	 message added to communicator output queue
16:44:58.231 [main] DEBUG F.FightManagerFightListConversation - FightManagerFightListConversation sendReply
	sent FightList reply
16:44:58.231 [main] DEBUG Conversation.Conversation - Conversation sendMessageTo
	 message added to communicator output queue
16:44:58.231 [main] DEBUG F.FightManagerFightListConversation - FightManagerFightListConversation sendReply
	sent FightList reply
16:44:58.233 [main] DEBUG TanksCommon.Communicator5 - Communicator constructor:
	 communicator created
16:44:58.233 [main] INFO  TanksCommon.Communicator5 - Communicator initializeSocket:
	 Socket initialized
16:44:58.234 [main] DEBUG TanksCommon.Communicator6 - Communicator constructor:
	 communicator created
16:44:58.234 [main] INFO  TanksCommon.Communicator6 - Communicator initializeSocket:
	 Socket initialized
16:44:58.235 [main] DEBUG TanksCommon.Communicator7 - Communicator constructor:
	 communicator created
16:44:58.235 [main] INFO  TanksCommon.Communicator7 - Communicator initializeSocket:
	 Socket initialized
