15:47:46.457 [main] TRACE F.FightManagerFightListConversation - FightManagerFightListConversation buildReply
	created FightList reply
15:47:46.459 [main] DEBUG Conversation.Conversation - Conversation sendMessageTo
	 message added to communicator output queue
15:47:46.460 [main] DEBUG F.FightManagerFightListConversation - FightManagerFightListConversation sendReply
	sent FightList reply
15:47:46.460 [main] DEBUG Conversation.Conversation - Conversation sendMessageTo
	 message added to communicator output queue
15:47:46.460 [main] DEBUG F.FightManagerFightListConversation - FightManagerFightListConversation sendReply
	sent FightList reply
15:47:46.466 [main] DEBUG TanksCommon.Communicator2 - Communicator constructor:
	 communicator created
15:47:46.466 [main] INFO  TanksCommon.Communicator2 - Communicator initializeSocket:
	 Socket initialized
15:47:46.469 [main] DEBUG TanksCommon.Communicator3 - Communicator constructor:
	 communicator created
15:47:46.469 [main] INFO  TanksCommon.Communicator3 - Communicator initializeSocket:
	 Socket initialized
15:47:46.472 [main] DEBUG TanksCommon.Communicator4 - Communicator constructor:
	 communicator created
15:47:46.472 [main] INFO  TanksCommon.Communicator4 - Communicator initializeSocket:
	 Socket initialized
15:47:46.474 [main] DEBUG TanksCommon.Communicator5 - Communicator constructor:
	 communicator created
15:47:46.474 [main] INFO  TanksCommon.Communicator5 - Communicator initializeSocket:
	 Socket initialized
15:47:46.476 [main] DEBUG TanksCommon.Communicator6 - Communicator constructor:
	 communicator created
15:47:46.476 [main] INFO  TanksCommon.Communicator6 - Communicator initializeSocket:
	 Socket initialized
15:47:46.478 [main] DEBUG TanksCommon.Communicator7 - Communicator constructor:
	 communicator created
15:47:46.479 [main] INFO  TanksCommon.Communicator7 - Communicator initializeSocket:
	 Socket initialized
