17:48:29.779 [main] DEBUG TanksCommon.Communicator2 - Communicator constructor:
	 communicator created
17:48:29.779 [main] INFO  TanksCommon.Communicator2 - Communicator initializeSocket:
	 Socket initialized
17:48:29.782 [main] DEBUG TanksCommon.Communicator3 - Communicator constructor:
	 communicator created
17:48:29.782 [main] INFO  TanksCommon.Communicator3 - Communicator initializeSocket:
	 Socket initialized
17:48:29.786 [main] DEBUG TanksCommon.Communicator4 - Communicator constructor:
	 communicator created
17:48:29.786 [main] INFO  TanksCommon.Communicator4 - Communicator initializeSocket:
	 Socket initialized
17:48:29.786 [main] DEBUG TanksCommon.Model.TanksModel - TanksModel add
	Added conversation to conversations
17:48:29.787 [main] TRACE F.FightManagerPlayerListConversation - FightManagerPlayerListConversation buildReply
	created PlayerList reply
17:48:29.787 [main] DEBUG Conversation.Conversation - Conversation sendMessageTo
	 message added to communicator output queue
17:48:29.787 [main] DEBUG F.FightManagerPlayerListConversation - FightManagerPlayerListConversation sendReply
	sent PlayerList reply
17:48:29.787 [main] DEBUG Conversation.Conversation - Conversation sendMessageTo
	 message added to communicator output queue
17:48:29.787 [main] DEBUG F.FightManagerPlayerListConversation - FightManagerPlayerListConversation sendReply
	sent PlayerList reply
17:49:29.790 [main] DEBUG TanksCommon.Communicator5 - Communicator constructor:
	 communicator created
17:49:29.790 [main] INFO  TanksCommon.Communicator5 - Communicator initializeSocket:
	 Socket initialized
17:49:29.791 [main] DEBUG TanksCommon.Communicator6 - Communicator constructor:
	 communicator created
17:49:29.791 [main] INFO  TanksCommon.Communicator6 - Communicator initializeSocket:
	 Socket initialized
17:49:29.791 [main] DEBUG Conversation.Conversation - Conversation sendMessageTo
	 message added to communicator output queue
17:49:29.791 [main] DEBUG F.FightManagerPlayerListConversation - FightManagerPlayerListConversation sendReply
	sent PlayerList reply
17:49:29.791 [main] DEBUG TanksCommon.Communicator7 - Communicator constructor:
	 communicator created
17:49:29.792 [main] INFO  TanksCommon.Communicator7 - Communicator initializeSocket:
	 Socket initialized
