15:44:31.799 [main] TRACE F.FightManagerFightListConversation - FightManagerFightListConversation buildReply
	created FightList reply
15:44:31.801 [main] DEBUG Conversation.Conversation - Conversation sendMessageTo
	 message added to communicator output queue
15:44:31.801 [main] DEBUG F.FightManagerFightListConversation - FightManagerFightListConversation sendReply
	sent FightList reply
15:44:31.806 [main] DEBUG TanksCommon.Communicator2 - Communicator constructor:
	 communicator created
15:44:31.806 [main] INFO  TanksCommon.Communicator2 - Communicator initializeSocket:
	 Socket initialized
15:44:31.810 [main] DEBUG TanksCommon.Communicator3 - Communicator constructor:
	 communicator created
15:44:31.810 [main] INFO  TanksCommon.Communicator3 - Communicator initializeSocket:
	 Socket initialized
15:44:31.813 [main] DEBUG TanksCommon.Communicator4 - Communicator constructor:
	 communicator created
15:44:31.813 [main] INFO  TanksCommon.Communicator4 - Communicator initializeSocket:
	 Socket initialized
15:44:31.816 [main] DEBUG TanksCommon.Communicator5 - Communicator constructor:
	 communicator created
15:44:31.817 [main] INFO  TanksCommon.Communicator5 - Communicator initializeSocket:
	 Socket initialized
15:44:31.819 [main] DEBUG TanksCommon.Communicator6 - Communicator constructor:
	 communicator created
15:44:31.819 [main] INFO  TanksCommon.Communicator6 - Communicator initializeSocket:
	 Socket initialized
15:44:31.822 [main] DEBUG TanksCommon.Communicator7 - Communicator constructor:
	 communicator created
15:44:31.823 [main] INFO  TanksCommon.Communicator7 - Communicator initializeSocket:
	 Socket initialized
