17:24:28.861 [main] TRACE F.FightManagerFightListConversation - FightManagerFightListConversation buildReply
	created FightList reply
17:24:28.863 [main] DEBUG TanksCommon.Communicator2 - Communicator constructor:
	 communicator created
17:24:28.863 [main] INFO  TanksCommon.Communicator2 - Communicator initializeSocket:
	 Socket initialized
17:24:28.864 [main] DEBUG TanksCommon.Model.TanksModel - TanksModel add
	Added conversation to conversations
17:24:28.866 [main] TRACE F.FightManagerFightListConversation - FightManagerFightListConversation buildReply
	created FightList reply
17:24:28.866 [main] DEBUG Conversation.Conversation - Conversation sendMessageTo
	 message added to communicator output queue
17:24:28.866 [main] DEBUG F.FightManagerFightListConversation - FightManagerFightListConversation sendReply
	sent FightList reply
17:24:28.866 [main] DEBUG Conversation.Conversation - Conversation sendMessageTo
	 message added to communicator output queue
17:24:28.866 [main] DEBUG F.FightManagerFightListConversation - FightManagerFightListConversation sendReply
	sent FightList reply
17:25:28.868 [main] DEBUG TanksCommon.Communicator3 - Communicator constructor:
	 communicator created
17:25:28.868 [main] INFO  TanksCommon.Communicator3 - Communicator initializeSocket:
	 Socket initialized
17:25:28.868 [main] DEBUG Conversation.Conversation - Conversation sendMessageTo
	 message added to communicator output queue
17:25:28.868 [main] DEBUG F.FightManagerFightListConversation - FightManagerFightListConversation sendReply
	sent FightList reply
17:25:28.869 [main] DEBUG TanksCommon.Communicator4 - Communicator constructor:
	 communicator created
17:25:28.869 [main] INFO  TanksCommon.Communicator4 - Communicator initializeSocket:
	 Socket initialized
17:25:28.870 [main] DEBUG TanksCommon.Communicator5 - Communicator constructor:
	 communicator created
17:25:28.870 [main] INFO  TanksCommon.Communicator5 - Communicator initializeSocket:
	 Socket initialized
17:25:28.870 [main] DEBUG TanksCommon.Communicator6 - Communicator constructor:
	 communicator created
17:25:28.870 [main] INFO  TanksCommon.Communicator6 - Communicator initializeSocket:
	 Socket initialized
17:25:28.871 [main] DEBUG TanksCommon.Communicator7 - Communicator constructor:
	 communicator created
17:25:28.871 [main] INFO  TanksCommon.Communicator7 - Communicator initializeSocket:
	 Socket initialized
