20:26:50.984 [main] INFO  tanksfightmanager.StatsManager - StatsManager initialize
	initailized StatsManager. Set: 
		guid: TestGuidMOlsen
		managerName: TestManagerNameMOlsen
		operatorName: Mckinley Olsen
		operatorAddress: m.olsen@aggiemail.usu.edu
20:26:51.131 [main] INFO  tanksfightmanager.StatsManager - StatsManager setCurrentNumberOfPlayers
	changed current number of players to: 1
20:26:51.131 [main] INFO  tanksfightmanager.StatsManager - StatsManager setCurrentNumberOfPlayers
	set max number of players to: 1
20:26:51.133 [main] INFO  tanksfightmanager.StatsManager - StatsManager initialize
	initailized StatsManager. Set: 
		guid: TestGuidMOlsen
		managerName: TestManagerNameMOlsen
		operatorName: Mckinley Olsen
		operatorAddress: m.olsen@aggiemail.usu.edu
20:26:51.193 [main] INFO  tanksfightmanager.StatsManager - StatsManager setCurrentNumberOfPlayers
	changed current number of players to: 1
20:26:51.193 [main] INFO  tanksfightmanager.StatsManager - StatsManager setCurrentNumberOfPlayers
	changed current number of players to: 1
20:26:51.195 [main] INFO  tanksfightmanager.StatsManager - StatsManager initialize
	initailized StatsManager. Set: 
		guid: TestGuidMOlsen
		managerName: TestManagerNameMOlsen
		operatorName: Mckinley Olsen
		operatorAddress: m.olsen@aggiemail.usu.edu
20:26:51.249 [main] INFO  tanksfightmanager.StatsManager - StatsManager setCurrentNumberOfPlayers
	changed current number of players to: 1
20:26:51.249 [main] INFO  tanksfightmanager.StatsManager - StatsManager setCurrentNumberOfPlayers
	changed current number of players to: 1
20:26:51.249 [main] INFO  tanksfightmanager.StatsManager - StatsManager setCurrentNumberOfPlayers
	changed current number of players to: 1
20:26:51.249 [main] INFO  tanksfightmanager.StatsManager - StatsManager initialize
	initailized StatsManager. Set: 
		guid: TestGuidMOlsen
		managerName: TestManagerNameMOlsen
		operatorName: Mckinley Olsen
		operatorAddress: m.olsen@aggiemail.usu.edu
20:26:51.301 [main] INFO  tanksfightmanager.StatsManager - StatsManager setCurrentNumberOfPlayers
	changed current number of players to: 1
20:26:51.301 [main] INFO  tanksfightmanager.StatsManager - StatsManager setCurrentNumberOfPlayers
	changed current number of players to: 1
20:26:51.301 [main] INFO  tanksfightmanager.StatsManager - StatsManager setCurrentNumberOfPlayers
	changed current number of players to: 1
20:26:51.301 [main] INFO  tanksfightmanager.StatsManager - StatsManager setCurrentNumberOfPlayers
	changed current number of players to: 1
20:26:51.302 [main] INFO  tanksfightmanager.StatsManager - StatsManager initialize
	initailized StatsManager. Set: 
		guid: TestGuidMOlsen
		managerName: TestManagerNameMOlsen
		operatorName: Mckinley Olsen
		operatorAddress: m.olsen@aggiemail.usu.edu
20:26:51.354 [main] INFO  tanksfightmanager.StatsManager - StatsManager setCurrentNumberOfPlayers
	changed current number of players to: 1
20:26:51.354 [main] INFO  tanksfightmanager.StatsManager - StatsManager setCurrentNumberOfPlayers
	changed current number of players to: 1
20:26:51.354 [main] INFO  tanksfightmanager.StatsManager - StatsManager setCurrentNumberOfPlayers
	changed current number of players to: 1
20:26:51.354 [main] INFO  tanksfightmanager.StatsManager - StatsManager setCurrentNumberOfPlayers
	changed current number of players to: 1
20:26:51.354 [main] INFO  tanksfightmanager.StatsManager - StatsManager setCurrentNumberOfPlayers
	changed current number of players to: 1
20:26:51.354 [main] INFO  tanksfightmanager.StatsManager - StatsManager initialize
	initailized StatsManager. Set: 
		guid: TestGuidMOlsen
		managerName: TestManagerNameMOlsen
		operatorName: Mckinley Olsen
		operatorAddress: m.olsen@aggiemail.usu.edu
20:26:51.407 [main] INFO  tanksfightmanager.StatsManager - StatsManager setCurrentNumberOfPlayers
	changed current number of players to: 1
20:26:51.407 [main] INFO  tanksfightmanager.StatsManager - StatsManager setCurrentNumberOfPlayers
	changed current number of players to: 1
20:26:51.407 [main] INFO  tanksfightmanager.StatsManager - StatsManager setCurrentNumberOfPlayers
	changed current number of players to: 1
20:26:51.407 [main] INFO  tanksfightmanager.StatsManager - StatsManager setCurrentNumberOfPlayers
	changed current number of players to: 1
20:26:51.407 [main] INFO  tanksfightmanager.StatsManager - StatsManager setCurrentNumberOfPlayers
	changed current number of players to: 1
20:26:51.407 [main] INFO  tanksfightmanager.StatsManager - StatsManager setCurrentNumberOfPlayers
	changed current number of players to: 1
20:26:51.407 [main] INFO  tanksfightmanager.StatsManager - StatsManager initialize
	initailized StatsManager. Set: 
		guid: TestGuidMOlsen
		managerName: TestManagerNameMOlsen
		operatorName: Mckinley Olsen
		operatorAddress: m.olsen@aggiemail.usu.edu
20:26:51.464 [main] INFO  tanksfightmanager.StatsManager - StatsManager setCurrentNumberOfPlayers
	changed current number of players to: 1
20:26:51.464 [main] INFO  tanksfightmanager.StatsManager - StatsManager setCurrentNumberOfPlayers
	changed current number of players to: 1
20:26:51.464 [main] INFO  tanksfightmanager.StatsManager - StatsManager setCurrentNumberOfPlayers
	changed current number of players to: 1
20:26:51.464 [main] INFO  tanksfightmanager.StatsManager - StatsManager setCurrentNumberOfPlayers
	changed current number of players to: 1
20:26:51.464 [main] INFO  tanksfightmanager.StatsManager - StatsManager setCurrentNumberOfPlayers
	changed current number of players to: 1
20:26:51.464 [main] INFO  tanksfightmanager.StatsManager - StatsManager setCurrentNumberOfPlayers
	changed current number of players to: 1
20:26:51.464 [main] INFO  tanksfightmanager.StatsManager - StatsManager setCurrentNumberOfPlayers
	changed current number of players to: 1
20:26:51.464 [main] INFO  tanksfightmanager.StatsManager - StatsManager initialize
	initailized StatsManager. Set: 
		guid: TestGuidMOlsen
		managerName: TestManagerNameMOlsen
		operatorName: Mckinley Olsen
		operatorAddress: m.olsen@aggiemail.usu.edu
20:26:51.515 [main] INFO  tanksfightmanager.StatsManager - StatsManager setCurrentNumberOfPlayers
	changed current number of players to: 1
20:26:51.515 [main] INFO  tanksfightmanager.StatsManager - StatsManager setCurrentNumberOfPlayers
	changed current number of players to: 1
20:26:51.515 [main] INFO  tanksfightmanager.StatsManager - StatsManager setCurrentNumberOfPlayers
	changed current number of players to: 1
20:26:51.515 [main] INFO  tanksfightmanager.StatsManager - StatsManager setCurrentNumberOfPlayers
	changed current number of players to: 1
20:26:51.515 [main] INFO  tanksfightmanager.StatsManager - StatsManager setCurrentNumberOfPlayers
	changed current number of players to: 1
20:26:51.515 [main] INFO  tanksfightmanager.StatsManager - StatsManager setCurrentNumberOfPlayers
	changed current number of players to: 1
20:26:51.515 [main] INFO  tanksfightmanager.StatsManager - StatsManager setCurrentNumberOfPlayers
	changed current number of players to: 1
20:26:51.515 [main] INFO  tanksfightmanager.StatsManager - StatsManager setCurrentNumberOfPlayers
	changed current number of players to: 1
20:26:51.588 [main] INFO  tanksfightmanager.StatsManager - StatsManager initialize
	initailized StatsManager. Set: 
		guid: TestGuidMOlsen
		managerName: TestManagerNameMOlsen
		operatorName: Mckinley Olsen
		operatorAddress: m.olsen@aggiemail.usu.edu
20:26:51.641 [main] INFO  tanksfightmanager.StatsManager - StatsManager setCurrentNumberOfPlayers
	changed current number of players to: 1
20:26:51.641 [main] INFO  tanksfightmanager.StatsManager - StatsManager setCurrentNumberOfPlayers
	changed current number of players to: 1
20:26:51.641 [main] INFO  tanksfightmanager.StatsManager - StatsManager setCurrentNumberOfPlayers
	changed current number of players to: 1
20:26:51.641 [main] INFO  tanksfightmanager.StatsManager - StatsManager setCurrentNumberOfPlayers
	changed current number of players to: 1
20:26:51.641 [main] INFO  tanksfightmanager.StatsManager - StatsManager setCurrentNumberOfPlayers
	changed current number of players to: 1
20:26:51.641 [main] INFO  tanksfightmanager.StatsManager - StatsManager setCurrentNumberOfPlayers
	changed current number of players to: 1
20:26:51.641 [main] INFO  tanksfightmanager.StatsManager - StatsManager setCurrentNumberOfPlayers
	changed current number of players to: 1
20:26:51.641 [main] INFO  tanksfightmanager.StatsManager - StatsManager setCurrentNumberOfPlayers
	changed current number of players to: 1
20:26:51.641 [main] INFO  tanksfightmanager.StatsManager - StatsManager setCurrentNumberOfPlayers
	changed current number of players to: 1
20:26:51.642 [main] INFO  tanksfightmanager.StatsManager - StatsManager initialize
	initailized StatsManager. Set: 
		guid: TestGuidMOlsen
		managerName: TestManagerNameMOlsen
		operatorName: Mckinley Olsen
		operatorAddress: m.olsen@aggiemail.usu.edu
20:26:51.696 [main] INFO  tanksfightmanager.StatsManager - StatsManager setCurrentNumberOfPlayers
	changed current number of players to: 1
20:26:51.696 [main] INFO  tanksfightmanager.StatsManager - StatsManager setCurrentNumberOfPlayers
	changed current number of players to: 1
20:26:51.696 [main] INFO  tanksfightmanager.StatsManager - StatsManager setCurrentNumberOfPlayers
	changed current number of players to: 1
20:26:51.696 [main] INFO  tanksfightmanager.StatsManager - StatsManager setCurrentNumberOfPlayers
	changed current number of players to: 1
20:26:51.696 [main] INFO  tanksfightmanager.StatsManager - StatsManager setCurrentNumberOfPlayers
	changed current number of players to: 1
20:26:51.696 [main] INFO  tanksfightmanager.StatsManager - StatsManager setCurrentNumberOfPlayers
	changed current number of players to: 1
20:26:51.696 [main] INFO  tanksfightmanager.StatsManager - StatsManager setCurrentNumberOfPlayers
	changed current number of players to: 1
20:26:51.696 [main] INFO  tanksfightmanager.StatsManager - StatsManager setCurrentNumberOfPlayers
	changed current number of players to: 1
20:26:51.696 [main] INFO  tanksfightmanager.StatsManager - StatsManager setCurrentNumberOfPlayers
	changed current number of players to: 1
20:26:51.697 [main] INFO  tanksfightmanager.StatsManager - StatsManager setCurrentNumberOfPlayers
	changed current number of players to: 1
20:26:51.749 [main] INFO  tanksfightmanager.StatsManager - StatsManager initialize
	initailized StatsManager. Set: 
		guid: TestGuidMOlsen
		managerName: TestManagerNameMOlsen
		operatorName: Mckinley Olsen
		operatorAddress: m.olsen@aggiemail.usu.edu
20:26:51.803 [main] INFO  tanksfightmanager.StatsManager - StatsManager setCurrentNumberOfPlayers
	changed current number of players to: 1
20:26:51.803 [main] INFO  tanksfightmanager.StatsManager - StatsManager setCurrentNumberOfPlayers
	changed current number of players to: 1
20:26:51.803 [main] INFO  tanksfightmanager.StatsManager - StatsManager setCurrentNumberOfPlayers
	changed current number of players to: 1
20:26:51.803 [main] INFO  tanksfightmanager.StatsManager - StatsManager setCurrentNumberOfPlayers
	changed current number of players to: 1
20:26:51.803 [main] INFO  tanksfightmanager.StatsManager - StatsManager setCurrentNumberOfPlayers
	changed current number of players to: 1
20:26:51.803 [main] INFO  tanksfightmanager.StatsManager - StatsManager setCurrentNumberOfPlayers
	changed current number of players to: 1
20:26:51.803 [main] INFO  tanksfightmanager.StatsManager - StatsManager setCurrentNumberOfPlayers
	changed current number of players to: 1
20:26:51.803 [main] INFO  tanksfightmanager.StatsManager - StatsManager setCurrentNumberOfPlayers
	changed current number of players to: 1
20:26:51.803 [main] INFO  tanksfightmanager.StatsManager - StatsManager setCurrentNumberOfPlayers
	changed current number of players to: 1
20:26:51.803 [main] INFO  tanksfightmanager.StatsManager - StatsManager setCurrentNumberOfPlayers
	changed current number of players to: 1
20:26:51.803 [main] INFO  tanksfightmanager.StatsManager - StatsManager setCurrentNumberOfPlayers
	changed current number of players to: 1
20:26:51.804 [main] INFO  tanksfightmanager.StatsManager - StatsManager initialize
	initailized StatsManager. Set: 
		guid: TestGuidMOlsen
		managerName: TestManagerNameMOlsen
		operatorName: Mckinley Olsen
		operatorAddress: m.olsen@aggiemail.usu.edu
20:26:51.857 [main] INFO  tanksfightmanager.StatsManager - StatsManager setCurrentNumberOfPlayers
	changed current number of players to: 1
20:26:51.857 [main] INFO  tanksfightmanager.StatsManager - StatsManager setCurrentNumberOfPlayers
	changed current number of players to: 1
20:26:51.857 [main] INFO  tanksfightmanager.StatsManager - StatsManager setCurrentNumberOfPlayers
	changed current number of players to: 1
20:26:51.857 [main] INFO  tanksfightmanager.StatsManager - StatsManager setCurrentNumberOfPlayers
	changed current number of players to: 1
20:26:51.857 [main] INFO  tanksfightmanager.StatsManager - StatsManager setCurrentNumberOfPlayers
	changed current number of players to: 1
20:26:51.857 [main] INFO  tanksfightmanager.StatsManager - StatsManager setCurrentNumberOfPlayers
	changed current number of players to: 1
20:26:51.857 [main] INFO  tanksfightmanager.StatsManager - StatsManager setCurrentNumberOfPlayers
	changed current number of players to: 1
20:26:51.857 [main] INFO  tanksfightmanager.StatsManager - StatsManager setCurrentNumberOfPlayers
	changed current number of players to: 1
20:26:51.857 [main] INFO  tanksfightmanager.StatsManager - StatsManager setCurrentNumberOfPlayers
	changed current number of players to: 1
20:26:51.857 [main] INFO  tanksfightmanager.StatsManager - StatsManager setCurrentNumberOfPlayers
	changed current number of players to: 1
20:26:51.857 [main] INFO  tanksfightmanager.StatsManager - StatsManager setCurrentNumberOfPlayers
	changed current number of players to: 1
20:26:51.857 [main] INFO  tanksfightmanager.StatsManager - StatsManager setCurrentNumberOfPlayers
	changed current number of players to: 1
20:26:51.858 [main] INFO  tanksfightmanager.StatsManager - StatsManager initialize
	initailized StatsManager. Set: 
		guid: TestGuidMOlsen
		managerName: TestManagerNameMOlsen
		operatorName: Mckinley Olsen
		operatorAddress: m.olsen@aggiemail.usu.edu
20:26:51.915 [main] INFO  tanksfightmanager.StatsManager - StatsManager setCurrentNumberOfPlayers
	changed current number of players to: 1
20:26:51.915 [main] INFO  tanksfightmanager.StatsManager - StatsManager setCurrentNumberOfPlayers
	changed current number of players to: 1
20:26:51.915 [main] INFO  tanksfightmanager.StatsManager - StatsManager setCurrentNumberOfPlayers
	changed current number of players to: 1
20:26:51.915 [main] INFO  tanksfightmanager.StatsManager - StatsManager setCurrentNumberOfPlayers
	changed current number of players to: 1
20:26:51.915 [main] INFO  tanksfightmanager.StatsManager - StatsManager setCurrentNumberOfPlayers
	changed current number of players to: 1
20:26:51.915 [main] INFO  tanksfightmanager.StatsManager - StatsManager setCurrentNumberOfPlayers
	changed current number of players to: 1
20:26:51.915 [main] INFO  tanksfightmanager.StatsManager - StatsManager setCurrentNumberOfPlayers
	changed current number of players to: 1
20:26:51.915 [main] INFO  tanksfightmanager.StatsManager - StatsManager setCurrentNumberOfPlayers
	changed current number of players to: 1
20:26:51.915 [main] INFO  tanksfightmanager.StatsManager - StatsManager setCurrentNumberOfPlayers
	changed current number of players to: 1
20:26:51.915 [main] INFO  tanksfightmanager.StatsManager - StatsManager setCurrentNumberOfPlayers
	changed current number of players to: 1
20:26:51.915 [main] INFO  tanksfightmanager.StatsManager - StatsManager setCurrentNumberOfPlayers
	changed current number of players to: 1
20:26:51.915 [main] INFO  tanksfightmanager.StatsManager - StatsManager setCurrentNumberOfPlayers
	changed current number of players to: 1
20:26:51.915 [main] INFO  tanksfightmanager.StatsManager - StatsManager setCurrentNumberOfPlayers
	changed current number of players to: 1
20:26:51.971 [main] INFO  tanksfightmanager.StatsManager - StatsManager register
	registered with service without exception. Received result: SUCCESS
