17:16:38.371 [JavaFX Application Thread] DEBUG t.FightManagerController - setupPropertiesReader
	properties reader setup correctly
17:16:38.377 [JavaFX Application Thread] DEBUG t.FightManagerController - readProperties
	properties read correctly
17:16:48.495 [Communicator] TRACE M.RegisterProtocol.RegisterRequest - RegisterRequest decode
	read classID from bytes, got: 202
	Write: 1024
	Read: 4
17:16:48.495 [Communicator] TRACE M.RegisterProtocol.RegisterRequest - RegisterRequest decode
	got object length; got: 64
	Write: 1024
	Read: 6
17:16:48.495 [Communicator] TRACE M.RegisterProtocol.RegisterRequest - RegisterRequest decode
	decoding super
	Write: 1024
	Read: 6
17:16:48.495 [Communicator] TRACE M.RegisterProtocol.RegisterRequest - RegisterRequest decode
	got classID: 201
	Write: 1024
	Read: 10
17:16:48.495 [Communicator] TRACE M.RegisterProtocol.RegisterRequest - RegisterRequest decode
	got length: 42
	Write: 1024
	Read: 12
17:16:48.495 [Communicator] TRACE M.RegisterProtocol.RegisterRequest - RegisterRequest decode
	decoding super42
	Write: 1024
	Read: 12
17:16:48.495 [Communicator] TRACE M.RegisterProtocol.RegisterRequest - RegisterRequest decode
	setting requestType
	Write: 1024
	Read: 46
17:16:48.495 [Communicator] TRACE M.RegisterProtocol.RegisterRequest - RegisterRequest decode
	setting sessionID
	Write: 1024
	Read: 50
17:16:48.496 [Communicator] TRACE M.RegisterProtocol.RegisterRequest - RegisterRequest decode
	setting player name to: Mickey
	Write: 1024
	Read: 70
17:22:57.729 [Communicator] TRACE M.RegisterProtocol.RegisterRequest - RegisterRequest decode
	read classID from bytes, got: 202
	Write: 1024
	Read: 4
17:22:57.729 [Communicator] TRACE M.RegisterProtocol.RegisterRequest - RegisterRequest decode
	got object length; got: 64
	Write: 1024
	Read: 6
17:22:57.729 [Communicator] TRACE M.RegisterProtocol.RegisterRequest - RegisterRequest decode
	decoding super
	Write: 1024
	Read: 6
17:22:57.729 [Communicator] TRACE M.RegisterProtocol.RegisterRequest - RegisterRequest decode
	got classID: 201
	Write: 1024
	Read: 10
17:22:57.729 [Communicator] TRACE M.RegisterProtocol.RegisterRequest - RegisterRequest decode
	got length: 42
	Write: 1024
	Read: 12
17:22:57.729 [Communicator] TRACE M.RegisterProtocol.RegisterRequest - RegisterRequest decode
	decoding super42
	Write: 1024
	Read: 12
17:22:57.729 [Communicator] TRACE M.RegisterProtocol.RegisterRequest - RegisterRequest decode
	setting requestType
	Write: 1024
	Read: 46
17:22:57.729 [Communicator] TRACE M.RegisterProtocol.RegisterRequest - RegisterRequest decode
	setting sessionID
	Write: 1024
	Read: 50
17:22:57.730 [Communicator] TRACE M.RegisterProtocol.RegisterRequest - RegisterRequest decode
	setting player name to: Mickey
	Write: 1024
	Read: 70
17:24:06.322 [JavaFX Application Thread] DEBUG t.FightManagerController - Controller stopBackgroundTasks 
	Starting to stop background tasks
