17:19:58.775 [main] DEBUG TanksCommon.Communicator2 - Communicator constructor:
	 communicator created
17:19:58.775 [main] INFO  TanksCommon.Communicator2 - Communicator initializeSocket:
	 Socket initialized
17:19:58.779 [main] DEBUG TanksCommon.Communicator3 - Communicator constructor:
	 communicator created
17:19:58.779 [main] INFO  TanksCommon.Communicator3 - Communicator initializeSocket:
	 Socket initialized
17:19:58.780 [main] DEBUG TanksCommon.Model.TanksModel - TanksModel add
	Added conversation to conversations
17:19:58.780 [main] TRACE F.FightManagerFightListConversation - FightManagerFightListConversation buildReply
	created FightList reply
17:19:58.781 [main] DEBUG Conversation.Conversation - Conversation sendMessageTo
	 message added to communicator output queue
17:19:58.781 [main] DEBUG F.FightManagerFightListConversation - FightManagerFightListConversation sendReply
	sent FightList reply
17:19:58.781 [main] DEBUG Conversation.Conversation - Conversation sendMessageTo
	 message added to communicator output queue
17:19:58.781 [main] DEBUG F.FightManagerFightListConversation - FightManagerFightListConversation sendReply
	sent FightList reply
17:20:58.782 [main] DEBUG TanksCommon.Communicator4 - Communicator constructor:
	 communicator created
17:20:58.782 [main] INFO  TanksCommon.Communicator4 - Communicator initializeSocket:
	 Socket initialized
17:20:58.785 [main] DEBUG TanksCommon.Communicator5 - Communicator constructor:
	 communicator created
17:20:58.785 [main] INFO  TanksCommon.Communicator5 - Communicator initializeSocket:
	 Socket initialized
17:20:58.786 [main] DEBUG TanksCommon.Communicator6 - Communicator constructor:
	 communicator created
17:20:58.786 [main] INFO  TanksCommon.Communicator6 - Communicator initializeSocket:
	 Socket initialized
17:20:58.786 [main] DEBUG Conversation.Conversation - Conversation sendMessageTo
	 message added to communicator output queue
17:20:58.787 [main] DEBUG F.FightManagerFightListConversation - FightManagerFightListConversation sendReply
	sent FightList reply
17:20:58.788 [main] DEBUG TanksCommon.Communicator7 - Communicator constructor:
	 communicator created
17:20:58.788 [main] INFO  TanksCommon.Communicator7 - Communicator initializeSocket:
	 Socket initialized
