20:33:47.091 [main] INFO  tanksfightmanager.StatsManager - StatsManager initialize
	initailized StatsManager. Set: 
		guid: TestGuidMOlsen
		managerName: TestManagerNameMOlsen
		operatorName: Mckinley Olsen
		operatorAddress: m.olsen@aggiemail.usu.edu
20:33:47.215 [main] INFO  tanksfightmanager.StatsManager - StatsManager setCurrentNumberOfPlayers
	changed current number of players to: 1
20:33:47.215 [main] INFO  tanksfightmanager.StatsManager - StatsManager setCurrentNumberOfPlayers
	set max number of players to: 1
20:33:47.669 [main] INFO  tanksfightmanager.StatsManager - StatsManager initialize
	initailized StatsManager. Set: 
		guid: TestGuidMOlsen
		managerName: TestManagerNameMOlsen
		operatorName: Mckinley Olsen
		operatorAddress: m.olsen@aggiemail.usu.edu
20:33:47.722 [main] INFO  tanksfightmanager.StatsManager - StatsManager setCurrentNumberOfPlayers
	changed current number of players to: 1
20:33:47.722 [main] INFO  tanksfightmanager.StatsManager - StatsManager setCurrentNumberOfPlayers
	changed current number of players to: 1
20:33:47.723 [main] INFO  tanksfightmanager.StatsManager - StatsManager initialize
	initailized StatsManager. Set: 
		guid: TestGuidMOlsen
		managerName: TestManagerNameMOlsen
		operatorName: Mckinley Olsen
		operatorAddress: m.olsen@aggiemail.usu.edu
20:33:47.787 [main] INFO  tanksfightmanager.StatsManager - StatsManager setCurrentNumberOfPlayers
	changed current number of players to: 1
20:33:47.787 [main] INFO  tanksfightmanager.StatsManager - StatsManager setCurrentNumberOfPlayers
	changed current number of players to: 1
20:33:47.787 [main] INFO  tanksfightmanager.StatsManager - StatsManager setCurrentNumberOfPlayers
	changed current number of players to: 1
20:33:47.788 [main] INFO  tanksfightmanager.StatsManager - StatsManager initialize
	initailized StatsManager. Set: 
		guid: TestGuidMOlsen
		managerName: TestManagerNameMOlsen
		operatorName: Mckinley Olsen
		operatorAddress: m.olsen@aggiemail.usu.edu
20:33:47.846 [main] INFO  tanksfightmanager.StatsManager - StatsManager setCurrentNumberOfPlayers
	changed current number of players to: 1
20:33:47.846 [main] INFO  tanksfightmanager.StatsManager - StatsManager setCurrentNumberOfPlayers
	changed current number of players to: 1
20:33:47.846 [main] INFO  tanksfightmanager.StatsManager - StatsManager setCurrentNumberOfPlayers
	changed current number of players to: 1
20:33:47.846 [main] INFO  tanksfightmanager.StatsManager - StatsManager setCurrentNumberOfPlayers
	changed current number of players to: 1
20:33:47.846 [main] INFO  tanksfightmanager.StatsManager - StatsManager initialize
	initailized StatsManager. Set: 
		guid: TestGuidMOlsen
		managerName: TestManagerNameMOlsen
		operatorName: Mckinley Olsen
		operatorAddress: m.olsen@aggiemail.usu.edu
20:33:47.904 [main] INFO  tanksfightmanager.StatsManager - StatsManager setCurrentNumberOfPlayers
	changed current number of players to: 1
20:33:47.904 [main] INFO  tanksfightmanager.StatsManager - StatsManager setCurrentNumberOfPlayers
	changed current number of players to: 1
20:33:47.904 [main] INFO  tanksfightmanager.StatsManager - StatsManager setCurrentNumberOfPlayers
	changed current number of players to: 1
20:33:47.904 [main] INFO  tanksfightmanager.StatsManager - StatsManager setCurrentNumberOfPlayers
	changed current number of players to: 1
20:33:47.904 [main] INFO  tanksfightmanager.StatsManager - StatsManager setCurrentNumberOfPlayers
	changed current number of players to: 1
20:33:48.077 [main] INFO  tanksfightmanager.StatsManager - StatsManager initialize
	initailized StatsManager. Set: 
		guid: TestGuidMOlsen
		managerName: TestManagerNameMOlsen
		operatorName: Mckinley Olsen
		operatorAddress: m.olsen@aggiemail.usu.edu
20:33:48.134 [main] INFO  tanksfightmanager.StatsManager - StatsManager setCurrentNumberOfPlayers
	changed current number of players to: 1
20:33:48.134 [main] INFO  tanksfightmanager.StatsManager - StatsManager setCurrentNumberOfPlayers
	changed current number of players to: 1
20:33:48.134 [main] INFO  tanksfightmanager.StatsManager - StatsManager setCurrentNumberOfPlayers
	changed current number of players to: 1
20:33:48.134 [main] INFO  tanksfightmanager.StatsManager - StatsManager setCurrentNumberOfPlayers
	changed current number of players to: 1
20:33:48.134 [main] INFO  tanksfightmanager.StatsManager - StatsManager setCurrentNumberOfPlayers
	changed current number of players to: 1
20:33:48.134 [main] INFO  tanksfightmanager.StatsManager - StatsManager setCurrentNumberOfPlayers
	changed current number of players to: 1
20:33:48.135 [main] INFO  tanksfightmanager.StatsManager - StatsManager initialize
	initailized StatsManager. Set: 
		guid: TestGuidMOlsen
		managerName: TestManagerNameMOlsen
		operatorName: Mckinley Olsen
		operatorAddress: m.olsen@aggiemail.usu.edu
20:33:48.193 [main] INFO  tanksfightmanager.StatsManager - StatsManager setCurrentNumberOfPlayers
	changed current number of players to: 1
20:33:48.194 [main] INFO  tanksfightmanager.StatsManager - StatsManager setCurrentNumberOfPlayers
	changed current number of players to: 1
20:33:48.194 [main] INFO  tanksfightmanager.StatsManager - StatsManager setCurrentNumberOfPlayers
	changed current number of players to: 1
20:33:48.194 [main] INFO  tanksfightmanager.StatsManager - StatsManager setCurrentNumberOfPlayers
	changed current number of players to: 1
20:33:48.194 [main] INFO  tanksfightmanager.StatsManager - StatsManager setCurrentNumberOfPlayers
	changed current number of players to: 1
20:33:48.194 [main] INFO  tanksfightmanager.StatsManager - StatsManager setCurrentNumberOfPlayers
	changed current number of players to: 1
20:33:48.194 [main] INFO  tanksfightmanager.StatsManager - StatsManager setCurrentNumberOfPlayers
	changed current number of players to: 1
20:33:48.194 [main] INFO  tanksfightmanager.StatsManager - StatsManager initialize
	initailized StatsManager. Set: 
		guid: TestGuidMOlsen
		managerName: TestManagerNameMOlsen
		operatorName: Mckinley Olsen
		operatorAddress: m.olsen@aggiemail.usu.edu
20:33:48.250 [main] INFO  tanksfightmanager.StatsManager - StatsManager setCurrentNumberOfPlayers
	changed current number of players to: 1
20:33:48.250 [main] INFO  tanksfightmanager.StatsManager - StatsManager setCurrentNumberOfPlayers
	changed current number of players to: 1
20:33:48.250 [main] INFO  tanksfightmanager.StatsManager - StatsManager setCurrentNumberOfPlayers
	changed current number of players to: 1
20:33:48.250 [main] INFO  tanksfightmanager.StatsManager - StatsManager setCurrentNumberOfPlayers
	changed current number of players to: 1
20:33:48.250 [main] INFO  tanksfightmanager.StatsManager - StatsManager setCurrentNumberOfPlayers
	changed current number of players to: 1
20:33:48.250 [main] INFO  tanksfightmanager.StatsManager - StatsManager setCurrentNumberOfPlayers
	changed current number of players to: 1
20:33:48.250 [main] INFO  tanksfightmanager.StatsManager - StatsManager setCurrentNumberOfPlayers
	changed current number of players to: 1
20:33:48.250 [main] INFO  tanksfightmanager.StatsManager - StatsManager setCurrentNumberOfPlayers
	changed current number of players to: 1
20:33:48.251 [main] INFO  tanksfightmanager.StatsManager - StatsManager initialize
	initailized StatsManager. Set: 
		guid: TestGuidMOlsen
		managerName: TestManagerNameMOlsen
		operatorName: Mckinley Olsen
		operatorAddress: m.olsen@aggiemail.usu.edu
20:33:48.310 [main] INFO  tanksfightmanager.StatsManager - StatsManager setCurrentNumberOfPlayers
	changed current number of players to: 1
20:33:48.310 [main] INFO  tanksfightmanager.StatsManager - StatsManager setCurrentNumberOfPlayers
	changed current number of players to: 1
20:33:48.310 [main] INFO  tanksfightmanager.StatsManager - StatsManager setCurrentNumberOfPlayers
	changed current number of players to: 1
20:33:48.310 [main] INFO  tanksfightmanager.StatsManager - StatsManager setCurrentNumberOfPlayers
	changed current number of players to: 1
20:33:48.310 [main] INFO  tanksfightmanager.StatsManager - StatsManager setCurrentNumberOfPlayers
	changed current number of players to: 1
20:33:48.310 [main] INFO  tanksfightmanager.StatsManager - StatsManager setCurrentNumberOfPlayers
	changed current number of players to: 1
20:33:48.310 [main] INFO  tanksfightmanager.StatsManager - StatsManager setCurrentNumberOfPlayers
	changed current number of players to: 1
20:33:48.310 [main] INFO  tanksfightmanager.StatsManager - StatsManager setCurrentNumberOfPlayers
	changed current number of players to: 1
20:33:48.310 [main] INFO  tanksfightmanager.StatsManager - StatsManager setCurrentNumberOfPlayers
	changed current number of players to: 1
20:33:48.311 [main] INFO  tanksfightmanager.StatsManager - StatsManager initialize
	initailized StatsManager. Set: 
		guid: TestGuidMOlsen
		managerName: TestManagerNameMOlsen
		operatorName: Mckinley Olsen
		operatorAddress: m.olsen@aggiemail.usu.edu
20:33:48.368 [main] INFO  tanksfightmanager.StatsManager - StatsManager setCurrentNumberOfPlayers
	changed current number of players to: 1
20:33:48.368 [main] INFO  tanksfightmanager.StatsManager - StatsManager setCurrentNumberOfPlayers
	changed current number of players to: 1
20:33:48.368 [main] INFO  tanksfightmanager.StatsManager - StatsManager setCurrentNumberOfPlayers
	changed current number of players to: 1
20:33:48.368 [main] INFO  tanksfightmanager.StatsManager - StatsManager setCurrentNumberOfPlayers
	changed current number of players to: 1
20:33:48.368 [main] INFO  tanksfightmanager.StatsManager - StatsManager setCurrentNumberOfPlayers
	changed current number of players to: 1
20:33:48.368 [main] INFO  tanksfightmanager.StatsManager - StatsManager setCurrentNumberOfPlayers
	changed current number of players to: 1
20:33:48.368 [main] INFO  tanksfightmanager.StatsManager - StatsManager setCurrentNumberOfPlayers
	changed current number of players to: 1
20:33:48.368 [main] INFO  tanksfightmanager.StatsManager - StatsManager setCurrentNumberOfPlayers
	changed current number of players to: 1
20:33:48.368 [main] INFO  tanksfightmanager.StatsManager - StatsManager setCurrentNumberOfPlayers
	changed current number of players to: 1
20:33:48.368 [main] INFO  tanksfightmanager.StatsManager - StatsManager setCurrentNumberOfPlayers
	changed current number of players to: 1
20:33:48.369 [main] INFO  tanksfightmanager.StatsManager - StatsManager initialize
	initailized StatsManager. Set: 
		guid: TestGuidMOlsen
		managerName: TestManagerNameMOlsen
		operatorName: Mckinley Olsen
		operatorAddress: m.olsen@aggiemail.usu.edu
20:33:48.422 [main] INFO  tanksfightmanager.StatsManager - StatsManager setCurrentNumberOfPlayers
	changed current number of players to: 1
20:33:48.422 [main] INFO  tanksfightmanager.StatsManager - StatsManager setCurrentNumberOfPlayers
	changed current number of players to: 1
20:33:48.422 [main] INFO  tanksfightmanager.StatsManager - StatsManager setCurrentNumberOfPlayers
	changed current number of players to: 1
20:33:48.422 [main] INFO  tanksfightmanager.StatsManager - StatsManager setCurrentNumberOfPlayers
	changed current number of players to: 1
20:33:48.422 [main] INFO  tanksfightmanager.StatsManager - StatsManager setCurrentNumberOfPlayers
	changed current number of players to: 1
20:33:48.422 [main] INFO  tanksfightmanager.StatsManager - StatsManager setCurrentNumberOfPlayers
	changed current number of players to: 1
20:33:48.422 [main] INFO  tanksfightmanager.StatsManager - StatsManager setCurrentNumberOfPlayers
	changed current number of players to: 1
20:33:48.422 [main] INFO  tanksfightmanager.StatsManager - StatsManager setCurrentNumberOfPlayers
	changed current number of players to: 1
20:33:48.423 [main] INFO  tanksfightmanager.StatsManager - StatsManager setCurrentNumberOfPlayers
	changed current number of players to: 1
20:33:48.423 [main] INFO  tanksfightmanager.StatsManager - StatsManager setCurrentNumberOfPlayers
	changed current number of players to: 1
20:33:48.423 [main] INFO  tanksfightmanager.StatsManager - StatsManager setCurrentNumberOfPlayers
	changed current number of players to: 1
20:33:48.496 [main] INFO  tanksfightmanager.StatsManager - StatsManager initialize
	initailized StatsManager. Set: 
		guid: TestGuidMOlsen
		managerName: TestManagerNameMOlsen
		operatorName: Mckinley Olsen
		operatorAddress: m.olsen@aggiemail.usu.edu
20:33:48.550 [main] INFO  tanksfightmanager.StatsManager - StatsManager setCurrentNumberOfPlayers
	changed current number of players to: 1
20:33:48.550 [main] INFO  tanksfightmanager.StatsManager - StatsManager setCurrentNumberOfPlayers
	changed current number of players to: 1
20:33:48.550 [main] INFO  tanksfightmanager.StatsManager - StatsManager setCurrentNumberOfPlayers
	changed current number of players to: 1
20:33:48.550 [main] INFO  tanksfightmanager.StatsManager - StatsManager setCurrentNumberOfPlayers
	changed current number of players to: 1
20:33:48.550 [main] INFO  tanksfightmanager.StatsManager - StatsManager setCurrentNumberOfPlayers
	changed current number of players to: 1
20:33:48.550 [main] INFO  tanksfightmanager.StatsManager - StatsManager setCurrentNumberOfPlayers
	changed current number of players to: 1
20:33:48.550 [main] INFO  tanksfightmanager.StatsManager - StatsManager setCurrentNumberOfPlayers
	changed current number of players to: 1
20:33:48.550 [main] INFO  tanksfightmanager.StatsManager - StatsManager setCurrentNumberOfPlayers
	changed current number of players to: 1
20:33:48.550 [main] INFO  tanksfightmanager.StatsManager - StatsManager setCurrentNumberOfPlayers
	changed current number of players to: 1
20:33:48.550 [main] INFO  tanksfightmanager.StatsManager - StatsManager setCurrentNumberOfPlayers
	changed current number of players to: 1
20:33:48.550 [main] INFO  tanksfightmanager.StatsManager - StatsManager setCurrentNumberOfPlayers
	changed current number of players to: 1
20:33:48.550 [main] INFO  tanksfightmanager.StatsManager - StatsManager setCurrentNumberOfPlayers
	changed current number of players to: 1
20:33:48.607 [main] INFO  tanksfightmanager.StatsManager - StatsManager register
	registered with service without exception. Received result: SUCCESS
20:33:48.608 [main] INFO  tanksfightmanager.StatsManager - StatsManager initialize
	initailized StatsManager. Set: 
		guid: TestGuidMOlsen
		managerName: TestManagerNameMOlsen
		operatorName: Mckinley Olsen
		operatorAddress: m.olsen@aggiemail.usu.edu
20:33:48.669 [main] INFO  tanksfightmanager.StatsManager - StatsManager setCurrentNumberOfPlayers
	changed current number of players to: 1
20:33:48.669 [main] INFO  tanksfightmanager.StatsManager - StatsManager setCurrentNumberOfPlayers
	changed current number of players to: 1
20:33:48.669 [main] INFO  tanksfightmanager.StatsManager - StatsManager setCurrentNumberOfPlayers
	changed current number of players to: 1
20:33:48.669 [main] INFO  tanksfightmanager.StatsManager - StatsManager setCurrentNumberOfPlayers
	changed current number of players to: 1
20:33:48.669 [main] INFO  tanksfightmanager.StatsManager - StatsManager setCurrentNumberOfPlayers
	changed current number of players to: 1
20:33:48.669 [main] INFO  tanksfightmanager.StatsManager - StatsManager setCurrentNumberOfPlayers
	changed current number of players to: 1
20:33:48.669 [main] INFO  tanksfightmanager.StatsManager - StatsManager setCurrentNumberOfPlayers
	changed current number of players to: 1
20:33:48.669 [main] INFO  tanksfightmanager.StatsManager - StatsManager setCurrentNumberOfPlayers
	changed current number of players to: 1
20:33:48.669 [main] INFO  tanksfightmanager.StatsManager - StatsManager setCurrentNumberOfPlayers
	changed current number of players to: 1
20:33:48.669 [main] INFO  tanksfightmanager.StatsManager - StatsManager setCurrentNumberOfPlayers
	changed current number of players to: 1
20:33:48.669 [main] INFO  tanksfightmanager.StatsManager - StatsManager setCurrentNumberOfPlayers
	changed current number of players to: 1
20:33:48.669 [main] INFO  tanksfightmanager.StatsManager - StatsManager setCurrentNumberOfPlayers
	changed current number of players to: 1
20:33:48.669 [main] INFO  tanksfightmanager.StatsManager - StatsManager setCurrentNumberOfPlayers
	changed current number of players to: 1
