15:52:02.293 [main] TRACE F.FightManagerFightListConversation - FightManagerFightListConversation buildReply
	created FightList reply
15:52:02.294 [main] DEBUG Conversation.Conversation - Conversation sendMessageTo
	 message added to communicator output queue
15:52:02.294 [main] DEBUG F.FightManagerFightListConversation - FightManagerFightListConversation sendReply
	sent FightList reply
15:52:02.295 [main] DEBUG Conversation.Conversation - Conversation sendMessageTo
	 message added to communicator output queue
15:52:02.295 [main] DEBUG F.FightManagerFightListConversation - FightManagerFightListConversation sendReply
	sent FightList reply
15:52:02.309 [main] DEBUG TanksCommon.Communicator2 - Communicator constructor:
	 communicator created
15:52:02.309 [main] INFO  TanksCommon.Communicator2 - Communicator initializeSocket:
	 Socket initialized
15:52:02.311 [main] DEBUG TanksCommon.Communicator3 - Communicator constructor:
	 communicator created
15:52:02.312 [main] INFO  TanksCommon.Communicator3 - Communicator initializeSocket:
	 Socket initialized
15:52:02.313 [main] DEBUG TanksCommon.Communicator4 - Communicator constructor:
	 communicator created
15:52:02.313 [main] INFO  TanksCommon.Communicator4 - Communicator initializeSocket:
	 Socket initialized
15:52:02.315 [main] DEBUG TanksCommon.Communicator5 - Communicator constructor:
	 communicator created
15:52:02.315 [main] INFO  TanksCommon.Communicator5 - Communicator initializeSocket:
	 Socket initialized
15:52:02.317 [main] DEBUG TanksCommon.Communicator6 - Communicator constructor:
	 communicator created
15:52:02.317 [main] INFO  TanksCommon.Communicator6 - Communicator initializeSocket:
	 Socket initialized
15:52:02.320 [main] DEBUG TanksCommon.Communicator7 - Communicator constructor:
	 communicator created
15:52:02.320 [main] INFO  TanksCommon.Communicator7 - Communicator initializeSocket:
	 Socket initialized
