23:50:39.225 [main] DEBUG Conversation.Conversation - Conversation sendMessageTo
	 message added to communicator output queue
23:50:49.225 [Timer-0] DEBUG F.FightManagerLocationListConversation - ClientLocationsRequesterConversation resendTask
	hit retry limit, retrying last time
23:50:54.231 [main] DEBUG TanksCommon.Communicator2 - Communicator constructor:
	 communicator created
23:50:54.231 [main] INFO  TanksCommon.Communicator2 - Communicator initializeSocket:
	 Socket initialized
23:50:54.232 [main] DEBUG TanksCommon.Communicator3 - Communicator constructor:
	 communicator created
23:50:54.232 [main] INFO  TanksCommon.Communicator3 - Communicator initializeSocket:
	 Socket initialized
23:50:54.232 [main] DEBUG TanksCommon.Communicator4 - Communicator constructor:
	 communicator created
23:50:54.232 [main] INFO  TanksCommon.Communicator4 - Communicator initializeSocket:
	 Socket initialized
23:50:54.233 [main] DEBUG TanksCommon.Communicator5 - Communicator constructor:
	 communicator created
23:50:54.233 [main] INFO  TanksCommon.Communicator5 - Communicator initializeSocket:
	 Socket initialized
23:50:54.234 [main] DEBUG TanksCommon.Communicator6 - Communicator constructor:
	 communicator created
23:50:54.234 [main] INFO  TanksCommon.Communicator6 - Communicator initializeSocket:
	 Socket initialized
23:50:54.234 [main] DEBUG TanksCommon.Communicator7 - Communicator constructor:
	 communicator created
23:50:54.234 [main] INFO  TanksCommon.Communicator7 - Communicator initializeSocket:
	 Socket initialized
23:50:54.235 [main] DEBUG TanksCommon.Communicator8 - Communicator constructor:
	 communicator created
23:50:54.235 [main] INFO  TanksCommon.Communicator8 - Communicator initializeSocket:
	 Socket initialized
23:50:54.235 [main] DEBUG TanksCommon.Communicator9 - Communicator constructor:
	 communicator created
23:50:54.236 [main] INFO  TanksCommon.Communicator9 - Communicator initializeSocket:
	 Socket initialized
23:50:54.236 [main] DEBUG TanksCommon.Communicator10 - Communicator constructor:
	 communicator created
23:50:54.236 [main] INFO  TanksCommon.Communicator10 - Communicator initializeSocket:
	 Socket initialized
23:50:54.237 [main] DEBUG TanksCommon.Communicator11 - Communicator constructor:
	 communicator created
23:50:54.237 [main] INFO  TanksCommon.Communicator11 - Communicator initializeSocket:
	 Socket initialized
23:50:54.238 [main] DEBUG TanksCommon.Communicator12 - Communicator constructor:
	 communicator created
23:50:54.238 [main] INFO  TanksCommon.Communicator12 - Communicator initializeSocket:
	 Socket initialized
23:50:54.239 [main] DEBUG TanksCommon.Communicator13 - Communicator constructor:
	 communicator created
23:50:54.239 [main] INFO  TanksCommon.Communicator13 - Communicator initializeSocket:
	 Socket initialized
