17:22:51.274 [JavaFX Application Thread] INFO  TanksCommon.Doer.ClientDoer - BackgroundThread Start: 
	Thread Started
17:22:57.678 [ClientDoer] INFO  TanksCommon.Doer.ClientDoer - TanksCommon.Doer.ClientDoerrun:
	 Got Task from taskqueue
17:22:57.930 [ClientDoer] INFO  TanksCommon.Doer.ClientDoer - TanksCommon.Doer.ClientDoerrun:
	 Got envelope from communicator inputqueue
17:23:03.034 [ClientDoer] INFO  TanksCommon.Doer.ClientDoer - TanksCommon.Doer.ClientDoerrun:
	 Got Task from taskqueue
17:23:03.284 [ClientDoer] INFO  TanksCommon.Doer.ClientDoer - TanksCommon.Doer.ClientDoerrun:
	 Got envelope from communicator inputqueue
17:23:04.935 [ClientDoer] INFO  TanksCommon.Doer.ClientDoer - TanksCommon.Doer.ClientDoerrun:
	 Got Task from taskqueue
17:23:05.135 [ClientDoer] INFO  TanksCommon.Doer.ClientDoer - TanksCommon.Doer.ClientDoerrun:
	 Got envelope from communicator inputqueue
17:23:07.687 [ClientDoer] INFO  TanksCommon.Doer.ClientDoer - TanksCommon.Doer.ClientDoerrun:
	 Got Task from taskqueue
17:23:07.887 [ClientDoer] INFO  TanksCommon.Doer.ClientDoer - TanksCommon.Doer.ClientDoerrun:
	 Got envelope from communicator inputqueue
17:23:09.488 [ClientDoer] INFO  TanksCommon.Doer.ClientDoer - TanksCommon.Doer.ClientDoerrun:
	 Got Task from taskqueue
17:23:09.738 [ClientDoer] INFO  TanksCommon.Doer.ClientDoer - TanksCommon.Doer.ClientDoerrun:
	 Got envelope from communicator inputqueue
17:23:10.389 [ClientDoer] INFO  TanksCommon.Doer.ClientDoer - TanksCommon.Doer.ClientDoerrun:
	 Got Task from taskqueue
17:23:10.589 [ClientDoer] INFO  TanksCommon.Doer.ClientDoer - TanksCommon.Doer.ClientDoerrun:
	 Got envelope from communicator inputqueue
17:23:10.989 [ClientDoer] INFO  TanksCommon.Doer.ClientDoer - TanksCommon.Doer.ClientDoerrun:
	 Got Task from taskqueue
17:23:11.239 [ClientDoer] INFO  TanksCommon.Doer.ClientDoer - TanksCommon.Doer.ClientDoerrun:
	 Got envelope from communicator inputqueue
17:23:11.940 [ClientDoer] INFO  TanksCommon.Doer.ClientDoer - TanksCommon.Doer.ClientDoerrun:
	 Got Task from taskqueue
17:23:12.190 [ClientDoer] INFO  TanksCommon.Doer.ClientDoer - TanksCommon.Doer.ClientDoerrun:
	 Got envelope from communicator inputqueue
17:23:13.391 [ClientDoer] INFO  TanksCommon.Doer.ClientDoer - TanksCommon.Doer.ClientDoerrun:
	 Got Task from taskqueue
17:23:13.641 [ClientDoer] INFO  TanksCommon.Doer.ClientDoer - TanksCommon.Doer.ClientDoerrun:
	 Got envelope from communicator inputqueue
17:23:13.991 [ClientDoer] INFO  TanksCommon.Doer.ClientDoer - TanksCommon.Doer.ClientDoerrun:
	 Got Task from taskqueue
17:23:14.191 [ClientDoer] INFO  TanksCommon.Doer.ClientDoer - TanksCommon.Doer.ClientDoerrun:
	 Got envelope from communicator inputqueue
17:23:14.541 [ClientDoer] INFO  TanksCommon.Doer.ClientDoer - TanksCommon.Doer.ClientDoerrun:
	 Got Task from taskqueue
17:23:14.741 [ClientDoer] INFO  TanksCommon.Doer.ClientDoer - TanksCommon.Doer.ClientDoerrun:
	 Got envelope from communicator inputqueue
17:23:14.942 [ClientDoer] INFO  TanksCommon.Doer.ClientDoer - TanksCommon.Doer.ClientDoerrun:
	 Got Task from taskqueue
17:23:15.192 [ClientDoer] INFO  TanksCommon.Doer.ClientDoer - TanksCommon.Doer.ClientDoerrun:
	 Got envelope from communicator inputqueue
17:23:15.342 [ClientDoer] INFO  TanksCommon.Doer.ClientDoer - TanksCommon.Doer.ClientDoerrun:
	 Got Task from taskqueue
17:23:15.542 [ClientDoer] INFO  TanksCommon.Doer.ClientDoer - TanksCommon.Doer.ClientDoerrun:
	 Got envelope from communicator inputqueue
17:23:16.793 [ClientDoer] INFO  TanksCommon.Doer.ClientDoer - TanksCommon.Doer.ClientDoerrun:
	 Got Task from taskqueue
17:23:16.943 [ClientDoer] INFO  TanksCommon.Doer.ClientDoer - TanksCommon.Doer.ClientDoerrun:
	 Got Task from taskqueue
17:23:16.993 [ClientDoer] INFO  TanksCommon.Doer.ClientDoer - TanksCommon.Doer.ClientDoerrun:
	 Got envelope from communicator inputqueue
17:23:17.093 [ClientDoer] INFO  TanksCommon.Doer.ClientDoer - TanksCommon.Doer.ClientDoerrun:
	 Got Task from taskqueue
17:23:17.143 [ClientDoer] INFO  TanksCommon.Doer.ClientDoer - TanksCommon.Doer.ClientDoerrun:
	 Got envelope from communicator inputqueue
17:23:17.293 [ClientDoer] INFO  TanksCommon.Doer.ClientDoer - TanksCommon.Doer.ClientDoerrun:
	 Got envelope from communicator inputqueue
17:23:17.593 [ClientDoer] INFO  TanksCommon.Doer.ClientDoer - TanksCommon.Doer.ClientDoerrun:
	 Got Task from taskqueue
17:23:17.743 [ClientDoer] INFO  TanksCommon.Doer.ClientDoer - TanksCommon.Doer.ClientDoerrun:
	 Got Task from taskqueue
17:23:17.843 [ClientDoer] INFO  TanksCommon.Doer.ClientDoer - TanksCommon.Doer.ClientDoerrun:
	 Got envelope from communicator inputqueue
17:23:17.893 [ClientDoer] INFO  TanksCommon.Doer.ClientDoer - TanksCommon.Doer.ClientDoerrun:
	 Got envelope from communicator inputqueue
17:23:17.893 [ClientDoer] INFO  TanksCommon.Doer.ClientDoer - TanksCommon.Doer.ClientDoerrun:
	 Got Task from taskqueue
17:23:18.044 [ClientDoer] INFO  TanksCommon.Doer.ClientDoer - TanksCommon.Doer.ClientDoerrun:
	 Got Task from taskqueue
17:23:18.144 [ClientDoer] INFO  TanksCommon.Doer.ClientDoer - TanksCommon.Doer.ClientDoerrun:
	 Got envelope from communicator inputqueue
17:23:18.194 [ClientDoer] INFO  TanksCommon.Doer.ClientDoer - TanksCommon.Doer.ClientDoerrun:
	 Got envelope from communicator inputqueue
17:23:18.194 [ClientDoer] INFO  TanksCommon.Doer.ClientDoer - TanksCommon.Doer.ClientDoerrun:
	 Got Task from taskqueue
17:23:18.344 [ClientDoer] INFO  TanksCommon.Doer.ClientDoer - TanksCommon.Doer.ClientDoerrun:
	 Got Task from taskqueue
17:23:18.444 [ClientDoer] INFO  TanksCommon.Doer.ClientDoer - TanksCommon.Doer.ClientDoerrun:
	 Got envelope from communicator inputqueue
17:23:18.494 [ClientDoer] INFO  TanksCommon.Doer.ClientDoer - TanksCommon.Doer.ClientDoerrun:
	 Got envelope from communicator inputqueue
17:23:18.494 [ClientDoer] INFO  TanksCommon.Doer.ClientDoer - TanksCommon.Doer.ClientDoerrun:
	 Got Task from taskqueue
17:23:18.644 [ClientDoer] INFO  TanksCommon.Doer.ClientDoer - TanksCommon.Doer.ClientDoerrun:
	 Got Task from taskqueue
17:23:18.744 [ClientDoer] INFO  TanksCommon.Doer.ClientDoer - TanksCommon.Doer.ClientDoerrun:
	 Got envelope from communicator inputqueue
17:23:18.794 [ClientDoer] INFO  TanksCommon.Doer.ClientDoer - TanksCommon.Doer.ClientDoerrun:
	 Got envelope from communicator inputqueue
17:23:18.794 [ClientDoer] INFO  TanksCommon.Doer.ClientDoer - TanksCommon.Doer.ClientDoerrun:
	 Got Task from taskqueue
17:23:18.944 [ClientDoer] INFO  TanksCommon.Doer.ClientDoer - TanksCommon.Doer.ClientDoerrun:
	 Got Task from taskqueue
17:23:19.044 [ClientDoer] INFO  TanksCommon.Doer.ClientDoer - TanksCommon.Doer.ClientDoerrun:
	 Got envelope from communicator inputqueue
17:23:19.094 [ClientDoer] INFO  TanksCommon.Doer.ClientDoer - TanksCommon.Doer.ClientDoerrun:
	 Got envelope from communicator inputqueue
17:23:19.094 [ClientDoer] INFO  TanksCommon.Doer.ClientDoer - TanksCommon.Doer.ClientDoerrun:
	 Got Task from taskqueue
17:23:19.244 [ClientDoer] INFO  TanksCommon.Doer.ClientDoer - TanksCommon.Doer.ClientDoerrun:
	 Got Task from taskqueue
17:23:19.344 [ClientDoer] INFO  TanksCommon.Doer.ClientDoer - TanksCommon.Doer.ClientDoerrun:
	 Got envelope from communicator inputqueue
17:23:19.394 [ClientDoer] INFO  TanksCommon.Doer.ClientDoer - TanksCommon.Doer.ClientDoerrun:
	 Got envelope from communicator inputqueue
17:23:19.394 [ClientDoer] INFO  TanksCommon.Doer.ClientDoer - TanksCommon.Doer.ClientDoerrun:
	 Got Task from taskqueue
17:23:19.545 [ClientDoer] INFO  TanksCommon.Doer.ClientDoer - TanksCommon.Doer.ClientDoerrun:
	 Got Task from taskqueue
17:23:19.645 [ClientDoer] INFO  TanksCommon.Doer.ClientDoer - TanksCommon.Doer.ClientDoerrun:
	 Got envelope from communicator inputqueue
17:23:19.695 [ClientDoer] INFO  TanksCommon.Doer.ClientDoer - TanksCommon.Doer.ClientDoerrun:
	 Got envelope from communicator inputqueue
17:23:19.695 [ClientDoer] INFO  TanksCommon.Doer.ClientDoer - TanksCommon.Doer.ClientDoerrun:
	 Got Task from taskqueue
17:23:19.845 [ClientDoer] INFO  TanksCommon.Doer.ClientDoer - TanksCommon.Doer.ClientDoerrun:
	 Got Task from taskqueue
17:23:19.945 [ClientDoer] INFO  TanksCommon.Doer.ClientDoer - TanksCommon.Doer.ClientDoerrun:
	 Got envelope from communicator inputqueue
17:23:19.995 [ClientDoer] INFO  TanksCommon.Doer.ClientDoer - TanksCommon.Doer.ClientDoerrun:
	 Got envelope from communicator inputqueue
17:23:19.995 [ClientDoer] INFO  TanksCommon.Doer.ClientDoer - TanksCommon.Doer.ClientDoerrun:
	 Got Task from taskqueue
17:23:20.145 [ClientDoer] INFO  TanksCommon.Doer.ClientDoer - TanksCommon.Doer.ClientDoerrun:
	 Got Task from taskqueue
17:23:20.245 [ClientDoer] INFO  TanksCommon.Doer.ClientDoer - TanksCommon.Doer.ClientDoerrun:
	 Got envelope from communicator inputqueue
17:23:20.295 [ClientDoer] INFO  TanksCommon.Doer.ClientDoer - TanksCommon.Doer.ClientDoerrun:
	 Got envelope from communicator inputqueue
17:23:20.295 [ClientDoer] INFO  TanksCommon.Doer.ClientDoer - TanksCommon.Doer.ClientDoerrun:
	 Got Task from taskqueue
17:23:20.445 [ClientDoer] INFO  TanksCommon.Doer.ClientDoer - TanksCommon.Doer.ClientDoerrun:
	 Got Task from taskqueue
17:23:20.545 [ClientDoer] INFO  TanksCommon.Doer.ClientDoer - TanksCommon.Doer.ClientDoerrun:
	 Got envelope from communicator inputqueue
17:23:20.595 [ClientDoer] INFO  TanksCommon.Doer.ClientDoer - TanksCommon.Doer.ClientDoerrun:
	 Got envelope from communicator inputqueue
17:23:20.595 [ClientDoer] INFO  TanksCommon.Doer.ClientDoer - TanksCommon.Doer.ClientDoerrun:
	 Got Task from taskqueue
17:23:20.745 [ClientDoer] INFO  TanksCommon.Doer.ClientDoer - TanksCommon.Doer.ClientDoerrun:
	 Got Task from taskqueue
17:23:20.845 [ClientDoer] INFO  TanksCommon.Doer.ClientDoer - TanksCommon.Doer.ClientDoerrun:
	 Got envelope from communicator inputqueue
17:23:20.895 [ClientDoer] INFO  TanksCommon.Doer.ClientDoer - TanksCommon.Doer.ClientDoerrun:
	 Got envelope from communicator inputqueue
17:23:20.895 [ClientDoer] INFO  TanksCommon.Doer.ClientDoer - TanksCommon.Doer.ClientDoerrun:
	 Got Task from taskqueue
17:23:21.146 [ClientDoer] INFO  TanksCommon.Doer.ClientDoer - TanksCommon.Doer.ClientDoerrun:
	 Got envelope from communicator inputqueue
17:23:22.246 [ClientDoer] INFO  TanksCommon.Doer.ClientDoer - TanksCommon.Doer.ClientDoerrun:
	 Got Task from taskqueue
17:23:22.396 [ClientDoer] INFO  TanksCommon.Doer.ClientDoer - TanksCommon.Doer.ClientDoerrun:
	 Got Task from taskqueue
17:23:22.497 [ClientDoer] INFO  TanksCommon.Doer.ClientDoer - TanksCommon.Doer.ClientDoerrun:
	 Got envelope from communicator inputqueue
17:23:22.547 [ClientDoer] INFO  TanksCommon.Doer.ClientDoer - TanksCommon.Doer.ClientDoerrun:
	 Got envelope from communicator inputqueue
17:23:22.547 [ClientDoer] INFO  TanksCommon.Doer.ClientDoer - TanksCommon.Doer.ClientDoerrun:
	 Got Task from taskqueue
17:23:22.697 [ClientDoer] INFO  TanksCommon.Doer.ClientDoer - TanksCommon.Doer.ClientDoerrun:
	 Got Task from taskqueue
17:23:22.797 [ClientDoer] INFO  TanksCommon.Doer.ClientDoer - TanksCommon.Doer.ClientDoerrun:
	 Got envelope from communicator inputqueue
17:23:22.847 [ClientDoer] INFO  TanksCommon.Doer.ClientDoer - TanksCommon.Doer.ClientDoerrun:
	 Got envelope from communicator inputqueue
17:23:22.847 [ClientDoer] INFO  TanksCommon.Doer.ClientDoer - TanksCommon.Doer.ClientDoerrun:
	 Got Task from taskqueue
17:23:22.997 [ClientDoer] INFO  TanksCommon.Doer.ClientDoer - TanksCommon.Doer.ClientDoerrun:
	 Got Task from taskqueue
17:23:23.097 [ClientDoer] INFO  TanksCommon.Doer.ClientDoer - TanksCommon.Doer.ClientDoerrun:
	 Got envelope from communicator inputqueue
17:23:23.147 [ClientDoer] INFO  TanksCommon.Doer.ClientDoer - TanksCommon.Doer.ClientDoerrun:
	 Got envelope from communicator inputqueue
17:23:23.147 [ClientDoer] INFO  TanksCommon.Doer.ClientDoer - TanksCommon.Doer.ClientDoerrun:
	 Got Task from taskqueue
17:23:23.297 [ClientDoer] INFO  TanksCommon.Doer.ClientDoer - TanksCommon.Doer.ClientDoerrun:
	 Got Task from taskqueue
17:23:23.397 [ClientDoer] INFO  TanksCommon.Doer.ClientDoer - TanksCommon.Doer.ClientDoerrun:
	 Got envelope from communicator inputqueue
17:23:23.447 [ClientDoer] INFO  TanksCommon.Doer.ClientDoer - TanksCommon.Doer.ClientDoerrun:
	 Got envelope from communicator inputqueue
17:23:23.447 [ClientDoer] INFO  TanksCommon.Doer.ClientDoer - TanksCommon.Doer.ClientDoerrun:
	 Got Task from taskqueue
17:23:23.597 [ClientDoer] INFO  TanksCommon.Doer.ClientDoer - TanksCommon.Doer.ClientDoerrun:
	 Got Task from taskqueue
17:23:23.697 [ClientDoer] INFO  TanksCommon.Doer.ClientDoer - TanksCommon.Doer.ClientDoerrun:
	 Got envelope from communicator inputqueue
17:23:23.747 [ClientDoer] INFO  TanksCommon.Doer.ClientDoer - TanksCommon.Doer.ClientDoerrun:
	 Got envelope from communicator inputqueue
17:23:23.747 [ClientDoer] INFO  TanksCommon.Doer.ClientDoer - TanksCommon.Doer.ClientDoerrun:
	 Got Task from taskqueue
17:23:23.897 [ClientDoer] INFO  TanksCommon.Doer.ClientDoer - TanksCommon.Doer.ClientDoerrun:
	 Got Task from taskqueue
17:23:23.997 [ClientDoer] INFO  TanksCommon.Doer.ClientDoer - TanksCommon.Doer.ClientDoerrun:
	 Got envelope from communicator inputqueue
17:23:24.048 [ClientDoer] INFO  TanksCommon.Doer.ClientDoer - TanksCommon.Doer.ClientDoerrun:
	 Got envelope from communicator inputqueue
17:23:24.048 [ClientDoer] INFO  TanksCommon.Doer.ClientDoer - TanksCommon.Doer.ClientDoerrun:
	 Got Task from taskqueue
17:23:24.198 [ClientDoer] INFO  TanksCommon.Doer.ClientDoer - TanksCommon.Doer.ClientDoerrun:
	 Got Task from taskqueue
17:23:24.298 [ClientDoer] INFO  TanksCommon.Doer.ClientDoer - TanksCommon.Doer.ClientDoerrun:
	 Got envelope from communicator inputqueue
17:23:24.348 [ClientDoer] INFO  TanksCommon.Doer.ClientDoer - TanksCommon.Doer.ClientDoerrun:
	 Got envelope from communicator inputqueue
17:23:24.348 [ClientDoer] INFO  TanksCommon.Doer.ClientDoer - TanksCommon.Doer.ClientDoerrun:
	 Got Task from taskqueue
17:23:24.548 [ClientDoer] INFO  TanksCommon.Doer.ClientDoer - TanksCommon.Doer.ClientDoerrun:
	 Got Task from taskqueue
17:23:24.598 [ClientDoer] INFO  TanksCommon.Doer.ClientDoer - TanksCommon.Doer.ClientDoerrun:
	 Got envelope from communicator inputqueue
17:23:24.648 [ClientDoer] INFO  TanksCommon.Doer.ClientDoer - TanksCommon.Doer.ClientDoerrun:
	 Got Task from taskqueue
17:23:24.748 [ClientDoer] INFO  TanksCommon.Doer.ClientDoer - TanksCommon.Doer.ClientDoerrun:
	 Got envelope from communicator inputqueue
17:23:24.798 [ClientDoer] INFO  TanksCommon.Doer.ClientDoer - TanksCommon.Doer.ClientDoerrun:
	 Got envelope from communicator inputqueue
17:23:24.848 [ClientDoer] INFO  TanksCommon.Doer.ClientDoer - TanksCommon.Doer.ClientDoerrun:
	 Got Task from taskqueue
17:23:24.948 [ClientDoer] INFO  TanksCommon.Doer.ClientDoer - TanksCommon.Doer.ClientDoerrun:
	 Got Task from taskqueue
17:23:25.048 [ClientDoer] INFO  TanksCommon.Doer.ClientDoer - TanksCommon.Doer.ClientDoerrun:
	 Got envelope from communicator inputqueue
17:23:25.098 [ClientDoer] INFO  TanksCommon.Doer.ClientDoer - TanksCommon.Doer.ClientDoerrun:
	 Got envelope from communicator inputqueue
17:23:25.148 [ClientDoer] INFO  TanksCommon.Doer.ClientDoer - TanksCommon.Doer.ClientDoerrun:
	 Got Task from taskqueue
17:23:25.348 [ClientDoer] INFO  TanksCommon.Doer.ClientDoer - TanksCommon.Doer.ClientDoerrun:
	 Got envelope from communicator inputqueue
17:23:30.652 [ClientDoer] INFO  TanksCommon.Doer.ClientDoer - TanksCommon.Doer.ClientDoerrun:
	 Got Task from taskqueue
17:23:30.802 [ClientDoer] INFO  TanksCommon.Doer.ClientDoer - TanksCommon.Doer.ClientDoerrun:
	 Got Task from taskqueue
17:23:30.902 [ClientDoer] INFO  TanksCommon.Doer.ClientDoer - TanksCommon.Doer.ClientDoerrun:
	 Got envelope from communicator inputqueue
17:23:30.952 [ClientDoer] INFO  TanksCommon.Doer.ClientDoer - TanksCommon.Doer.ClientDoerrun:
	 Got envelope from communicator inputqueue
17:23:30.952 [ClientDoer] INFO  TanksCommon.Doer.ClientDoer - TanksCommon.Doer.ClientDoerrun:
	 Got Task from taskqueue
17:23:31.102 [ClientDoer] INFO  TanksCommon.Doer.ClientDoer - TanksCommon.Doer.ClientDoerrun:
	 Got Task from taskqueue
17:23:31.202 [ClientDoer] INFO  TanksCommon.Doer.ClientDoer - TanksCommon.Doer.ClientDoerrun:
	 Got envelope from communicator inputqueue
17:23:31.252 [ClientDoer] INFO  TanksCommon.Doer.ClientDoer - TanksCommon.Doer.ClientDoerrun:
	 Got envelope from communicator inputqueue
17:23:31.252 [ClientDoer] INFO  TanksCommon.Doer.ClientDoer - TanksCommon.Doer.ClientDoerrun:
	 Got Task from taskqueue
17:23:31.402 [ClientDoer] INFO  TanksCommon.Doer.ClientDoer - TanksCommon.Doer.ClientDoerrun:
	 Got Task from taskqueue
17:23:31.502 [ClientDoer] INFO  TanksCommon.Doer.ClientDoer - TanksCommon.Doer.ClientDoerrun:
	 Got envelope from communicator inputqueue
17:23:31.552 [ClientDoer] INFO  TanksCommon.Doer.ClientDoer - TanksCommon.Doer.ClientDoerrun:
	 Got envelope from communicator inputqueue
17:23:31.552 [ClientDoer] INFO  TanksCommon.Doer.ClientDoer - TanksCommon.Doer.ClientDoerrun:
	 Got Task from taskqueue
17:23:31.703 [ClientDoer] INFO  TanksCommon.Doer.ClientDoer - TanksCommon.Doer.ClientDoerrun:
	 Got Task from taskqueue
17:23:31.803 [ClientDoer] INFO  TanksCommon.Doer.ClientDoer - TanksCommon.Doer.ClientDoerrun:
	 Got envelope from communicator inputqueue
17:23:31.803 [ClientDoer] INFO  TanksCommon.Doer.ClientDoer - TanksCommon.Doer.ClientDoerrun:
	 Got Task from taskqueue
17:23:31.853 [ClientDoer] INFO  TanksCommon.Doer.ClientDoer - TanksCommon.Doer.ClientDoerrun:
	 Got envelope from communicator inputqueue
17:23:31.953 [ClientDoer] INFO  TanksCommon.Doer.ClientDoer - TanksCommon.Doer.ClientDoerrun:
	 Got Task from taskqueue
17:23:32.003 [ClientDoer] INFO  TanksCommon.Doer.ClientDoer - TanksCommon.Doer.ClientDoerrun:
	 Got envelope from communicator inputqueue
17:23:32.153 [ClientDoer] INFO  TanksCommon.Doer.ClientDoer - TanksCommon.Doer.ClientDoerrun:
	 Got envelope from communicator inputqueue
17:23:32.153 [ClientDoer] INFO  TanksCommon.Doer.ClientDoer - TanksCommon.Doer.ClientDoerrun:
	 Got Task from taskqueue
17:23:32.303 [ClientDoer] INFO  TanksCommon.Doer.ClientDoer - TanksCommon.Doer.ClientDoerrun:
	 Got Task from taskqueue
17:23:32.403 [ClientDoer] INFO  TanksCommon.Doer.ClientDoer - TanksCommon.Doer.ClientDoerrun:
	 Got envelope from communicator inputqueue
17:23:32.453 [ClientDoer] INFO  TanksCommon.Doer.ClientDoer - TanksCommon.Doer.ClientDoerrun:
	 Got envelope from communicator inputqueue
17:23:32.553 [ClientDoer] INFO  TanksCommon.Doer.ClientDoer - TanksCommon.Doer.ClientDoerrun:
	 Got Task from taskqueue
17:23:32.703 [ClientDoer] INFO  TanksCommon.Doer.ClientDoer - TanksCommon.Doer.ClientDoerrun:
	 Got Task from taskqueue
17:23:32.803 [ClientDoer] INFO  TanksCommon.Doer.ClientDoer - TanksCommon.Doer.ClientDoerrun:
	 Got envelope from communicator inputqueue
17:23:32.853 [ClientDoer] INFO  TanksCommon.Doer.ClientDoer - TanksCommon.Doer.ClientDoerrun:
	 Got envelope from communicator inputqueue
17:23:32.853 [ClientDoer] INFO  TanksCommon.Doer.ClientDoer - TanksCommon.Doer.ClientDoerrun:
	 Got Task from taskqueue
17:23:33.003 [ClientDoer] INFO  TanksCommon.Doer.ClientDoer - TanksCommon.Doer.ClientDoerrun:
	 Got Task from taskqueue
17:23:33.103 [ClientDoer] INFO  TanksCommon.Doer.ClientDoer - TanksCommon.Doer.ClientDoerrun:
	 Got envelope from communicator inputqueue
17:23:33.154 [ClientDoer] INFO  TanksCommon.Doer.ClientDoer - TanksCommon.Doer.ClientDoerrun:
	 Got envelope from communicator inputqueue
17:23:33.154 [ClientDoer] INFO  TanksCommon.Doer.ClientDoer - TanksCommon.Doer.ClientDoerrun:
	 Got Task from taskqueue
17:23:33.304 [ClientDoer] INFO  TanksCommon.Doer.ClientDoer - TanksCommon.Doer.ClientDoerrun:
	 Got Task from taskqueue
17:23:33.404 [ClientDoer] INFO  TanksCommon.Doer.ClientDoer - TanksCommon.Doer.ClientDoerrun:
	 Got envelope from communicator inputqueue
17:23:33.454 [ClientDoer] INFO  TanksCommon.Doer.ClientDoer - TanksCommon.Doer.ClientDoerrun:
	 Got envelope from communicator inputqueue
17:23:33.454 [ClientDoer] INFO  TanksCommon.Doer.ClientDoer - TanksCommon.Doer.ClientDoerrun:
	 Got Task from taskqueue
17:23:33.604 [ClientDoer] INFO  TanksCommon.Doer.ClientDoer - TanksCommon.Doer.ClientDoerrun:
	 Got Task from taskqueue
17:23:33.704 [ClientDoer] INFO  TanksCommon.Doer.ClientDoer - TanksCommon.Doer.ClientDoerrun:
	 Got envelope from communicator inputqueue
17:23:33.754 [ClientDoer] INFO  TanksCommon.Doer.ClientDoer - TanksCommon.Doer.ClientDoerrun:
	 Got envelope from communicator inputqueue
17:23:33.804 [ClientDoer] INFO  TanksCommon.Doer.ClientDoer - TanksCommon.Doer.ClientDoerrun:
	 Got Task from taskqueue
17:23:33.954 [ClientDoer] INFO  TanksCommon.Doer.ClientDoer - TanksCommon.Doer.ClientDoerrun:
	 Got Task from taskqueue
17:23:34.004 [ClientDoer] INFO  TanksCommon.Doer.ClientDoer - TanksCommon.Doer.ClientDoerrun:
	 Got envelope from communicator inputqueue
17:23:34.054 [ClientDoer] INFO  TanksCommon.Doer.ClientDoer - TanksCommon.Doer.ClientDoerrun:
	 Got Task from taskqueue
17:23:34.154 [ClientDoer] INFO  TanksCommon.Doer.ClientDoer - TanksCommon.Doer.ClientDoerrun:
	 Got envelope from communicator inputqueue
17:23:34.204 [ClientDoer] INFO  TanksCommon.Doer.ClientDoer - TanksCommon.Doer.ClientDoerrun:
	 Got envelope from communicator inputqueue
17:23:34.204 [ClientDoer] INFO  TanksCommon.Doer.ClientDoer - TanksCommon.Doer.ClientDoerrun:
	 Got Task from taskqueue
17:23:34.354 [ClientDoer] INFO  TanksCommon.Doer.ClientDoer - TanksCommon.Doer.ClientDoerrun:
	 Got Task from taskqueue
17:23:34.454 [ClientDoer] INFO  TanksCommon.Doer.ClientDoer - TanksCommon.Doer.ClientDoerrun:
	 Got envelope from communicator inputqueue
17:23:34.504 [ClientDoer] INFO  TanksCommon.Doer.ClientDoer - TanksCommon.Doer.ClientDoerrun:
	 Got envelope from communicator inputqueue
17:23:34.554 [ClientDoer] INFO  TanksCommon.Doer.ClientDoer - TanksCommon.Doer.ClientDoerrun:
	 Got Task from taskqueue
17:23:34.654 [ClientDoer] INFO  TanksCommon.Doer.ClientDoer - TanksCommon.Doer.ClientDoerrun:
	 Got Task from taskqueue
17:23:34.755 [ClientDoer] INFO  TanksCommon.Doer.ClientDoer - TanksCommon.Doer.ClientDoerrun:
	 Got envelope from communicator inputqueue
17:23:34.805 [ClientDoer] INFO  TanksCommon.Doer.ClientDoer - TanksCommon.Doer.ClientDoerrun:
	 Got envelope from communicator inputqueue
17:23:34.805 [ClientDoer] INFO  TanksCommon.Doer.ClientDoer - TanksCommon.Doer.ClientDoerrun:
	 Got Task from taskqueue
17:23:35.005 [ClientDoer] INFO  TanksCommon.Doer.ClientDoer - TanksCommon.Doer.ClientDoerrun:
	 Got Task from taskqueue
17:23:35.055 [ClientDoer] INFO  TanksCommon.Doer.ClientDoer - TanksCommon.Doer.ClientDoerrun:
	 Got envelope from communicator inputqueue
17:23:35.105 [ClientDoer] INFO  TanksCommon.Doer.ClientDoer - TanksCommon.Doer.ClientDoerrun:
	 Got Task from taskqueue
17:23:35.205 [ClientDoer] INFO  TanksCommon.Doer.ClientDoer - TanksCommon.Doer.ClientDoerrun:
	 Got envelope from communicator inputqueue
17:23:35.255 [ClientDoer] INFO  TanksCommon.Doer.ClientDoer - TanksCommon.Doer.ClientDoerrun:
	 Got envelope from communicator inputqueue
17:23:35.305 [ClientDoer] INFO  TanksCommon.Doer.ClientDoer - TanksCommon.Doer.ClientDoerrun:
	 Got Task from taskqueue
17:23:35.455 [ClientDoer] INFO  TanksCommon.Doer.ClientDoer - TanksCommon.Doer.ClientDoerrun:
	 Got Task from taskqueue
17:23:35.505 [ClientDoer] INFO  TanksCommon.Doer.ClientDoer - TanksCommon.Doer.ClientDoerrun:
	 Got envelope from communicator inputqueue
17:23:35.605 [ClientDoer] INFO  TanksCommon.Doer.ClientDoer - TanksCommon.Doer.ClientDoerrun:
	 Got Task from taskqueue
17:23:35.655 [ClientDoer] INFO  TanksCommon.Doer.ClientDoer - TanksCommon.Doer.ClientDoerrun:
	 Got envelope from communicator inputqueue
17:23:35.755 [ClientDoer] INFO  TanksCommon.Doer.ClientDoer - TanksCommon.Doer.ClientDoerrun:
	 Got Task from taskqueue
17:23:35.805 [ClientDoer] INFO  TanksCommon.Doer.ClientDoer - TanksCommon.Doer.ClientDoerrun:
	 Got envelope from communicator inputqueue
17:23:35.905 [ClientDoer] INFO  TanksCommon.Doer.ClientDoer - TanksCommon.Doer.ClientDoerrun:
	 Got Task from taskqueue
17:23:35.955 [ClientDoer] INFO  TanksCommon.Doer.ClientDoer - TanksCommon.Doer.ClientDoerrun:
	 Got envelope from communicator inputqueue
17:23:36.055 [ClientDoer] INFO  TanksCommon.Doer.ClientDoer - TanksCommon.Doer.ClientDoerrun:
	 Got Task from taskqueue
17:23:36.105 [ClientDoer] INFO  TanksCommon.Doer.ClientDoer - TanksCommon.Doer.ClientDoerrun:
	 Got envelope from communicator inputqueue
17:23:36.155 [ClientDoer] INFO  TanksCommon.Doer.ClientDoer - TanksCommon.Doer.ClientDoerrun:
	 Got Task from taskqueue
17:23:36.256 [ClientDoer] INFO  TanksCommon.Doer.ClientDoer - TanksCommon.Doer.ClientDoerrun:
	 Got envelope from communicator inputqueue
17:23:36.306 [ClientDoer] INFO  TanksCommon.Doer.ClientDoer - TanksCommon.Doer.ClientDoerrun:
	 Got envelope from communicator inputqueue
17:23:36.306 [ClientDoer] INFO  TanksCommon.Doer.ClientDoer - TanksCommon.Doer.ClientDoerrun:
	 Got Task from taskqueue
17:23:36.456 [ClientDoer] INFO  TanksCommon.Doer.ClientDoer - TanksCommon.Doer.ClientDoerrun:
	 Got Task from taskqueue
17:23:36.556 [ClientDoer] INFO  TanksCommon.Doer.ClientDoer - TanksCommon.Doer.ClientDoerrun:
	 Got envelope from communicator inputqueue
17:23:36.606 [ClientDoer] INFO  TanksCommon.Doer.ClientDoer - TanksCommon.Doer.ClientDoerrun:
	 Got envelope from communicator inputqueue
17:23:36.606 [ClientDoer] INFO  TanksCommon.Doer.ClientDoer - TanksCommon.Doer.ClientDoerrun:
	 Got Task from taskqueue
17:23:36.756 [ClientDoer] INFO  TanksCommon.Doer.ClientDoer - TanksCommon.Doer.ClientDoerrun:
	 Got Task from taskqueue
17:23:36.856 [ClientDoer] INFO  TanksCommon.Doer.ClientDoer - TanksCommon.Doer.ClientDoerrun:
	 Got envelope from communicator inputqueue
17:23:36.906 [ClientDoer] INFO  TanksCommon.Doer.ClientDoer - TanksCommon.Doer.ClientDoerrun:
	 Got envelope from communicator inputqueue
17:23:36.906 [ClientDoer] INFO  TanksCommon.Doer.ClientDoer - TanksCommon.Doer.ClientDoerrun:
	 Got Task from taskqueue
17:23:37.106 [ClientDoer] INFO  TanksCommon.Doer.ClientDoer - TanksCommon.Doer.ClientDoerrun:
	 Got Task from taskqueue
17:23:37.156 [ClientDoer] INFO  TanksCommon.Doer.ClientDoer - TanksCommon.Doer.ClientDoerrun:
	 Got envelope from communicator inputqueue
17:23:37.256 [ClientDoer] INFO  TanksCommon.Doer.ClientDoer - TanksCommon.Doer.ClientDoerrun:
	 Got Task from taskqueue
17:23:37.306 [ClientDoer] INFO  TanksCommon.Doer.ClientDoer - TanksCommon.Doer.ClientDoerrun:
	 Got envelope from communicator inputqueue
17:23:37.406 [ClientDoer] INFO  TanksCommon.Doer.ClientDoer - TanksCommon.Doer.ClientDoerrun:
	 Got Task from taskqueue
17:23:37.456 [ClientDoer] INFO  TanksCommon.Doer.ClientDoer - TanksCommon.Doer.ClientDoerrun:
	 Got envelope from communicator inputqueue
17:23:37.556 [ClientDoer] INFO  TanksCommon.Doer.ClientDoer - TanksCommon.Doer.ClientDoerrun:
	 Got Task from taskqueue
17:23:37.606 [ClientDoer] INFO  TanksCommon.Doer.ClientDoer - TanksCommon.Doer.ClientDoerrun:
	 Got envelope from communicator inputqueue
17:23:37.707 [ClientDoer] INFO  TanksCommon.Doer.ClientDoer - TanksCommon.Doer.ClientDoerrun:
	 Got Task from taskqueue
17:23:37.757 [ClientDoer] INFO  TanksCommon.Doer.ClientDoer - TanksCommon.Doer.ClientDoerrun:
	 Got envelope from communicator inputqueue
17:23:37.857 [ClientDoer] INFO  TanksCommon.Doer.ClientDoer - TanksCommon.Doer.ClientDoerrun:
	 Got Task from taskqueue
17:23:37.907 [ClientDoer] INFO  TanksCommon.Doer.ClientDoer - TanksCommon.Doer.ClientDoerrun:
	 Got envelope from communicator inputqueue
17:23:38.007 [ClientDoer] INFO  TanksCommon.Doer.ClientDoer - TanksCommon.Doer.ClientDoerrun:
	 Got Task from taskqueue
17:23:38.057 [ClientDoer] INFO  TanksCommon.Doer.ClientDoer - TanksCommon.Doer.ClientDoerrun:
	 Got envelope from communicator inputqueue
17:23:38.207 [ClientDoer] INFO  TanksCommon.Doer.ClientDoer - TanksCommon.Doer.ClientDoerrun:
	 Got envelope from communicator inputqueue
17:24:02.891 [JavaFX Application Thread] INFO  TanksCommon.Doer.ClientDoer - BackgroundThread Stop:
	 Stopping Thread
17:24:03.892 [JavaFX Application Thread] INFO  TanksCommon.Doer.ClientDoer - BackgroundThread Stop:
	 Thread Stopped
