16:50:15.236 [JavaFX Application Thread] INFO  TanksCommon.Communicator1 - Communicator initializeSocket:
	 Socket initialized
16:50:15.238 [JavaFX Application Thread] INFO  TanksCommon.Communicator1 - BackgroundThread Start: 
	Thread Started
16:50:21.093 [Communicator] INFO  TanksCommon.Communicator1 - Communicator run:
	 outputQueue not empty, trying to send the message
16:50:21.094 [Communicator] INFO  TanksCommon.Communicator1 - Communicator sendMessage
	 Starting to try to send message of length: 58
16:50:21.094 [Communicator] INFO  TanksCommon.Communicator1 - Communicator sendMessage
	 Sent successfully length: 58
16:51:13.528 [Communicator] INFO  TanksCommon.Communicator1 - Communicator run:
	 outputQueue not empty, trying to send the message
16:51:13.528 [Communicator] INFO  TanksCommon.Communicator1 - Communicator sendMessage
	 Starting to try to send message of length: 54
16:51:13.528 [Communicator] INFO  TanksCommon.Communicator1 - Communicator sendMessage
	 Sent successfully length: 54
16:51:13.929 [Communicator] INFO  TanksCommon.Communicator1 - Communicator run:
	 outputQueue not empty, trying to send the message
16:51:13.929 [Communicator] INFO  TanksCommon.Communicator1 - Communicator sendMessage
	 Starting to try to send message of length: 54
16:51:13.929 [Communicator] INFO  TanksCommon.Communicator1 - Communicator sendMessage
	 Sent successfully length: 54
16:51:14.029 [Communicator] INFO  TanksCommon.Communicator1 - Communicator run:
	 outputQueue not empty, trying to send the message
16:51:14.029 [Communicator] INFO  TanksCommon.Communicator1 - Communicator sendMessage
	 Starting to try to send message of length: 54
16:51:14.029 [Communicator] INFO  TanksCommon.Communicator1 - Communicator sendMessage
	 Sent successfully length: 54
16:51:15.307 [JavaFX Application Thread] INFO  TanksCommon.Communicator1 - BackgroundThread Stop:
	 Stopping Thread
16:51:16.307 [JavaFX Application Thread] INFO  TanksCommon.Communicator1 - BackgroundThread Stop:
	 Thread Stopped
