21:54:57.819 [JavaFX Application Thread] INFO  TanksCommon.Communicator1 - Communicator initializeSocket:
	 Socket initialized
21:54:57.820 [JavaFX Application Thread] INFO  TanksCommon.Communicator1 - BackgroundThread Start: 
	Thread Started
21:55:05.777 [Communicator] INFO  TanksCommon.Communicator1 - Communicator run:
	 outputQueue not empty, trying to send the message
21:55:05.778 [Communicator] INFO  TanksCommon.Communicator1 - Communicator sendMessage
	 Starting to try to send message of length: 70
21:55:05.778 [Communicator] INFO  TanksCommon.Communicator1 - Communicator sendMessage
	 Sent successfully length: 70
21:55:05.932 [Communicator] INFO  TanksCommon.Communicator1 - Communicator run:
	 adding envelope to inputQueue
21:58:46.379 [Communicator] INFO  TanksCommon.Communicator1 - Communicator run:
	 outputQueue not empty, trying to send the message
21:58:46.379 [Communicator] INFO  TanksCommon.Communicator1 - Communicator sendMessage
	 Starting to try to send message of length: 54
21:58:46.379 [Communicator] INFO  TanksCommon.Communicator1 - Communicator sendMessage
	 Sent successfully length: 54
21:58:46.529 [Communicator] INFO  TanksCommon.Communicator1 - Communicator run:
	 adding envelope to inputQueue
21:58:54.434 [Communicator] INFO  TanksCommon.Communicator1 - Communicator run:
	 outputQueue not empty, trying to send the message
21:58:54.434 [Communicator] INFO  TanksCommon.Communicator1 - Communicator sendMessage
	 Starting to try to send message of length: 54
21:58:54.434 [Communicator] INFO  TanksCommon.Communicator1 - Communicator sendMessage
	 Sent successfully length: 54
21:58:54.584 [Communicator] INFO  TanksCommon.Communicator1 - Communicator run:
	 adding envelope to inputQueue
21:58:55.985 [Communicator] INFO  TanksCommon.Communicator1 - Communicator run:
	 outputQueue not empty, trying to send the message
21:58:55.985 [Communicator] INFO  TanksCommon.Communicator1 - Communicator sendMessage
	 Starting to try to send message of length: 54
21:58:55.985 [Communicator] INFO  TanksCommon.Communicator1 - Communicator sendMessage
	 Sent successfully length: 54
21:58:56.135 [Communicator] INFO  TanksCommon.Communicator1 - Communicator run:
	 adding envelope to inputQueue
21:58:56.635 [Communicator] INFO  TanksCommon.Communicator1 - Communicator run:
	 outputQueue not empty, trying to send the message
21:58:56.635 [Communicator] INFO  TanksCommon.Communicator1 - Communicator sendMessage
	 Starting to try to send message of length: 54
21:58:56.635 [Communicator] INFO  TanksCommon.Communicator1 - Communicator sendMessage
	 Sent successfully length: 54
21:58:56.786 [Communicator] INFO  TanksCommon.Communicator1 - Communicator run:
	 adding envelope to inputQueue
21:58:57.386 [Communicator] INFO  TanksCommon.Communicator1 - Communicator run:
	 outputQueue not empty, trying to send the message
21:58:57.386 [Communicator] INFO  TanksCommon.Communicator1 - Communicator sendMessage
	 Starting to try to send message of length: 54
21:58:57.386 [Communicator] INFO  TanksCommon.Communicator1 - Communicator sendMessage
	 Sent successfully length: 54
21:58:57.536 [Communicator] INFO  TanksCommon.Communicator1 - Communicator run:
	 adding envelope to inputQueue
21:58:58.136 [Communicator] INFO  TanksCommon.Communicator1 - Communicator run:
	 outputQueue not empty, trying to send the message
21:58:58.136 [Communicator] INFO  TanksCommon.Communicator1 - Communicator sendMessage
	 Starting to try to send message of length: 54
21:58:58.136 [Communicator] INFO  TanksCommon.Communicator1 - Communicator sendMessage
	 Sent successfully length: 54
21:58:58.286 [Communicator] INFO  TanksCommon.Communicator1 - Communicator run:
	 adding envelope to inputQueue
21:58:58.687 [Communicator] INFO  TanksCommon.Communicator1 - Communicator run:
	 outputQueue not empty, trying to send the message
21:58:58.687 [Communicator] INFO  TanksCommon.Communicator1 - Communicator sendMessage
	 Starting to try to send message of length: 54
21:58:58.687 [Communicator] INFO  TanksCommon.Communicator1 - Communicator sendMessage
	 Sent successfully length: 54
21:58:58.837 [Communicator] INFO  TanksCommon.Communicator1 - Communicator run:
	 adding envelope to inputQueue
21:58:59.437 [Communicator] INFO  TanksCommon.Communicator1 - Communicator run:
	 outputQueue not empty, trying to send the message
21:58:59.437 [Communicator] INFO  TanksCommon.Communicator1 - Communicator sendMessage
	 Starting to try to send message of length: 54
21:58:59.437 [Communicator] INFO  TanksCommon.Communicator1 - Communicator sendMessage
	 Sent successfully length: 54
21:58:59.587 [Communicator] INFO  TanksCommon.Communicator1 - Communicator run:
	 adding envelope to inputQueue
21:58:59.988 [Communicator] INFO  TanksCommon.Communicator1 - Communicator run:
	 outputQueue not empty, trying to send the message
21:58:59.988 [Communicator] INFO  TanksCommon.Communicator1 - Communicator sendMessage
	 Starting to try to send message of length: 54
21:58:59.988 [Communicator] INFO  TanksCommon.Communicator1 - Communicator sendMessage
	 Sent successfully length: 54
21:59:00.138 [Communicator] INFO  TanksCommon.Communicator1 - Communicator run:
	 adding envelope to inputQueue
21:59:00.538 [Communicator] INFO  TanksCommon.Communicator1 - Communicator run:
	 outputQueue not empty, trying to send the message
21:59:00.538 [Communicator] INFO  TanksCommon.Communicator1 - Communicator sendMessage
	 Starting to try to send message of length: 54
21:59:00.538 [Communicator] INFO  TanksCommon.Communicator1 - Communicator sendMessage
	 Sent successfully length: 54
21:59:00.688 [Communicator] INFO  TanksCommon.Communicator1 - Communicator run:
	 adding envelope to inputQueue
21:59:00.688 [Communicator] INFO  TanksCommon.Communicator1 - Communicator run:
	 outputQueue not empty, trying to send the message
21:59:00.688 [Communicator] INFO  TanksCommon.Communicator1 - Communicator sendMessage
	 Starting to try to send message of length: 54
21:59:00.688 [Communicator] INFO  TanksCommon.Communicator1 - Communicator sendMessage
	 Sent successfully length: 54
21:59:00.838 [Communicator] INFO  TanksCommon.Communicator1 - Communicator run:
	 adding envelope to inputQueue
21:59:00.838 [Communicator] INFO  TanksCommon.Communicator1 - Communicator run:
	 outputQueue not empty, trying to send the message
21:59:00.838 [Communicator] INFO  TanksCommon.Communicator1 - Communicator sendMessage
	 Starting to try to send message of length: 54
21:59:00.838 [Communicator] INFO  TanksCommon.Communicator1 - Communicator sendMessage
	 Sent successfully length: 54
21:59:00.988 [Communicator] INFO  TanksCommon.Communicator1 - Communicator run:
	 adding envelope to inputQueue
21:59:00.988 [Communicator] INFO  TanksCommon.Communicator1 - Communicator run:
	 outputQueue not empty, trying to send the message
21:59:00.988 [Communicator] INFO  TanksCommon.Communicator1 - Communicator sendMessage
	 Starting to try to send message of length: 54
21:59:00.988 [Communicator] INFO  TanksCommon.Communicator1 - Communicator sendMessage
	 Sent successfully length: 54
21:59:01.138 [Communicator] INFO  TanksCommon.Communicator1 - Communicator run:
	 adding envelope to inputQueue
21:59:01.238 [Communicator] INFO  TanksCommon.Communicator1 - Communicator run:
	 outputQueue not empty, trying to send the message
21:59:01.238 [Communicator] INFO  TanksCommon.Communicator1 - Communicator sendMessage
	 Starting to try to send message of length: 54
21:59:01.238 [Communicator] INFO  TanksCommon.Communicator1 - Communicator sendMessage
	 Sent successfully length: 54
21:59:01.389 [Communicator] INFO  TanksCommon.Communicator1 - Communicator run:
	 adding envelope to inputQueue
21:59:01.389 [Communicator] INFO  TanksCommon.Communicator1 - Communicator run:
	 outputQueue not empty, trying to send the message
21:59:01.389 [Communicator] INFO  TanksCommon.Communicator1 - Communicator sendMessage
	 Starting to try to send message of length: 54
21:59:01.389 [Communicator] INFO  TanksCommon.Communicator1 - Communicator sendMessage
	 Sent successfully length: 54
21:59:01.539 [Communicator] INFO  TanksCommon.Communicator1 - Communicator run:
	 adding envelope to inputQueue
21:59:01.539 [Communicator] INFO  TanksCommon.Communicator1 - Communicator run:
	 outputQueue not empty, trying to send the message
21:59:01.539 [Communicator] INFO  TanksCommon.Communicator1 - Communicator sendMessage
	 Starting to try to send message of length: 54
21:59:01.539 [Communicator] INFO  TanksCommon.Communicator1 - Communicator sendMessage
	 Sent successfully length: 54
21:59:01.689 [Communicator] INFO  TanksCommon.Communicator1 - Communicator run:
	 adding envelope to inputQueue
21:59:01.689 [Communicator] INFO  TanksCommon.Communicator1 - Communicator run:
	 outputQueue not empty, trying to send the message
21:59:01.689 [Communicator] INFO  TanksCommon.Communicator1 - Communicator sendMessage
	 Starting to try to send message of length: 54
21:59:01.689 [Communicator] INFO  TanksCommon.Communicator1 - Communicator sendMessage
	 Sent successfully length: 54
21:59:01.839 [Communicator] INFO  TanksCommon.Communicator1 - Communicator run:
	 adding envelope to inputQueue
21:59:06.566 [JavaFX Application Thread] INFO  TanksCommon.Communicator1 - BackgroundThread Stop:
	 Stopping Thread
21:59:07.567 [JavaFX Application Thread] INFO  TanksCommon.Communicator1 - BackgroundThread Stop:
	 Thread Stopped
