16:11:44.298 [JavaFX Application Thread] DEBUG tanks.TanksUIController - setupPropertiesReader
	properties reader setup correctly
16:11:44.302 [JavaFX Application Thread] DEBUG tanks.TanksUIController - readServerAddresses
	server addresses read correctly
16:11:44.302 [JavaFX Application Thread] DEBUG tanks.TanksUIController - createBackgroundTasks
	creating background tasks
16:11:44.305 [JavaFX Application Thread] INFO  tanks.ClientDoer - BackgroundThread Start: 
	Thread Started
16:11:44.305 [ClientDoer] DEBUG tanks.ClientDoer - tanks.ClientDoerrun:
	 at beginning of run
16:11:44.305 [ClientDoer] TRACE tanks.ClientDoer - Communicator sleepWorker:
	 sleeping worker
16:11:44.355 [ClientDoer] DEBUG tanks.ClientDoer - tanks.ClientDoerrun:
	 at beginning of run
16:11:44.355 [ClientDoer] TRACE tanks.ClientDoer - Communicator sleepWorker:
	 sleeping worker
16:11:44.405 [ClientDoer] DEBUG tanks.ClientDoer - tanks.ClientDoerrun:
	 at beginning of run
16:11:44.405 [ClientDoer] TRACE tanks.ClientDoer - Communicator sleepWorker:
	 sleeping worker
16:11:44.455 [ClientDoer] DEBUG tanks.ClientDoer - tanks.ClientDoerrun:
	 at beginning of run
16:11:44.455 [ClientDoer] TRACE tanks.ClientDoer - Communicator sleepWorker:
	 sleeping worker
16:11:44.505 [ClientDoer] DEBUG tanks.ClientDoer - tanks.ClientDoerrun:
	 at beginning of run
16:11:44.505 [ClientDoer] TRACE tanks.ClientDoer - Communicator sleepWorker:
	 sleeping worker
16:11:44.555 [ClientDoer] DEBUG tanks.ClientDoer - tanks.ClientDoerrun:
	 at beginning of run
16:11:44.555 [ClientDoer] TRACE tanks.ClientDoer - Communicator sleepWorker:
	 sleeping worker
16:11:44.605 [ClientDoer] DEBUG tanks.ClientDoer - tanks.ClientDoerrun:
	 at beginning of run
16:11:44.605 [ClientDoer] TRACE tanks.ClientDoer - Communicator sleepWorker:
	 sleeping worker
16:11:44.655 [ClientDoer] DEBUG tanks.ClientDoer - tanks.ClientDoerrun:
	 at beginning of run
16:11:44.655 [ClientDoer] TRACE tanks.ClientDoer - Communicator sleepWorker:
	 sleeping worker
16:11:44.705 [ClientDoer] DEBUG tanks.ClientDoer - tanks.ClientDoerrun:
	 at beginning of run
16:11:44.705 [ClientDoer] TRACE tanks.ClientDoer - Communicator sleepWorker:
	 sleeping worker
16:11:44.755 [ClientDoer] DEBUG tanks.ClientDoer - tanks.ClientDoerrun:
	 at beginning of run
16:11:44.755 [ClientDoer] TRACE tanks.ClientDoer - Communicator sleepWorker:
	 sleeping worker
16:11:44.805 [ClientDoer] DEBUG tanks.ClientDoer - tanks.ClientDoerrun:
	 at beginning of run
16:11:44.805 [ClientDoer] TRACE tanks.ClientDoer - Communicator sleepWorker:
	 sleeping worker
16:11:44.855 [ClientDoer] DEBUG tanks.ClientDoer - tanks.ClientDoerrun:
	 at beginning of run
16:11:44.855 [ClientDoer] TRACE tanks.ClientDoer - Communicator sleepWorker:
	 sleeping worker
16:11:44.905 [ClientDoer] DEBUG tanks.ClientDoer - tanks.ClientDoerrun:
	 at beginning of run
16:11:44.905 [ClientDoer] TRACE tanks.ClientDoer - Communicator sleepWorker:
	 sleeping worker
16:11:44.955 [ClientDoer] DEBUG tanks.ClientDoer - tanks.ClientDoerrun:
	 at beginning of run
16:11:44.955 [ClientDoer] TRACE tanks.ClientDoer - Communicator sleepWorker:
	 sleeping worker
16:11:45.005 [ClientDoer] DEBUG tanks.ClientDoer - tanks.ClientDoerrun:
	 at beginning of run
16:11:45.005 [ClientDoer] TRACE tanks.ClientDoer - Communicator sleepWorker:
	 sleeping worker
16:11:45.055 [ClientDoer] DEBUG tanks.ClientDoer - tanks.ClientDoerrun:
	 at beginning of run
16:11:45.055 [ClientDoer] TRACE tanks.ClientDoer - Communicator sleepWorker:
	 sleeping worker
16:11:45.105 [ClientDoer] DEBUG tanks.ClientDoer - tanks.ClientDoerrun:
	 at beginning of run
16:11:45.105 [ClientDoer] TRACE tanks.ClientDoer - Communicator sleepWorker:
	 sleeping worker
16:11:45.155 [ClientDoer] DEBUG tanks.ClientDoer - tanks.ClientDoerrun:
	 at beginning of run
16:11:45.155 [ClientDoer] TRACE tanks.ClientDoer - Communicator sleepWorker:
	 sleeping worker
16:11:45.206 [ClientDoer] DEBUG tanks.ClientDoer - tanks.ClientDoerrun:
	 at beginning of run
16:11:45.206 [ClientDoer] TRACE tanks.ClientDoer - Communicator sleepWorker:
	 sleeping worker
16:11:45.256 [ClientDoer] DEBUG tanks.ClientDoer - tanks.ClientDoerrun:
	 at beginning of run
16:11:45.256 [ClientDoer] TRACE tanks.ClientDoer - Communicator sleepWorker:
	 sleeping worker
16:11:45.306 [ClientDoer] DEBUG tanks.ClientDoer - tanks.ClientDoerrun:
	 at beginning of run
16:11:45.306 [ClientDoer] TRACE tanks.ClientDoer - Communicator sleepWorker:
	 sleeping worker
16:11:45.356 [ClientDoer] DEBUG tanks.ClientDoer - tanks.ClientDoerrun:
	 at beginning of run
16:11:45.356 [ClientDoer] TRACE tanks.ClientDoer - Communicator sleepWorker:
	 sleeping worker
16:11:45.406 [ClientDoer] DEBUG tanks.ClientDoer - tanks.ClientDoerrun:
	 at beginning of run
16:11:45.406 [ClientDoer] TRACE tanks.ClientDoer - Communicator sleepWorker:
	 sleeping worker
16:11:45.456 [ClientDoer] DEBUG tanks.ClientDoer - tanks.ClientDoerrun:
	 at beginning of run
16:11:45.456 [ClientDoer] TRACE tanks.ClientDoer - Communicator sleepWorker:
	 sleeping worker
16:11:45.506 [ClientDoer] DEBUG tanks.ClientDoer - tanks.ClientDoerrun:
	 at beginning of run
16:11:45.506 [ClientDoer] TRACE tanks.ClientDoer - Communicator sleepWorker:
	 sleeping worker
16:11:45.556 [ClientDoer] DEBUG tanks.ClientDoer - tanks.ClientDoerrun:
	 at beginning of run
16:11:45.556 [ClientDoer] TRACE tanks.ClientDoer - Communicator sleepWorker:
	 sleeping worker
16:11:45.606 [ClientDoer] DEBUG tanks.ClientDoer - tanks.ClientDoerrun:
	 at beginning of run
16:11:45.606 [ClientDoer] TRACE tanks.ClientDoer - Communicator sleepWorker:
	 sleeping worker
16:11:45.656 [ClientDoer] DEBUG tanks.ClientDoer - tanks.ClientDoerrun:
	 at beginning of run
16:11:45.656 [ClientDoer] TRACE tanks.ClientDoer - Communicator sleepWorker:
	 sleeping worker
16:11:45.706 [ClientDoer] DEBUG tanks.ClientDoer - tanks.ClientDoerrun:
	 at beginning of run
16:11:45.706 [ClientDoer] TRACE tanks.ClientDoer - Communicator sleepWorker:
	 sleeping worker
16:11:45.756 [ClientDoer] DEBUG tanks.ClientDoer - tanks.ClientDoerrun:
	 at beginning of run
16:11:45.756 [ClientDoer] TRACE tanks.ClientDoer - Communicator sleepWorker:
	 sleeping worker
16:11:45.806 [ClientDoer] DEBUG tanks.ClientDoer - tanks.ClientDoerrun:
	 at beginning of run
16:11:45.806 [ClientDoer] TRACE tanks.ClientDoer - Communicator sleepWorker:
	 sleeping worker
16:11:45.856 [ClientDoer] DEBUG tanks.ClientDoer - tanks.ClientDoerrun:
	 at beginning of run
16:11:45.856 [ClientDoer] TRACE tanks.ClientDoer - Communicator sleepWorker:
	 sleeping worker
16:11:45.906 [ClientDoer] DEBUG tanks.ClientDoer - tanks.ClientDoerrun:
	 at beginning of run
16:11:45.906 [ClientDoer] TRACE tanks.ClientDoer - Communicator sleepWorker:
	 sleeping worker
16:11:45.956 [ClientDoer] DEBUG tanks.ClientDoer - tanks.ClientDoerrun:
	 at beginning of run
16:11:45.956 [ClientDoer] TRACE tanks.ClientDoer - Communicator sleepWorker:
	 sleeping worker
16:11:46.006 [ClientDoer] DEBUG tanks.ClientDoer - tanks.ClientDoerrun:
	 at beginning of run
16:11:46.006 [ClientDoer] TRACE tanks.ClientDoer - Communicator sleepWorker:
	 sleeping worker
16:11:46.056 [ClientDoer] DEBUG tanks.ClientDoer - tanks.ClientDoerrun:
	 at beginning of run
16:11:46.056 [ClientDoer] TRACE tanks.ClientDoer - Communicator sleepWorker:
	 sleeping worker
16:11:46.106 [ClientDoer] DEBUG tanks.ClientDoer - tanks.ClientDoerrun:
	 at beginning of run
16:11:46.106 [ClientDoer] TRACE tanks.ClientDoer - Communicator sleepWorker:
	 sleeping worker
16:11:46.156 [ClientDoer] DEBUG tanks.ClientDoer - tanks.ClientDoerrun:
	 at beginning of run
16:11:46.156 [ClientDoer] TRACE tanks.ClientDoer - Communicator sleepWorker:
	 sleeping worker
16:11:46.206 [ClientDoer] DEBUG tanks.ClientDoer - tanks.ClientDoerrun:
	 at beginning of run
16:11:46.206 [ClientDoer] TRACE tanks.ClientDoer - Communicator sleepWorker:
	 sleeping worker
16:11:46.256 [ClientDoer] DEBUG tanks.ClientDoer - tanks.ClientDoerrun:
	 at beginning of run
16:11:46.256 [ClientDoer] TRACE tanks.ClientDoer - Communicator sleepWorker:
	 sleeping worker
16:11:46.306 [ClientDoer] DEBUG tanks.ClientDoer - tanks.ClientDoerrun:
	 at beginning of run
16:11:46.306 [ClientDoer] TRACE tanks.ClientDoer - Communicator sleepWorker:
	 sleeping worker
16:11:46.356 [ClientDoer] DEBUG tanks.ClientDoer - tanks.ClientDoerrun:
	 at beginning of run
16:11:46.356 [ClientDoer] TRACE tanks.ClientDoer - Communicator sleepWorker:
	 sleeping worker
16:11:46.406 [ClientDoer] DEBUG tanks.ClientDoer - tanks.ClientDoerrun:
	 at beginning of run
16:11:46.406 [ClientDoer] TRACE tanks.ClientDoer - Communicator sleepWorker:
	 sleeping worker
16:11:46.456 [ClientDoer] DEBUG tanks.ClientDoer - tanks.ClientDoerrun:
	 at beginning of run
16:11:46.456 [ClientDoer] TRACE tanks.ClientDoer - Communicator sleepWorker:
	 sleeping worker
16:11:46.506 [ClientDoer] DEBUG tanks.ClientDoer - tanks.ClientDoerrun:
	 at beginning of run
16:11:46.506 [ClientDoer] TRACE tanks.ClientDoer - Communicator sleepWorker:
	 sleeping worker
16:11:46.556 [ClientDoer] DEBUG tanks.ClientDoer - tanks.ClientDoerrun:
	 at beginning of run
16:11:46.556 [ClientDoer] TRACE tanks.ClientDoer - Communicator sleepWorker:
	 sleeping worker
16:11:46.606 [ClientDoer] DEBUG tanks.ClientDoer - tanks.ClientDoerrun:
	 at beginning of run
16:11:46.606 [ClientDoer] TRACE tanks.ClientDoer - Communicator sleepWorker:
	 sleeping worker
16:11:46.656 [ClientDoer] DEBUG tanks.ClientDoer - tanks.ClientDoerrun:
	 at beginning of run
16:11:46.656 [ClientDoer] TRACE tanks.ClientDoer - Communicator sleepWorker:
	 sleeping worker
16:11:46.707 [ClientDoer] DEBUG tanks.ClientDoer - tanks.ClientDoerrun:
	 at beginning of run
16:11:46.707 [ClientDoer] TRACE tanks.ClientDoer - Communicator sleepWorker:
	 sleeping worker
16:11:46.757 [ClientDoer] DEBUG tanks.ClientDoer - tanks.ClientDoerrun:
	 at beginning of run
16:11:46.757 [ClientDoer] TRACE tanks.ClientDoer - Communicator sleepWorker:
	 sleeping worker
16:11:46.807 [ClientDoer] DEBUG tanks.ClientDoer - tanks.ClientDoerrun:
	 at beginning of run
16:11:46.807 [ClientDoer] TRACE tanks.ClientDoer - Communicator sleepWorker:
	 sleeping worker
16:11:46.857 [ClientDoer] DEBUG tanks.ClientDoer - tanks.ClientDoerrun:
	 at beginning of run
16:11:46.857 [ClientDoer] TRACE tanks.ClientDoer - Communicator sleepWorker:
	 sleeping worker
16:11:46.907 [ClientDoer] DEBUG tanks.ClientDoer - tanks.ClientDoerrun:
	 at beginning of run
16:11:46.907 [ClientDoer] TRACE tanks.ClientDoer - Communicator sleepWorker:
	 sleeping worker
16:11:46.957 [ClientDoer] DEBUG tanks.ClientDoer - tanks.ClientDoerrun:
	 at beginning of run
16:11:46.957 [ClientDoer] TRACE tanks.ClientDoer - Communicator sleepWorker:
	 sleeping worker
16:11:47.007 [ClientDoer] DEBUG tanks.ClientDoer - tanks.ClientDoerrun:
	 at beginning of run
16:11:47.007 [ClientDoer] TRACE tanks.ClientDoer - Communicator sleepWorker:
	 sleeping worker
16:11:47.057 [ClientDoer] DEBUG tanks.ClientDoer - tanks.ClientDoerrun:
	 at beginning of run
16:11:47.057 [ClientDoer] TRACE tanks.ClientDoer - Communicator sleepWorker:
	 sleeping worker
16:11:47.107 [ClientDoer] DEBUG tanks.ClientDoer - tanks.ClientDoerrun:
	 at beginning of run
16:11:47.107 [ClientDoer] TRACE tanks.ClientDoer - Communicator sleepWorker:
	 sleeping worker
16:11:47.157 [ClientDoer] DEBUG tanks.ClientDoer - tanks.ClientDoerrun:
	 at beginning of run
16:11:47.157 [ClientDoer] TRACE tanks.ClientDoer - Communicator sleepWorker:
	 sleeping worker
16:11:47.207 [ClientDoer] DEBUG tanks.ClientDoer - tanks.ClientDoerrun:
	 at beginning of run
16:11:47.207 [ClientDoer] TRACE tanks.ClientDoer - Communicator sleepWorker:
	 sleeping worker
16:11:47.257 [ClientDoer] DEBUG tanks.ClientDoer - tanks.ClientDoerrun:
	 at beginning of run
16:11:47.257 [ClientDoer] TRACE tanks.ClientDoer - Communicator sleepWorker:
	 sleeping worker
16:11:47.307 [ClientDoer] DEBUG tanks.ClientDoer - tanks.ClientDoerrun:
	 at beginning of run
16:11:47.307 [ClientDoer] TRACE tanks.ClientDoer - Communicator sleepWorker:
	 sleeping worker
16:11:47.357 [ClientDoer] DEBUG tanks.ClientDoer - tanks.ClientDoerrun:
	 at beginning of run
16:11:47.357 [ClientDoer] TRACE tanks.ClientDoer - Communicator sleepWorker:
	 sleeping worker
16:11:47.407 [ClientDoer] DEBUG tanks.ClientDoer - tanks.ClientDoerrun:
	 at beginning of run
16:11:47.407 [ClientDoer] TRACE tanks.ClientDoer - Communicator sleepWorker:
	 sleeping worker
16:11:47.457 [ClientDoer] DEBUG tanks.ClientDoer - tanks.ClientDoerrun:
	 at beginning of run
16:11:47.457 [ClientDoer] TRACE tanks.ClientDoer - Communicator sleepWorker:
	 sleeping worker
16:11:47.507 [ClientDoer] DEBUG tanks.ClientDoer - tanks.ClientDoerrun:
	 at beginning of run
16:11:47.507 [ClientDoer] TRACE tanks.ClientDoer - Communicator sleepWorker:
	 sleeping worker
16:11:47.557 [ClientDoer] DEBUG tanks.ClientDoer - tanks.ClientDoerrun:
	 at beginning of run
16:11:47.557 [ClientDoer] TRACE tanks.ClientDoer - Communicator sleepWorker:
	 sleeping worker
16:11:47.607 [ClientDoer] DEBUG tanks.ClientDoer - tanks.ClientDoerrun:
	 at beginning of run
16:11:47.607 [ClientDoer] TRACE tanks.ClientDoer - Communicator sleepWorker:
	 sleeping worker
16:11:47.657 [ClientDoer] DEBUG tanks.ClientDoer - tanks.ClientDoerrun:
	 at beginning of run
16:11:47.657 [ClientDoer] TRACE tanks.ClientDoer - Communicator sleepWorker:
	 sleeping worker
16:11:47.707 [ClientDoer] DEBUG tanks.ClientDoer - tanks.ClientDoerrun:
	 at beginning of run
16:11:47.707 [ClientDoer] TRACE tanks.ClientDoer - Communicator sleepWorker:
	 sleeping worker
16:11:47.757 [ClientDoer] DEBUG tanks.ClientDoer - tanks.ClientDoerrun:
	 at beginning of run
16:11:47.757 [ClientDoer] TRACE tanks.ClientDoer - Communicator sleepWorker:
	 sleeping worker
16:11:47.807 [ClientDoer] DEBUG tanks.ClientDoer - tanks.ClientDoerrun:
	 at beginning of run
16:11:47.807 [ClientDoer] TRACE tanks.ClientDoer - Communicator sleepWorker:
	 sleeping worker
16:11:47.857 [ClientDoer] DEBUG tanks.ClientDoer - tanks.ClientDoerrun:
	 at beginning of run
16:11:47.857 [ClientDoer] TRACE tanks.ClientDoer - Communicator sleepWorker:
	 sleeping worker
16:11:47.876 [JavaFX Application Thread] INFO  Strategy.RegisterStrategy - RegisterStrategy constructor
	RegisterStrategy created
16:11:47.907 [ClientDoer] DEBUG tanks.ClientDoer - tanks.ClientDoerrun:
	 at beginning of run
16:11:47.907 [ClientDoer] INFO  tanks.ClientDoer - tanks.ClientDoerrun:
	 Got Task from taskqueue
16:11:47.907 [ClientDoer] INFO  Strategy.RegisterStrategy - RegisterStrategy createPackAndSendRequest
	RegisterRequest created with name: 
	To: /127.0.0.1:12005
16:11:47.909 [ClientDoer] TRACE tanks.ClientDoer - Communicator sleepWorker:
	 sleeping worker
16:11:47.957 [Communicator] TRACE M.RegisterProtocol.RegisterRequest - RegisterRequest encode
	adding classID
	Write: 0
	Read: 0
16:11:47.958 [Communicator] TRACE M.RegisterProtocol.RegisterRequest - RegisterRequest encode
	adding messageLength placeholder
	Write: 4
	Read: 0
16:11:47.958 [Communicator] TRACE M.RegisterProtocol.RegisterRequest - Request encode
	adding classID
	Write: 6
	Read: 0
16:11:47.958 [Communicator] TRACE M.RegisterProtocol.RegisterRequest - Request encode
	encoding super
	Write: 12
	Read: 0
16:11:47.958 [Communicator] TRACE M.RegisterProtocol.RegisterRequest - Request encode
	adding ordinal of request type: 1
	Write: 46
	Read: 0
16:11:47.958 [Communicator] TRACE M.RegisterProtocol.RegisterRequest - Request encode
	adding sessionID: 0
	Write: 50
	Read: 0
16:11:47.958 [Communicator] TRACE M.RegisterProtocol.RegisterRequest - Request encode
	adding length: 42
	Write: 54
	Read: 0
16:11:47.958 [Communicator] TRACE M.RegisterProtocol.RegisterRequest - RegisterRequest encode
	encoding player name
	Write: 54
	Read: 0
16:11:47.959 [ClientDoer] DEBUG tanks.ClientDoer - tanks.ClientDoerrun:
	 at beginning of run
16:11:47.959 [ClientDoer] TRACE tanks.ClientDoer - Communicator sleepWorker:
	 sleeping worker
16:11:48.009 [ClientDoer] DEBUG tanks.ClientDoer - tanks.ClientDoerrun:
	 at beginning of run
16:11:48.009 [ClientDoer] TRACE tanks.ClientDoer - Communicator sleepWorker:
	 sleeping worker
16:11:48.059 [ClientDoer] DEBUG tanks.ClientDoer - tanks.ClientDoerrun:
	 at beginning of run
16:11:48.059 [ClientDoer] TRACE tanks.ClientDoer - Communicator sleepWorker:
	 sleeping worker
16:11:48.109 [ClientDoer] DEBUG tanks.ClientDoer - tanks.ClientDoerrun:
	 at beginning of run
16:11:48.109 [ClientDoer] TRACE tanks.ClientDoer - Communicator sleepWorker:
	 sleeping worker
16:11:48.159 [ClientDoer] DEBUG tanks.ClientDoer - tanks.ClientDoerrun:
	 at beginning of run
16:11:48.159 [ClientDoer] TRACE tanks.ClientDoer - Communicator sleepWorker:
	 sleeping worker
16:11:48.210 [ClientDoer] DEBUG tanks.ClientDoer - tanks.ClientDoerrun:
	 at beginning of run
16:11:48.210 [ClientDoer] TRACE tanks.ClientDoer - Communicator sleepWorker:
	 sleeping worker
16:11:48.260 [ClientDoer] DEBUG tanks.ClientDoer - tanks.ClientDoerrun:
	 at beginning of run
16:11:48.260 [ClientDoer] TRACE tanks.ClientDoer - Communicator sleepWorker:
	 sleeping worker
16:11:48.310 [ClientDoer] DEBUG tanks.ClientDoer - tanks.ClientDoerrun:
	 at beginning of run
16:11:48.310 [ClientDoer] TRACE tanks.ClientDoer - Communicator sleepWorker:
	 sleeping worker
16:11:48.360 [ClientDoer] DEBUG tanks.ClientDoer - tanks.ClientDoerrun:
	 at beginning of run
16:11:48.360 [ClientDoer] TRACE tanks.ClientDoer - Communicator sleepWorker:
	 sleeping worker
16:11:48.410 [ClientDoer] DEBUG tanks.ClientDoer - tanks.ClientDoerrun:
	 at beginning of run
16:11:48.410 [ClientDoer] TRACE tanks.ClientDoer - Communicator sleepWorker:
	 sleeping worker
16:11:48.460 [ClientDoer] DEBUG tanks.ClientDoer - tanks.ClientDoerrun:
	 at beginning of run
16:11:48.460 [ClientDoer] TRACE tanks.ClientDoer - Communicator sleepWorker:
	 sleeping worker
16:11:48.510 [ClientDoer] DEBUG tanks.ClientDoer - tanks.ClientDoerrun:
	 at beginning of run
16:11:48.510 [ClientDoer] TRACE tanks.ClientDoer - Communicator sleepWorker:
	 sleeping worker
16:11:48.560 [ClientDoer] DEBUG tanks.ClientDoer - tanks.ClientDoerrun:
	 at beginning of run
16:11:48.560 [ClientDoer] TRACE tanks.ClientDoer - Communicator sleepWorker:
	 sleeping worker
16:11:48.610 [ClientDoer] DEBUG tanks.ClientDoer - tanks.ClientDoerrun:
	 at beginning of run
16:11:48.610 [ClientDoer] TRACE tanks.ClientDoer - Communicator sleepWorker:
	 sleeping worker
16:11:48.660 [ClientDoer] DEBUG tanks.ClientDoer - tanks.ClientDoerrun:
	 at beginning of run
16:11:48.660 [ClientDoer] TRACE tanks.ClientDoer - Communicator sleepWorker:
	 sleeping worker
16:11:48.710 [ClientDoer] DEBUG tanks.ClientDoer - tanks.ClientDoerrun:
	 at beginning of run
16:11:48.710 [ClientDoer] TRACE tanks.ClientDoer - Communicator sleepWorker:
	 sleeping worker
16:11:48.760 [ClientDoer] DEBUG tanks.ClientDoer - tanks.ClientDoerrun:
	 at beginning of run
16:11:48.760 [ClientDoer] TRACE tanks.ClientDoer - Communicator sleepWorker:
	 sleeping worker
16:11:48.810 [ClientDoer] DEBUG tanks.ClientDoer - tanks.ClientDoerrun:
	 at beginning of run
16:11:48.810 [ClientDoer] TRACE tanks.ClientDoer - Communicator sleepWorker:
	 sleeping worker
16:11:48.860 [ClientDoer] DEBUG tanks.ClientDoer - tanks.ClientDoerrun:
	 at beginning of run
16:11:48.860 [ClientDoer] TRACE tanks.ClientDoer - Communicator sleepWorker:
	 sleeping worker
16:11:48.910 [ClientDoer] DEBUG tanks.ClientDoer - tanks.ClientDoerrun:
	 at beginning of run
16:11:48.910 [ClientDoer] TRACE tanks.ClientDoer - Communicator sleepWorker:
	 sleeping worker
16:11:48.960 [ClientDoer] DEBUG tanks.ClientDoer - tanks.ClientDoerrun:
	 at beginning of run
16:11:48.960 [ClientDoer] TRACE tanks.ClientDoer - Communicator sleepWorker:
	 sleeping worker
16:11:49.010 [ClientDoer] DEBUG tanks.ClientDoer - tanks.ClientDoerrun:
	 at beginning of run
16:11:49.010 [ClientDoer] TRACE tanks.ClientDoer - Communicator sleepWorker:
	 sleeping worker
16:11:49.060 [ClientDoer] DEBUG tanks.ClientDoer - tanks.ClientDoerrun:
	 at beginning of run
16:11:49.060 [ClientDoer] TRACE tanks.ClientDoer - Communicator sleepWorker:
	 sleeping worker
16:11:49.110 [ClientDoer] DEBUG tanks.ClientDoer - tanks.ClientDoerrun:
	 at beginning of run
16:11:49.110 [ClientDoer] TRACE tanks.ClientDoer - Communicator sleepWorker:
	 sleeping worker
16:11:49.160 [ClientDoer] DEBUG tanks.ClientDoer - tanks.ClientDoerrun:
	 at beginning of run
16:11:49.160 [ClientDoer] TRACE tanks.ClientDoer - Communicator sleepWorker:
	 sleeping worker
16:11:49.210 [ClientDoer] DEBUG tanks.ClientDoer - tanks.ClientDoerrun:
	 at beginning of run
16:11:49.210 [ClientDoer] TRACE tanks.ClientDoer - Communicator sleepWorker:
	 sleeping worker
16:11:49.260 [ClientDoer] DEBUG tanks.ClientDoer - tanks.ClientDoerrun:
	 at beginning of run
16:11:49.260 [ClientDoer] TRACE tanks.ClientDoer - Communicator sleepWorker:
	 sleeping worker
16:11:49.310 [ClientDoer] DEBUG tanks.ClientDoer - tanks.ClientDoerrun:
	 at beginning of run
16:11:49.310 [ClientDoer] TRACE tanks.ClientDoer - Communicator sleepWorker:
	 sleeping worker
16:11:49.360 [ClientDoer] DEBUG tanks.ClientDoer - tanks.ClientDoerrun:
	 at beginning of run
16:11:49.360 [ClientDoer] TRACE tanks.ClientDoer - Communicator sleepWorker:
	 sleeping worker
16:11:49.410 [ClientDoer] DEBUG tanks.ClientDoer - tanks.ClientDoerrun:
	 at beginning of run
16:11:49.410 [ClientDoer] TRACE tanks.ClientDoer - Communicator sleepWorker:
	 sleeping worker
16:11:49.460 [ClientDoer] DEBUG tanks.ClientDoer - tanks.ClientDoerrun:
	 at beginning of run
16:11:49.460 [ClientDoer] TRACE tanks.ClientDoer - Communicator sleepWorker:
	 sleeping worker
16:11:49.510 [ClientDoer] DEBUG tanks.ClientDoer - tanks.ClientDoerrun:
	 at beginning of run
16:11:49.510 [ClientDoer] TRACE tanks.ClientDoer - Communicator sleepWorker:
	 sleeping worker
16:11:49.560 [ClientDoer] DEBUG tanks.ClientDoer - tanks.ClientDoerrun:
	 at beginning of run
16:11:49.560 [ClientDoer] TRACE tanks.ClientDoer - Communicator sleepWorker:
	 sleeping worker
16:11:49.610 [ClientDoer] DEBUG tanks.ClientDoer - tanks.ClientDoerrun:
	 at beginning of run
16:11:49.610 [ClientDoer] TRACE tanks.ClientDoer - Communicator sleepWorker:
	 sleeping worker
16:11:49.660 [ClientDoer] DEBUG tanks.ClientDoer - tanks.ClientDoerrun:
	 at beginning of run
16:11:49.660 [ClientDoer] TRACE tanks.ClientDoer - Communicator sleepWorker:
	 sleeping worker
16:11:49.710 [ClientDoer] DEBUG tanks.ClientDoer - tanks.ClientDoerrun:
	 at beginning of run
16:11:49.710 [ClientDoer] TRACE tanks.ClientDoer - Communicator sleepWorker:
	 sleeping worker
16:11:49.761 [ClientDoer] DEBUG tanks.ClientDoer - tanks.ClientDoerrun:
	 at beginning of run
16:11:49.761 [ClientDoer] TRACE tanks.ClientDoer - Communicator sleepWorker:
	 sleeping worker
16:11:49.811 [ClientDoer] DEBUG tanks.ClientDoer - tanks.ClientDoerrun:
	 at beginning of run
16:11:49.811 [ClientDoer] TRACE tanks.ClientDoer - Communicator sleepWorker:
	 sleeping worker
16:11:49.861 [ClientDoer] DEBUG tanks.ClientDoer - tanks.ClientDoerrun:
	 at beginning of run
16:11:49.861 [ClientDoer] TRACE tanks.ClientDoer - Communicator sleepWorker:
	 sleeping worker
16:11:49.911 [ClientDoer] DEBUG tanks.ClientDoer - tanks.ClientDoerrun:
	 at beginning of run
16:11:49.911 [ClientDoer] TRACE tanks.ClientDoer - Communicator sleepWorker:
	 sleeping worker
16:11:49.961 [ClientDoer] DEBUG tanks.ClientDoer - tanks.ClientDoerrun:
	 at beginning of run
16:11:49.961 [ClientDoer] TRACE tanks.ClientDoer - Communicator sleepWorker:
	 sleeping worker
16:11:50.011 [ClientDoer] DEBUG tanks.ClientDoer - tanks.ClientDoerrun:
	 at beginning of run
16:11:50.011 [ClientDoer] TRACE tanks.ClientDoer - Communicator sleepWorker:
	 sleeping worker
16:11:50.061 [ClientDoer] DEBUG tanks.ClientDoer - tanks.ClientDoerrun:
	 at beginning of run
16:11:50.061 [ClientDoer] TRACE tanks.ClientDoer - Communicator sleepWorker:
	 sleeping worker
16:11:50.111 [ClientDoer] DEBUG tanks.ClientDoer - tanks.ClientDoerrun:
	 at beginning of run
16:11:50.111 [ClientDoer] TRACE tanks.ClientDoer - Communicator sleepWorker:
	 sleeping worker
16:11:50.161 [ClientDoer] DEBUG tanks.ClientDoer - tanks.ClientDoerrun:
	 at beginning of run
16:11:50.161 [ClientDoer] TRACE tanks.ClientDoer - Communicator sleepWorker:
	 sleeping worker
16:11:50.211 [ClientDoer] DEBUG tanks.ClientDoer - tanks.ClientDoerrun:
	 at beginning of run
16:11:50.211 [ClientDoer] TRACE tanks.ClientDoer - Communicator sleepWorker:
	 sleeping worker
16:11:50.261 [ClientDoer] DEBUG tanks.ClientDoer - tanks.ClientDoerrun:
	 at beginning of run
16:11:50.261 [ClientDoer] TRACE tanks.ClientDoer - Communicator sleepWorker:
	 sleeping worker
16:11:50.311 [ClientDoer] DEBUG tanks.ClientDoer - tanks.ClientDoerrun:
	 at beginning of run
16:11:50.311 [ClientDoer] TRACE tanks.ClientDoer - Communicator sleepWorker:
	 sleeping worker
16:11:50.361 [ClientDoer] DEBUG tanks.ClientDoer - tanks.ClientDoerrun:
	 at beginning of run
16:11:50.361 [ClientDoer] TRACE tanks.ClientDoer - Communicator sleepWorker:
	 sleeping worker
16:11:50.411 [ClientDoer] DEBUG tanks.ClientDoer - tanks.ClientDoerrun:
	 at beginning of run
16:11:50.411 [ClientDoer] TRACE tanks.ClientDoer - Communicator sleepWorker:
	 sleeping worker
16:11:50.461 [ClientDoer] DEBUG tanks.ClientDoer - tanks.ClientDoerrun:
	 at beginning of run
16:11:50.461 [ClientDoer] TRACE tanks.ClientDoer - Communicator sleepWorker:
	 sleeping worker
16:11:50.511 [ClientDoer] DEBUG tanks.ClientDoer - tanks.ClientDoerrun:
	 at beginning of run
16:11:50.511 [ClientDoer] TRACE tanks.ClientDoer - Communicator sleepWorker:
	 sleeping worker
16:11:50.561 [ClientDoer] DEBUG tanks.ClientDoer - tanks.ClientDoerrun:
	 at beginning of run
16:11:50.561 [ClientDoer] TRACE tanks.ClientDoer - Communicator sleepWorker:
	 sleeping worker
16:11:50.611 [ClientDoer] DEBUG tanks.ClientDoer - tanks.ClientDoerrun:
	 at beginning of run
16:11:50.611 [ClientDoer] TRACE tanks.ClientDoer - Communicator sleepWorker:
	 sleeping worker
16:11:50.661 [ClientDoer] DEBUG tanks.ClientDoer - tanks.ClientDoerrun:
	 at beginning of run
16:11:50.661 [ClientDoer] TRACE tanks.ClientDoer - Communicator sleepWorker:
	 sleeping worker
16:11:50.711 [ClientDoer] DEBUG tanks.ClientDoer - tanks.ClientDoerrun:
	 at beginning of run
16:11:50.711 [ClientDoer] TRACE tanks.ClientDoer - Communicator sleepWorker:
	 sleeping worker
16:11:50.761 [ClientDoer] DEBUG tanks.ClientDoer - tanks.ClientDoerrun:
	 at beginning of run
16:11:50.761 [ClientDoer] TRACE tanks.ClientDoer - Communicator sleepWorker:
	 sleeping worker
16:11:50.811 [ClientDoer] DEBUG tanks.ClientDoer - tanks.ClientDoerrun:
	 at beginning of run
16:11:50.811 [ClientDoer] TRACE tanks.ClientDoer - Communicator sleepWorker:
	 sleeping worker
16:11:50.861 [ClientDoer] DEBUG tanks.ClientDoer - tanks.ClientDoerrun:
	 at beginning of run
16:11:50.861 [ClientDoer] TRACE tanks.ClientDoer - Communicator sleepWorker:
	 sleeping worker
16:11:50.911 [ClientDoer] DEBUG tanks.ClientDoer - tanks.ClientDoerrun:
	 at beginning of run
16:11:50.911 [ClientDoer] TRACE tanks.ClientDoer - Communicator sleepWorker:
	 sleeping worker
16:11:50.961 [ClientDoer] DEBUG tanks.ClientDoer - tanks.ClientDoerrun:
	 at beginning of run
16:11:50.961 [ClientDoer] TRACE tanks.ClientDoer - Communicator sleepWorker:
	 sleeping worker
16:11:51.011 [ClientDoer] DEBUG tanks.ClientDoer - tanks.ClientDoerrun:
	 at beginning of run
16:11:51.011 [ClientDoer] TRACE tanks.ClientDoer - Communicator sleepWorker:
	 sleeping worker
16:11:51.061 [ClientDoer] DEBUG tanks.ClientDoer - tanks.ClientDoerrun:
	 at beginning of run
16:11:51.061 [ClientDoer] TRACE tanks.ClientDoer - Communicator sleepWorker:
	 sleeping worker
16:11:51.111 [ClientDoer] DEBUG tanks.ClientDoer - tanks.ClientDoerrun:
	 at beginning of run
16:11:51.111 [ClientDoer] TRACE tanks.ClientDoer - Communicator sleepWorker:
	 sleeping worker
16:11:51.161 [ClientDoer] DEBUG tanks.ClientDoer - tanks.ClientDoerrun:
	 at beginning of run
16:11:51.161 [ClientDoer] TRACE tanks.ClientDoer - Communicator sleepWorker:
	 sleeping worker
16:11:51.211 [ClientDoer] DEBUG tanks.ClientDoer - tanks.ClientDoerrun:
	 at beginning of run
16:11:51.211 [ClientDoer] TRACE tanks.ClientDoer - Communicator sleepWorker:
	 sleeping worker
16:11:51.262 [ClientDoer] DEBUG tanks.ClientDoer - tanks.ClientDoerrun:
	 at beginning of run
16:11:51.262 [ClientDoer] TRACE tanks.ClientDoer - Communicator sleepWorker:
	 sleeping worker
16:11:51.312 [ClientDoer] DEBUG tanks.ClientDoer - tanks.ClientDoerrun:
	 at beginning of run
16:11:51.312 [ClientDoer] TRACE tanks.ClientDoer - Communicator sleepWorker:
	 sleeping worker
16:11:51.362 [ClientDoer] DEBUG tanks.ClientDoer - tanks.ClientDoerrun:
	 at beginning of run
16:11:51.362 [ClientDoer] TRACE tanks.ClientDoer - Communicator sleepWorker:
	 sleeping worker
16:11:51.412 [ClientDoer] DEBUG tanks.ClientDoer - tanks.ClientDoerrun:
	 at beginning of run
16:11:51.412 [ClientDoer] TRACE tanks.ClientDoer - Communicator sleepWorker:
	 sleeping worker
16:11:51.462 [ClientDoer] DEBUG tanks.ClientDoer - tanks.ClientDoerrun:
	 at beginning of run
16:11:51.462 [ClientDoer] TRACE tanks.ClientDoer - Communicator sleepWorker:
	 sleeping worker
16:11:51.512 [ClientDoer] DEBUG tanks.ClientDoer - tanks.ClientDoerrun:
	 at beginning of run
16:11:51.512 [ClientDoer] TRACE tanks.ClientDoer - Communicator sleepWorker:
	 sleeping worker
16:11:51.562 [ClientDoer] DEBUG tanks.ClientDoer - tanks.ClientDoerrun:
	 at beginning of run
16:11:51.562 [ClientDoer] TRACE tanks.ClientDoer - Communicator sleepWorker:
	 sleeping worker
16:11:51.612 [ClientDoer] DEBUG tanks.ClientDoer - tanks.ClientDoerrun:
	 at beginning of run
16:11:51.612 [ClientDoer] TRACE tanks.ClientDoer - Communicator sleepWorker:
	 sleeping worker
16:11:51.662 [ClientDoer] DEBUG tanks.ClientDoer - tanks.ClientDoerrun:
	 at beginning of run
16:11:51.662 [ClientDoer] TRACE tanks.ClientDoer - Communicator sleepWorker:
	 sleeping worker
16:11:51.712 [ClientDoer] DEBUG tanks.ClientDoer - tanks.ClientDoerrun:
	 at beginning of run
16:11:51.712 [ClientDoer] TRACE tanks.ClientDoer - Communicator sleepWorker:
	 sleeping worker
16:11:51.762 [ClientDoer] DEBUG tanks.ClientDoer - tanks.ClientDoerrun:
	 at beginning of run
16:11:51.762 [ClientDoer] TRACE tanks.ClientDoer - Communicator sleepWorker:
	 sleeping worker
16:11:51.812 [ClientDoer] DEBUG tanks.ClientDoer - tanks.ClientDoerrun:
	 at beginning of run
16:11:51.812 [ClientDoer] TRACE tanks.ClientDoer - Communicator sleepWorker:
	 sleeping worker
16:11:51.862 [ClientDoer] DEBUG tanks.ClientDoer - tanks.ClientDoerrun:
	 at beginning of run
16:11:51.862 [ClientDoer] TRACE tanks.ClientDoer - Communicator sleepWorker:
	 sleeping worker
16:11:51.912 [ClientDoer] DEBUG tanks.ClientDoer - tanks.ClientDoerrun:
	 at beginning of run
16:11:51.912 [ClientDoer] TRACE tanks.ClientDoer - Communicator sleepWorker:
	 sleeping worker
16:11:51.962 [ClientDoer] DEBUG tanks.ClientDoer - tanks.ClientDoerrun:
	 at beginning of run
16:11:51.962 [ClientDoer] TRACE tanks.ClientDoer - Communicator sleepWorker:
	 sleeping worker
16:11:52.012 [ClientDoer] DEBUG tanks.ClientDoer - tanks.ClientDoerrun:
	 at beginning of run
16:11:52.012 [ClientDoer] TRACE tanks.ClientDoer - Communicator sleepWorker:
	 sleeping worker
16:11:52.062 [ClientDoer] DEBUG tanks.ClientDoer - tanks.ClientDoerrun:
	 at beginning of run
16:11:52.062 [ClientDoer] TRACE tanks.ClientDoer - Communicator sleepWorker:
	 sleeping worker
16:11:52.112 [ClientDoer] DEBUG tanks.ClientDoer - tanks.ClientDoerrun:
	 at beginning of run
16:11:52.112 [ClientDoer] TRACE tanks.ClientDoer - Communicator sleepWorker:
	 sleeping worker
16:11:52.162 [ClientDoer] DEBUG tanks.ClientDoer - tanks.ClientDoerrun:
	 at beginning of run
16:11:52.162 [ClientDoer] TRACE tanks.ClientDoer - Communicator sleepWorker:
	 sleeping worker
16:11:52.212 [ClientDoer] DEBUG tanks.ClientDoer - tanks.ClientDoerrun:
	 at beginning of run
16:11:52.212 [ClientDoer] TRACE tanks.ClientDoer - Communicator sleepWorker:
	 sleeping worker
16:11:52.262 [ClientDoer] DEBUG tanks.ClientDoer - tanks.ClientDoerrun:
	 at beginning of run
16:11:52.262 [ClientDoer] TRACE tanks.ClientDoer - Communicator sleepWorker:
	 sleeping worker
16:11:52.312 [ClientDoer] DEBUG tanks.ClientDoer - tanks.ClientDoerrun:
	 at beginning of run
16:11:52.312 [ClientDoer] TRACE tanks.ClientDoer - Communicator sleepWorker:
	 sleeping worker
16:11:52.362 [ClientDoer] DEBUG tanks.ClientDoer - tanks.ClientDoerrun:
	 at beginning of run
16:11:52.362 [ClientDoer] TRACE tanks.ClientDoer - Communicator sleepWorker:
	 sleeping worker
16:11:52.412 [ClientDoer] DEBUG tanks.ClientDoer - tanks.ClientDoerrun:
	 at beginning of run
16:11:52.412 [ClientDoer] TRACE tanks.ClientDoer - Communicator sleepWorker:
	 sleeping worker
16:11:52.462 [ClientDoer] DEBUG tanks.ClientDoer - tanks.ClientDoerrun:
	 at beginning of run
16:11:52.462 [ClientDoer] TRACE tanks.ClientDoer - Communicator sleepWorker:
	 sleeping worker
16:11:52.512 [ClientDoer] DEBUG tanks.ClientDoer - tanks.ClientDoerrun:
	 at beginning of run
16:11:52.512 [ClientDoer] TRACE tanks.ClientDoer - Communicator sleepWorker:
	 sleeping worker
16:11:52.562 [ClientDoer] DEBUG tanks.ClientDoer - tanks.ClientDoerrun:
	 at beginning of run
16:11:52.562 [ClientDoer] TRACE tanks.ClientDoer - Communicator sleepWorker:
	 sleeping worker
16:11:52.612 [ClientDoer] DEBUG tanks.ClientDoer - tanks.ClientDoerrun:
	 at beginning of run
16:11:52.612 [ClientDoer] TRACE tanks.ClientDoer - Communicator sleepWorker:
	 sleeping worker
16:11:52.662 [ClientDoer] DEBUG tanks.ClientDoer - tanks.ClientDoerrun:
	 at beginning of run
16:11:52.662 [ClientDoer] TRACE tanks.ClientDoer - Communicator sleepWorker:
	 sleeping worker
16:11:52.712 [ClientDoer] DEBUG tanks.ClientDoer - tanks.ClientDoerrun:
	 at beginning of run
16:11:52.712 [ClientDoer] TRACE tanks.ClientDoer - Communicator sleepWorker:
	 sleeping worker
16:11:52.762 [ClientDoer] DEBUG tanks.ClientDoer - tanks.ClientDoerrun:
	 at beginning of run
16:11:52.762 [ClientDoer] TRACE tanks.ClientDoer - Communicator sleepWorker:
	 sleeping worker
16:11:52.813 [ClientDoer] DEBUG tanks.ClientDoer - tanks.ClientDoerrun:
	 at beginning of run
16:11:52.813 [ClientDoer] TRACE tanks.ClientDoer - Communicator sleepWorker:
	 sleeping worker
16:11:52.863 [ClientDoer] DEBUG tanks.ClientDoer - tanks.ClientDoerrun:
	 at beginning of run
16:11:52.863 [ClientDoer] TRACE tanks.ClientDoer - Communicator sleepWorker:
	 sleeping worker
16:11:52.913 [ClientDoer] DEBUG tanks.ClientDoer - tanks.ClientDoerrun:
	 at beginning of run
16:11:52.913 [ClientDoer] TRACE tanks.ClientDoer - Communicator sleepWorker:
	 sleeping worker
16:11:52.963 [ClientDoer] DEBUG tanks.ClientDoer - tanks.ClientDoerrun:
	 at beginning of run
16:11:52.963 [ClientDoer] TRACE tanks.ClientDoer - Communicator sleepWorker:
	 sleeping worker
16:11:53.013 [ClientDoer] DEBUG tanks.ClientDoer - tanks.ClientDoerrun:
	 at beginning of run
16:11:53.013 [ClientDoer] TRACE tanks.ClientDoer - Communicator sleepWorker:
	 sleeping worker
16:11:53.063 [ClientDoer] DEBUG tanks.ClientDoer - tanks.ClientDoerrun:
	 at beginning of run
16:11:53.063 [ClientDoer] TRACE tanks.ClientDoer - Communicator sleepWorker:
	 sleeping worker
16:11:53.113 [ClientDoer] DEBUG tanks.ClientDoer - tanks.ClientDoerrun:
	 at beginning of run
16:11:53.113 [ClientDoer] TRACE tanks.ClientDoer - Communicator sleepWorker:
	 sleeping worker
16:11:53.163 [ClientDoer] DEBUG tanks.ClientDoer - tanks.ClientDoerrun:
	 at beginning of run
16:11:53.163 [ClientDoer] TRACE tanks.ClientDoer - Communicator sleepWorker:
	 sleeping worker
16:11:53.213 [ClientDoer] DEBUG tanks.ClientDoer - tanks.ClientDoerrun:
	 at beginning of run
16:11:53.213 [ClientDoer] TRACE tanks.ClientDoer - Communicator sleepWorker:
	 sleeping worker
16:11:53.263 [ClientDoer] DEBUG tanks.ClientDoer - tanks.ClientDoerrun:
	 at beginning of run
16:11:53.263 [ClientDoer] TRACE tanks.ClientDoer - Communicator sleepWorker:
	 sleeping worker
16:11:53.313 [ClientDoer] DEBUG tanks.ClientDoer - tanks.ClientDoerrun:
	 at beginning of run
16:11:53.313 [ClientDoer] TRACE tanks.ClientDoer - Communicator sleepWorker:
	 sleeping worker
16:11:53.363 [ClientDoer] DEBUG tanks.ClientDoer - tanks.ClientDoerrun:
	 at beginning of run
16:11:53.363 [ClientDoer] TRACE tanks.ClientDoer - Communicator sleepWorker:
	 sleeping worker
16:11:53.413 [ClientDoer] DEBUG tanks.ClientDoer - tanks.ClientDoerrun:
	 at beginning of run
16:11:53.413 [ClientDoer] TRACE tanks.ClientDoer - Communicator sleepWorker:
	 sleeping worker
16:11:53.463 [ClientDoer] DEBUG tanks.ClientDoer - tanks.ClientDoerrun:
	 at beginning of run
16:11:53.463 [ClientDoer] TRACE tanks.ClientDoer - Communicator sleepWorker:
	 sleeping worker
16:11:53.513 [ClientDoer] DEBUG tanks.ClientDoer - tanks.ClientDoerrun:
	 at beginning of run
16:11:53.513 [ClientDoer] TRACE tanks.ClientDoer - Communicator sleepWorker:
	 sleeping worker
16:11:53.563 [ClientDoer] DEBUG tanks.ClientDoer - tanks.ClientDoerrun:
	 at beginning of run
16:11:53.563 [ClientDoer] TRACE tanks.ClientDoer - Communicator sleepWorker:
	 sleeping worker
16:11:53.613 [ClientDoer] DEBUG tanks.ClientDoer - tanks.ClientDoerrun:
	 at beginning of run
16:11:53.613 [ClientDoer] TRACE tanks.ClientDoer - Communicator sleepWorker:
	 sleeping worker
16:11:53.663 [ClientDoer] DEBUG tanks.ClientDoer - tanks.ClientDoerrun:
	 at beginning of run
16:11:53.663 [ClientDoer] TRACE tanks.ClientDoer - Communicator sleepWorker:
	 sleeping worker
16:11:53.713 [ClientDoer] DEBUG tanks.ClientDoer - tanks.ClientDoerrun:
	 at beginning of run
16:11:53.713 [ClientDoer] TRACE tanks.ClientDoer - Communicator sleepWorker:
	 sleeping worker
16:11:53.763 [ClientDoer] DEBUG tanks.ClientDoer - tanks.ClientDoerrun:
	 at beginning of run
16:11:53.763 [ClientDoer] TRACE tanks.ClientDoer - Communicator sleepWorker:
	 sleeping worker
16:11:53.813 [ClientDoer] DEBUG tanks.ClientDoer - tanks.ClientDoerrun:
	 at beginning of run
16:11:53.813 [ClientDoer] TRACE tanks.ClientDoer - Communicator sleepWorker:
	 sleeping worker
16:11:53.863 [ClientDoer] DEBUG tanks.ClientDoer - tanks.ClientDoerrun:
	 at beginning of run
16:11:53.863 [ClientDoer] TRACE tanks.ClientDoer - Communicator sleepWorker:
	 sleeping worker
16:11:53.913 [ClientDoer] DEBUG tanks.ClientDoer - tanks.ClientDoerrun:
	 at beginning of run
16:11:53.913 [ClientDoer] TRACE tanks.ClientDoer - Communicator sleepWorker:
	 sleeping worker
16:11:53.963 [ClientDoer] DEBUG tanks.ClientDoer - tanks.ClientDoerrun:
	 at beginning of run
16:11:53.963 [ClientDoer] TRACE tanks.ClientDoer - Communicator sleepWorker:
	 sleeping worker
16:11:54.013 [ClientDoer] DEBUG tanks.ClientDoer - tanks.ClientDoerrun:
	 at beginning of run
16:11:54.013 [ClientDoer] TRACE tanks.ClientDoer - Communicator sleepWorker:
	 sleeping worker
16:11:54.063 [ClientDoer] DEBUG tanks.ClientDoer - tanks.ClientDoerrun:
	 at beginning of run
16:11:54.063 [ClientDoer] TRACE tanks.ClientDoer - Communicator sleepWorker:
	 sleeping worker
16:11:54.113 [ClientDoer] DEBUG tanks.ClientDoer - tanks.ClientDoerrun:
	 at beginning of run
16:11:54.113 [ClientDoer] TRACE tanks.ClientDoer - Communicator sleepWorker:
	 sleeping worker
16:11:54.163 [ClientDoer] DEBUG tanks.ClientDoer - tanks.ClientDoerrun:
	 at beginning of run
16:11:54.163 [ClientDoer] TRACE tanks.ClientDoer - Communicator sleepWorker:
	 sleeping worker
16:11:54.213 [ClientDoer] DEBUG tanks.ClientDoer - tanks.ClientDoerrun:
	 at beginning of run
16:11:54.213 [ClientDoer] TRACE tanks.ClientDoer - Communicator sleepWorker:
	 sleeping worker
16:11:54.263 [ClientDoer] DEBUG tanks.ClientDoer - tanks.ClientDoerrun:
	 at beginning of run
16:11:54.263 [ClientDoer] TRACE tanks.ClientDoer - Communicator sleepWorker:
	 sleeping worker
16:11:54.314 [ClientDoer] DEBUG tanks.ClientDoer - tanks.ClientDoerrun:
	 at beginning of run
16:11:54.314 [ClientDoer] TRACE tanks.ClientDoer - Communicator sleepWorker:
	 sleeping worker
16:11:54.364 [ClientDoer] DEBUG tanks.ClientDoer - tanks.ClientDoerrun:
	 at beginning of run
16:11:54.364 [ClientDoer] TRACE tanks.ClientDoer - Communicator sleepWorker:
	 sleeping worker
16:11:54.414 [ClientDoer] DEBUG tanks.ClientDoer - tanks.ClientDoerrun:
	 at beginning of run
16:11:54.414 [ClientDoer] TRACE tanks.ClientDoer - Communicator sleepWorker:
	 sleeping worker
16:11:54.464 [ClientDoer] DEBUG tanks.ClientDoer - tanks.ClientDoerrun:
	 at beginning of run
16:11:54.464 [ClientDoer] TRACE tanks.ClientDoer - Communicator sleepWorker:
	 sleeping worker
16:11:54.514 [ClientDoer] DEBUG tanks.ClientDoer - tanks.ClientDoerrun:
	 at beginning of run
16:11:54.514 [ClientDoer] TRACE tanks.ClientDoer - Communicator sleepWorker:
	 sleeping worker
16:11:54.564 [ClientDoer] DEBUG tanks.ClientDoer - tanks.ClientDoerrun:
	 at beginning of run
16:11:54.564 [ClientDoer] TRACE tanks.ClientDoer - Communicator sleepWorker:
	 sleeping worker
16:11:54.614 [ClientDoer] DEBUG tanks.ClientDoer - tanks.ClientDoerrun:
	 at beginning of run
16:11:54.614 [ClientDoer] TRACE tanks.ClientDoer - Communicator sleepWorker:
	 sleeping worker
16:11:54.664 [ClientDoer] DEBUG tanks.ClientDoer - tanks.ClientDoerrun:
	 at beginning of run
16:11:54.664 [ClientDoer] TRACE tanks.ClientDoer - Communicator sleepWorker:
	 sleeping worker
16:11:54.714 [ClientDoer] DEBUG tanks.ClientDoer - tanks.ClientDoerrun:
	 at beginning of run
16:11:54.714 [ClientDoer] TRACE tanks.ClientDoer - Communicator sleepWorker:
	 sleeping worker
16:11:54.764 [ClientDoer] DEBUG tanks.ClientDoer - tanks.ClientDoerrun:
	 at beginning of run
16:11:54.764 [ClientDoer] TRACE tanks.ClientDoer - Communicator sleepWorker:
	 sleeping worker
16:11:54.814 [ClientDoer] DEBUG tanks.ClientDoer - tanks.ClientDoerrun:
	 at beginning of run
16:11:54.814 [ClientDoer] TRACE tanks.ClientDoer - Communicator sleepWorker:
	 sleeping worker
16:11:54.864 [ClientDoer] DEBUG tanks.ClientDoer - tanks.ClientDoerrun:
	 at beginning of run
16:11:54.864 [ClientDoer] TRACE tanks.ClientDoer - Communicator sleepWorker:
	 sleeping worker
16:11:54.914 [ClientDoer] DEBUG tanks.ClientDoer - tanks.ClientDoerrun:
	 at beginning of run
16:11:54.914 [ClientDoer] TRACE tanks.ClientDoer - Communicator sleepWorker:
	 sleeping worker
16:11:54.964 [ClientDoer] DEBUG tanks.ClientDoer - tanks.ClientDoerrun:
	 at beginning of run
16:11:54.964 [ClientDoer] TRACE tanks.ClientDoer - Communicator sleepWorker:
	 sleeping worker
16:11:55.014 [ClientDoer] DEBUG tanks.ClientDoer - tanks.ClientDoerrun:
	 at beginning of run
16:11:55.014 [ClientDoer] TRACE tanks.ClientDoer - Communicator sleepWorker:
	 sleeping worker
16:11:55.064 [ClientDoer] DEBUG tanks.ClientDoer - tanks.ClientDoerrun:
	 at beginning of run
16:11:55.064 [ClientDoer] TRACE tanks.ClientDoer - Communicator sleepWorker:
	 sleeping worker
16:11:55.114 [ClientDoer] DEBUG tanks.ClientDoer - tanks.ClientDoerrun:
	 at beginning of run
16:11:55.114 [ClientDoer] TRACE tanks.ClientDoer - Communicator sleepWorker:
	 sleeping worker
16:11:55.164 [ClientDoer] DEBUG tanks.ClientDoer - tanks.ClientDoerrun:
	 at beginning of run
16:11:55.164 [ClientDoer] TRACE tanks.ClientDoer - Communicator sleepWorker:
	 sleeping worker
16:11:55.214 [ClientDoer] DEBUG tanks.ClientDoer - tanks.ClientDoerrun:
	 at beginning of run
16:11:55.214 [ClientDoer] TRACE tanks.ClientDoer - Communicator sleepWorker:
	 sleeping worker
16:11:55.264 [ClientDoer] DEBUG tanks.ClientDoer - tanks.ClientDoerrun:
	 at beginning of run
16:11:55.264 [ClientDoer] TRACE tanks.ClientDoer - Communicator sleepWorker:
	 sleeping worker
16:11:55.275 [JavaFX Application Thread] INFO  tanks.ClientDoer - BackgroundThread Stop:
	 Stopping Thread
16:11:56.276 [JavaFX Application Thread] INFO  tanks.ClientDoer - BackgroundThread Stop:
	 Thread Stopped
