15:40:35.234 [main] DEBUG TanksCommon.Communicator2 - Communicator constructor:
	 communicator created
15:40:35.234 [main] INFO  TanksCommon.Communicator2 - Communicator initializeSocket:
	 Socket initialized
15:40:35.236 [main] INFO  TanksCommon.Communicator2 - Communicator sendMessage
	 Starting to try to send message of length: 72
15:40:35.237 [main] INFO  TanksCommon.Communicator2 - Communicator sendMessage
	 Sent successfully length: 72
15:40:35.238 [main] INFO  tanks.ClientDoer - BackgroundThread Start: 
	Thread Started
15:40:35.238 [ClientDoer] DEBUG tanks.ClientDoer - tanks.ClientDoerrun:
	 at beginning of run
15:40:35.238 [ClientDoer] TRACE tanks.ClientDoer - Communicator sleepWorker:
	 sleeping worker
15:40:35.288 [ClientDoer] DEBUG tanks.ClientDoer - tanks.ClientDoerrun:
	 at beginning of run
15:40:35.288 [ClientDoer] INFO  tanks.ClientDoer - tanks.ClientDoerrun:
	 Got envelope from communicator inputqueue
15:40:35.289 [ClientDoer] TRACE tanks.ClientDoer - Communicator sleepWorker:
	 sleeping worker
15:40:35.339 [ClientDoer] DEBUG tanks.ClientDoer - tanks.ClientDoerrun:
	 at beginning of run
15:40:35.339 [ClientDoer] TRACE tanks.ClientDoer - Communicator sleepWorker:
	 sleeping worker
15:40:35.389 [ClientDoer] DEBUG tanks.ClientDoer - tanks.ClientDoerrun:
	 at beginning of run
15:40:35.389 [ClientDoer] TRACE tanks.ClientDoer - Communicator sleepWorker:
	 sleeping worker
15:40:35.439 [ClientDoer] DEBUG tanks.ClientDoer - tanks.ClientDoerrun:
	 at beginning of run
15:40:35.439 [ClientDoer] TRACE tanks.ClientDoer - Communicator sleepWorker:
	 sleeping worker
15:40:35.489 [ClientDoer] DEBUG tanks.ClientDoer - tanks.ClientDoerrun:
	 at beginning of run
15:40:35.489 [ClientDoer] TRACE tanks.ClientDoer - Communicator sleepWorker:
	 sleeping worker
15:40:35.539 [ClientDoer] DEBUG tanks.ClientDoer - tanks.ClientDoerrun:
	 at beginning of run
15:40:35.539 [ClientDoer] TRACE tanks.ClientDoer - Communicator sleepWorker:
	 sleeping worker
15:40:35.589 [ClientDoer] DEBUG tanks.ClientDoer - tanks.ClientDoerrun:
	 at beginning of run
15:40:35.589 [ClientDoer] TRACE tanks.ClientDoer - Communicator sleepWorker:
	 sleeping worker
15:40:35.639 [ClientDoer] DEBUG tanks.ClientDoer - tanks.ClientDoerrun:
	 at beginning of run
15:40:35.639 [ClientDoer] TRACE tanks.ClientDoer - Communicator sleepWorker:
	 sleeping worker
15:40:35.689 [ClientDoer] DEBUG tanks.ClientDoer - tanks.ClientDoerrun:
	 at beginning of run
15:40:35.689 [ClientDoer] TRACE tanks.ClientDoer - Communicator sleepWorker:
	 sleeping worker
15:40:35.739 [ClientDoer] DEBUG tanks.ClientDoer - tanks.ClientDoerrun:
	 at beginning of run
15:40:35.739 [ClientDoer] TRACE tanks.ClientDoer - Communicator sleepWorker:
	 sleeping worker
15:40:35.789 [ClientDoer] DEBUG tanks.ClientDoer - tanks.ClientDoerrun:
	 at beginning of run
15:40:35.789 [ClientDoer] TRACE tanks.ClientDoer - Communicator sleepWorker:
	 sleeping worker
15:40:35.839 [ClientDoer] DEBUG tanks.ClientDoer - tanks.ClientDoerrun:
	 at beginning of run
15:40:35.839 [ClientDoer] TRACE tanks.ClientDoer - Communicator sleepWorker:
	 sleeping worker
15:40:35.889 [ClientDoer] DEBUG tanks.ClientDoer - tanks.ClientDoerrun:
	 at beginning of run
15:40:35.889 [ClientDoer] TRACE tanks.ClientDoer - Communicator sleepWorker:
	 sleeping worker
15:40:35.939 [ClientDoer] DEBUG tanks.ClientDoer - tanks.ClientDoerrun:
	 at beginning of run
15:40:35.939 [ClientDoer] TRACE tanks.ClientDoer - Communicator sleepWorker:
	 sleeping worker
15:40:35.989 [ClientDoer] DEBUG tanks.ClientDoer - tanks.ClientDoerrun:
	 at beginning of run
15:40:35.989 [ClientDoer] TRACE tanks.ClientDoer - Communicator sleepWorker:
	 sleeping worker
15:40:36.039 [ClientDoer] DEBUG tanks.ClientDoer - tanks.ClientDoerrun:
	 at beginning of run
15:40:36.039 [ClientDoer] TRACE tanks.ClientDoer - Communicator sleepWorker:
	 sleeping worker
15:40:36.089 [ClientDoer] DEBUG tanks.ClientDoer - tanks.ClientDoerrun:
	 at beginning of run
15:40:36.089 [ClientDoer] TRACE tanks.ClientDoer - Communicator sleepWorker:
	 sleeping worker
15:40:36.139 [ClientDoer] DEBUG tanks.ClientDoer - tanks.ClientDoerrun:
	 at beginning of run
15:40:36.139 [ClientDoer] TRACE tanks.ClientDoer - Communicator sleepWorker:
	 sleeping worker
15:40:36.189 [ClientDoer] DEBUG tanks.ClientDoer - tanks.ClientDoerrun:
	 at beginning of run
15:40:36.189 [ClientDoer] TRACE tanks.ClientDoer - Communicator sleepWorker:
	 sleeping worker
15:40:36.239 [ClientDoer] DEBUG tanks.ClientDoer - tanks.ClientDoerrun:
	 at beginning of run
15:40:36.239 [ClientDoer] TRACE tanks.ClientDoer - Communicator sleepWorker:
	 sleeping worker
15:40:36.289 [ClientDoer] DEBUG tanks.ClientDoer - tanks.ClientDoerrun:
	 at beginning of run
15:40:36.289 [ClientDoer] TRACE tanks.ClientDoer - Communicator sleepWorker:
	 sleeping worker
15:40:36.340 [ClientDoer] DEBUG tanks.ClientDoer - tanks.ClientDoerrun:
	 at beginning of run
15:40:36.340 [ClientDoer] TRACE tanks.ClientDoer - Communicator sleepWorker:
	 sleeping worker
15:40:36.390 [ClientDoer] DEBUG tanks.ClientDoer - tanks.ClientDoerrun:
	 at beginning of run
15:40:36.390 [ClientDoer] TRACE tanks.ClientDoer - Communicator sleepWorker:
	 sleeping worker
15:40:36.440 [ClientDoer] DEBUG tanks.ClientDoer - tanks.ClientDoerrun:
	 at beginning of run
15:40:36.440 [ClientDoer] TRACE tanks.ClientDoer - Communicator sleepWorker:
	 sleeping worker
15:40:36.490 [ClientDoer] DEBUG tanks.ClientDoer - tanks.ClientDoerrun:
	 at beginning of run
15:40:36.490 [ClientDoer] TRACE tanks.ClientDoer - Communicator sleepWorker:
	 sleeping worker
15:40:36.540 [ClientDoer] DEBUG tanks.ClientDoer - tanks.ClientDoerrun:
	 at beginning of run
15:40:36.540 [ClientDoer] TRACE tanks.ClientDoer - Communicator sleepWorker:
	 sleeping worker
15:40:36.590 [ClientDoer] DEBUG tanks.ClientDoer - tanks.ClientDoerrun:
	 at beginning of run
15:40:36.590 [ClientDoer] TRACE tanks.ClientDoer - Communicator sleepWorker:
	 sleeping worker
15:40:36.640 [ClientDoer] DEBUG tanks.ClientDoer - tanks.ClientDoerrun:
	 at beginning of run
15:40:36.640 [ClientDoer] TRACE tanks.ClientDoer - Communicator sleepWorker:
	 sleeping worker
15:40:36.690 [ClientDoer] DEBUG tanks.ClientDoer - tanks.ClientDoerrun:
	 at beginning of run
15:40:36.690 [ClientDoer] TRACE tanks.ClientDoer - Communicator sleepWorker:
	 sleeping worker
15:40:36.740 [ClientDoer] DEBUG tanks.ClientDoer - tanks.ClientDoerrun:
	 at beginning of run
15:40:36.740 [ClientDoer] TRACE tanks.ClientDoer - Communicator sleepWorker:
	 sleeping worker
15:40:36.741 [main] DEBUG TanksCommon.Communicator3 - Communicator constructor:
	 communicator created
15:40:36.741 [main] INFO  TanksCommon.Communicator3 - Communicator initializeSocket:
	 Socket initialized
15:40:36.741 [main] DEBUG TanksCommon.Communicator4 - Communicator constructor:
	 communicator created
15:40:36.741 [main] INFO  TanksCommon.Communicator4 - Communicator initializeSocket:
	 Socket initialized
15:40:36.741 [main] ERROR TanksCommon.Communicator4 - ERROR CREATING SOCKET:
	Port Number: 12006
15:40:36.743 [main] TRACE M.GetShellProtocol.GetShellRequest - Request encode
	adding classID
	Write: 6
	Read: 0
15:40:36.743 [main] TRACE M.GetShellProtocol.GetShellRequest - Request encode
	encoding super
	Write: 12
	Read: 0
15:40:36.743 [main] TRACE M.GetShellProtocol.GetShellRequest - Request encode
	adding ordinal of request type: 10
	Write: 46
	Read: 0
15:40:36.743 [main] TRACE M.GetShellProtocol.GetShellRequest - Request encode
	adding sessionID: 0
	Write: 50
	Read: 0
15:40:36.743 [main] TRACE M.GetShellProtocol.GetShellRequest - Request encode
	adding length: 42
	Write: 54
	Read: 0
15:40:36.743 [main] INFO  TanksCommon.Communicator4 - Communicator sendMessage
	 Starting to try to send message of length: 54
15:40:36.743 [main] INFO  TanksCommon.Communicator3 - BackgroundThread Stop:
	 Thread Stopped
