17:36:56.677 [main] DEBUG TanksCommon.Communicator2 - Communicator constructor:
	 communicator created
17:36:56.677 [main] INFO  TanksCommon.Communicator2 - Communicator initializeSocket:
	 Socket initialized
17:36:56.681 [main] INFO  G.GunpowderManagerFillConversation - GunpowderManagerDoer processFillShellRequest
	Processing fill shell request request
17:36:56.683 [main] DEBUG G.GunpowderManagerFillConversation - GunpowderManagerFillConversation buildReply
	created shell with capacity: 1 and fill: 2
17:36:56.683 [main] DEBUG Conversation.Conversation - Conversation sendMessageTo
	 message added to communicator output queue
17:36:56.683 [main] DEBUG G.GunpowderManagerFillConversation - GunpowderManagerreplyFillConversation sendReply
	sent fill reply
17:36:56.683 [main] DEBUG Conversation.Conversation - Conversation sendMessageTo
	 message added to communicator output queue
17:36:56.683 [main] DEBUG G.GunpowderManagerFillConversation - GunpowderManagerreplyFillConversation sendReply
	sent fill reply
17:36:56.683 [main] DEBUG Conversation.Conversation - Conversation sendMessageTo
	 message added to communicator output queue
17:36:56.683 [main] DEBUG G.GunpowderManagerFillConversation - GunpowderManagerreplyFillConversation sendReply
	sent fill reply
17:36:56.684 [main] DEBUG TanksCommon.Communicator3 - Communicator constructor:
	 communicator created
17:36:56.684 [main] INFO  TanksCommon.Communicator3 - Communicator initializeSocket:
	 Socket initialized
17:36:56.685 [main] DEBUG TanksCommon.Communicator4 - Communicator constructor:
	 communicator created
17:36:56.685 [main] INFO  TanksCommon.Communicator4 - Communicator initializeSocket:
	 Socket initialized
17:36:56.686 [main] DEBUG TanksCommon.Communicator5 - Communicator constructor:
	 communicator created
17:36:56.686 [main] INFO  TanksCommon.Communicator5 - Communicator initializeSocket:
	 Socket initialized
