09:05:00.343 [JavaFX Application Thread] DEBUG t.GunpowderManagerController - setupPropertiesReader
	properties reader setup correctly
09:05:00.349 [JavaFX Application Thread] DEBUG t.GunpowderManagerController - readProperties
	properties read correctly
09:05:06.203 [Communicator] TRACE M.FillShellProtocol.FillShellRequest - RegisterRequest decode
	got classID: 201
	Write: 1024
	Read: 10
09:05:06.203 [Communicator] TRACE M.FillShellProtocol.FillShellRequest - RegisterRequest decode
	got length: 42
	Write: 1024
	Read: 12
09:05:06.203 [Communicator] TRACE M.FillShellProtocol.FillShellRequest - RegisterRequest decode
	decoding super42
	Write: 1024
	Read: 12
09:05:06.203 [Communicator] TRACE M.FillShellProtocol.FillShellRequest - RegisterRequest decode
	setting requestType
	Write: 1024
	Read: 46
09:05:06.203 [Communicator] TRACE M.FillShellProtocol.FillShellRequest - RegisterRequest decode
	setting playerID
	Write: 1024
	Read: 50
09:05:06.210 [GunpowderManagerDoer] DEBUG TanksCommon.Model.TanksModel - TanksModel add
	Added conversation to conversations
09:05:06.211 [GunpowderManagerDoer] INFO  G.GunpowderManagerFillConversation - GunpowderManagerDoer processFillShellRequest
	Processing fill shell request request
09:05:06.211 [GunpowderManagerDoer] DEBUG G.GunpowderManagerFillConversation - GunpowderManagerFillConversation buildReply
	created shell with capacity: 2 and fill: 100
09:05:06.212 [GunpowderManagerDoer] DEBUG Conversation.Conversation - Conversation sendMessageTo
	 message added to communicator output queue
09:05:06.212 [GunpowderManagerDoer] DEBUG G.GunpowderManagerFillConversation - GunpowderManagerreplyFillConversation sendReply
	sent fill reply
09:05:11.157 [Communicator] TRACE M.FillShellProtocol.FillShellRequest - RegisterRequest decode
	got classID: 201
	Write: 1024
	Read: 10
09:05:11.157 [Communicator] TRACE M.FillShellProtocol.FillShellRequest - RegisterRequest decode
	got length: 42
	Write: 1024
	Read: 12
09:05:11.157 [Communicator] TRACE M.FillShellProtocol.FillShellRequest - RegisterRequest decode
	decoding super42
	Write: 1024
	Read: 12
09:05:11.157 [Communicator] TRACE M.FillShellProtocol.FillShellRequest - RegisterRequest decode
	setting requestType
	Write: 1024
	Read: 46
09:05:11.157 [Communicator] TRACE M.FillShellProtocol.FillShellRequest - RegisterRequest decode
	setting playerID
	Write: 1024
	Read: 50
09:05:11.165 [GunpowderManagerDoer] DEBUG Conversation.Conversation - Conversation sendMessageTo
	 message added to communicator output queue
09:05:11.165 [GunpowderManagerDoer] DEBUG G.GunpowderManagerFillConversation - GunpowderManagerreplyFillConversation sendReply
	sent fill reply
09:05:16.210 [Communicator] TRACE M.FillShellProtocol.FillShellRequest - RegisterRequest decode
	got classID: 201
	Write: 1024
	Read: 10
09:05:16.210 [Communicator] TRACE M.FillShellProtocol.FillShellRequest - RegisterRequest decode
	got length: 42
	Write: 1024
	Read: 12
09:05:16.210 [Communicator] TRACE M.FillShellProtocol.FillShellRequest - RegisterRequest decode
	decoding super42
	Write: 1024
	Read: 12
09:05:16.210 [Communicator] TRACE M.FillShellProtocol.FillShellRequest - RegisterRequest decode
	setting requestType
	Write: 1024
	Read: 46
09:05:16.210 [Communicator] TRACE M.FillShellProtocol.FillShellRequest - RegisterRequest decode
	setting playerID
	Write: 1024
	Read: 50
09:05:16.218 [GunpowderManagerDoer] DEBUG Conversation.Conversation - Conversation sendMessageTo
	 message added to communicator output queue
09:05:16.218 [GunpowderManagerDoer] DEBUG G.GunpowderManagerFillConversation - GunpowderManagerreplyFillConversation sendReply
	sent fill reply
