23:02:15.070 [JavaFX Application Thread] DEBUG t.GunpowderManagerController - setupPropertiesReader
	properties reader setup correctly
23:02:15.075 [JavaFX Application Thread] DEBUG t.GunpowderManagerController - readProperties
	properties read correctly
23:02:18.642 [Communicator] TRACE M.FillShellProtocol.FillShellRequest - RegisterRequest decode
	got classID: 201
	Write: 1024
	Read: 10
23:02:18.642 [Communicator] TRACE M.FillShellProtocol.FillShellRequest - RegisterRequest decode
	got length: 42
	Write: 1024
	Read: 12
23:02:18.642 [Communicator] TRACE M.FillShellProtocol.FillShellRequest - RegisterRequest decode
	decoding super42
	Write: 1024
	Read: 12
23:02:18.642 [Communicator] TRACE M.FillShellProtocol.FillShellRequest - RegisterRequest decode
	setting requestType
	Write: 1024
	Read: 46
23:02:18.642 [Communicator] TRACE M.FillShellProtocol.FillShellRequest - RegisterRequest decode
	setting playerID
	Write: 1024
	Read: 50
23:02:18.685 [GunpowderManagerDoer] DEBUG TanksCommon.Model.TanksModel - TanksModel add
	Added conversation to conversations
23:02:18.686 [GunpowderManagerDoer] INFO  G.GunpowderManagerFillConversation - GunpowderManagerDoer processFillShellRequest
	Processing fill shell request request
23:02:18.687 [GunpowderManagerDoer] DEBUG G.GunpowderManagerFillConversation - GunpowderManagerFillConversation buildReply
	created shell with capacity: 2 and fill: 100
23:02:18.687 [GunpowderManagerDoer] DEBUG Conversation.Conversation - Conversation sendMessageTo
	 message added to communicator output queue
23:02:18.687 [GunpowderManagerDoer] DEBUG G.GunpowderManagerFillConversation - GunpowderManagerreplyFillConversation sendReply
	sent fill reply
23:02:23.696 [Communicator] TRACE M.FillShellProtocol.FillShellRequest - RegisterRequest decode
	got classID: 201
	Write: 1024
	Read: 10
23:02:23.696 [Communicator] TRACE M.FillShellProtocol.FillShellRequest - RegisterRequest decode
	got length: 42
	Write: 1024
	Read: 12
23:02:23.696 [Communicator] TRACE M.FillShellProtocol.FillShellRequest - RegisterRequest decode
	decoding super42
	Write: 1024
	Read: 12
23:02:23.696 [Communicator] TRACE M.FillShellProtocol.FillShellRequest - RegisterRequest decode
	setting requestType
	Write: 1024
	Read: 46
23:02:23.696 [Communicator] TRACE M.FillShellProtocol.FillShellRequest - RegisterRequest decode
	setting playerID
	Write: 1024
	Read: 50
23:02:23.740 [GunpowderManagerDoer] DEBUG Conversation.Conversation - Conversation sendMessageTo
	 message added to communicator output queue
23:02:23.740 [GunpowderManagerDoer] DEBUG G.GunpowderManagerFillConversation - GunpowderManagerreplyFillConversation sendReply
	sent fill reply
23:02:28.649 [Communicator] TRACE M.FillShellProtocol.FillShellRequest - RegisterRequest decode
	got classID: 201
	Write: 1024
	Read: 10
23:02:28.649 [Communicator] TRACE M.FillShellProtocol.FillShellRequest - RegisterRequest decode
	got length: 42
	Write: 1024
	Read: 12
23:02:28.649 [Communicator] TRACE M.FillShellProtocol.FillShellRequest - RegisterRequest decode
	decoding super42
	Write: 1024
	Read: 12
23:02:28.649 [Communicator] TRACE M.FillShellProtocol.FillShellRequest - RegisterRequest decode
	setting requestType
	Write: 1024
	Read: 46
23:02:28.649 [Communicator] TRACE M.FillShellProtocol.FillShellRequest - RegisterRequest decode
	setting playerID
	Write: 1024
	Read: 50
23:02:28.693 [GunpowderManagerDoer] DEBUG Conversation.Conversation - Conversation sendMessageTo
	 message added to communicator output queue
23:02:28.693 [GunpowderManagerDoer] DEBUG G.GunpowderManagerFillConversation - GunpowderManagerreplyFillConversation sendReply
	sent fill reply
