17:01:48.886 [JavaFX Application Thread] INFO  TanksCommon.Doer.ClientDoer - BackgroundThread Start: 
	Thread Started
17:01:50.987 [ClientDoer] INFO  TanksCommon.Doer.ClientDoer - TanksCommon.Doer.ClientDoerrun:
	 Got Task from taskqueue
17:01:52.190 [ClientDoer] INFO  TanksCommon.Doer.ClientDoer - TanksCommon.Doer.ClientDoerrun:
	 Got Task from taskqueue
17:01:58.394 [ClientDoer] INFO  TanksCommon.Doer.ClientDoer - TanksCommon.Doer.ClientDoerrun:
	 Got Task from taskqueue
17:02:00.846 [ClientDoer] INFO  TanksCommon.Doer.ClientDoer - TanksCommon.Doer.ClientDoerrun:
	 Got Task from taskqueue
17:02:00.996 [ClientDoer] INFO  TanksCommon.Doer.ClientDoer - TanksCommon.Doer.ClientDoerrun:
	 Got Task from taskqueue
17:02:01.146 [ClientDoer] INFO  TanksCommon.Doer.ClientDoer - TanksCommon.Doer.ClientDoerrun:
	 Got Task from taskqueue
17:02:01.646 [ClientDoer] INFO  TanksCommon.Doer.ClientDoer - TanksCommon.Doer.ClientDoerrun:
	 Got Task from taskqueue
17:02:01.796 [ClientDoer] INFO  TanksCommon.Doer.ClientDoer - TanksCommon.Doer.ClientDoerrun:
	 Got Task from taskqueue
17:02:02.046 [ClientDoer] INFO  TanksCommon.Doer.ClientDoer - TanksCommon.Doer.ClientDoerrun:
	 Got Task from taskqueue
17:02:02.196 [ClientDoer] INFO  TanksCommon.Doer.ClientDoer - TanksCommon.Doer.ClientDoerrun:
	 Got Task from taskqueue
17:02:02.347 [ClientDoer] INFO  TanksCommon.Doer.ClientDoer - TanksCommon.Doer.ClientDoerrun:
	 Got Task from taskqueue
17:02:03.197 [ClientDoer] INFO  TanksCommon.Doer.ClientDoer - TanksCommon.Doer.ClientDoerrun:
	 Got Task from taskqueue
17:02:07.660 [JavaFX Application Thread] INFO  TanksCommon.Doer.ClientDoer - BackgroundThread Stop:
	 Stopping Thread
17:02:08.661 [JavaFX Application Thread] INFO  TanksCommon.Doer.ClientDoer - BackgroundThread Stop:
	 Thread Stopped
