17:16:22.194 [JavaFX Application Thread] INFO  TanksCommon.Doer.ClientDoer - BackgroundThread Start: 
	Thread Started
17:16:48.361 [ClientDoer] INFO  TanksCommon.Doer.ClientDoer - TanksCommon.Doer.ClientDoerrun:
	 Got Task from taskqueue
17:16:48.663 [ClientDoer] INFO  TanksCommon.Doer.ClientDoer - TanksCommon.Doer.ClientDoerrun:
	 Got envelope from communicator inputqueue
17:16:54.968 [ClientDoer] INFO  TanksCommon.Doer.ClientDoer - TanksCommon.Doer.ClientDoerrun:
	 Got Task from taskqueue
17:16:55.218 [ClientDoer] INFO  TanksCommon.Doer.ClientDoer - TanksCommon.Doer.ClientDoerrun:
	 Got envelope from communicator inputqueue
17:17:06.225 [ClientDoer] INFO  TanksCommon.Doer.ClientDoer - TanksCommon.Doer.ClientDoerrun:
	 Got Task from taskqueue
17:17:06.475 [ClientDoer] INFO  TanksCommon.Doer.ClientDoer - TanksCommon.Doer.ClientDoerrun:
	 Got envelope from communicator inputqueue
17:17:07.926 [ClientDoer] INFO  TanksCommon.Doer.ClientDoer - TanksCommon.Doer.ClientDoerrun:
	 Got Task from taskqueue
17:17:08.126 [ClientDoer] INFO  TanksCommon.Doer.ClientDoer - TanksCommon.Doer.ClientDoerrun:
	 Got envelope from communicator inputqueue
17:17:08.827 [ClientDoer] INFO  TanksCommon.Doer.ClientDoer - TanksCommon.Doer.ClientDoerrun:
	 Got Task from taskqueue
17:17:09.077 [ClientDoer] INFO  TanksCommon.Doer.ClientDoer - TanksCommon.Doer.ClientDoerrun:
	 Got envelope from communicator inputqueue
17:17:11.829 [ClientDoer] INFO  TanksCommon.Doer.ClientDoer - TanksCommon.Doer.ClientDoerrun:
	 Got Task from taskqueue
17:17:12.029 [ClientDoer] INFO  TanksCommon.Doer.ClientDoer - TanksCommon.Doer.ClientDoerrun:
	 Got envelope from communicator inputqueue
17:17:13.230 [ClientDoer] INFO  TanksCommon.Doer.ClientDoer - TanksCommon.Doer.ClientDoerrun:
	 Got Task from taskqueue
17:17:13.480 [ClientDoer] INFO  TanksCommon.Doer.ClientDoer - TanksCommon.Doer.ClientDoerrun:
	 Got envelope from communicator inputqueue
17:17:13.780 [ClientDoer] INFO  TanksCommon.Doer.ClientDoer - TanksCommon.Doer.ClientDoerrun:
	 Got Task from taskqueue
17:17:14.030 [ClientDoer] INFO  TanksCommon.Doer.ClientDoer - TanksCommon.Doer.ClientDoerrun:
	 Got envelope from communicator inputqueue
17:17:14.030 [ClientDoer] INFO  TanksCommon.Doer.ClientDoer - TanksCommon.Doer.ClientDoerrun:
	 Got Task from taskqueue
17:17:14.180 [ClientDoer] INFO  TanksCommon.Doer.ClientDoer - TanksCommon.Doer.ClientDoerrun:
	 Got Task from taskqueue
17:17:14.280 [ClientDoer] INFO  TanksCommon.Doer.ClientDoer - TanksCommon.Doer.ClientDoerrun:
	 Got envelope from communicator inputqueue
17:17:14.330 [ClientDoer] INFO  TanksCommon.Doer.ClientDoer - TanksCommon.Doer.ClientDoerrun:
	 Got envelope from communicator inputqueue
17:17:14.330 [ClientDoer] INFO  TanksCommon.Doer.ClientDoer - TanksCommon.Doer.ClientDoerrun:
	 Got Task from taskqueue
17:17:14.480 [ClientDoer] INFO  TanksCommon.Doer.ClientDoer - TanksCommon.Doer.ClientDoerrun:
	 Got Task from taskqueue
17:17:14.581 [ClientDoer] INFO  TanksCommon.Doer.ClientDoer - TanksCommon.Doer.ClientDoerrun:
	 Got envelope from communicator inputqueue
17:17:14.631 [ClientDoer] INFO  TanksCommon.Doer.ClientDoer - TanksCommon.Doer.ClientDoerrun:
	 Got envelope from communicator inputqueue
17:17:14.631 [ClientDoer] INFO  TanksCommon.Doer.ClientDoer - TanksCommon.Doer.ClientDoerrun:
	 Got Task from taskqueue
17:17:14.781 [ClientDoer] INFO  TanksCommon.Doer.ClientDoer - TanksCommon.Doer.ClientDoerrun:
	 Got Task from taskqueue
17:17:14.881 [ClientDoer] INFO  TanksCommon.Doer.ClientDoer - TanksCommon.Doer.ClientDoerrun:
	 Got envelope from communicator inputqueue
17:17:14.931 [ClientDoer] INFO  TanksCommon.Doer.ClientDoer - TanksCommon.Doer.ClientDoerrun:
	 Got envelope from communicator inputqueue
17:17:14.931 [ClientDoer] INFO  TanksCommon.Doer.ClientDoer - TanksCommon.Doer.ClientDoerrun:
	 Got Task from taskqueue
17:17:15.131 [ClientDoer] INFO  TanksCommon.Doer.ClientDoer - TanksCommon.Doer.ClientDoerrun:
	 Got Task from taskqueue
17:17:15.181 [ClientDoer] INFO  TanksCommon.Doer.ClientDoer - TanksCommon.Doer.ClientDoerrun:
	 Got envelope from communicator inputqueue
17:17:15.281 [ClientDoer] INFO  TanksCommon.Doer.ClientDoer - TanksCommon.Doer.ClientDoerrun:
	 Got Task from taskqueue
17:17:15.331 [ClientDoer] INFO  TanksCommon.Doer.ClientDoer - TanksCommon.Doer.ClientDoerrun:
	 Got envelope from communicator inputqueue
17:17:15.431 [ClientDoer] INFO  TanksCommon.Doer.ClientDoer - TanksCommon.Doer.ClientDoerrun:
	 Got Task from taskqueue
17:17:15.481 [ClientDoer] INFO  TanksCommon.Doer.ClientDoer - TanksCommon.Doer.ClientDoerrun:
	 Got envelope from communicator inputqueue
17:17:15.581 [ClientDoer] INFO  TanksCommon.Doer.ClientDoer - TanksCommon.Doer.ClientDoerrun:
	 Got Task from taskqueue
17:17:15.631 [ClientDoer] INFO  TanksCommon.Doer.ClientDoer - TanksCommon.Doer.ClientDoerrun:
	 Got envelope from communicator inputqueue
17:17:15.731 [ClientDoer] INFO  TanksCommon.Doer.ClientDoer - TanksCommon.Doer.ClientDoerrun:
	 Got Task from taskqueue
17:17:15.781 [ClientDoer] INFO  TanksCommon.Doer.ClientDoer - TanksCommon.Doer.ClientDoerrun:
	 Got envelope from communicator inputqueue
17:17:15.931 [ClientDoer] INFO  TanksCommon.Doer.ClientDoer - TanksCommon.Doer.ClientDoerrun:
	 Got envelope from communicator inputqueue
17:20:26.668 [JavaFX Application Thread] INFO  TanksCommon.Doer.ClientDoer - BackgroundThread Stop:
	 Stopping Thread
17:20:27.669 [JavaFX Application Thread] INFO  TanksCommon.Doer.ClientDoer - BackgroundThread Stop:
	 Thread Stopped
