15:19:07.792 [JavaFX Application Thread] DEBUG TanksCommon.Communicator1 - Communicator constructor:
	 communicator created
15:19:07.793 [JavaFX Application Thread] INFO  TanksCommon.Communicator1 - Communicator initializeSocket:
	 Socket initialized
15:19:07.800 [JavaFX Application Thread] DEBUG TanksCommon.Communicator1 - BackgroundThread Start: 
	Thread Started
15:19:07.801 [Communicator] DEBUG TanksCommon.Communicator1 - Communicator run:
	 at beginning of run
15:19:07.802 [Communicator] DEBUG TanksCommon.Communicator1 - getMessage:
	 starting to try to get message
15:19:07.855 [Communicator] DEBUG TanksCommon.Communicator1 - getMessage socket timed out:
	 SocketTimeoutException
15:19:07.905 [Communicator] DEBUG TanksCommon.Communicator1 - Communicator run:
	 at beginning of run
15:19:07.905 [Communicator] DEBUG TanksCommon.Communicator1 - getMessage:
	 starting to try to get message
15:19:07.955 [Communicator] DEBUG TanksCommon.Communicator1 - getMessage socket timed out:
	 SocketTimeoutException
15:19:08.005 [Communicator] DEBUG TanksCommon.Communicator1 - Communicator run:
	 at beginning of run
15:19:08.005 [Communicator] DEBUG TanksCommon.Communicator1 - getMessage:
	 starting to try to get message
15:19:08.055 [Communicator] DEBUG TanksCommon.Communicator1 - getMessage socket timed out:
	 SocketTimeoutException
15:19:08.106 [Communicator] DEBUG TanksCommon.Communicator1 - Communicator run:
	 at beginning of run
15:19:08.107 [Communicator] DEBUG TanksCommon.Communicator1 - getMessage:
	 starting to try to get message
15:19:08.157 [Communicator] DEBUG TanksCommon.Communicator1 - getMessage socket timed out:
	 SocketTimeoutException
15:19:08.207 [Communicator] DEBUG TanksCommon.Communicator1 - Communicator run:
	 at beginning of run
15:19:08.207 [Communicator] DEBUG TanksCommon.Communicator1 - getMessage:
	 starting to try to get message
15:19:08.257 [Communicator] DEBUG TanksCommon.Communicator1 - getMessage socket timed out:
	 SocketTimeoutException
15:19:08.307 [Communicator] DEBUG TanksCommon.Communicator1 - Communicator run:
	 at beginning of run
15:19:08.307 [Communicator] DEBUG TanksCommon.Communicator1 - getMessage:
	 starting to try to get message
15:19:08.357 [Communicator] DEBUG TanksCommon.Communicator1 - getMessage socket timed out:
	 SocketTimeoutException
15:19:08.407 [Communicator] DEBUG TanksCommon.Communicator1 - Communicator run:
	 at beginning of run
15:19:08.407 [Communicator] DEBUG TanksCommon.Communicator1 - getMessage:
	 starting to try to get message
15:19:08.461 [Communicator] DEBUG TanksCommon.Communicator1 - getMessage socket timed out:
	 SocketTimeoutException
15:19:08.511 [Communicator] DEBUG TanksCommon.Communicator1 - Communicator run:
	 at beginning of run
15:19:08.511 [Communicator] DEBUG TanksCommon.Communicator1 - getMessage:
	 starting to try to get message
15:19:08.561 [Communicator] DEBUG TanksCommon.Communicator1 - getMessage socket timed out:
	 SocketTimeoutException
15:19:08.611 [Communicator] DEBUG TanksCommon.Communicator1 - Communicator run:
	 at beginning of run
15:19:08.611 [Communicator] DEBUG TanksCommon.Communicator1 - getMessage:
	 starting to try to get message
15:19:08.661 [Communicator] DEBUG TanksCommon.Communicator1 - getMessage socket timed out:
	 SocketTimeoutException
15:19:08.711 [Communicator] DEBUG TanksCommon.Communicator1 - Communicator run:
	 at beginning of run
15:19:08.711 [Communicator] DEBUG TanksCommon.Communicator1 - getMessage:
	 starting to try to get message
15:19:08.761 [Communicator] DEBUG TanksCommon.Communicator1 - getMessage socket timed out:
	 SocketTimeoutException
15:19:08.811 [Communicator] DEBUG TanksCommon.Communicator1 - Communicator run:
	 at beginning of run
15:19:08.811 [Communicator] DEBUG TanksCommon.Communicator1 - getMessage:
	 starting to try to get message
15:19:08.861 [Communicator] DEBUG TanksCommon.Communicator1 - getMessage socket timed out:
	 SocketTimeoutException
15:19:08.911 [Communicator] DEBUG TanksCommon.Communicator1 - Communicator run:
	 at beginning of run
15:19:08.911 [Communicator] DEBUG TanksCommon.Communicator1 - getMessage:
	 starting to try to get message
15:19:08.961 [Communicator] DEBUG TanksCommon.Communicator1 - getMessage socket timed out:
	 SocketTimeoutException
15:19:09.011 [Communicator] DEBUG TanksCommon.Communicator1 - Communicator run:
	 at beginning of run
15:19:09.011 [Communicator] DEBUG TanksCommon.Communicator1 - getMessage:
	 starting to try to get message
15:19:09.061 [Communicator] DEBUG TanksCommon.Communicator1 - getMessage socket timed out:
	 SocketTimeoutException
15:19:09.111 [Communicator] DEBUG TanksCommon.Communicator1 - Communicator run:
	 at beginning of run
15:19:09.111 [Communicator] DEBUG TanksCommon.Communicator1 - getMessage:
	 starting to try to get message
15:19:09.161 [Communicator] DEBUG TanksCommon.Communicator1 - getMessage socket timed out:
	 SocketTimeoutException
15:19:09.211 [Communicator] DEBUG TanksCommon.Communicator1 - Communicator run:
	 at beginning of run
15:19:09.211 [Communicator] DEBUG TanksCommon.Communicator1 - getMessage:
	 starting to try to get message
15:19:09.261 [Communicator] DEBUG TanksCommon.Communicator1 - getMessage socket timed out:
	 SocketTimeoutException
15:19:09.311 [Communicator] DEBUG TanksCommon.Communicator1 - Communicator run:
	 at beginning of run
15:19:09.311 [Communicator] DEBUG TanksCommon.Communicator1 - getMessage:
	 starting to try to get message
15:19:09.361 [Communicator] DEBUG TanksCommon.Communicator1 - getMessage socket timed out:
	 SocketTimeoutException
15:19:09.411 [Communicator] DEBUG TanksCommon.Communicator1 - Communicator run:
	 at beginning of run
15:19:09.411 [Communicator] DEBUG TanksCommon.Communicator1 - getMessage:
	 starting to try to get message
15:19:09.461 [Communicator] DEBUG TanksCommon.Communicator1 - getMessage socket timed out:
	 SocketTimeoutException
15:19:09.511 [Communicator] DEBUG TanksCommon.Communicator1 - Communicator run:
	 at beginning of run
15:19:09.511 [Communicator] DEBUG TanksCommon.Communicator1 - getMessage:
	 starting to try to get message
15:19:09.561 [Communicator] DEBUG TanksCommon.Communicator1 - getMessage socket timed out:
	 SocketTimeoutException
15:19:09.611 [Communicator] DEBUG TanksCommon.Communicator1 - Communicator run:
	 at beginning of run
15:19:09.611 [Communicator] DEBUG TanksCommon.Communicator1 - getMessage:
	 starting to try to get message
15:19:09.661 [Communicator] DEBUG TanksCommon.Communicator1 - getMessage socket timed out:
	 SocketTimeoutException
15:19:09.711 [Communicator] DEBUG TanksCommon.Communicator1 - Communicator run:
	 at beginning of run
15:19:09.711 [Communicator] DEBUG TanksCommon.Communicator1 - getMessage:
	 starting to try to get message
15:19:09.761 [Communicator] DEBUG TanksCommon.Communicator1 - getMessage socket timed out:
	 SocketTimeoutException
15:19:09.811 [Communicator] DEBUG TanksCommon.Communicator1 - Communicator run:
	 at beginning of run
15:19:09.811 [Communicator] DEBUG TanksCommon.Communicator1 - getMessage:
	 starting to try to get message
15:19:09.861 [Communicator] DEBUG TanksCommon.Communicator1 - getMessage socket timed out:
	 SocketTimeoutException
15:19:09.911 [Communicator] DEBUG TanksCommon.Communicator1 - Communicator run:
	 at beginning of run
15:19:09.911 [Communicator] DEBUG TanksCommon.Communicator1 - getMessage:
	 starting to try to get message
15:19:09.961 [Communicator] DEBUG TanksCommon.Communicator1 - getMessage socket timed out:
	 SocketTimeoutException
15:19:10.011 [Communicator] DEBUG TanksCommon.Communicator1 - Communicator run:
	 at beginning of run
15:19:10.011 [Communicator] DEBUG TanksCommon.Communicator1 - getMessage:
	 starting to try to get message
15:19:10.061 [Communicator] DEBUG TanksCommon.Communicator1 - getMessage socket timed out:
	 SocketTimeoutException
15:19:10.111 [Communicator] DEBUG TanksCommon.Communicator1 - Communicator run:
	 at beginning of run
15:19:10.111 [Communicator] DEBUG TanksCommon.Communicator1 - getMessage:
	 starting to try to get message
15:19:10.161 [Communicator] DEBUG TanksCommon.Communicator1 - getMessage socket timed out:
	 SocketTimeoutException
15:19:10.211 [Communicator] DEBUG TanksCommon.Communicator1 - Communicator run:
	 at beginning of run
15:19:10.211 [Communicator] DEBUG TanksCommon.Communicator1 - getMessage:
	 starting to try to get message
15:19:10.261 [Communicator] DEBUG TanksCommon.Communicator1 - getMessage socket timed out:
	 SocketTimeoutException
15:19:10.311 [Communicator] DEBUG TanksCommon.Communicator1 - Communicator run:
	 at beginning of run
15:19:10.311 [Communicator] DEBUG TanksCommon.Communicator1 - getMessage:
	 starting to try to get message
15:19:10.361 [Communicator] DEBUG TanksCommon.Communicator1 - getMessage socket timed out:
	 SocketTimeoutException
15:19:10.411 [Communicator] DEBUG TanksCommon.Communicator1 - Communicator run:
	 at beginning of run
15:19:10.411 [Communicator] DEBUG TanksCommon.Communicator1 - getMessage:
	 starting to try to get message
15:19:10.461 [Communicator] DEBUG TanksCommon.Communicator1 - getMessage socket timed out:
	 SocketTimeoutException
15:19:10.511 [Communicator] DEBUG TanksCommon.Communicator1 - Communicator run:
	 at beginning of run
15:19:10.511 [Communicator] DEBUG TanksCommon.Communicator1 - getMessage:
	 starting to try to get message
15:19:10.561 [Communicator] DEBUG TanksCommon.Communicator1 - getMessage socket timed out:
	 SocketTimeoutException
15:19:10.611 [Communicator] DEBUG TanksCommon.Communicator1 - Communicator run:
	 at beginning of run
15:19:10.611 [Communicator] DEBUG TanksCommon.Communicator1 - getMessage:
	 starting to try to get message
15:19:10.661 [Communicator] DEBUG TanksCommon.Communicator1 - getMessage socket timed out:
	 SocketTimeoutException
15:19:10.711 [Communicator] DEBUG TanksCommon.Communicator1 - Communicator run:
	 at beginning of run
15:19:10.711 [Communicator] DEBUG TanksCommon.Communicator1 - getMessage:
	 starting to try to get message
15:19:10.761 [Communicator] DEBUG TanksCommon.Communicator1 - getMessage socket timed out:
	 SocketTimeoutException
15:19:10.811 [Communicator] DEBUG TanksCommon.Communicator1 - Communicator run:
	 at beginning of run
15:19:10.811 [Communicator] DEBUG TanksCommon.Communicator1 - getMessage:
	 starting to try to get message
15:19:10.861 [Communicator] DEBUG TanksCommon.Communicator1 - getMessage socket timed out:
	 SocketTimeoutException
15:19:10.911 [Communicator] DEBUG TanksCommon.Communicator1 - Communicator run:
	 at beginning of run
15:19:10.911 [Communicator] DEBUG TanksCommon.Communicator1 - getMessage:
	 starting to try to get message
15:19:10.961 [Communicator] DEBUG TanksCommon.Communicator1 - getMessage socket timed out:
	 SocketTimeoutException
15:19:11.011 [Communicator] DEBUG TanksCommon.Communicator1 - Communicator run:
	 at beginning of run
15:19:11.011 [Communicator] DEBUG TanksCommon.Communicator1 - getMessage:
	 starting to try to get message
15:19:11.061 [Communicator] DEBUG TanksCommon.Communicator1 - getMessage socket timed out:
	 SocketTimeoutException
15:19:11.111 [Communicator] DEBUG TanksCommon.Communicator1 - Communicator run:
	 at beginning of run
15:19:11.111 [Communicator] DEBUG TanksCommon.Communicator1 - getMessage:
	 starting to try to get message
15:19:11.161 [Communicator] DEBUG TanksCommon.Communicator1 - getMessage socket timed out:
	 SocketTimeoutException
15:19:11.211 [Communicator] DEBUG TanksCommon.Communicator1 - Communicator run:
	 at beginning of run
15:19:11.211 [Communicator] DEBUG TanksCommon.Communicator1 - getMessage:
	 starting to try to get message
15:19:11.261 [Communicator] DEBUG TanksCommon.Communicator1 - getMessage socket timed out:
	 SocketTimeoutException
15:19:11.311 [Communicator] DEBUG TanksCommon.Communicator1 - Communicator run:
	 at beginning of run
15:19:11.311 [Communicator] DEBUG TanksCommon.Communicator1 - getMessage:
	 starting to try to get message
15:19:11.361 [Communicator] DEBUG TanksCommon.Communicator1 - getMessage socket timed out:
	 SocketTimeoutException
15:19:11.411 [Communicator] DEBUG TanksCommon.Communicator1 - Communicator run:
	 at beginning of run
15:19:11.411 [Communicator] DEBUG TanksCommon.Communicator1 - getMessage:
	 starting to try to get message
15:19:11.461 [Communicator] DEBUG TanksCommon.Communicator1 - getMessage socket timed out:
	 SocketTimeoutException
15:19:11.511 [Communicator] DEBUG TanksCommon.Communicator1 - Communicator run:
	 at beginning of run
15:19:11.511 [Communicator] DEBUG TanksCommon.Communicator1 - getMessage:
	 starting to try to get message
15:19:11.561 [Communicator] DEBUG TanksCommon.Communicator1 - getMessage socket timed out:
	 SocketTimeoutException
15:19:11.611 [Communicator] DEBUG TanksCommon.Communicator1 - Communicator run:
	 at beginning of run
15:19:11.611 [Communicator] DEBUG TanksCommon.Communicator1 - getMessage:
	 starting to try to get message
15:19:11.661 [Communicator] DEBUG TanksCommon.Communicator1 - getMessage socket timed out:
	 SocketTimeoutException
15:19:11.711 [Communicator] DEBUG TanksCommon.Communicator1 - Communicator run:
	 at beginning of run
15:19:11.711 [Communicator] DEBUG TanksCommon.Communicator1 - getMessage:
	 starting to try to get message
15:19:11.761 [Communicator] DEBUG TanksCommon.Communicator1 - getMessage socket timed out:
	 SocketTimeoutException
15:19:11.811 [Communicator] DEBUG TanksCommon.Communicator1 - Communicator run:
	 at beginning of run
15:19:11.811 [Communicator] DEBUG TanksCommon.Communicator1 - getMessage:
	 starting to try to get message
15:19:11.861 [Communicator] DEBUG TanksCommon.Communicator1 - getMessage socket timed out:
	 SocketTimeoutException
15:19:11.911 [Communicator] DEBUG TanksCommon.Communicator1 - Communicator run:
	 at beginning of run
15:19:11.911 [Communicator] DEBUG TanksCommon.Communicator1 - getMessage:
	 starting to try to get message
15:19:11.961 [Communicator] DEBUG TanksCommon.Communicator1 - getMessage socket timed out:
	 SocketTimeoutException
15:19:12.011 [Communicator] DEBUG TanksCommon.Communicator1 - Communicator run:
	 at beginning of run
15:19:12.011 [Communicator] DEBUG TanksCommon.Communicator1 - getMessage:
	 starting to try to get message
15:19:12.061 [Communicator] DEBUG TanksCommon.Communicator1 - getMessage socket timed out:
	 SocketTimeoutException
15:19:12.111 [Communicator] DEBUG TanksCommon.Communicator1 - Communicator run:
	 at beginning of run
15:19:12.111 [Communicator] DEBUG TanksCommon.Communicator1 - getMessage:
	 starting to try to get message
15:19:12.161 [Communicator] DEBUG TanksCommon.Communicator1 - getMessage socket timed out:
	 SocketTimeoutException
15:19:12.211 [Communicator] DEBUG TanksCommon.Communicator1 - Communicator run:
	 at beginning of run
15:19:12.211 [Communicator] DEBUG TanksCommon.Communicator1 - getMessage:
	 starting to try to get message
15:19:12.261 [Communicator] DEBUG TanksCommon.Communicator1 - getMessage socket timed out:
	 SocketTimeoutException
15:19:12.311 [Communicator] DEBUG TanksCommon.Communicator1 - Communicator run:
	 at beginning of run
15:19:12.311 [Communicator] DEBUG TanksCommon.Communicator1 - getMessage:
	 starting to try to get message
15:19:12.361 [Communicator] DEBUG TanksCommon.Communicator1 - getMessage socket timed out:
	 SocketTimeoutException
15:19:12.411 [Communicator] DEBUG TanksCommon.Communicator1 - Communicator run:
	 at beginning of run
15:19:12.411 [Communicator] DEBUG TanksCommon.Communicator1 - getMessage:
	 starting to try to get message
15:19:12.461 [Communicator] DEBUG TanksCommon.Communicator1 - getMessage socket timed out:
	 SocketTimeoutException
15:19:12.511 [Communicator] DEBUG TanksCommon.Communicator1 - Communicator run:
	 at beginning of run
15:19:12.511 [Communicator] DEBUG TanksCommon.Communicator1 - getMessage:
	 starting to try to get message
15:19:12.561 [Communicator] DEBUG TanksCommon.Communicator1 - getMessage socket timed out:
	 SocketTimeoutException
15:19:12.611 [Communicator] DEBUG TanksCommon.Communicator1 - Communicator run:
	 at beginning of run
15:19:12.611 [Communicator] DEBUG TanksCommon.Communicator1 - getMessage:
	 starting to try to get message
15:19:12.661 [Communicator] DEBUG TanksCommon.Communicator1 - getMessage socket timed out:
	 SocketTimeoutException
15:19:12.711 [Communicator] DEBUG TanksCommon.Communicator1 - Communicator run:
	 at beginning of run
15:19:12.711 [Communicator] DEBUG TanksCommon.Communicator1 - getMessage:
	 starting to try to get message
15:19:12.761 [Communicator] DEBUG TanksCommon.Communicator1 - getMessage socket timed out:
	 SocketTimeoutException
15:19:12.811 [Communicator] DEBUG TanksCommon.Communicator1 - Communicator run:
	 at beginning of run
15:19:12.811 [Communicator] DEBUG TanksCommon.Communicator1 - getMessage:
	 starting to try to get message
15:19:12.861 [Communicator] DEBUG TanksCommon.Communicator1 - getMessage socket timed out:
	 SocketTimeoutException
15:19:12.911 [Communicator] DEBUG TanksCommon.Communicator1 - Communicator run:
	 at beginning of run
15:19:12.911 [Communicator] DEBUG TanksCommon.Communicator1 - getMessage:
	 starting to try to get message
15:19:12.961 [Communicator] DEBUG TanksCommon.Communicator1 - getMessage socket timed out:
	 SocketTimeoutException
15:19:13.011 [Communicator] DEBUG TanksCommon.Communicator1 - Communicator run:
	 at beginning of run
15:19:13.011 [Communicator] DEBUG TanksCommon.Communicator1 - getMessage:
	 starting to try to get message
15:19:13.061 [Communicator] DEBUG TanksCommon.Communicator1 - getMessage socket timed out:
	 SocketTimeoutException
15:19:13.111 [Communicator] DEBUG TanksCommon.Communicator1 - Communicator run:
	 at beginning of run
15:19:13.111 [Communicator] DEBUG TanksCommon.Communicator1 - getMessage:
	 starting to try to get message
15:19:13.161 [Communicator] DEBUG TanksCommon.Communicator1 - getMessage socket timed out:
	 SocketTimeoutException
15:19:13.211 [Communicator] DEBUG TanksCommon.Communicator1 - Communicator run:
	 at beginning of run
15:19:13.211 [Communicator] DEBUG TanksCommon.Communicator1 - getMessage:
	 starting to try to get message
15:19:13.261 [Communicator] DEBUG TanksCommon.Communicator1 - getMessage socket timed out:
	 SocketTimeoutException
15:19:13.311 [Communicator] DEBUG TanksCommon.Communicator1 - Communicator run:
	 at beginning of run
15:19:13.311 [Communicator] DEBUG TanksCommon.Communicator1 - getMessage:
	 starting to try to get message
15:19:13.361 [Communicator] DEBUG TanksCommon.Communicator1 - getMessage socket timed out:
	 SocketTimeoutException
15:19:13.411 [Communicator] DEBUG TanksCommon.Communicator1 - Communicator run:
	 at beginning of run
15:19:13.411 [Communicator] DEBUG TanksCommon.Communicator1 - getMessage:
	 starting to try to get message
15:19:13.461 [Communicator] DEBUG TanksCommon.Communicator1 - getMessage socket timed out:
	 SocketTimeoutException
15:19:13.511 [Communicator] DEBUG TanksCommon.Communicator1 - Communicator run:
	 at beginning of run
15:19:13.511 [Communicator] DEBUG TanksCommon.Communicator1 - getMessage:
	 starting to try to get message
15:19:13.561 [Communicator] DEBUG TanksCommon.Communicator1 - getMessage socket timed out:
	 SocketTimeoutException
15:19:13.611 [Communicator] DEBUG TanksCommon.Communicator1 - Communicator run:
	 at beginning of run
15:19:13.611 [Communicator] DEBUG TanksCommon.Communicator1 - getMessage:
	 starting to try to get message
15:19:13.661 [Communicator] DEBUG TanksCommon.Communicator1 - getMessage socket timed out:
	 SocketTimeoutException
15:19:13.711 [Communicator] DEBUG TanksCommon.Communicator1 - Communicator run:
	 at beginning of run
15:19:13.711 [Communicator] DEBUG TanksCommon.Communicator1 - getMessage:
	 starting to try to get message
15:19:13.761 [Communicator] DEBUG TanksCommon.Communicator1 - getMessage socket timed out:
	 SocketTimeoutException
15:19:13.811 [Communicator] DEBUG TanksCommon.Communicator1 - Communicator run:
	 at beginning of run
15:19:13.811 [Communicator] DEBUG TanksCommon.Communicator1 - getMessage:
	 starting to try to get message
15:19:13.861 [Communicator] DEBUG TanksCommon.Communicator1 - getMessage socket timed out:
	 SocketTimeoutException
15:19:13.911 [Communicator] DEBUG TanksCommon.Communicator1 - Communicator run:
	 at beginning of run
15:19:13.911 [Communicator] DEBUG TanksCommon.Communicator1 - getMessage:
	 starting to try to get message
15:19:13.961 [Communicator] DEBUG TanksCommon.Communicator1 - getMessage socket timed out:
	 SocketTimeoutException
15:19:14.011 [Communicator] DEBUG TanksCommon.Communicator1 - Communicator run:
	 at beginning of run
15:19:14.011 [Communicator] DEBUG TanksCommon.Communicator1 - getMessage:
	 starting to try to get message
15:19:14.061 [Communicator] DEBUG TanksCommon.Communicator1 - getMessage socket timed out:
	 SocketTimeoutException
15:19:14.111 [Communicator] DEBUG TanksCommon.Communicator1 - Communicator run:
	 at beginning of run
15:19:14.111 [Communicator] DEBUG TanksCommon.Communicator1 - getMessage:
	 starting to try to get message
15:19:14.161 [Communicator] DEBUG TanksCommon.Communicator1 - getMessage socket timed out:
	 SocketTimeoutException
15:19:14.211 [Communicator] DEBUG TanksCommon.Communicator1 - Communicator run:
	 at beginning of run
15:19:14.211 [Communicator] DEBUG TanksCommon.Communicator1 - getMessage:
	 starting to try to get message
15:19:14.261 [Communicator] DEBUG TanksCommon.Communicator1 - getMessage socket timed out:
	 SocketTimeoutException
15:19:14.311 [Communicator] DEBUG TanksCommon.Communicator1 - Communicator run:
	 at beginning of run
15:19:14.311 [Communicator] DEBUG TanksCommon.Communicator1 - getMessage:
	 starting to try to get message
15:19:14.361 [Communicator] DEBUG TanksCommon.Communicator1 - getMessage socket timed out:
	 SocketTimeoutException
15:19:14.411 [Communicator] DEBUG TanksCommon.Communicator1 - Communicator run:
	 at beginning of run
15:19:14.411 [Communicator] DEBUG TanksCommon.Communicator1 - getMessage:
	 starting to try to get message
15:19:14.461 [Communicator] DEBUG TanksCommon.Communicator1 - getMessage socket timed out:
	 SocketTimeoutException
15:19:14.511 [Communicator] DEBUG TanksCommon.Communicator1 - Communicator run:
	 at beginning of run
15:19:14.511 [Communicator] DEBUG TanksCommon.Communicator1 - getMessage:
	 starting to try to get message
15:19:14.561 [Communicator] DEBUG TanksCommon.Communicator1 - getMessage socket timed out:
	 SocketTimeoutException
15:19:14.611 [Communicator] DEBUG TanksCommon.Communicator1 - Communicator run:
	 at beginning of run
15:19:14.611 [Communicator] DEBUG TanksCommon.Communicator1 - getMessage:
	 starting to try to get message
15:19:14.662 [Communicator] DEBUG TanksCommon.Communicator1 - getMessage socket timed out:
	 SocketTimeoutException
15:19:14.712 [Communicator] DEBUG TanksCommon.Communicator1 - Communicator run:
	 at beginning of run
15:19:14.712 [Communicator] DEBUG TanksCommon.Communicator1 - getMessage:
	 starting to try to get message
15:19:14.762 [Communicator] DEBUG TanksCommon.Communicator1 - getMessage socket timed out:
	 SocketTimeoutException
15:19:14.812 [Communicator] DEBUG TanksCommon.Communicator1 - Communicator run:
	 at beginning of run
15:19:14.812 [Communicator] DEBUG TanksCommon.Communicator1 - getMessage:
	 starting to try to get message
15:19:14.862 [Communicator] DEBUG TanksCommon.Communicator1 - getMessage socket timed out:
	 SocketTimeoutException
15:19:14.912 [Communicator] DEBUG TanksCommon.Communicator1 - Communicator run:
	 at beginning of run
15:19:14.912 [Communicator] DEBUG TanksCommon.Communicator1 - getMessage:
	 starting to try to get message
15:19:14.962 [Communicator] DEBUG TanksCommon.Communicator1 - getMessage socket timed out:
	 SocketTimeoutException
15:19:15.012 [Communicator] DEBUG TanksCommon.Communicator1 - Communicator run:
	 at beginning of run
15:19:15.012 [Communicator] DEBUG TanksCommon.Communicator1 - getMessage:
	 starting to try to get message
15:19:15.062 [Communicator] DEBUG TanksCommon.Communicator1 - getMessage socket timed out:
	 SocketTimeoutException
15:19:15.112 [Communicator] DEBUG TanksCommon.Communicator1 - Communicator run:
	 at beginning of run
15:19:15.112 [Communicator] DEBUG TanksCommon.Communicator1 - getMessage:
	 starting to try to get message
15:19:15.162 [Communicator] DEBUG TanksCommon.Communicator1 - getMessage socket timed out:
	 SocketTimeoutException
15:19:15.212 [Communicator] DEBUG TanksCommon.Communicator1 - Communicator run:
	 at beginning of run
15:19:15.212 [Communicator] DEBUG TanksCommon.Communicator1 - getMessage:
	 starting to try to get message
15:19:15.262 [Communicator] DEBUG TanksCommon.Communicator1 - getMessage socket timed out:
	 SocketTimeoutException
15:19:15.312 [Communicator] DEBUG TanksCommon.Communicator1 - Communicator run:
	 at beginning of run
15:19:15.312 [Communicator] DEBUG TanksCommon.Communicator1 - getMessage:
	 starting to try to get message
15:19:15.362 [Communicator] DEBUG TanksCommon.Communicator1 - getMessage socket timed out:
	 SocketTimeoutException
15:19:15.412 [Communicator] DEBUG TanksCommon.Communicator1 - Communicator run:
	 at beginning of run
15:19:15.412 [Communicator] DEBUG TanksCommon.Communicator1 - getMessage:
	 starting to try to get message
15:19:15.462 [Communicator] DEBUG TanksCommon.Communicator1 - getMessage socket timed out:
	 SocketTimeoutException
15:19:15.512 [Communicator] DEBUG TanksCommon.Communicator1 - Communicator run:
	 at beginning of run
15:19:15.512 [Communicator] DEBUG TanksCommon.Communicator1 - getMessage:
	 starting to try to get message
15:19:15.562 [Communicator] DEBUG TanksCommon.Communicator1 - getMessage socket timed out:
	 SocketTimeoutException
15:19:15.612 [Communicator] DEBUG TanksCommon.Communicator1 - Communicator run:
	 at beginning of run
15:19:15.612 [Communicator] DEBUG TanksCommon.Communicator1 - getMessage:
	 starting to try to get message
15:19:15.662 [Communicator] DEBUG TanksCommon.Communicator1 - getMessage socket timed out:
	 SocketTimeoutException
15:19:15.712 [Communicator] DEBUG TanksCommon.Communicator1 - Communicator run:
	 at beginning of run
15:19:15.712 [Communicator] DEBUG TanksCommon.Communicator1 - getMessage:
	 starting to try to get message
15:19:15.762 [Communicator] DEBUG TanksCommon.Communicator1 - getMessage socket timed out:
	 SocketTimeoutException
15:19:15.812 [Communicator] DEBUG TanksCommon.Communicator1 - Communicator run:
	 at beginning of run
15:19:15.812 [Communicator] DEBUG TanksCommon.Communicator1 - getMessage:
	 starting to try to get message
15:19:15.862 [Communicator] DEBUG TanksCommon.Communicator1 - getMessage socket timed out:
	 SocketTimeoutException
15:19:15.912 [Communicator] DEBUG TanksCommon.Communicator1 - Communicator run:
	 at beginning of run
15:19:15.912 [Communicator] DEBUG TanksCommon.Communicator1 - getMessage:
	 starting to try to get message
15:19:15.962 [Communicator] DEBUG TanksCommon.Communicator1 - getMessage socket timed out:
	 SocketTimeoutException
15:19:16.012 [Communicator] DEBUG TanksCommon.Communicator1 - Communicator run:
	 at beginning of run
15:19:16.012 [Communicator] DEBUG TanksCommon.Communicator1 - getMessage:
	 starting to try to get message
15:19:16.062 [Communicator] DEBUG TanksCommon.Communicator1 - getMessage socket timed out:
	 SocketTimeoutException
15:19:16.112 [Communicator] DEBUG TanksCommon.Communicator1 - Communicator run:
	 at beginning of run
15:19:16.112 [Communicator] DEBUG TanksCommon.Communicator1 - getMessage:
	 starting to try to get message
15:19:16.162 [Communicator] DEBUG TanksCommon.Communicator1 - getMessage socket timed out:
	 SocketTimeoutException
15:19:16.212 [Communicator] DEBUG TanksCommon.Communicator1 - Communicator run:
	 at beginning of run
15:19:16.212 [Communicator] DEBUG TanksCommon.Communicator1 - getMessage:
	 starting to try to get message
15:19:16.262 [Communicator] DEBUG TanksCommon.Communicator1 - getMessage socket timed out:
	 SocketTimeoutException
15:19:16.312 [Communicator] DEBUG TanksCommon.Communicator1 - Communicator run:
	 at beginning of run
15:19:16.312 [Communicator] DEBUG TanksCommon.Communicator1 - getMessage:
	 starting to try to get message
15:19:16.362 [Communicator] DEBUG TanksCommon.Communicator1 - getMessage socket timed out:
	 SocketTimeoutException
15:19:16.412 [Communicator] DEBUG TanksCommon.Communicator1 - Communicator run:
	 at beginning of run
15:19:16.412 [Communicator] DEBUG TanksCommon.Communicator1 - getMessage:
	 starting to try to get message
15:19:16.462 [Communicator] DEBUG TanksCommon.Communicator1 - getMessage socket timed out:
	 SocketTimeoutException
15:19:16.512 [Communicator] DEBUG TanksCommon.Communicator1 - Communicator run:
	 at beginning of run
15:19:16.512 [Communicator] DEBUG TanksCommon.Communicator1 - getMessage:
	 starting to try to get message
15:19:16.562 [Communicator] DEBUG TanksCommon.Communicator1 - getMessage socket timed out:
	 SocketTimeoutException
15:19:16.612 [Communicator] DEBUG TanksCommon.Communicator1 - Communicator run:
	 at beginning of run
15:19:16.612 [Communicator] DEBUG TanksCommon.Communicator1 - getMessage:
	 starting to try to get message
15:19:16.662 [Communicator] DEBUG TanksCommon.Communicator1 - getMessage socket timed out:
	 SocketTimeoutException
15:19:16.712 [Communicator] DEBUG TanksCommon.Communicator1 - Communicator run:
	 at beginning of run
15:19:16.712 [Communicator] DEBUG TanksCommon.Communicator1 - getMessage:
	 starting to try to get message
15:19:16.762 [Communicator] DEBUG TanksCommon.Communicator1 - getMessage socket timed out:
	 SocketTimeoutException
15:19:16.812 [Communicator] DEBUG TanksCommon.Communicator1 - Communicator run:
	 at beginning of run
15:19:16.812 [Communicator] DEBUG TanksCommon.Communicator1 - getMessage:
	 starting to try to get message
15:19:16.862 [Communicator] DEBUG TanksCommon.Communicator1 - getMessage socket timed out:
	 SocketTimeoutException
15:19:16.912 [Communicator] DEBUG TanksCommon.Communicator1 - Communicator run:
	 at beginning of run
15:19:16.912 [Communicator] DEBUG TanksCommon.Communicator1 - getMessage:
	 starting to try to get message
15:19:16.962 [Communicator] DEBUG TanksCommon.Communicator1 - getMessage socket timed out:
	 SocketTimeoutException
15:19:17.012 [Communicator] DEBUG TanksCommon.Communicator1 - Communicator run:
	 at beginning of run
15:19:17.012 [Communicator] DEBUG TanksCommon.Communicator1 - getMessage:
	 starting to try to get message
15:19:17.062 [Communicator] DEBUG TanksCommon.Communicator1 - getMessage socket timed out:
	 SocketTimeoutException
15:19:17.112 [Communicator] DEBUG TanksCommon.Communicator1 - Communicator run:
	 at beginning of run
15:19:17.112 [Communicator] DEBUG TanksCommon.Communicator1 - getMessage:
	 starting to try to get message
15:19:17.162 [Communicator] DEBUG TanksCommon.Communicator1 - getMessage socket timed out:
	 SocketTimeoutException
15:19:17.212 [Communicator] DEBUG TanksCommon.Communicator1 - Communicator run:
	 at beginning of run
15:19:17.212 [Communicator] DEBUG TanksCommon.Communicator1 - getMessage:
	 starting to try to get message
15:19:17.262 [Communicator] DEBUG TanksCommon.Communicator1 - getMessage socket timed out:
	 SocketTimeoutException
15:19:17.312 [Communicator] DEBUG TanksCommon.Communicator1 - Communicator run:
	 at beginning of run
15:19:17.312 [Communicator] DEBUG TanksCommon.Communicator1 - getMessage:
	 starting to try to get message
15:19:17.362 [Communicator] DEBUG TanksCommon.Communicator1 - getMessage socket timed out:
	 SocketTimeoutException
15:19:17.412 [Communicator] DEBUG TanksCommon.Communicator1 - Communicator run:
	 at beginning of run
15:19:17.412 [Communicator] DEBUG TanksCommon.Communicator1 - getMessage:
	 starting to try to get message
15:19:17.462 [Communicator] DEBUG TanksCommon.Communicator1 - getMessage socket timed out:
	 SocketTimeoutException
15:19:17.512 [Communicator] DEBUG TanksCommon.Communicator1 - Communicator run:
	 at beginning of run
15:19:17.512 [Communicator] DEBUG TanksCommon.Communicator1 - getMessage:
	 starting to try to get message
15:19:17.562 [Communicator] DEBUG TanksCommon.Communicator1 - getMessage socket timed out:
	 SocketTimeoutException
15:19:17.612 [Communicator] DEBUG TanksCommon.Communicator1 - Communicator run:
	 at beginning of run
15:19:17.612 [Communicator] DEBUG TanksCommon.Communicator1 - getMessage:
	 starting to try to get message
15:19:17.662 [Communicator] DEBUG TanksCommon.Communicator1 - getMessage socket timed out:
	 SocketTimeoutException
15:19:17.712 [Communicator] DEBUG TanksCommon.Communicator1 - Communicator run:
	 at beginning of run
15:19:17.712 [Communicator] DEBUG TanksCommon.Communicator1 - getMessage:
	 starting to try to get message
15:19:17.762 [Communicator] DEBUG TanksCommon.Communicator1 - getMessage socket timed out:
	 SocketTimeoutException
15:19:17.812 [Communicator] DEBUG TanksCommon.Communicator1 - Communicator run:
	 at beginning of run
15:19:17.812 [Communicator] DEBUG TanksCommon.Communicator1 - getMessage:
	 starting to try to get message
15:19:17.862 [Communicator] DEBUG TanksCommon.Communicator1 - getMessage socket timed out:
	 SocketTimeoutException
15:19:17.912 [Communicator] DEBUG TanksCommon.Communicator1 - Communicator run:
	 at beginning of run
15:19:17.912 [Communicator] DEBUG TanksCommon.Communicator1 - getMessage:
	 starting to try to get message
15:19:17.962 [Communicator] DEBUG TanksCommon.Communicator1 - getMessage socket timed out:
	 SocketTimeoutException
15:19:18.012 [Communicator] DEBUG TanksCommon.Communicator1 - Communicator run:
	 at beginning of run
15:19:18.012 [Communicator] DEBUG TanksCommon.Communicator1 - getMessage:
	 starting to try to get message
15:19:18.062 [Communicator] DEBUG TanksCommon.Communicator1 - getMessage socket timed out:
	 SocketTimeoutException
15:19:18.112 [Communicator] DEBUG TanksCommon.Communicator1 - Communicator run:
	 at beginning of run
15:19:18.112 [Communicator] DEBUG TanksCommon.Communicator1 - getMessage:
	 starting to try to get message
15:19:18.162 [Communicator] DEBUG TanksCommon.Communicator1 - getMessage socket timed out:
	 SocketTimeoutException
15:19:18.212 [Communicator] DEBUG TanksCommon.Communicator1 - Communicator run:
	 at beginning of run
15:19:18.212 [Communicator] DEBUG TanksCommon.Communicator1 - getMessage:
	 starting to try to get message
15:19:18.262 [Communicator] DEBUG TanksCommon.Communicator1 - getMessage socket timed out:
	 SocketTimeoutException
15:19:18.312 [Communicator] DEBUG TanksCommon.Communicator1 - Communicator run:
	 at beginning of run
15:19:18.312 [Communicator] DEBUG TanksCommon.Communicator1 - getMessage:
	 starting to try to get message
15:19:18.362 [Communicator] DEBUG TanksCommon.Communicator1 - getMessage socket timed out:
	 SocketTimeoutException
15:19:18.412 [Communicator] DEBUG TanksCommon.Communicator1 - Communicator run:
	 at beginning of run
15:19:18.412 [Communicator] DEBUG TanksCommon.Communicator1 - getMessage:
	 starting to try to get message
15:19:18.462 [Communicator] DEBUG TanksCommon.Communicator1 - getMessage socket timed out:
	 SocketTimeoutException
15:19:18.512 [Communicator] DEBUG TanksCommon.Communicator1 - Communicator run:
	 at beginning of run
15:19:18.512 [Communicator] DEBUG TanksCommon.Communicator1 - getMessage:
	 starting to try to get message
15:19:18.562 [Communicator] DEBUG TanksCommon.Communicator1 - getMessage socket timed out:
	 SocketTimeoutException
15:19:18.612 [Communicator] DEBUG TanksCommon.Communicator1 - Communicator run:
	 at beginning of run
15:19:18.612 [Communicator] DEBUG TanksCommon.Communicator1 - getMessage:
	 starting to try to get message
15:19:18.662 [Communicator] DEBUG TanksCommon.Communicator1 - getMessage socket timed out:
	 SocketTimeoutException
15:19:18.712 [Communicator] DEBUG TanksCommon.Communicator1 - Communicator run:
	 at beginning of run
15:19:18.712 [Communicator] DEBUG TanksCommon.Communicator1 - getMessage:
	 starting to try to get message
15:19:18.762 [Communicator] DEBUG TanksCommon.Communicator1 - getMessage socket timed out:
	 SocketTimeoutException
15:19:18.812 [Communicator] DEBUG TanksCommon.Communicator1 - Communicator run:
	 at beginning of run
15:19:18.812 [Communicator] DEBUG TanksCommon.Communicator1 - getMessage:
	 starting to try to get message
15:19:18.862 [Communicator] DEBUG TanksCommon.Communicator1 - getMessage socket timed out:
	 SocketTimeoutException
15:19:18.912 [Communicator] DEBUG TanksCommon.Communicator1 - Communicator run:
	 at beginning of run
15:19:18.912 [Communicator] DEBUG TanksCommon.Communicator1 - getMessage:
	 starting to try to get message
15:19:18.962 [Communicator] DEBUG TanksCommon.Communicator1 - getMessage socket timed out:
	 SocketTimeoutException
15:19:19.012 [Communicator] DEBUG TanksCommon.Communicator1 - Communicator run:
	 at beginning of run
15:19:19.012 [Communicator] DEBUG TanksCommon.Communicator1 - getMessage:
	 starting to try to get message
15:19:19.062 [Communicator] DEBUG TanksCommon.Communicator1 - getMessage socket timed out:
	 SocketTimeoutException
15:19:19.112 [Communicator] DEBUG TanksCommon.Communicator1 - Communicator run:
	 at beginning of run
15:19:19.112 [Communicator] DEBUG TanksCommon.Communicator1 - getMessage:
	 starting to try to get message
15:19:19.162 [Communicator] DEBUG TanksCommon.Communicator1 - getMessage socket timed out:
	 SocketTimeoutException
15:19:19.212 [Communicator] DEBUG TanksCommon.Communicator1 - Communicator run:
	 at beginning of run
15:19:19.212 [Communicator] DEBUG TanksCommon.Communicator1 - getMessage:
	 starting to try to get message
15:19:19.262 [Communicator] DEBUG TanksCommon.Communicator1 - getMessage socket timed out:
	 SocketTimeoutException
15:19:19.312 [Communicator] DEBUG TanksCommon.Communicator1 - Communicator run:
	 at beginning of run
15:19:19.312 [Communicator] DEBUG TanksCommon.Communicator1 - getMessage:
	 starting to try to get message
15:19:19.362 [Communicator] DEBUG TanksCommon.Communicator1 - getMessage socket timed out:
	 SocketTimeoutException
15:19:19.412 [Communicator] DEBUG TanksCommon.Communicator1 - Communicator run:
	 at beginning of run
15:19:19.412 [Communicator] DEBUG TanksCommon.Communicator1 - getMessage:
	 starting to try to get message
15:19:19.462 [Communicator] DEBUG TanksCommon.Communicator1 - getMessage socket timed out:
	 SocketTimeoutException
15:19:19.512 [Communicator] DEBUG TanksCommon.Communicator1 - Communicator run:
	 at beginning of run
15:19:19.512 [Communicator] DEBUG TanksCommon.Communicator1 - getMessage:
	 starting to try to get message
15:19:19.562 [Communicator] DEBUG TanksCommon.Communicator1 - getMessage socket timed out:
	 SocketTimeoutException
15:19:19.612 [Communicator] DEBUG TanksCommon.Communicator1 - Communicator run:
	 at beginning of run
15:19:19.612 [Communicator] DEBUG TanksCommon.Communicator1 - getMessage:
	 starting to try to get message
15:19:19.662 [Communicator] DEBUG TanksCommon.Communicator1 - getMessage socket timed out:
	 SocketTimeoutException
15:19:19.712 [Communicator] DEBUG TanksCommon.Communicator1 - Communicator run:
	 at beginning of run
15:19:19.712 [Communicator] DEBUG TanksCommon.Communicator1 - getMessage:
	 starting to try to get message
15:19:19.749 [JavaFX Application Thread] DEBUG TanksCommon.Communicator1 - BackgroundThread Stop:
	 Stopping Thread
15:19:19.762 [Communicator] DEBUG TanksCommon.Communicator1 - getMessage socket timed out:
	 SocketTimeoutException
15:19:20.750 [JavaFX Application Thread] DEBUG TanksCommon.Communicator1 - BackgroundThread Stop:
	 Thread Stopped
