14:23:54.432 [JavaFX Application Thread] DEBUG TanksCommon.Communicator1 - Communicator constructor:
	 communicator created
14:23:54.433 [JavaFX Application Thread] INFO  TanksCommon.Communicator1 - Communicator initializeSocket:
	 Socket initialized
14:23:54.435 [JavaFX Application Thread] DEBUG TanksCommon.Communicator1 - BackgroundThread Start: 
	Thread Started
14:23:54.435 [Communicator] DEBUG TanksCommon.Communicator1 - Communicator run:
	 at beginning of run
14:23:54.435 [Communicator] DEBUG TanksCommon.Communicator1 - getMessage:
	 starting to try to get message
14:23:54.485 [Communicator] DEBUG TanksCommon.Communicator1 - getMessage socket timed out:
	 SocketTimeoutException
14:23:54.535 [Communicator] DEBUG TanksCommon.Communicator1 - Communicator run:
	 at beginning of run
14:23:54.535 [Communicator] DEBUG TanksCommon.Communicator1 - getMessage:
	 starting to try to get message
14:23:54.585 [Communicator] DEBUG TanksCommon.Communicator1 - getMessage socket timed out:
	 SocketTimeoutException
14:23:54.635 [Communicator] DEBUG TanksCommon.Communicator1 - Communicator run:
	 at beginning of run
14:23:54.635 [Communicator] DEBUG TanksCommon.Communicator1 - getMessage:
	 starting to try to get message
14:23:54.685 [Communicator] DEBUG TanksCommon.Communicator1 - getMessage socket timed out:
	 SocketTimeoutException
14:23:54.735 [Communicator] DEBUG TanksCommon.Communicator1 - Communicator run:
	 at beginning of run
14:23:54.735 [Communicator] DEBUG TanksCommon.Communicator1 - getMessage:
	 starting to try to get message
14:23:54.785 [Communicator] DEBUG TanksCommon.Communicator1 - getMessage socket timed out:
	 SocketTimeoutException
14:23:54.836 [Communicator] DEBUG TanksCommon.Communicator1 - Communicator run:
	 at beginning of run
14:23:54.836 [Communicator] DEBUG TanksCommon.Communicator1 - getMessage:
	 starting to try to get message
14:23:54.886 [Communicator] DEBUG TanksCommon.Communicator1 - getMessage socket timed out:
	 SocketTimeoutException
14:23:54.936 [Communicator] DEBUG TanksCommon.Communicator1 - Communicator run:
	 at beginning of run
14:23:54.936 [Communicator] DEBUG TanksCommon.Communicator1 - getMessage:
	 starting to try to get message
14:23:54.986 [Communicator] DEBUG TanksCommon.Communicator1 - getMessage socket timed out:
	 SocketTimeoutException
14:23:55.036 [Communicator] DEBUG TanksCommon.Communicator1 - Communicator run:
	 at beginning of run
14:23:55.036 [Communicator] DEBUG TanksCommon.Communicator1 - getMessage:
	 starting to try to get message
14:23:55.086 [Communicator] DEBUG TanksCommon.Communicator1 - getMessage socket timed out:
	 SocketTimeoutException
14:23:55.136 [Communicator] DEBUG TanksCommon.Communicator1 - Communicator run:
	 at beginning of run
14:23:55.136 [Communicator] DEBUG TanksCommon.Communicator1 - getMessage:
	 starting to try to get message
14:23:55.186 [Communicator] DEBUG TanksCommon.Communicator1 - getMessage socket timed out:
	 SocketTimeoutException
14:23:55.236 [Communicator] DEBUG TanksCommon.Communicator1 - Communicator run:
	 at beginning of run
14:23:55.236 [Communicator] DEBUG TanksCommon.Communicator1 - getMessage:
	 starting to try to get message
14:23:55.286 [Communicator] DEBUG TanksCommon.Communicator1 - getMessage socket timed out:
	 SocketTimeoutException
14:23:55.336 [Communicator] DEBUG TanksCommon.Communicator1 - Communicator run:
	 at beginning of run
14:23:55.336 [Communicator] DEBUG TanksCommon.Communicator1 - getMessage:
	 starting to try to get message
14:23:55.386 [Communicator] DEBUG TanksCommon.Communicator1 - getMessage socket timed out:
	 SocketTimeoutException
14:23:55.436 [Communicator] DEBUG TanksCommon.Communicator1 - Communicator run:
	 at beginning of run
14:23:55.436 [Communicator] DEBUG TanksCommon.Communicator1 - getMessage:
	 starting to try to get message
14:23:55.486 [Communicator] DEBUG TanksCommon.Communicator1 - getMessage socket timed out:
	 SocketTimeoutException
14:23:55.536 [Communicator] DEBUG TanksCommon.Communicator1 - Communicator run:
	 at beginning of run
14:23:55.536 [Communicator] DEBUG TanksCommon.Communicator1 - getMessage:
	 starting to try to get message
14:23:55.586 [Communicator] DEBUG TanksCommon.Communicator1 - getMessage socket timed out:
	 SocketTimeoutException
14:23:55.636 [Communicator] DEBUG TanksCommon.Communicator1 - Communicator run:
	 at beginning of run
14:23:55.636 [Communicator] DEBUG TanksCommon.Communicator1 - getMessage:
	 starting to try to get message
14:23:55.686 [Communicator] DEBUG TanksCommon.Communicator1 - getMessage socket timed out:
	 SocketTimeoutException
14:23:55.736 [Communicator] DEBUG TanksCommon.Communicator1 - Communicator run:
	 at beginning of run
14:23:55.736 [Communicator] DEBUG TanksCommon.Communicator1 - getMessage:
	 starting to try to get message
14:23:55.786 [Communicator] DEBUG TanksCommon.Communicator1 - getMessage socket timed out:
	 SocketTimeoutException
14:23:55.836 [Communicator] DEBUG TanksCommon.Communicator1 - Communicator run:
	 at beginning of run
14:23:55.836 [Communicator] DEBUG TanksCommon.Communicator1 - getMessage:
	 starting to try to get message
14:23:55.886 [Communicator] DEBUG TanksCommon.Communicator1 - getMessage socket timed out:
	 SocketTimeoutException
14:23:55.936 [Communicator] DEBUG TanksCommon.Communicator1 - Communicator run:
	 at beginning of run
14:23:55.936 [Communicator] DEBUG TanksCommon.Communicator1 - getMessage:
	 starting to try to get message
14:23:55.986 [Communicator] DEBUG TanksCommon.Communicator1 - getMessage socket timed out:
	 SocketTimeoutException
14:23:56.036 [Communicator] DEBUG TanksCommon.Communicator1 - Communicator run:
	 at beginning of run
14:23:56.036 [Communicator] DEBUG TanksCommon.Communicator1 - getMessage:
	 starting to try to get message
14:23:56.086 [Communicator] DEBUG TanksCommon.Communicator1 - getMessage socket timed out:
	 SocketTimeoutException
14:23:56.136 [Communicator] DEBUG TanksCommon.Communicator1 - Communicator run:
	 at beginning of run
14:23:56.136 [Communicator] DEBUG TanksCommon.Communicator1 - getMessage:
	 starting to try to get message
14:23:56.186 [Communicator] DEBUG TanksCommon.Communicator1 - getMessage socket timed out:
	 SocketTimeoutException
14:23:56.236 [Communicator] DEBUG TanksCommon.Communicator1 - Communicator run:
	 at beginning of run
14:23:56.236 [Communicator] DEBUG TanksCommon.Communicator1 - getMessage:
	 starting to try to get message
14:23:56.286 [Communicator] DEBUG TanksCommon.Communicator1 - getMessage socket timed out:
	 SocketTimeoutException
14:23:56.337 [Communicator] DEBUG TanksCommon.Communicator1 - Communicator run:
	 at beginning of run
14:23:56.337 [Communicator] DEBUG TanksCommon.Communicator1 - getMessage:
	 starting to try to get message
14:23:56.387 [Communicator] DEBUG TanksCommon.Communicator1 - getMessage socket timed out:
	 SocketTimeoutException
14:23:56.437 [Communicator] DEBUG TanksCommon.Communicator1 - Communicator run:
	 at beginning of run
14:23:56.437 [Communicator] DEBUG TanksCommon.Communicator1 - getMessage:
	 starting to try to get message
14:23:56.487 [Communicator] DEBUG TanksCommon.Communicator1 - getMessage socket timed out:
	 SocketTimeoutException
14:23:56.537 [Communicator] DEBUG TanksCommon.Communicator1 - Communicator run:
	 at beginning of run
14:23:56.537 [Communicator] DEBUG TanksCommon.Communicator1 - getMessage:
	 starting to try to get message
14:23:56.587 [Communicator] DEBUG TanksCommon.Communicator1 - getMessage socket timed out:
	 SocketTimeoutException
14:23:56.637 [Communicator] DEBUG TanksCommon.Communicator1 - Communicator run:
	 at beginning of run
14:23:56.637 [Communicator] DEBUG TanksCommon.Communicator1 - getMessage:
	 starting to try to get message
14:23:56.687 [Communicator] DEBUG TanksCommon.Communicator1 - getMessage socket timed out:
	 SocketTimeoutException
14:23:56.737 [Communicator] DEBUG TanksCommon.Communicator1 - Communicator run:
	 at beginning of run
14:23:56.737 [Communicator] DEBUG TanksCommon.Communicator1 - getMessage:
	 starting to try to get message
14:23:56.787 [Communicator] DEBUG TanksCommon.Communicator1 - getMessage socket timed out:
	 SocketTimeoutException
14:23:56.837 [Communicator] DEBUG TanksCommon.Communicator1 - Communicator run:
	 at beginning of run
14:23:56.837 [Communicator] DEBUG TanksCommon.Communicator1 - getMessage:
	 starting to try to get message
14:23:56.887 [Communicator] DEBUG TanksCommon.Communicator1 - getMessage socket timed out:
	 SocketTimeoutException
14:23:56.937 [Communicator] DEBUG TanksCommon.Communicator1 - Communicator run:
	 at beginning of run
14:23:56.937 [Communicator] DEBUG TanksCommon.Communicator1 - getMessage:
	 starting to try to get message
14:23:56.987 [Communicator] DEBUG TanksCommon.Communicator1 - getMessage socket timed out:
	 SocketTimeoutException
14:23:57.037 [Communicator] DEBUG TanksCommon.Communicator1 - Communicator run:
	 at beginning of run
14:23:57.037 [Communicator] DEBUG TanksCommon.Communicator1 - getMessage:
	 starting to try to get message
14:23:57.087 [Communicator] DEBUG TanksCommon.Communicator1 - getMessage socket timed out:
	 SocketTimeoutException
14:23:57.137 [Communicator] DEBUG TanksCommon.Communicator1 - Communicator run:
	 at beginning of run
14:23:57.137 [Communicator] DEBUG TanksCommon.Communicator1 - getMessage:
	 starting to try to get message
14:23:57.187 [Communicator] DEBUG TanksCommon.Communicator1 - getMessage socket timed out:
	 SocketTimeoutException
14:23:57.237 [Communicator] DEBUG TanksCommon.Communicator1 - Communicator run:
	 at beginning of run
14:23:57.237 [Communicator] DEBUG TanksCommon.Communicator1 - getMessage:
	 starting to try to get message
14:23:57.287 [Communicator] DEBUG TanksCommon.Communicator1 - getMessage socket timed out:
	 SocketTimeoutException
14:23:57.337 [Communicator] DEBUG TanksCommon.Communicator1 - Communicator run:
	 at beginning of run
14:23:57.337 [Communicator] DEBUG TanksCommon.Communicator1 - getMessage:
	 starting to try to get message
14:23:57.387 [Communicator] DEBUG TanksCommon.Communicator1 - getMessage socket timed out:
	 SocketTimeoutException
14:23:57.437 [Communicator] DEBUG TanksCommon.Communicator1 - Communicator run:
	 at beginning of run
14:23:57.437 [Communicator] DEBUG TanksCommon.Communicator1 - getMessage:
	 starting to try to get message
14:23:57.487 [Communicator] DEBUG TanksCommon.Communicator1 - getMessage socket timed out:
	 SocketTimeoutException
14:23:57.537 [Communicator] DEBUG TanksCommon.Communicator1 - Communicator run:
	 at beginning of run
14:23:57.537 [Communicator] DEBUG TanksCommon.Communicator1 - getMessage:
	 starting to try to get message
14:23:57.587 [Communicator] DEBUG TanksCommon.Communicator1 - getMessage socket timed out:
	 SocketTimeoutException
14:23:57.637 [Communicator] DEBUG TanksCommon.Communicator1 - Communicator run:
	 at beginning of run
14:23:57.637 [Communicator] DEBUG TanksCommon.Communicator1 - getMessage:
	 starting to try to get message
14:23:57.687 [Communicator] DEBUG TanksCommon.Communicator1 - getMessage socket timed out:
	 SocketTimeoutException
14:23:57.737 [Communicator] DEBUG TanksCommon.Communicator1 - Communicator run:
	 at beginning of run
14:23:57.737 [Communicator] DEBUG TanksCommon.Communicator1 - getMessage:
	 starting to try to get message
14:23:57.787 [Communicator] DEBUG TanksCommon.Communicator1 - getMessage socket timed out:
	 SocketTimeoutException
14:23:57.838 [Communicator] DEBUG TanksCommon.Communicator1 - Communicator run:
	 at beginning of run
14:23:57.838 [Communicator] DEBUG TanksCommon.Communicator1 - getMessage:
	 starting to try to get message
14:23:57.888 [Communicator] DEBUG TanksCommon.Communicator1 - getMessage socket timed out:
	 SocketTimeoutException
14:23:57.938 [Communicator] DEBUG TanksCommon.Communicator1 - Communicator run:
	 at beginning of run
14:23:57.938 [Communicator] DEBUG TanksCommon.Communicator1 - getMessage:
	 starting to try to get message
14:23:57.988 [Communicator] DEBUG TanksCommon.Communicator1 - getMessage socket timed out:
	 SocketTimeoutException
14:23:58.038 [Communicator] DEBUG TanksCommon.Communicator1 - Communicator run:
	 at beginning of run
14:23:58.038 [Communicator] DEBUG TanksCommon.Communicator1 - getMessage:
	 starting to try to get message
14:23:58.088 [Communicator] DEBUG TanksCommon.Communicator1 - getMessage socket timed out:
	 SocketTimeoutException
14:23:58.138 [Communicator] DEBUG TanksCommon.Communicator1 - Communicator run:
	 at beginning of run
14:23:58.138 [Communicator] DEBUG TanksCommon.Communicator1 - getMessage:
	 starting to try to get message
14:23:58.188 [Communicator] DEBUG TanksCommon.Communicator1 - getMessage socket timed out:
	 SocketTimeoutException
14:23:58.238 [Communicator] DEBUG TanksCommon.Communicator1 - Communicator run:
	 at beginning of run
14:23:58.238 [Communicator] DEBUG TanksCommon.Communicator1 - getMessage:
	 starting to try to get message
14:23:58.288 [Communicator] DEBUG TanksCommon.Communicator1 - getMessage socket timed out:
	 SocketTimeoutException
14:23:58.338 [Communicator] DEBUG TanksCommon.Communicator1 - Communicator run:
	 at beginning of run
14:23:58.338 [Communicator] DEBUG TanksCommon.Communicator1 - getMessage:
	 starting to try to get message
14:23:58.388 [Communicator] DEBUG TanksCommon.Communicator1 - getMessage socket timed out:
	 SocketTimeoutException
14:23:58.438 [Communicator] DEBUG TanksCommon.Communicator1 - Communicator run:
	 at beginning of run
14:23:58.438 [Communicator] DEBUG TanksCommon.Communicator1 - getMessage:
	 starting to try to get message
14:23:58.488 [Communicator] DEBUG TanksCommon.Communicator1 - getMessage socket timed out:
	 SocketTimeoutException
14:23:58.538 [Communicator] DEBUG TanksCommon.Communicator1 - Communicator run:
	 at beginning of run
14:23:58.538 [Communicator] DEBUG TanksCommon.Communicator1 - getMessage:
	 starting to try to get message
14:23:58.588 [Communicator] DEBUG TanksCommon.Communicator1 - getMessage socket timed out:
	 SocketTimeoutException
14:23:58.638 [Communicator] DEBUG TanksCommon.Communicator1 - Communicator run:
	 at beginning of run
14:23:58.638 [Communicator] DEBUG TanksCommon.Communicator1 - getMessage:
	 starting to try to get message
14:23:58.688 [Communicator] DEBUG TanksCommon.Communicator1 - getMessage socket timed out:
	 SocketTimeoutException
14:23:58.738 [Communicator] DEBUG TanksCommon.Communicator1 - Communicator run:
	 at beginning of run
14:23:58.738 [Communicator] DEBUG TanksCommon.Communicator1 - getMessage:
	 starting to try to get message
14:23:58.788 [Communicator] DEBUG TanksCommon.Communicator1 - getMessage socket timed out:
	 SocketTimeoutException
14:23:58.838 [Communicator] DEBUG TanksCommon.Communicator1 - Communicator run:
	 at beginning of run
14:23:58.838 [Communicator] DEBUG TanksCommon.Communicator1 - getMessage:
	 starting to try to get message
14:23:58.888 [Communicator] DEBUG TanksCommon.Communicator1 - getMessage socket timed out:
	 SocketTimeoutException
14:23:58.938 [Communicator] DEBUG TanksCommon.Communicator1 - Communicator run:
	 at beginning of run
14:23:58.938 [Communicator] DEBUG TanksCommon.Communicator1 - getMessage:
	 starting to try to get message
14:23:58.988 [Communicator] DEBUG TanksCommon.Communicator1 - getMessage socket timed out:
	 SocketTimeoutException
14:23:59.038 [Communicator] DEBUG TanksCommon.Communicator1 - Communicator run:
	 at beginning of run
14:23:59.038 [Communicator] DEBUG TanksCommon.Communicator1 - getMessage:
	 starting to try to get message
14:23:59.088 [Communicator] DEBUG TanksCommon.Communicator1 - getMessage socket timed out:
	 SocketTimeoutException
14:23:59.138 [Communicator] DEBUG TanksCommon.Communicator1 - Communicator run:
	 at beginning of run
14:23:59.138 [Communicator] DEBUG TanksCommon.Communicator1 - getMessage:
	 starting to try to get message
14:23:59.188 [Communicator] DEBUG TanksCommon.Communicator1 - getMessage socket timed out:
	 SocketTimeoutException
14:23:59.238 [Communicator] DEBUG TanksCommon.Communicator1 - Communicator run:
	 at beginning of run
14:23:59.238 [Communicator] DEBUG TanksCommon.Communicator1 - getMessage:
	 starting to try to get message
14:23:59.288 [Communicator] DEBUG TanksCommon.Communicator1 - getMessage socket timed out:
	 SocketTimeoutException
14:23:59.338 [Communicator] DEBUG TanksCommon.Communicator1 - Communicator run:
	 at beginning of run
14:23:59.338 [Communicator] DEBUG TanksCommon.Communicator1 - getMessage:
	 starting to try to get message
14:23:59.389 [Communicator] DEBUG TanksCommon.Communicator1 - getMessage socket timed out:
	 SocketTimeoutException
14:23:59.439 [Communicator] DEBUG TanksCommon.Communicator1 - Communicator run:
	 at beginning of run
14:23:59.439 [Communicator] DEBUG TanksCommon.Communicator1 - getMessage:
	 starting to try to get message
14:23:59.489 [Communicator] DEBUG TanksCommon.Communicator1 - getMessage socket timed out:
	 SocketTimeoutException
14:23:59.539 [Communicator] DEBUG TanksCommon.Communicator1 - Communicator run:
	 at beginning of run
14:23:59.539 [Communicator] DEBUG TanksCommon.Communicator1 - getMessage:
	 starting to try to get message
14:23:59.589 [Communicator] DEBUG TanksCommon.Communicator1 - getMessage socket timed out:
	 SocketTimeoutException
14:23:59.639 [Communicator] DEBUG TanksCommon.Communicator1 - Communicator run:
	 at beginning of run
14:23:59.639 [Communicator] DEBUG TanksCommon.Communicator1 - getMessage:
	 starting to try to get message
14:23:59.689 [Communicator] DEBUG TanksCommon.Communicator1 - getMessage socket timed out:
	 SocketTimeoutException
14:23:59.739 [Communicator] DEBUG TanksCommon.Communicator1 - Communicator run:
	 at beginning of run
14:23:59.739 [Communicator] DEBUG TanksCommon.Communicator1 - getMessage:
	 starting to try to get message
14:23:59.789 [Communicator] DEBUG TanksCommon.Communicator1 - getMessage socket timed out:
	 SocketTimeoutException
14:23:59.839 [Communicator] DEBUG TanksCommon.Communicator1 - Communicator run:
	 at beginning of run
14:23:59.839 [Communicator] DEBUG TanksCommon.Communicator1 - getMessage:
	 starting to try to get message
14:23:59.889 [Communicator] DEBUG TanksCommon.Communicator1 - getMessage socket timed out:
	 SocketTimeoutException
14:23:59.939 [Communicator] DEBUG TanksCommon.Communicator1 - Communicator run:
	 at beginning of run
14:23:59.939 [Communicator] DEBUG TanksCommon.Communicator1 - getMessage:
	 starting to try to get message
14:23:59.989 [Communicator] DEBUG TanksCommon.Communicator1 - getMessage socket timed out:
	 SocketTimeoutException
14:24:00.039 [Communicator] DEBUG TanksCommon.Communicator1 - Communicator run:
	 at beginning of run
14:24:00.039 [Communicator] DEBUG TanksCommon.Communicator1 - getMessage:
	 starting to try to get message
14:24:00.089 [Communicator] DEBUG TanksCommon.Communicator1 - getMessage socket timed out:
	 SocketTimeoutException
14:24:00.139 [Communicator] DEBUG TanksCommon.Communicator1 - Communicator run:
	 at beginning of run
14:24:00.139 [Communicator] DEBUG TanksCommon.Communicator1 - getMessage:
	 starting to try to get message
14:24:00.189 [Communicator] DEBUG TanksCommon.Communicator1 - getMessage socket timed out:
	 SocketTimeoutException
14:24:00.239 [Communicator] DEBUG TanksCommon.Communicator1 - Communicator run:
	 at beginning of run
14:24:00.239 [Communicator] DEBUG TanksCommon.Communicator1 - getMessage:
	 starting to try to get message
14:24:00.289 [Communicator] DEBUG TanksCommon.Communicator1 - getMessage socket timed out:
	 SocketTimeoutException
14:24:00.339 [Communicator] DEBUG TanksCommon.Communicator1 - Communicator run:
	 at beginning of run
14:24:00.339 [Communicator] DEBUG TanksCommon.Communicator1 - getMessage:
	 starting to try to get message
14:24:00.389 [Communicator] DEBUG TanksCommon.Communicator1 - getMessage socket timed out:
	 SocketTimeoutException
14:24:00.439 [Communicator] DEBUG TanksCommon.Communicator1 - Communicator run:
	 at beginning of run
14:24:00.439 [Communicator] DEBUG TanksCommon.Communicator1 - getMessage:
	 starting to try to get message
14:24:00.489 [Communicator] DEBUG TanksCommon.Communicator1 - getMessage socket timed out:
	 SocketTimeoutException
14:24:00.539 [Communicator] DEBUG TanksCommon.Communicator1 - Communicator run:
	 at beginning of run
14:24:00.539 [Communicator] DEBUG TanksCommon.Communicator1 - getMessage:
	 starting to try to get message
14:24:00.589 [Communicator] DEBUG TanksCommon.Communicator1 - getMessage socket timed out:
	 SocketTimeoutException
14:24:00.639 [Communicator] DEBUG TanksCommon.Communicator1 - Communicator run:
	 at beginning of run
14:24:00.639 [Communicator] DEBUG TanksCommon.Communicator1 - getMessage:
	 starting to try to get message
14:24:00.689 [Communicator] DEBUG TanksCommon.Communicator1 - getMessage socket timed out:
	 SocketTimeoutException
14:24:00.739 [Communicator] DEBUG TanksCommon.Communicator1 - Communicator run:
	 at beginning of run
14:24:00.739 [Communicator] DEBUG TanksCommon.Communicator1 - getMessage:
	 starting to try to get message
14:24:00.789 [Communicator] DEBUG TanksCommon.Communicator1 - getMessage socket timed out:
	 SocketTimeoutException
14:24:00.839 [Communicator] DEBUG TanksCommon.Communicator1 - Communicator run:
	 at beginning of run
14:24:00.839 [Communicator] DEBUG TanksCommon.Communicator1 - getMessage:
	 starting to try to get message
14:24:00.890 [Communicator] DEBUG TanksCommon.Communicator1 - getMessage socket timed out:
	 SocketTimeoutException
14:24:00.940 [Communicator] DEBUG TanksCommon.Communicator1 - Communicator run:
	 at beginning of run
14:24:00.940 [Communicator] DEBUG TanksCommon.Communicator1 - getMessage:
	 starting to try to get message
14:24:00.990 [Communicator] DEBUG TanksCommon.Communicator1 - getMessage socket timed out:
	 SocketTimeoutException
14:24:01.040 [Communicator] DEBUG TanksCommon.Communicator1 - Communicator run:
	 at beginning of run
14:24:01.040 [Communicator] DEBUG TanksCommon.Communicator1 - getMessage:
	 starting to try to get message
14:24:01.090 [Communicator] DEBUG TanksCommon.Communicator1 - getMessage socket timed out:
	 SocketTimeoutException
14:24:01.140 [Communicator] DEBUG TanksCommon.Communicator1 - Communicator run:
	 at beginning of run
14:24:01.140 [Communicator] DEBUG TanksCommon.Communicator1 - getMessage:
	 starting to try to get message
14:24:01.190 [Communicator] DEBUG TanksCommon.Communicator1 - getMessage socket timed out:
	 SocketTimeoutException
14:24:01.240 [Communicator] DEBUG TanksCommon.Communicator1 - Communicator run:
	 at beginning of run
14:24:01.240 [Communicator] DEBUG TanksCommon.Communicator1 - getMessage:
	 starting to try to get message
14:24:01.290 [Communicator] DEBUG TanksCommon.Communicator1 - getMessage socket timed out:
	 SocketTimeoutException
14:24:01.340 [Communicator] DEBUG TanksCommon.Communicator1 - Communicator run:
	 at beginning of run
14:24:01.340 [Communicator] DEBUG TanksCommon.Communicator1 - getMessage:
	 starting to try to get message
14:24:01.390 [Communicator] DEBUG TanksCommon.Communicator1 - getMessage socket timed out:
	 SocketTimeoutException
14:24:01.440 [Communicator] DEBUG TanksCommon.Communicator1 - Communicator run:
	 at beginning of run
14:24:01.440 [Communicator] DEBUG TanksCommon.Communicator1 - getMessage:
	 starting to try to get message
14:24:01.490 [Communicator] DEBUG TanksCommon.Communicator1 - getMessage socket timed out:
	 SocketTimeoutException
14:24:01.540 [Communicator] DEBUG TanksCommon.Communicator1 - Communicator run:
	 at beginning of run
14:24:01.540 [Communicator] DEBUG TanksCommon.Communicator1 - getMessage:
	 starting to try to get message
14:24:01.590 [Communicator] DEBUG TanksCommon.Communicator1 - getMessage socket timed out:
	 SocketTimeoutException
14:24:01.640 [Communicator] DEBUG TanksCommon.Communicator1 - Communicator run:
	 at beginning of run
14:24:01.640 [Communicator] DEBUG TanksCommon.Communicator1 - getMessage:
	 starting to try to get message
14:24:01.690 [Communicator] DEBUG TanksCommon.Communicator1 - getMessage socket timed out:
	 SocketTimeoutException
14:24:01.740 [Communicator] DEBUG TanksCommon.Communicator1 - Communicator run:
	 at beginning of run
14:24:01.740 [Communicator] DEBUG TanksCommon.Communicator1 - getMessage:
	 starting to try to get message
14:24:01.790 [Communicator] DEBUG TanksCommon.Communicator1 - getMessage socket timed out:
	 SocketTimeoutException
14:24:01.840 [Communicator] DEBUG TanksCommon.Communicator1 - Communicator run:
	 at beginning of run
14:24:01.840 [Communicator] DEBUG TanksCommon.Communicator1 - getMessage:
	 starting to try to get message
14:24:01.890 [Communicator] DEBUG TanksCommon.Communicator1 - getMessage socket timed out:
	 SocketTimeoutException
14:24:01.940 [Communicator] DEBUG TanksCommon.Communicator1 - Communicator run:
	 at beginning of run
14:24:01.940 [Communicator] DEBUG TanksCommon.Communicator1 - getMessage:
	 starting to try to get message
14:24:01.990 [Communicator] DEBUG TanksCommon.Communicator1 - getMessage socket timed out:
	 SocketTimeoutException
14:24:02.040 [Communicator] DEBUG TanksCommon.Communicator1 - Communicator run:
	 at beginning of run
14:24:02.040 [Communicator] DEBUG TanksCommon.Communicator1 - getMessage:
	 starting to try to get message
14:24:02.090 [Communicator] DEBUG TanksCommon.Communicator1 - getMessage socket timed out:
	 SocketTimeoutException
14:24:02.140 [Communicator] DEBUG TanksCommon.Communicator1 - Communicator run:
	 at beginning of run
14:24:02.140 [Communicator] DEBUG TanksCommon.Communicator1 - getMessage:
	 starting to try to get message
14:24:02.190 [Communicator] DEBUG TanksCommon.Communicator1 - getMessage socket timed out:
	 SocketTimeoutException
14:24:02.240 [Communicator] DEBUG TanksCommon.Communicator1 - Communicator run:
	 at beginning of run
14:24:02.240 [Communicator] DEBUG TanksCommon.Communicator1 - getMessage:
	 starting to try to get message
14:24:02.290 [Communicator] DEBUG TanksCommon.Communicator1 - getMessage socket timed out:
	 SocketTimeoutException
14:24:02.340 [Communicator] DEBUG TanksCommon.Communicator1 - Communicator run:
	 at beginning of run
14:24:02.340 [Communicator] DEBUG TanksCommon.Communicator1 - getMessage:
	 starting to try to get message
14:24:02.390 [Communicator] DEBUG TanksCommon.Communicator1 - getMessage socket timed out:
	 SocketTimeoutException
14:24:02.441 [Communicator] DEBUG TanksCommon.Communicator1 - Communicator run:
	 at beginning of run
14:24:02.441 [Communicator] DEBUG TanksCommon.Communicator1 - getMessage:
	 starting to try to get message
14:24:02.491 [Communicator] DEBUG TanksCommon.Communicator1 - getMessage socket timed out:
	 SocketTimeoutException
14:24:02.541 [Communicator] DEBUG TanksCommon.Communicator1 - Communicator run:
	 at beginning of run
14:24:02.541 [Communicator] DEBUG TanksCommon.Communicator1 - getMessage:
	 starting to try to get message
14:24:02.591 [Communicator] DEBUG TanksCommon.Communicator1 - getMessage socket timed out:
	 SocketTimeoutException
14:24:02.641 [Communicator] DEBUG TanksCommon.Communicator1 - Communicator run:
	 at beginning of run
14:24:02.641 [Communicator] DEBUG TanksCommon.Communicator1 - getMessage:
	 starting to try to get message
14:24:02.691 [Communicator] DEBUG TanksCommon.Communicator1 - getMessage socket timed out:
	 SocketTimeoutException
14:24:02.741 [Communicator] DEBUG TanksCommon.Communicator1 - Communicator run:
	 at beginning of run
14:24:02.741 [Communicator] DEBUG TanksCommon.Communicator1 - getMessage:
	 starting to try to get message
14:24:02.791 [Communicator] DEBUG TanksCommon.Communicator1 - getMessage socket timed out:
	 SocketTimeoutException
14:24:02.841 [Communicator] DEBUG TanksCommon.Communicator1 - Communicator run:
	 at beginning of run
14:24:02.841 [Communicator] DEBUG TanksCommon.Communicator1 - getMessage:
	 starting to try to get message
14:24:02.891 [Communicator] DEBUG TanksCommon.Communicator1 - getMessage socket timed out:
	 SocketTimeoutException
14:24:02.941 [Communicator] DEBUG TanksCommon.Communicator1 - Communicator run:
	 at beginning of run
14:24:02.941 [Communicator] DEBUG TanksCommon.Communicator1 - getMessage:
	 starting to try to get message
14:24:02.991 [Communicator] DEBUG TanksCommon.Communicator1 - getMessage socket timed out:
	 SocketTimeoutException
14:24:03.041 [Communicator] DEBUG TanksCommon.Communicator1 - Communicator run:
	 at beginning of run
14:24:03.041 [Communicator] DEBUG TanksCommon.Communicator1 - getMessage:
	 starting to try to get message
14:24:03.091 [Communicator] DEBUG TanksCommon.Communicator1 - getMessage socket timed out:
	 SocketTimeoutException
14:24:03.141 [Communicator] DEBUG TanksCommon.Communicator1 - Communicator run:
	 at beginning of run
14:24:03.141 [Communicator] DEBUG TanksCommon.Communicator1 - getMessage:
	 starting to try to get message
14:24:03.191 [Communicator] DEBUG TanksCommon.Communicator1 - getMessage socket timed out:
	 SocketTimeoutException
14:24:03.241 [Communicator] DEBUG TanksCommon.Communicator1 - Communicator run:
	 at beginning of run
14:24:03.241 [Communicator] DEBUG TanksCommon.Communicator1 - getMessage:
	 starting to try to get message
14:24:03.291 [Communicator] DEBUG TanksCommon.Communicator1 - getMessage socket timed out:
	 SocketTimeoutException
14:24:03.341 [Communicator] DEBUG TanksCommon.Communicator1 - Communicator run:
	 at beginning of run
14:24:03.341 [Communicator] DEBUG TanksCommon.Communicator1 - getMessage:
	 starting to try to get message
14:24:03.391 [Communicator] DEBUG TanksCommon.Communicator1 - getMessage socket timed out:
	 SocketTimeoutException
14:24:03.441 [Communicator] DEBUG TanksCommon.Communicator1 - Communicator run:
	 at beginning of run
14:24:03.441 [Communicator] DEBUG TanksCommon.Communicator1 - getMessage:
	 starting to try to get message
14:24:03.491 [Communicator] DEBUG TanksCommon.Communicator1 - getMessage socket timed out:
	 SocketTimeoutException
14:24:03.541 [Communicator] DEBUG TanksCommon.Communicator1 - Communicator run:
	 at beginning of run
14:24:03.541 [Communicator] DEBUG TanksCommon.Communicator1 - getMessage:
	 starting to try to get message
14:24:03.591 [Communicator] DEBUG TanksCommon.Communicator1 - getMessage socket timed out:
	 SocketTimeoutException
14:24:03.641 [Communicator] DEBUG TanksCommon.Communicator1 - Communicator run:
	 at beginning of run
14:24:03.641 [Communicator] DEBUG TanksCommon.Communicator1 - getMessage:
	 starting to try to get message
14:24:03.691 [Communicator] DEBUG TanksCommon.Communicator1 - getMessage socket timed out:
	 SocketTimeoutException
14:24:03.741 [Communicator] DEBUG TanksCommon.Communicator1 - Communicator run:
	 at beginning of run
14:24:03.741 [Communicator] DEBUG TanksCommon.Communicator1 - getMessage:
	 starting to try to get message
14:24:03.791 [Communicator] DEBUG TanksCommon.Communicator1 - getMessage socket timed out:
	 SocketTimeoutException
14:24:03.841 [Communicator] DEBUG TanksCommon.Communicator1 - Communicator run:
	 at beginning of run
14:24:03.841 [Communicator] DEBUG TanksCommon.Communicator1 - getMessage:
	 starting to try to get message
14:24:03.891 [Communicator] DEBUG TanksCommon.Communicator1 - getMessage socket timed out:
	 SocketTimeoutException
14:24:03.942 [Communicator] DEBUG TanksCommon.Communicator1 - Communicator run:
	 at beginning of run
14:24:03.942 [Communicator] DEBUG TanksCommon.Communicator1 - getMessage:
	 starting to try to get message
14:24:03.992 [Communicator] DEBUG TanksCommon.Communicator1 - getMessage socket timed out:
	 SocketTimeoutException
14:24:04.042 [Communicator] DEBUG TanksCommon.Communicator1 - Communicator run:
	 at beginning of run
14:24:04.042 [Communicator] DEBUG TanksCommon.Communicator1 - getMessage:
	 starting to try to get message
14:24:04.092 [Communicator] DEBUG TanksCommon.Communicator1 - getMessage socket timed out:
	 SocketTimeoutException
14:24:04.142 [Communicator] DEBUG TanksCommon.Communicator1 - Communicator run:
	 at beginning of run
14:24:04.142 [Communicator] DEBUG TanksCommon.Communicator1 - getMessage:
	 starting to try to get message
14:24:04.192 [Communicator] DEBUG TanksCommon.Communicator1 - getMessage socket timed out:
	 SocketTimeoutException
14:24:04.242 [Communicator] DEBUG TanksCommon.Communicator1 - Communicator run:
	 at beginning of run
14:24:04.242 [Communicator] DEBUG TanksCommon.Communicator1 - getMessage:
	 starting to try to get message
14:24:04.292 [Communicator] DEBUG TanksCommon.Communicator1 - getMessage socket timed out:
	 SocketTimeoutException
14:24:04.342 [Communicator] DEBUG TanksCommon.Communicator1 - Communicator run:
	 at beginning of run
14:24:04.342 [Communicator] DEBUG TanksCommon.Communicator1 - getMessage:
	 starting to try to get message
14:24:04.392 [Communicator] DEBUG TanksCommon.Communicator1 - getMessage socket timed out:
	 SocketTimeoutException
14:24:04.442 [Communicator] DEBUG TanksCommon.Communicator1 - Communicator run:
	 at beginning of run
14:24:04.442 [Communicator] DEBUG TanksCommon.Communicator1 - getMessage:
	 starting to try to get message
14:24:04.492 [Communicator] DEBUG TanksCommon.Communicator1 - getMessage socket timed out:
	 SocketTimeoutException
14:24:04.542 [Communicator] DEBUG TanksCommon.Communicator1 - Communicator run:
	 at beginning of run
14:24:04.542 [Communicator] DEBUG TanksCommon.Communicator1 - getMessage:
	 starting to try to get message
14:24:04.592 [Communicator] DEBUG TanksCommon.Communicator1 - getMessage socket timed out:
	 SocketTimeoutException
14:24:04.642 [Communicator] DEBUG TanksCommon.Communicator1 - Communicator run:
	 at beginning of run
14:24:04.642 [Communicator] DEBUG TanksCommon.Communicator1 - getMessage:
	 starting to try to get message
14:24:04.692 [Communicator] DEBUG TanksCommon.Communicator1 - getMessage socket timed out:
	 SocketTimeoutException
14:24:04.742 [Communicator] DEBUG TanksCommon.Communicator1 - Communicator run:
	 at beginning of run
14:24:04.742 [Communicator] DEBUG TanksCommon.Communicator1 - getMessage:
	 starting to try to get message
14:24:04.792 [Communicator] DEBUG TanksCommon.Communicator1 - getMessage socket timed out:
	 SocketTimeoutException
14:24:04.842 [Communicator] DEBUG TanksCommon.Communicator1 - Communicator run:
	 at beginning of run
14:24:04.842 [Communicator] DEBUG TanksCommon.Communicator1 - getMessage:
	 starting to try to get message
14:24:04.892 [Communicator] DEBUG TanksCommon.Communicator1 - getMessage socket timed out:
	 SocketTimeoutException
14:24:04.942 [Communicator] DEBUG TanksCommon.Communicator1 - Communicator run:
	 at beginning of run
14:24:04.942 [Communicator] DEBUG TanksCommon.Communicator1 - getMessage:
	 starting to try to get message
14:24:04.992 [Communicator] DEBUG TanksCommon.Communicator1 - getMessage socket timed out:
	 SocketTimeoutException
14:24:05.042 [Communicator] DEBUG TanksCommon.Communicator1 - Communicator run:
	 at beginning of run
14:24:05.042 [Communicator] DEBUG TanksCommon.Communicator1 - getMessage:
	 starting to try to get message
14:24:05.092 [Communicator] DEBUG TanksCommon.Communicator1 - getMessage socket timed out:
	 SocketTimeoutException
14:24:05.142 [Communicator] DEBUG TanksCommon.Communicator1 - Communicator run:
	 at beginning of run
14:24:05.142 [Communicator] DEBUG TanksCommon.Communicator1 - getMessage:
	 starting to try to get message
14:24:05.192 [Communicator] DEBUG TanksCommon.Communicator1 - getMessage socket timed out:
	 SocketTimeoutException
14:24:05.242 [Communicator] DEBUG TanksCommon.Communicator1 - Communicator run:
	 at beginning of run
14:24:05.242 [Communicator] DEBUG TanksCommon.Communicator1 - getMessage:
	 starting to try to get message
14:24:05.292 [Communicator] DEBUG TanksCommon.Communicator1 - getMessage socket timed out:
	 SocketTimeoutException
14:24:05.342 [Communicator] DEBUG TanksCommon.Communicator1 - Communicator run:
	 at beginning of run
14:24:05.342 [Communicator] DEBUG TanksCommon.Communicator1 - getMessage:
	 starting to try to get message
14:24:05.392 [Communicator] DEBUG TanksCommon.Communicator1 - getMessage socket timed out:
	 SocketTimeoutException
14:24:05.443 [Communicator] DEBUG TanksCommon.Communicator1 - Communicator run:
	 at beginning of run
14:24:05.443 [Communicator] DEBUG TanksCommon.Communicator1 - getMessage:
	 starting to try to get message
14:24:05.493 [Communicator] DEBUG TanksCommon.Communicator1 - getMessage socket timed out:
	 SocketTimeoutException
14:24:05.543 [Communicator] DEBUG TanksCommon.Communicator1 - Communicator run:
	 at beginning of run
14:24:05.543 [Communicator] DEBUG TanksCommon.Communicator1 - getMessage:
	 starting to try to get message
14:24:05.593 [Communicator] DEBUG TanksCommon.Communicator1 - getMessage socket timed out:
	 SocketTimeoutException
14:24:05.643 [Communicator] DEBUG TanksCommon.Communicator1 - Communicator run:
	 at beginning of run
14:24:05.643 [Communicator] DEBUG TanksCommon.Communicator1 - getMessage:
	 starting to try to get message
14:24:05.693 [Communicator] DEBUG TanksCommon.Communicator1 - getMessage socket timed out:
	 SocketTimeoutException
14:24:05.743 [Communicator] DEBUG TanksCommon.Communicator1 - Communicator run:
	 at beginning of run
14:24:05.743 [Communicator] DEBUG TanksCommon.Communicator1 - getMessage:
	 starting to try to get message
14:24:05.793 [Communicator] DEBUG TanksCommon.Communicator1 - getMessage socket timed out:
	 SocketTimeoutException
14:24:05.843 [Communicator] DEBUG TanksCommon.Communicator1 - Communicator run:
	 at beginning of run
14:24:05.843 [Communicator] DEBUG TanksCommon.Communicator1 - getMessage:
	 starting to try to get message
14:24:05.893 [Communicator] DEBUG TanksCommon.Communicator1 - getMessage socket timed out:
	 SocketTimeoutException
14:24:05.943 [Communicator] DEBUG TanksCommon.Communicator1 - Communicator run:
	 at beginning of run
14:24:05.943 [Communicator] DEBUG TanksCommon.Communicator1 - getMessage:
	 starting to try to get message
14:24:05.993 [Communicator] DEBUG TanksCommon.Communicator1 - getMessage socket timed out:
	 SocketTimeoutException
14:24:06.043 [Communicator] DEBUG TanksCommon.Communicator1 - Communicator run:
	 at beginning of run
14:24:06.043 [Communicator] DEBUG TanksCommon.Communicator1 - getMessage:
	 starting to try to get message
14:24:06.093 [Communicator] DEBUG TanksCommon.Communicator1 - getMessage socket timed out:
	 SocketTimeoutException
14:24:06.143 [Communicator] DEBUG TanksCommon.Communicator1 - Communicator run:
	 at beginning of run
14:24:06.143 [Communicator] DEBUG TanksCommon.Communicator1 - getMessage:
	 starting to try to get message
14:24:06.193 [Communicator] DEBUG TanksCommon.Communicator1 - getMessage socket timed out:
	 SocketTimeoutException
14:24:06.243 [Communicator] DEBUG TanksCommon.Communicator1 - Communicator run:
	 at beginning of run
14:24:06.243 [Communicator] DEBUG TanksCommon.Communicator1 - getMessage:
	 starting to try to get message
14:24:06.293 [Communicator] DEBUG TanksCommon.Communicator1 - getMessage socket timed out:
	 SocketTimeoutException
14:24:06.343 [Communicator] DEBUG TanksCommon.Communicator1 - Communicator run:
	 at beginning of run
14:24:06.343 [Communicator] DEBUG TanksCommon.Communicator1 - getMessage:
	 starting to try to get message
14:24:06.393 [Communicator] DEBUG TanksCommon.Communicator1 - getMessage socket timed out:
	 SocketTimeoutException
14:24:06.443 [Communicator] DEBUG TanksCommon.Communicator1 - Communicator run:
	 at beginning of run
14:24:06.443 [Communicator] DEBUG TanksCommon.Communicator1 - getMessage:
	 starting to try to get message
14:24:06.493 [Communicator] DEBUG TanksCommon.Communicator1 - getMessage socket timed out:
	 SocketTimeoutException
14:24:06.543 [Communicator] DEBUG TanksCommon.Communicator1 - Communicator run:
	 at beginning of run
14:24:06.543 [Communicator] DEBUG TanksCommon.Communicator1 - getMessage:
	 starting to try to get message
14:24:06.593 [Communicator] DEBUG TanksCommon.Communicator1 - getMessage socket timed out:
	 SocketTimeoutException
14:24:06.643 [Communicator] DEBUG TanksCommon.Communicator1 - Communicator run:
	 at beginning of run
14:24:06.643 [Communicator] DEBUG TanksCommon.Communicator1 - getMessage:
	 starting to try to get message
14:24:06.693 [Communicator] DEBUG TanksCommon.Communicator1 - getMessage socket timed out:
	 SocketTimeoutException
14:24:06.743 [Communicator] DEBUG TanksCommon.Communicator1 - Communicator run:
	 at beginning of run
14:24:06.743 [Communicator] DEBUG TanksCommon.Communicator1 - getMessage:
	 starting to try to get message
14:24:06.793 [Communicator] DEBUG TanksCommon.Communicator1 - getMessage socket timed out:
	 SocketTimeoutException
14:24:06.843 [Communicator] DEBUG TanksCommon.Communicator1 - Communicator run:
	 at beginning of run
14:24:06.843 [Communicator] DEBUG TanksCommon.Communicator1 - getMessage:
	 starting to try to get message
14:24:06.893 [Communicator] DEBUG TanksCommon.Communicator1 - getMessage socket timed out:
	 SocketTimeoutException
14:24:06.943 [Communicator] DEBUG TanksCommon.Communicator1 - Communicator run:
	 at beginning of run
14:24:06.943 [Communicator] DEBUG TanksCommon.Communicator1 - getMessage:
	 starting to try to get message
14:24:06.994 [Communicator] DEBUG TanksCommon.Communicator1 - getMessage socket timed out:
	 SocketTimeoutException
14:24:07.044 [Communicator] DEBUG TanksCommon.Communicator1 - Communicator run:
	 at beginning of run
14:24:07.044 [Communicator] DEBUG TanksCommon.Communicator1 - getMessage:
	 starting to try to get message
14:24:07.094 [Communicator] DEBUG TanksCommon.Communicator1 - getMessage socket timed out:
	 SocketTimeoutException
14:24:07.144 [Communicator] DEBUG TanksCommon.Communicator1 - Communicator run:
	 at beginning of run
14:24:07.144 [Communicator] DEBUG TanksCommon.Communicator1 - getMessage:
	 starting to try to get message
14:24:07.194 [Communicator] DEBUG TanksCommon.Communicator1 - getMessage socket timed out:
	 SocketTimeoutException
14:24:07.244 [Communicator] DEBUG TanksCommon.Communicator1 - Communicator run:
	 at beginning of run
14:24:07.244 [Communicator] DEBUG TanksCommon.Communicator1 - getMessage:
	 starting to try to get message
14:24:07.294 [Communicator] DEBUG TanksCommon.Communicator1 - getMessage socket timed out:
	 SocketTimeoutException
14:24:07.344 [Communicator] DEBUG TanksCommon.Communicator1 - Communicator run:
	 at beginning of run
14:24:07.344 [Communicator] DEBUG TanksCommon.Communicator1 - getMessage:
	 starting to try to get message
14:24:07.394 [Communicator] DEBUG TanksCommon.Communicator1 - getMessage socket timed out:
	 SocketTimeoutException
14:24:07.444 [Communicator] DEBUG TanksCommon.Communicator1 - Communicator run:
	 at beginning of run
14:24:07.444 [Communicator] DEBUG TanksCommon.Communicator1 - getMessage:
	 starting to try to get message
14:24:07.494 [Communicator] DEBUG TanksCommon.Communicator1 - getMessage socket timed out:
	 SocketTimeoutException
14:24:07.544 [Communicator] DEBUG TanksCommon.Communicator1 - Communicator run:
	 at beginning of run
14:24:07.544 [Communicator] DEBUG TanksCommon.Communicator1 - getMessage:
	 starting to try to get message
14:24:07.594 [Communicator] DEBUG TanksCommon.Communicator1 - getMessage socket timed out:
	 SocketTimeoutException
14:24:07.644 [Communicator] DEBUG TanksCommon.Communicator1 - Communicator run:
	 at beginning of run
14:24:07.644 [Communicator] DEBUG TanksCommon.Communicator1 - getMessage:
	 starting to try to get message
14:24:07.694 [Communicator] DEBUG TanksCommon.Communicator1 - getMessage socket timed out:
	 SocketTimeoutException
14:24:07.744 [Communicator] DEBUG TanksCommon.Communicator1 - Communicator run:
	 at beginning of run
14:24:07.744 [Communicator] DEBUG TanksCommon.Communicator1 - getMessage:
	 starting to try to get message
14:24:07.794 [Communicator] DEBUG TanksCommon.Communicator1 - getMessage socket timed out:
	 SocketTimeoutException
14:24:07.844 [Communicator] DEBUG TanksCommon.Communicator1 - Communicator run:
	 at beginning of run
14:24:07.844 [Communicator] DEBUG TanksCommon.Communicator1 - getMessage:
	 starting to try to get message
14:24:07.894 [Communicator] DEBUG TanksCommon.Communicator1 - getMessage socket timed out:
	 SocketTimeoutException
14:24:07.944 [Communicator] DEBUG TanksCommon.Communicator1 - Communicator run:
	 at beginning of run
14:24:07.944 [Communicator] DEBUG TanksCommon.Communicator1 - getMessage:
	 starting to try to get message
14:24:07.994 [Communicator] DEBUG TanksCommon.Communicator1 - getMessage socket timed out:
	 SocketTimeoutException
14:24:08.044 [Communicator] DEBUG TanksCommon.Communicator1 - Communicator run:
	 at beginning of run
14:24:08.044 [Communicator] DEBUG TanksCommon.Communicator1 - getMessage:
	 starting to try to get message
14:24:08.094 [Communicator] DEBUG TanksCommon.Communicator1 - getMessage socket timed out:
	 SocketTimeoutException
14:24:08.144 [Communicator] DEBUG TanksCommon.Communicator1 - Communicator run:
	 at beginning of run
14:24:08.144 [Communicator] DEBUG TanksCommon.Communicator1 - getMessage:
	 starting to try to get message
14:24:08.194 [Communicator] DEBUG TanksCommon.Communicator1 - getMessage socket timed out:
	 SocketTimeoutException
14:24:08.244 [Communicator] DEBUG TanksCommon.Communicator1 - Communicator run:
	 at beginning of run
14:24:08.244 [Communicator] DEBUG TanksCommon.Communicator1 - getMessage:
	 starting to try to get message
14:24:08.294 [Communicator] DEBUG TanksCommon.Communicator1 - getMessage socket timed out:
	 SocketTimeoutException
14:24:08.344 [Communicator] DEBUG TanksCommon.Communicator1 - Communicator run:
	 at beginning of run
14:24:08.344 [Communicator] DEBUG TanksCommon.Communicator1 - getMessage:
	 starting to try to get message
14:24:08.394 [Communicator] DEBUG TanksCommon.Communicator1 - getMessage socket timed out:
	 SocketTimeoutException
14:24:08.444 [Communicator] DEBUG TanksCommon.Communicator1 - Communicator run:
	 at beginning of run
14:24:08.444 [Communicator] DEBUG TanksCommon.Communicator1 - getMessage:
	 starting to try to get message
14:24:08.495 [Communicator] DEBUG TanksCommon.Communicator1 - getMessage socket timed out:
	 SocketTimeoutException
14:24:08.545 [Communicator] DEBUG TanksCommon.Communicator1 - Communicator run:
	 at beginning of run
14:24:08.545 [Communicator] DEBUG TanksCommon.Communicator1 - getMessage:
	 starting to try to get message
14:24:08.595 [Communicator] DEBUG TanksCommon.Communicator1 - getMessage socket timed out:
	 SocketTimeoutException
14:24:08.645 [Communicator] DEBUG TanksCommon.Communicator1 - Communicator run:
	 at beginning of run
14:24:08.645 [Communicator] DEBUG TanksCommon.Communicator1 - getMessage:
	 starting to try to get message
14:24:08.695 [Communicator] DEBUG TanksCommon.Communicator1 - getMessage socket timed out:
	 SocketTimeoutException
14:24:08.745 [Communicator] DEBUG TanksCommon.Communicator1 - Communicator run:
	 at beginning of run
14:24:08.745 [Communicator] DEBUG TanksCommon.Communicator1 - getMessage:
	 starting to try to get message
14:24:08.795 [Communicator] DEBUG TanksCommon.Communicator1 - getMessage socket timed out:
	 SocketTimeoutException
14:24:08.845 [Communicator] DEBUG TanksCommon.Communicator1 - Communicator run:
	 at beginning of run
14:24:08.845 [Communicator] DEBUG TanksCommon.Communicator1 - getMessage:
	 starting to try to get message
14:24:08.895 [Communicator] DEBUG TanksCommon.Communicator1 - getMessage socket timed out:
	 SocketTimeoutException
14:24:08.945 [Communicator] DEBUG TanksCommon.Communicator1 - Communicator run:
	 at beginning of run
14:24:08.945 [Communicator] DEBUG TanksCommon.Communicator1 - getMessage:
	 starting to try to get message
14:24:08.995 [Communicator] DEBUG TanksCommon.Communicator1 - getMessage socket timed out:
	 SocketTimeoutException
14:24:09.045 [Communicator] DEBUG TanksCommon.Communicator1 - Communicator run:
	 at beginning of run
14:24:09.045 [Communicator] DEBUG TanksCommon.Communicator1 - getMessage:
	 starting to try to get message
14:24:09.095 [Communicator] DEBUG TanksCommon.Communicator1 - getMessage socket timed out:
	 SocketTimeoutException
14:24:09.145 [Communicator] DEBUG TanksCommon.Communicator1 - Communicator run:
	 at beginning of run
14:24:09.145 [Communicator] DEBUG TanksCommon.Communicator1 - getMessage:
	 starting to try to get message
14:24:09.195 [Communicator] DEBUG TanksCommon.Communicator1 - getMessage socket timed out:
	 SocketTimeoutException
14:24:09.245 [Communicator] DEBUG TanksCommon.Communicator1 - Communicator run:
	 at beginning of run
14:24:09.245 [Communicator] DEBUG TanksCommon.Communicator1 - getMessage:
	 starting to try to get message
14:24:09.295 [Communicator] DEBUG TanksCommon.Communicator1 - getMessage socket timed out:
	 SocketTimeoutException
14:24:09.345 [Communicator] DEBUG TanksCommon.Communicator1 - Communicator run:
	 at beginning of run
14:24:09.345 [Communicator] DEBUG TanksCommon.Communicator1 - getMessage:
	 starting to try to get message
14:24:09.395 [Communicator] DEBUG TanksCommon.Communicator1 - getMessage socket timed out:
	 SocketTimeoutException
14:24:09.445 [Communicator] DEBUG TanksCommon.Communicator1 - Communicator run:
	 at beginning of run
14:24:09.445 [Communicator] DEBUG TanksCommon.Communicator1 - getMessage:
	 starting to try to get message
14:24:09.495 [Communicator] DEBUG TanksCommon.Communicator1 - getMessage socket timed out:
	 SocketTimeoutException
14:24:09.545 [Communicator] DEBUG TanksCommon.Communicator1 - Communicator run:
	 at beginning of run
14:24:09.545 [Communicator] DEBUG TanksCommon.Communicator1 - getMessage:
	 starting to try to get message
14:24:09.595 [Communicator] DEBUG TanksCommon.Communicator1 - getMessage socket timed out:
	 SocketTimeoutException
14:24:09.645 [Communicator] DEBUG TanksCommon.Communicator1 - Communicator run:
	 at beginning of run
14:24:09.645 [Communicator] DEBUG TanksCommon.Communicator1 - getMessage:
	 starting to try to get message
14:24:09.695 [Communicator] DEBUG TanksCommon.Communicator1 - getMessage socket timed out:
	 SocketTimeoutException
14:24:09.745 [Communicator] DEBUG TanksCommon.Communicator1 - Communicator run:
	 at beginning of run
14:24:09.745 [Communicator] DEBUG TanksCommon.Communicator1 - getMessage:
	 starting to try to get message
14:24:09.795 [Communicator] DEBUG TanksCommon.Communicator1 - getMessage socket timed out:
	 SocketTimeoutException
14:24:09.845 [Communicator] DEBUG TanksCommon.Communicator1 - Communicator run:
	 at beginning of run
14:24:09.845 [Communicator] DEBUG TanksCommon.Communicator1 - getMessage:
	 starting to try to get message
14:24:09.895 [Communicator] DEBUG TanksCommon.Communicator1 - getMessage socket timed out:
	 SocketTimeoutException
14:24:09.945 [Communicator] DEBUG TanksCommon.Communicator1 - Communicator run:
	 at beginning of run
14:24:09.945 [Communicator] DEBUG TanksCommon.Communicator1 - getMessage:
	 starting to try to get message
14:24:09.995 [Communicator] DEBUG TanksCommon.Communicator1 - getMessage socket timed out:
	 SocketTimeoutException
14:24:10.046 [Communicator] DEBUG TanksCommon.Communicator1 - Communicator run:
	 at beginning of run
14:24:10.046 [Communicator] DEBUG TanksCommon.Communicator1 - getMessage:
	 starting to try to get message
14:24:10.096 [Communicator] DEBUG TanksCommon.Communicator1 - getMessage socket timed out:
	 SocketTimeoutException
14:24:10.146 [Communicator] DEBUG TanksCommon.Communicator1 - Communicator run:
	 at beginning of run
14:24:10.146 [Communicator] DEBUG TanksCommon.Communicator1 - getMessage:
	 starting to try to get message
14:24:10.196 [Communicator] DEBUG TanksCommon.Communicator1 - getMessage socket timed out:
	 SocketTimeoutException
14:24:10.246 [Communicator] DEBUG TanksCommon.Communicator1 - Communicator run:
	 at beginning of run
14:24:10.246 [Communicator] DEBUG TanksCommon.Communicator1 - getMessage:
	 starting to try to get message
14:24:10.296 [Communicator] DEBUG TanksCommon.Communicator1 - getMessage socket timed out:
	 SocketTimeoutException
14:24:10.346 [Communicator] DEBUG TanksCommon.Communicator1 - Communicator run:
	 at beginning of run
14:24:10.346 [Communicator] DEBUG TanksCommon.Communicator1 - getMessage:
	 starting to try to get message
14:24:10.396 [Communicator] DEBUG TanksCommon.Communicator1 - getMessage socket timed out:
	 SocketTimeoutException
14:24:10.446 [Communicator] DEBUG TanksCommon.Communicator1 - Communicator run:
	 at beginning of run
14:24:10.446 [Communicator] DEBUG TanksCommon.Communicator1 - getMessage:
	 starting to try to get message
14:24:10.496 [Communicator] DEBUG TanksCommon.Communicator1 - getMessage socket timed out:
	 SocketTimeoutException
14:24:10.546 [Communicator] DEBUG TanksCommon.Communicator1 - Communicator run:
	 at beginning of run
14:24:10.546 [Communicator] DEBUG TanksCommon.Communicator1 - getMessage:
	 starting to try to get message
14:24:10.596 [Communicator] DEBUG TanksCommon.Communicator1 - getMessage socket timed out:
	 SocketTimeoutException
14:24:10.646 [Communicator] DEBUG TanksCommon.Communicator1 - Communicator run:
	 at beginning of run
14:24:10.646 [Communicator] DEBUG TanksCommon.Communicator1 - getMessage:
	 starting to try to get message
14:24:10.696 [Communicator] DEBUG TanksCommon.Communicator1 - getMessage socket timed out:
	 SocketTimeoutException
14:24:10.746 [Communicator] DEBUG TanksCommon.Communicator1 - Communicator run:
	 at beginning of run
14:24:10.746 [Communicator] DEBUG TanksCommon.Communicator1 - getMessage:
	 starting to try to get message
14:24:10.796 [Communicator] DEBUG TanksCommon.Communicator1 - getMessage socket timed out:
	 SocketTimeoutException
14:24:10.846 [Communicator] DEBUG TanksCommon.Communicator1 - Communicator run:
	 at beginning of run
14:24:10.846 [Communicator] DEBUG TanksCommon.Communicator1 - getMessage:
	 starting to try to get message
14:24:10.896 [Communicator] DEBUG TanksCommon.Communicator1 - getMessage socket timed out:
	 SocketTimeoutException
14:24:10.946 [Communicator] DEBUG TanksCommon.Communicator1 - Communicator run:
	 at beginning of run
14:24:10.946 [Communicator] DEBUG TanksCommon.Communicator1 - getMessage:
	 starting to try to get message
14:24:10.996 [Communicator] DEBUG TanksCommon.Communicator1 - getMessage socket timed out:
	 SocketTimeoutException
14:24:11.046 [Communicator] DEBUG TanksCommon.Communicator1 - Communicator run:
	 at beginning of run
14:24:11.046 [Communicator] DEBUG TanksCommon.Communicator1 - getMessage:
	 starting to try to get message
14:24:11.096 [Communicator] DEBUG TanksCommon.Communicator1 - getMessage socket timed out:
	 SocketTimeoutException
14:24:11.146 [Communicator] DEBUG TanksCommon.Communicator1 - Communicator run:
	 at beginning of run
14:24:11.146 [Communicator] DEBUG TanksCommon.Communicator1 - getMessage:
	 starting to try to get message
14:24:11.196 [Communicator] DEBUG TanksCommon.Communicator1 - getMessage socket timed out:
	 SocketTimeoutException
14:24:11.246 [Communicator] DEBUG TanksCommon.Communicator1 - Communicator run:
	 at beginning of run
14:24:11.246 [Communicator] DEBUG TanksCommon.Communicator1 - getMessage:
	 starting to try to get message
14:24:11.296 [Communicator] DEBUG TanksCommon.Communicator1 - getMessage socket timed out:
	 SocketTimeoutException
14:24:11.346 [Communicator] DEBUG TanksCommon.Communicator1 - Communicator run:
	 at beginning of run
14:24:11.346 [Communicator] DEBUG TanksCommon.Communicator1 - getMessage:
	 starting to try to get message
14:24:11.396 [Communicator] DEBUG TanksCommon.Communicator1 - getMessage socket timed out:
	 SocketTimeoutException
14:24:11.446 [Communicator] DEBUG TanksCommon.Communicator1 - Communicator run:
	 at beginning of run
14:24:11.446 [Communicator] DEBUG TanksCommon.Communicator1 - getMessage:
	 starting to try to get message
14:24:11.496 [Communicator] DEBUG TanksCommon.Communicator1 - getMessage socket timed out:
	 SocketTimeoutException
14:24:11.547 [Communicator] DEBUG TanksCommon.Communicator1 - Communicator run:
	 at beginning of run
14:24:11.547 [Communicator] DEBUG TanksCommon.Communicator1 - getMessage:
	 starting to try to get message
14:24:11.597 [Communicator] DEBUG TanksCommon.Communicator1 - getMessage socket timed out:
	 SocketTimeoutException
14:24:11.647 [Communicator] DEBUG TanksCommon.Communicator1 - Communicator run:
	 at beginning of run
14:24:11.647 [Communicator] DEBUG TanksCommon.Communicator1 - getMessage:
	 starting to try to get message
14:24:11.697 [Communicator] DEBUG TanksCommon.Communicator1 - getMessage socket timed out:
	 SocketTimeoutException
14:24:11.747 [Communicator] DEBUG TanksCommon.Communicator1 - Communicator run:
	 at beginning of run
14:24:11.747 [Communicator] DEBUG TanksCommon.Communicator1 - getMessage:
	 starting to try to get message
14:24:11.797 [Communicator] DEBUG TanksCommon.Communicator1 - getMessage socket timed out:
	 SocketTimeoutException
14:24:11.847 [Communicator] DEBUG TanksCommon.Communicator1 - Communicator run:
	 at beginning of run
14:24:11.847 [Communicator] DEBUG TanksCommon.Communicator1 - getMessage:
	 starting to try to get message
14:24:11.897 [Communicator] DEBUG TanksCommon.Communicator1 - getMessage socket timed out:
	 SocketTimeoutException
14:24:11.947 [Communicator] DEBUG TanksCommon.Communicator1 - Communicator run:
	 at beginning of run
14:24:11.947 [Communicator] DEBUG TanksCommon.Communicator1 - getMessage:
	 starting to try to get message
14:24:11.997 [Communicator] DEBUG TanksCommon.Communicator1 - getMessage socket timed out:
	 SocketTimeoutException
14:24:12.047 [Communicator] DEBUG TanksCommon.Communicator1 - Communicator run:
	 at beginning of run
14:24:12.047 [Communicator] DEBUG TanksCommon.Communicator1 - getMessage:
	 starting to try to get message
14:24:12.097 [Communicator] DEBUG TanksCommon.Communicator1 - getMessage socket timed out:
	 SocketTimeoutException
14:24:12.147 [Communicator] DEBUG TanksCommon.Communicator1 - Communicator run:
	 at beginning of run
14:24:12.147 [Communicator] DEBUG TanksCommon.Communicator1 - getMessage:
	 starting to try to get message
14:24:12.197 [Communicator] DEBUG TanksCommon.Communicator1 - getMessage socket timed out:
	 SocketTimeoutException
14:24:12.247 [Communicator] DEBUG TanksCommon.Communicator1 - Communicator run:
	 at beginning of run
14:24:12.247 [Communicator] DEBUG TanksCommon.Communicator1 - getMessage:
	 starting to try to get message
14:24:12.297 [Communicator] DEBUG TanksCommon.Communicator1 - getMessage socket timed out:
	 SocketTimeoutException
14:24:12.347 [Communicator] DEBUG TanksCommon.Communicator1 - Communicator run:
	 at beginning of run
14:24:12.347 [Communicator] DEBUG TanksCommon.Communicator1 - getMessage:
	 starting to try to get message
14:24:12.397 [Communicator] DEBUG TanksCommon.Communicator1 - getMessage socket timed out:
	 SocketTimeoutException
14:24:12.447 [Communicator] DEBUG TanksCommon.Communicator1 - Communicator run:
	 at beginning of run
14:24:12.447 [Communicator] DEBUG TanksCommon.Communicator1 - getMessage:
	 starting to try to get message
14:24:12.497 [Communicator] DEBUG TanksCommon.Communicator1 - getMessage socket timed out:
	 SocketTimeoutException
14:24:12.547 [Communicator] DEBUG TanksCommon.Communicator1 - Communicator run:
	 at beginning of run
14:24:12.547 [Communicator] DEBUG TanksCommon.Communicator1 - getMessage:
	 starting to try to get message
14:24:12.597 [Communicator] DEBUG TanksCommon.Communicator1 - getMessage socket timed out:
	 SocketTimeoutException
14:24:12.647 [Communicator] DEBUG TanksCommon.Communicator1 - Communicator run:
	 at beginning of run
14:24:12.647 [Communicator] DEBUG TanksCommon.Communicator1 - getMessage:
	 starting to try to get message
14:24:12.697 [Communicator] DEBUG TanksCommon.Communicator1 - getMessage socket timed out:
	 SocketTimeoutException
14:24:12.747 [Communicator] DEBUG TanksCommon.Communicator1 - Communicator run:
	 at beginning of run
14:24:12.747 [Communicator] DEBUG TanksCommon.Communicator1 - getMessage:
	 starting to try to get message
14:24:12.797 [Communicator] DEBUG TanksCommon.Communicator1 - getMessage socket timed out:
	 SocketTimeoutException
14:24:12.847 [Communicator] DEBUG TanksCommon.Communicator1 - Communicator run:
	 at beginning of run
14:24:12.847 [Communicator] DEBUG TanksCommon.Communicator1 - getMessage:
	 starting to try to get message
14:24:12.897 [Communicator] DEBUG TanksCommon.Communicator1 - getMessage socket timed out:
	 SocketTimeoutException
14:24:12.947 [Communicator] DEBUG TanksCommon.Communicator1 - Communicator run:
	 at beginning of run
14:24:12.947 [Communicator] DEBUG TanksCommon.Communicator1 - getMessage:
	 starting to try to get message
14:24:12.997 [Communicator] DEBUG TanksCommon.Communicator1 - getMessage socket timed out:
	 SocketTimeoutException
14:24:13.048 [Communicator] DEBUG TanksCommon.Communicator1 - Communicator run:
	 at beginning of run
14:24:13.048 [Communicator] DEBUG TanksCommon.Communicator1 - getMessage:
	 starting to try to get message
14:24:13.098 [Communicator] DEBUG TanksCommon.Communicator1 - getMessage socket timed out:
	 SocketTimeoutException
14:24:13.148 [Communicator] DEBUG TanksCommon.Communicator1 - Communicator run:
	 at beginning of run
14:24:13.148 [Communicator] DEBUG TanksCommon.Communicator1 - getMessage:
	 starting to try to get message
14:24:13.198 [Communicator] DEBUG TanksCommon.Communicator1 - getMessage socket timed out:
	 SocketTimeoutException
14:24:13.248 [Communicator] DEBUG TanksCommon.Communicator1 - Communicator run:
	 at beginning of run
14:24:13.248 [Communicator] DEBUG TanksCommon.Communicator1 - getMessage:
	 starting to try to get message
14:24:13.298 [Communicator] DEBUG TanksCommon.Communicator1 - getMessage socket timed out:
	 SocketTimeoutException
14:24:13.348 [Communicator] DEBUG TanksCommon.Communicator1 - Communicator run:
	 at beginning of run
14:24:13.348 [Communicator] DEBUG TanksCommon.Communicator1 - getMessage:
	 starting to try to get message
14:24:13.398 [Communicator] DEBUG TanksCommon.Communicator1 - getMessage socket timed out:
	 SocketTimeoutException
14:24:13.448 [Communicator] DEBUG TanksCommon.Communicator1 - Communicator run:
	 at beginning of run
14:24:13.448 [Communicator] DEBUG TanksCommon.Communicator1 - getMessage:
	 starting to try to get message
14:24:13.498 [Communicator] DEBUG TanksCommon.Communicator1 - getMessage socket timed out:
	 SocketTimeoutException
14:24:13.548 [Communicator] DEBUG TanksCommon.Communicator1 - Communicator run:
	 at beginning of run
14:24:13.548 [Communicator] DEBUG TanksCommon.Communicator1 - getMessage:
	 starting to try to get message
14:24:13.598 [Communicator] DEBUG TanksCommon.Communicator1 - getMessage socket timed out:
	 SocketTimeoutException
14:24:13.648 [Communicator] DEBUG TanksCommon.Communicator1 - Communicator run:
	 at beginning of run
14:24:13.648 [Communicator] DEBUG TanksCommon.Communicator1 - getMessage:
	 starting to try to get message
14:24:13.698 [Communicator] DEBUG TanksCommon.Communicator1 - getMessage socket timed out:
	 SocketTimeoutException
14:24:13.748 [Communicator] DEBUG TanksCommon.Communicator1 - Communicator run:
	 at beginning of run
14:24:13.748 [Communicator] DEBUG TanksCommon.Communicator1 - getMessage:
	 starting to try to get message
14:24:13.798 [Communicator] DEBUG TanksCommon.Communicator1 - getMessage socket timed out:
	 SocketTimeoutException
14:24:13.848 [Communicator] DEBUG TanksCommon.Communicator1 - Communicator run:
	 at beginning of run
14:24:13.848 [Communicator] DEBUG TanksCommon.Communicator1 - getMessage:
	 starting to try to get message
14:24:13.884 [JavaFX Application Thread] DEBUG TanksCommon.Communicator1 - BackgroundThread Stop:
	 Stopping Thread
14:24:13.898 [Communicator] DEBUG TanksCommon.Communicator1 - getMessage socket timed out:
	 SocketTimeoutException
14:24:14.885 [JavaFX Application Thread] DEBUG TanksCommon.Communicator1 - BackgroundThread Stop:
	 Thread Stopped
