17:00:55.413 [JavaFX Application Thread] DEBUG TanksCommon.Communicator1 - Communicator constructor:
	 communicator created
17:00:55.414 [JavaFX Application Thread] INFO  TanksCommon.Communicator1 - Communicator initializeSocket:
	 Socket initialized
17:00:55.416 [JavaFX Application Thread] DEBUG TanksCommon.Communicator1 - BackgroundThread Start: 
	Thread Started
17:00:55.416 [Communicator] DEBUG TanksCommon.Communicator1 - Communicator run:
	 at beginning of run
17:00:55.416 [Communicator] DEBUG TanksCommon.Communicator1 - getMessage:
	 starting to try to get message
17:00:55.466 [Communicator] DEBUG TanksCommon.Communicator1 - getMessage socket timed out:
	 SocketTimeoutException
17:00:55.516 [Communicator] DEBUG TanksCommon.Communicator1 - Communicator run:
	 at beginning of run
17:00:55.516 [Communicator] DEBUG TanksCommon.Communicator1 - getMessage:
	 starting to try to get message
17:00:55.566 [Communicator] DEBUG TanksCommon.Communicator1 - getMessage socket timed out:
	 SocketTimeoutException
17:00:55.616 [Communicator] DEBUG TanksCommon.Communicator1 - Communicator run:
	 at beginning of run
17:00:55.616 [Communicator] DEBUG TanksCommon.Communicator1 - getMessage:
	 starting to try to get message
17:00:55.666 [Communicator] DEBUG TanksCommon.Communicator1 - getMessage socket timed out:
	 SocketTimeoutException
17:00:55.716 [Communicator] DEBUG TanksCommon.Communicator1 - Communicator run:
	 at beginning of run
17:00:55.716 [Communicator] DEBUG TanksCommon.Communicator1 - getMessage:
	 starting to try to get message
17:00:55.766 [Communicator] DEBUG TanksCommon.Communicator1 - getMessage socket timed out:
	 SocketTimeoutException
17:00:55.816 [Communicator] DEBUG TanksCommon.Communicator1 - Communicator run:
	 at beginning of run
17:00:55.816 [Communicator] DEBUG TanksCommon.Communicator1 - getMessage:
	 starting to try to get message
17:00:55.866 [Communicator] DEBUG TanksCommon.Communicator1 - getMessage socket timed out:
	 SocketTimeoutException
17:00:55.916 [Communicator] DEBUG TanksCommon.Communicator1 - Communicator run:
	 at beginning of run
17:00:55.916 [Communicator] DEBUG TanksCommon.Communicator1 - getMessage:
	 starting to try to get message
17:00:55.966 [Communicator] DEBUG TanksCommon.Communicator1 - getMessage socket timed out:
	 SocketTimeoutException
17:00:56.016 [Communicator] DEBUG TanksCommon.Communicator1 - Communicator run:
	 at beginning of run
17:00:56.016 [Communicator] DEBUG TanksCommon.Communicator1 - getMessage:
	 starting to try to get message
17:00:56.066 [Communicator] DEBUG TanksCommon.Communicator1 - getMessage socket timed out:
	 SocketTimeoutException
17:00:56.116 [Communicator] DEBUG TanksCommon.Communicator1 - Communicator run:
	 at beginning of run
17:00:56.116 [Communicator] DEBUG TanksCommon.Communicator1 - getMessage:
	 starting to try to get message
17:00:56.166 [Communicator] DEBUG TanksCommon.Communicator1 - getMessage socket timed out:
	 SocketTimeoutException
17:00:56.216 [Communicator] DEBUG TanksCommon.Communicator1 - Communicator run:
	 at beginning of run
17:00:56.216 [Communicator] DEBUG TanksCommon.Communicator1 - getMessage:
	 starting to try to get message
17:00:56.266 [Communicator] DEBUG TanksCommon.Communicator1 - getMessage socket timed out:
	 SocketTimeoutException
17:00:56.316 [Communicator] DEBUG TanksCommon.Communicator1 - Communicator run:
	 at beginning of run
17:00:56.316 [Communicator] DEBUG TanksCommon.Communicator1 - getMessage:
	 starting to try to get message
17:00:56.366 [Communicator] DEBUG TanksCommon.Communicator1 - getMessage socket timed out:
	 SocketTimeoutException
17:00:56.416 [Communicator] DEBUG TanksCommon.Communicator1 - Communicator run:
	 at beginning of run
17:00:56.416 [Communicator] DEBUG TanksCommon.Communicator1 - getMessage:
	 starting to try to get message
17:00:56.466 [Communicator] DEBUG TanksCommon.Communicator1 - getMessage socket timed out:
	 SocketTimeoutException
17:00:56.516 [Communicator] DEBUG TanksCommon.Communicator1 - Communicator run:
	 at beginning of run
17:00:56.516 [Communicator] DEBUG TanksCommon.Communicator1 - getMessage:
	 starting to try to get message
17:00:56.566 [Communicator] DEBUG TanksCommon.Communicator1 - getMessage socket timed out:
	 SocketTimeoutException
17:00:56.616 [Communicator] DEBUG TanksCommon.Communicator1 - Communicator run:
	 at beginning of run
17:00:56.616 [Communicator] DEBUG TanksCommon.Communicator1 - getMessage:
	 starting to try to get message
17:00:56.666 [Communicator] DEBUG TanksCommon.Communicator1 - getMessage socket timed out:
	 SocketTimeoutException
17:00:56.716 [Communicator] DEBUG TanksCommon.Communicator1 - Communicator run:
	 at beginning of run
17:00:56.716 [Communicator] DEBUG TanksCommon.Communicator1 - getMessage:
	 starting to try to get message
17:00:56.766 [Communicator] DEBUG TanksCommon.Communicator1 - getMessage socket timed out:
	 SocketTimeoutException
17:00:56.816 [Communicator] DEBUG TanksCommon.Communicator1 - Communicator run:
	 at beginning of run
17:00:56.816 [Communicator] DEBUG TanksCommon.Communicator1 - getMessage:
	 starting to try to get message
17:00:56.867 [Communicator] DEBUG TanksCommon.Communicator1 - getMessage socket timed out:
	 SocketTimeoutException
17:00:56.917 [Communicator] DEBUG TanksCommon.Communicator1 - Communicator run:
	 at beginning of run
17:00:56.917 [Communicator] DEBUG TanksCommon.Communicator1 - getMessage:
	 starting to try to get message
17:00:56.967 [Communicator] DEBUG TanksCommon.Communicator1 - getMessage socket timed out:
	 SocketTimeoutException
17:00:57.017 [Communicator] DEBUG TanksCommon.Communicator1 - Communicator run:
	 at beginning of run
17:00:57.017 [Communicator] DEBUG TanksCommon.Communicator1 - getMessage:
	 starting to try to get message
17:00:57.067 [Communicator] DEBUG TanksCommon.Communicator1 - getMessage socket timed out:
	 SocketTimeoutException
17:00:57.117 [Communicator] DEBUG TanksCommon.Communicator1 - Communicator run:
	 at beginning of run
17:00:57.117 [Communicator] DEBUG TanksCommon.Communicator1 - getMessage:
	 starting to try to get message
17:00:57.167 [Communicator] DEBUG TanksCommon.Communicator1 - getMessage socket timed out:
	 SocketTimeoutException
17:00:57.217 [Communicator] DEBUG TanksCommon.Communicator1 - Communicator run:
	 at beginning of run
17:00:57.217 [Communicator] DEBUG TanksCommon.Communicator1 - getMessage:
	 starting to try to get message
17:00:57.267 [Communicator] DEBUG TanksCommon.Communicator1 - getMessage socket timed out:
	 SocketTimeoutException
17:00:57.317 [Communicator] DEBUG TanksCommon.Communicator1 - Communicator run:
	 at beginning of run
17:00:57.317 [Communicator] DEBUG TanksCommon.Communicator1 - getMessage:
	 starting to try to get message
17:00:57.367 [Communicator] DEBUG TanksCommon.Communicator1 - getMessage socket timed out:
	 SocketTimeoutException
17:00:57.417 [Communicator] DEBUG TanksCommon.Communicator1 - Communicator run:
	 at beginning of run
17:00:57.417 [Communicator] DEBUG TanksCommon.Communicator1 - getMessage:
	 starting to try to get message
17:00:57.467 [Communicator] DEBUG TanksCommon.Communicator1 - getMessage socket timed out:
	 SocketTimeoutException
17:00:57.517 [Communicator] DEBUG TanksCommon.Communicator1 - Communicator run:
	 at beginning of run
17:00:57.517 [Communicator] DEBUG TanksCommon.Communicator1 - getMessage:
	 starting to try to get message
17:00:57.567 [Communicator] DEBUG TanksCommon.Communicator1 - getMessage socket timed out:
	 SocketTimeoutException
17:00:57.617 [Communicator] DEBUG TanksCommon.Communicator1 - Communicator run:
	 at beginning of run
17:00:57.617 [Communicator] DEBUG TanksCommon.Communicator1 - getMessage:
	 starting to try to get message
17:00:57.667 [Communicator] DEBUG TanksCommon.Communicator1 - getMessage socket timed out:
	 SocketTimeoutException
17:00:57.717 [Communicator] DEBUG TanksCommon.Communicator1 - Communicator run:
	 at beginning of run
17:00:57.717 [Communicator] DEBUG TanksCommon.Communicator1 - getMessage:
	 starting to try to get message
17:00:57.767 [Communicator] DEBUG TanksCommon.Communicator1 - getMessage socket timed out:
	 SocketTimeoutException
17:00:57.817 [Communicator] DEBUG TanksCommon.Communicator1 - Communicator run:
	 at beginning of run
17:00:57.817 [Communicator] DEBUG TanksCommon.Communicator1 - getMessage:
	 starting to try to get message
17:00:57.867 [Communicator] DEBUG TanksCommon.Communicator1 - getMessage socket timed out:
	 SocketTimeoutException
17:00:57.917 [Communicator] DEBUG TanksCommon.Communicator1 - Communicator run:
	 at beginning of run
17:00:57.917 [Communicator] DEBUG TanksCommon.Communicator1 - getMessage:
	 starting to try to get message
17:00:57.967 [Communicator] DEBUG TanksCommon.Communicator1 - getMessage socket timed out:
	 SocketTimeoutException
17:00:58.017 [Communicator] DEBUG TanksCommon.Communicator1 - Communicator run:
	 at beginning of run
17:00:58.017 [Communicator] DEBUG TanksCommon.Communicator1 - getMessage:
	 starting to try to get message
17:00:58.067 [Communicator] DEBUG TanksCommon.Communicator1 - getMessage socket timed out:
	 SocketTimeoutException
17:00:58.117 [Communicator] DEBUG TanksCommon.Communicator1 - Communicator run:
	 at beginning of run
17:00:58.117 [Communicator] DEBUG TanksCommon.Communicator1 - getMessage:
	 starting to try to get message
17:00:58.167 [Communicator] DEBUG TanksCommon.Communicator1 - getMessage socket timed out:
	 SocketTimeoutException
17:00:58.217 [Communicator] DEBUG TanksCommon.Communicator1 - Communicator run:
	 at beginning of run
17:00:58.217 [Communicator] DEBUG TanksCommon.Communicator1 - getMessage:
	 starting to try to get message
17:00:58.267 [Communicator] DEBUG TanksCommon.Communicator1 - getMessage socket timed out:
	 SocketTimeoutException
17:00:58.317 [Communicator] DEBUG TanksCommon.Communicator1 - Communicator run:
	 at beginning of run
17:00:58.317 [Communicator] DEBUG TanksCommon.Communicator1 - getMessage:
	 starting to try to get message
17:00:58.368 [Communicator] DEBUG TanksCommon.Communicator1 - getMessage socket timed out:
	 SocketTimeoutException
17:00:58.418 [Communicator] DEBUG TanksCommon.Communicator1 - Communicator run:
	 at beginning of run
17:00:58.418 [Communicator] DEBUG TanksCommon.Communicator1 - getMessage:
	 starting to try to get message
17:00:58.468 [Communicator] DEBUG TanksCommon.Communicator1 - getMessage socket timed out:
	 SocketTimeoutException
17:00:58.468 [Communicator] DEBUG TanksCommon.Communicator1 - Communicator run:
	 outputQueue not empty, trying to send the message
17:00:58.469 [Communicator] DEBUG TanksCommon.Communicator1 - Communicator sendMessage
	 Starting to try to send message of length: 60
17:00:58.469 [Communicator] DEBUG TanksCommon.Communicator1 - Communicator sendMessage
	 Sent successfully length: 60
17:00:58.519 [Communicator] DEBUG TanksCommon.Communicator1 - Communicator run:
	 at beginning of run
17:00:58.519 [Communicator] DEBUG TanksCommon.Communicator1 - getMessage:
	 starting to try to get message
17:00:58.569 [Communicator] DEBUG TanksCommon.Communicator1 - getMessage socket timed out:
	 SocketTimeoutException
17:00:58.619 [Communicator] DEBUG TanksCommon.Communicator1 - Communicator run:
	 at beginning of run
17:00:58.619 [Communicator] DEBUG TanksCommon.Communicator1 - getMessage:
	 starting to try to get message
17:00:58.669 [Communicator] DEBUG TanksCommon.Communicator1 - getMessage socket timed out:
	 SocketTimeoutException
17:00:58.719 [Communicator] DEBUG TanksCommon.Communicator1 - Communicator run:
	 at beginning of run
17:00:58.719 [Communicator] DEBUG TanksCommon.Communicator1 - getMessage:
	 starting to try to get message
17:00:58.769 [Communicator] DEBUG TanksCommon.Communicator1 - getMessage socket timed out:
	 SocketTimeoutException
17:00:58.819 [Communicator] DEBUG TanksCommon.Communicator1 - Communicator run:
	 at beginning of run
17:00:58.819 [Communicator] DEBUG TanksCommon.Communicator1 - getMessage:
	 starting to try to get message
17:00:58.869 [Communicator] DEBUG TanksCommon.Communicator1 - getMessage socket timed out:
	 SocketTimeoutException
17:00:58.919 [Communicator] DEBUG TanksCommon.Communicator1 - Communicator run:
	 at beginning of run
17:00:58.919 [Communicator] DEBUG TanksCommon.Communicator1 - getMessage:
	 starting to try to get message
17:00:58.969 [Communicator] DEBUG TanksCommon.Communicator1 - getMessage socket timed out:
	 SocketTimeoutException
17:00:59.019 [Communicator] DEBUG TanksCommon.Communicator1 - Communicator run:
	 at beginning of run
17:00:59.019 [Communicator] DEBUG TanksCommon.Communicator1 - getMessage:
	 starting to try to get message
17:00:59.069 [Communicator] DEBUG TanksCommon.Communicator1 - getMessage socket timed out:
	 SocketTimeoutException
17:00:59.119 [Communicator] DEBUG TanksCommon.Communicator1 - Communicator run:
	 at beginning of run
17:00:59.119 [Communicator] DEBUG TanksCommon.Communicator1 - getMessage:
	 starting to try to get message
17:00:59.169 [Communicator] DEBUG TanksCommon.Communicator1 - getMessage socket timed out:
	 SocketTimeoutException
17:00:59.219 [Communicator] DEBUG TanksCommon.Communicator1 - Communicator run:
	 at beginning of run
17:00:59.219 [Communicator] DEBUG TanksCommon.Communicator1 - getMessage:
	 starting to try to get message
17:00:59.269 [Communicator] DEBUG TanksCommon.Communicator1 - getMessage socket timed out:
	 SocketTimeoutException
17:00:59.319 [Communicator] DEBUG TanksCommon.Communicator1 - Communicator run:
	 at beginning of run
17:00:59.319 [Communicator] DEBUG TanksCommon.Communicator1 - getMessage:
	 starting to try to get message
17:00:59.369 [Communicator] DEBUG TanksCommon.Communicator1 - getMessage socket timed out:
	 SocketTimeoutException
17:00:59.419 [Communicator] DEBUG TanksCommon.Communicator1 - Communicator run:
	 at beginning of run
17:00:59.419 [Communicator] DEBUG TanksCommon.Communicator1 - getMessage:
	 starting to try to get message
17:00:59.469 [Communicator] DEBUG TanksCommon.Communicator1 - getMessage socket timed out:
	 SocketTimeoutException
17:00:59.519 [Communicator] DEBUG TanksCommon.Communicator1 - Communicator run:
	 at beginning of run
17:00:59.519 [Communicator] DEBUG TanksCommon.Communicator1 - getMessage:
	 starting to try to get message
17:00:59.569 [Communicator] DEBUG TanksCommon.Communicator1 - getMessage socket timed out:
	 SocketTimeoutException
17:00:59.619 [Communicator] DEBUG TanksCommon.Communicator1 - Communicator run:
	 at beginning of run
17:00:59.619 [Communicator] DEBUG TanksCommon.Communicator1 - getMessage:
	 starting to try to get message
17:00:59.669 [Communicator] DEBUG TanksCommon.Communicator1 - getMessage socket timed out:
	 SocketTimeoutException
17:00:59.719 [Communicator] DEBUG TanksCommon.Communicator1 - Communicator run:
	 at beginning of run
17:00:59.719 [Communicator] DEBUG TanksCommon.Communicator1 - getMessage:
	 starting to try to get message
17:00:59.769 [Communicator] DEBUG TanksCommon.Communicator1 - getMessage socket timed out:
	 SocketTimeoutException
17:00:59.819 [Communicator] DEBUG TanksCommon.Communicator1 - Communicator run:
	 at beginning of run
17:00:59.819 [Communicator] DEBUG TanksCommon.Communicator1 - getMessage:
	 starting to try to get message
17:00:59.869 [Communicator] DEBUG TanksCommon.Communicator1 - getMessage socket timed out:
	 SocketTimeoutException
17:00:59.920 [Communicator] DEBUG TanksCommon.Communicator1 - Communicator run:
	 at beginning of run
17:00:59.920 [Communicator] DEBUG TanksCommon.Communicator1 - getMessage:
	 starting to try to get message
17:00:59.970 [Communicator] DEBUG TanksCommon.Communicator1 - getMessage socket timed out:
	 SocketTimeoutException
17:01:00.020 [Communicator] DEBUG TanksCommon.Communicator1 - Communicator run:
	 at beginning of run
17:01:00.020 [Communicator] DEBUG TanksCommon.Communicator1 - getMessage:
	 starting to try to get message
17:01:00.070 [Communicator] DEBUG TanksCommon.Communicator1 - getMessage socket timed out:
	 SocketTimeoutException
17:01:00.120 [Communicator] DEBUG TanksCommon.Communicator1 - Communicator run:
	 at beginning of run
17:01:00.120 [Communicator] DEBUG TanksCommon.Communicator1 - getMessage:
	 starting to try to get message
17:01:00.170 [Communicator] DEBUG TanksCommon.Communicator1 - getMessage socket timed out:
	 SocketTimeoutException
17:01:00.220 [Communicator] DEBUG TanksCommon.Communicator1 - Communicator run:
	 at beginning of run
17:01:00.220 [Communicator] DEBUG TanksCommon.Communicator1 - getMessage:
	 starting to try to get message
17:01:00.270 [Communicator] DEBUG TanksCommon.Communicator1 - getMessage socket timed out:
	 SocketTimeoutException
17:01:00.320 [Communicator] DEBUG TanksCommon.Communicator1 - Communicator run:
	 at beginning of run
17:01:00.320 [Communicator] DEBUG TanksCommon.Communicator1 - getMessage:
	 starting to try to get message
17:01:00.370 [Communicator] DEBUG TanksCommon.Communicator1 - getMessage socket timed out:
	 SocketTimeoutException
17:01:00.420 [Communicator] DEBUG TanksCommon.Communicator1 - Communicator run:
	 at beginning of run
17:01:00.420 [Communicator] DEBUG TanksCommon.Communicator1 - getMessage:
	 starting to try to get message
17:01:00.470 [Communicator] DEBUG TanksCommon.Communicator1 - getMessage socket timed out:
	 SocketTimeoutException
17:01:00.520 [Communicator] DEBUG TanksCommon.Communicator1 - Communicator run:
	 at beginning of run
17:01:00.520 [Communicator] DEBUG TanksCommon.Communicator1 - getMessage:
	 starting to try to get message
17:01:00.570 [Communicator] DEBUG TanksCommon.Communicator1 - getMessage socket timed out:
	 SocketTimeoutException
17:01:00.620 [Communicator] DEBUG TanksCommon.Communicator1 - Communicator run:
	 at beginning of run
17:01:00.620 [Communicator] DEBUG TanksCommon.Communicator1 - getMessage:
	 starting to try to get message
17:01:00.670 [Communicator] DEBUG TanksCommon.Communicator1 - getMessage socket timed out:
	 SocketTimeoutException
17:01:00.720 [Communicator] DEBUG TanksCommon.Communicator1 - Communicator run:
	 at beginning of run
17:01:00.720 [Communicator] DEBUG TanksCommon.Communicator1 - getMessage:
	 starting to try to get message
17:01:00.770 [Communicator] DEBUG TanksCommon.Communicator1 - getMessage socket timed out:
	 SocketTimeoutException
17:01:00.820 [Communicator] DEBUG TanksCommon.Communicator1 - Communicator run:
	 at beginning of run
17:01:00.820 [Communicator] DEBUG TanksCommon.Communicator1 - getMessage:
	 starting to try to get message
17:01:00.870 [Communicator] DEBUG TanksCommon.Communicator1 - getMessage socket timed out:
	 SocketTimeoutException
17:01:00.920 [Communicator] DEBUG TanksCommon.Communicator1 - Communicator run:
	 at beginning of run
17:01:00.920 [Communicator] DEBUG TanksCommon.Communicator1 - getMessage:
	 starting to try to get message
17:01:00.970 [Communicator] DEBUG TanksCommon.Communicator1 - getMessage socket timed out:
	 SocketTimeoutException
17:01:01.020 [Communicator] DEBUG TanksCommon.Communicator1 - Communicator run:
	 at beginning of run
17:01:01.020 [Communicator] DEBUG TanksCommon.Communicator1 - getMessage:
	 starting to try to get message
17:01:01.070 [Communicator] DEBUG TanksCommon.Communicator1 - getMessage socket timed out:
	 SocketTimeoutException
17:01:01.120 [Communicator] DEBUG TanksCommon.Communicator1 - Communicator run:
	 at beginning of run
17:01:01.120 [Communicator] DEBUG TanksCommon.Communicator1 - getMessage:
	 starting to try to get message
17:01:01.170 [Communicator] DEBUG TanksCommon.Communicator1 - getMessage socket timed out:
	 SocketTimeoutException
17:01:01.220 [Communicator] DEBUG TanksCommon.Communicator1 - Communicator run:
	 at beginning of run
17:01:01.220 [Communicator] DEBUG TanksCommon.Communicator1 - getMessage:
	 starting to try to get message
17:01:01.270 [Communicator] DEBUG TanksCommon.Communicator1 - getMessage socket timed out:
	 SocketTimeoutException
17:01:01.320 [Communicator] DEBUG TanksCommon.Communicator1 - Communicator run:
	 at beginning of run
17:01:01.320 [Communicator] DEBUG TanksCommon.Communicator1 - getMessage:
	 starting to try to get message
17:01:01.370 [Communicator] DEBUG TanksCommon.Communicator1 - getMessage socket timed out:
	 SocketTimeoutException
17:01:01.421 [Communicator] DEBUG TanksCommon.Communicator1 - Communicator run:
	 at beginning of run
17:01:01.421 [Communicator] DEBUG TanksCommon.Communicator1 - getMessage:
	 starting to try to get message
17:01:01.471 [Communicator] DEBUG TanksCommon.Communicator1 - getMessage socket timed out:
	 SocketTimeoutException
17:01:01.521 [Communicator] DEBUG TanksCommon.Communicator1 - Communicator run:
	 at beginning of run
17:01:01.521 [Communicator] DEBUG TanksCommon.Communicator1 - getMessage:
	 starting to try to get message
17:01:01.571 [Communicator] DEBUG TanksCommon.Communicator1 - getMessage socket timed out:
	 SocketTimeoutException
17:01:01.621 [Communicator] DEBUG TanksCommon.Communicator1 - Communicator run:
	 at beginning of run
17:01:01.621 [Communicator] DEBUG TanksCommon.Communicator1 - getMessage:
	 starting to try to get message
17:01:01.671 [Communicator] DEBUG TanksCommon.Communicator1 - getMessage socket timed out:
	 SocketTimeoutException
17:01:01.721 [Communicator] DEBUG TanksCommon.Communicator1 - Communicator run:
	 at beginning of run
17:01:01.721 [Communicator] DEBUG TanksCommon.Communicator1 - getMessage:
	 starting to try to get message
17:01:01.771 [Communicator] DEBUG TanksCommon.Communicator1 - getMessage socket timed out:
	 SocketTimeoutException
17:01:01.821 [Communicator] DEBUG TanksCommon.Communicator1 - Communicator run:
	 at beginning of run
17:01:01.821 [Communicator] DEBUG TanksCommon.Communicator1 - getMessage:
	 starting to try to get message
17:01:01.871 [Communicator] DEBUG TanksCommon.Communicator1 - getMessage socket timed out:
	 SocketTimeoutException
17:01:01.921 [Communicator] DEBUG TanksCommon.Communicator1 - Communicator run:
	 at beginning of run
17:01:01.921 [Communicator] DEBUG TanksCommon.Communicator1 - getMessage:
	 starting to try to get message
17:01:01.971 [Communicator] DEBUG TanksCommon.Communicator1 - getMessage socket timed out:
	 SocketTimeoutException
17:01:02.021 [Communicator] DEBUG TanksCommon.Communicator1 - Communicator run:
	 at beginning of run
17:01:02.021 [Communicator] DEBUG TanksCommon.Communicator1 - getMessage:
	 starting to try to get message
17:01:02.071 [Communicator] DEBUG TanksCommon.Communicator1 - getMessage socket timed out:
	 SocketTimeoutException
17:01:02.121 [Communicator] DEBUG TanksCommon.Communicator1 - Communicator run:
	 at beginning of run
17:01:02.121 [Communicator] DEBUG TanksCommon.Communicator1 - getMessage:
	 starting to try to get message
17:01:02.171 [Communicator] DEBUG TanksCommon.Communicator1 - getMessage socket timed out:
	 SocketTimeoutException
17:01:02.221 [Communicator] DEBUG TanksCommon.Communicator1 - Communicator run:
	 at beginning of run
17:01:02.221 [Communicator] DEBUG TanksCommon.Communicator1 - getMessage:
	 starting to try to get message
17:01:02.271 [Communicator] DEBUG TanksCommon.Communicator1 - getMessage socket timed out:
	 SocketTimeoutException
17:01:02.321 [Communicator] DEBUG TanksCommon.Communicator1 - Communicator run:
	 at beginning of run
17:01:02.321 [Communicator] DEBUG TanksCommon.Communicator1 - getMessage:
	 starting to try to get message
17:01:02.371 [Communicator] DEBUG TanksCommon.Communicator1 - getMessage socket timed out:
	 SocketTimeoutException
17:01:02.421 [Communicator] DEBUG TanksCommon.Communicator1 - Communicator run:
	 at beginning of run
17:01:02.421 [Communicator] DEBUG TanksCommon.Communicator1 - getMessage:
	 starting to try to get message
17:01:02.471 [Communicator] DEBUG TanksCommon.Communicator1 - getMessage socket timed out:
	 SocketTimeoutException
17:01:02.521 [Communicator] DEBUG TanksCommon.Communicator1 - Communicator run:
	 at beginning of run
17:01:02.521 [Communicator] DEBUG TanksCommon.Communicator1 - getMessage:
	 starting to try to get message
17:01:02.571 [Communicator] DEBUG TanksCommon.Communicator1 - getMessage socket timed out:
	 SocketTimeoutException
17:01:02.621 [Communicator] DEBUG TanksCommon.Communicator1 - Communicator run:
	 at beginning of run
17:01:02.621 [Communicator] DEBUG TanksCommon.Communicator1 - getMessage:
	 starting to try to get message
17:01:02.671 [Communicator] DEBUG TanksCommon.Communicator1 - getMessage socket timed out:
	 SocketTimeoutException
17:01:02.721 [Communicator] DEBUG TanksCommon.Communicator1 - Communicator run:
	 at beginning of run
17:01:02.721 [Communicator] DEBUG TanksCommon.Communicator1 - getMessage:
	 starting to try to get message
17:01:02.771 [Communicator] DEBUG TanksCommon.Communicator1 - getMessage socket timed out:
	 SocketTimeoutException
17:01:02.821 [Communicator] DEBUG TanksCommon.Communicator1 - Communicator run:
	 at beginning of run
17:01:02.821 [Communicator] DEBUG TanksCommon.Communicator1 - getMessage:
	 starting to try to get message
17:01:02.871 [Communicator] DEBUG TanksCommon.Communicator1 - getMessage socket timed out:
	 SocketTimeoutException
17:01:02.922 [Communicator] DEBUG TanksCommon.Communicator1 - Communicator run:
	 at beginning of run
17:01:02.922 [Communicator] DEBUG TanksCommon.Communicator1 - getMessage:
	 starting to try to get message
17:01:02.972 [Communicator] DEBUG TanksCommon.Communicator1 - getMessage socket timed out:
	 SocketTimeoutException
17:01:03.022 [Communicator] DEBUG TanksCommon.Communicator1 - Communicator run:
	 at beginning of run
17:01:03.022 [Communicator] DEBUG TanksCommon.Communicator1 - getMessage:
	 starting to try to get message
17:01:03.072 [Communicator] DEBUG TanksCommon.Communicator1 - getMessage socket timed out:
	 SocketTimeoutException
17:01:03.122 [Communicator] DEBUG TanksCommon.Communicator1 - Communicator run:
	 at beginning of run
17:01:03.122 [Communicator] DEBUG TanksCommon.Communicator1 - getMessage:
	 starting to try to get message
17:01:03.172 [Communicator] DEBUG TanksCommon.Communicator1 - getMessage socket timed out:
	 SocketTimeoutException
17:01:03.222 [Communicator] DEBUG TanksCommon.Communicator1 - Communicator run:
	 at beginning of run
17:01:03.222 [Communicator] DEBUG TanksCommon.Communicator1 - getMessage:
	 starting to try to get message
17:01:03.272 [Communicator] DEBUG TanksCommon.Communicator1 - getMessage socket timed out:
	 SocketTimeoutException
17:01:03.322 [Communicator] DEBUG TanksCommon.Communicator1 - Communicator run:
	 at beginning of run
17:01:03.322 [Communicator] DEBUG TanksCommon.Communicator1 - getMessage:
	 starting to try to get message
17:01:03.372 [Communicator] DEBUG TanksCommon.Communicator1 - getMessage socket timed out:
	 SocketTimeoutException
17:01:03.422 [Communicator] DEBUG TanksCommon.Communicator1 - Communicator run:
	 at beginning of run
17:01:03.422 [Communicator] DEBUG TanksCommon.Communicator1 - getMessage:
	 starting to try to get message
17:01:03.472 [Communicator] DEBUG TanksCommon.Communicator1 - getMessage socket timed out:
	 SocketTimeoutException
17:01:03.472 [Communicator] DEBUG TanksCommon.Communicator1 - Communicator run:
	 outputQueue not empty, trying to send the message
17:01:03.472 [Communicator] DEBUG TanksCommon.Communicator1 - Communicator sendMessage
	 Starting to try to send message of length: 60
17:01:03.472 [Communicator] DEBUG TanksCommon.Communicator1 - Communicator sendMessage
	 Sent successfully length: 60
17:01:03.522 [Communicator] DEBUG TanksCommon.Communicator1 - Communicator run:
	 at beginning of run
17:01:03.522 [Communicator] DEBUG TanksCommon.Communicator1 - getMessage:
	 starting to try to get message
17:01:03.572 [Communicator] DEBUG TanksCommon.Communicator1 - getMessage socket timed out:
	 SocketTimeoutException
17:01:03.622 [Communicator] DEBUG TanksCommon.Communicator1 - Communicator run:
	 at beginning of run
17:01:03.622 [Communicator] DEBUG TanksCommon.Communicator1 - getMessage:
	 starting to try to get message
17:01:03.672 [Communicator] DEBUG TanksCommon.Communicator1 - getMessage socket timed out:
	 SocketTimeoutException
17:01:03.722 [Communicator] DEBUG TanksCommon.Communicator1 - Communicator run:
	 at beginning of run
17:01:03.722 [Communicator] DEBUG TanksCommon.Communicator1 - getMessage:
	 starting to try to get message
17:01:03.772 [Communicator] DEBUG TanksCommon.Communicator1 - getMessage socket timed out:
	 SocketTimeoutException
17:01:03.822 [Communicator] DEBUG TanksCommon.Communicator1 - Communicator run:
	 at beginning of run
17:01:03.822 [Communicator] DEBUG TanksCommon.Communicator1 - getMessage:
	 starting to try to get message
17:01:03.872 [Communicator] DEBUG TanksCommon.Communicator1 - getMessage socket timed out:
	 SocketTimeoutException
17:01:03.922 [Communicator] DEBUG TanksCommon.Communicator1 - Communicator run:
	 at beginning of run
17:01:03.922 [Communicator] DEBUG TanksCommon.Communicator1 - getMessage:
	 starting to try to get message
17:01:03.972 [Communicator] DEBUG TanksCommon.Communicator1 - getMessage socket timed out:
	 SocketTimeoutException
17:01:04.022 [Communicator] DEBUG TanksCommon.Communicator1 - Communicator run:
	 at beginning of run
17:01:04.022 [Communicator] DEBUG TanksCommon.Communicator1 - getMessage:
	 starting to try to get message
17:01:04.072 [Communicator] DEBUG TanksCommon.Communicator1 - getMessage socket timed out:
	 SocketTimeoutException
17:01:04.122 [Communicator] DEBUG TanksCommon.Communicator1 - Communicator run:
	 at beginning of run
17:01:04.122 [Communicator] DEBUG TanksCommon.Communicator1 - getMessage:
	 starting to try to get message
17:01:04.172 [Communicator] DEBUG TanksCommon.Communicator1 - getMessage socket timed out:
	 SocketTimeoutException
17:01:04.222 [Communicator] DEBUG TanksCommon.Communicator1 - Communicator run:
	 at beginning of run
17:01:04.222 [Communicator] DEBUG TanksCommon.Communicator1 - getMessage:
	 starting to try to get message
17:01:04.272 [Communicator] DEBUG TanksCommon.Communicator1 - getMessage socket timed out:
	 SocketTimeoutException
17:01:04.322 [Communicator] DEBUG TanksCommon.Communicator1 - Communicator run:
	 at beginning of run
17:01:04.322 [Communicator] DEBUG TanksCommon.Communicator1 - getMessage:
	 starting to try to get message
17:01:04.372 [Communicator] DEBUG TanksCommon.Communicator1 - getMessage socket timed out:
	 SocketTimeoutException
17:01:04.422 [Communicator] DEBUG TanksCommon.Communicator1 - Communicator run:
	 at beginning of run
17:01:04.422 [Communicator] DEBUG TanksCommon.Communicator1 - getMessage:
	 starting to try to get message
17:01:04.473 [Communicator] DEBUG TanksCommon.Communicator1 - getMessage socket timed out:
	 SocketTimeoutException
17:01:04.523 [Communicator] DEBUG TanksCommon.Communicator1 - Communicator run:
	 at beginning of run
17:01:04.523 [Communicator] DEBUG TanksCommon.Communicator1 - getMessage:
	 starting to try to get message
17:01:04.573 [Communicator] DEBUG TanksCommon.Communicator1 - getMessage socket timed out:
	 SocketTimeoutException
17:01:04.623 [Communicator] DEBUG TanksCommon.Communicator1 - Communicator run:
	 at beginning of run
17:01:04.623 [Communicator] DEBUG TanksCommon.Communicator1 - getMessage:
	 starting to try to get message
17:01:04.673 [Communicator] DEBUG TanksCommon.Communicator1 - getMessage socket timed out:
	 SocketTimeoutException
17:01:04.723 [Communicator] DEBUG TanksCommon.Communicator1 - Communicator run:
	 at beginning of run
17:01:04.723 [Communicator] DEBUG TanksCommon.Communicator1 - getMessage:
	 starting to try to get message
17:01:04.773 [Communicator] DEBUG TanksCommon.Communicator1 - getMessage socket timed out:
	 SocketTimeoutException
17:01:04.823 [Communicator] DEBUG TanksCommon.Communicator1 - Communicator run:
	 at beginning of run
17:01:04.823 [Communicator] DEBUG TanksCommon.Communicator1 - getMessage:
	 starting to try to get message
17:01:04.873 [Communicator] DEBUG TanksCommon.Communicator1 - getMessage socket timed out:
	 SocketTimeoutException
17:01:04.923 [Communicator] DEBUG TanksCommon.Communicator1 - Communicator run:
	 at beginning of run
17:01:04.923 [Communicator] DEBUG TanksCommon.Communicator1 - getMessage:
	 starting to try to get message
17:01:04.973 [Communicator] DEBUG TanksCommon.Communicator1 - getMessage socket timed out:
	 SocketTimeoutException
17:01:05.023 [Communicator] DEBUG TanksCommon.Communicator1 - Communicator run:
	 at beginning of run
17:01:05.023 [Communicator] DEBUG TanksCommon.Communicator1 - getMessage:
	 starting to try to get message
17:01:05.073 [Communicator] DEBUG TanksCommon.Communicator1 - getMessage socket timed out:
	 SocketTimeoutException
17:01:05.123 [Communicator] DEBUG TanksCommon.Communicator1 - Communicator run:
	 at beginning of run
17:01:05.123 [Communicator] DEBUG TanksCommon.Communicator1 - getMessage:
	 starting to try to get message
17:01:05.173 [Communicator] DEBUG TanksCommon.Communicator1 - getMessage socket timed out:
	 SocketTimeoutException
17:01:05.223 [Communicator] DEBUG TanksCommon.Communicator1 - Communicator run:
	 at beginning of run
17:01:05.223 [Communicator] DEBUG TanksCommon.Communicator1 - getMessage:
	 starting to try to get message
17:01:05.273 [Communicator] DEBUG TanksCommon.Communicator1 - getMessage socket timed out:
	 SocketTimeoutException
17:01:05.323 [Communicator] DEBUG TanksCommon.Communicator1 - Communicator run:
	 at beginning of run
17:01:05.323 [Communicator] DEBUG TanksCommon.Communicator1 - getMessage:
	 starting to try to get message
17:01:05.373 [Communicator] DEBUG TanksCommon.Communicator1 - getMessage socket timed out:
	 SocketTimeoutException
17:01:05.423 [Communicator] DEBUG TanksCommon.Communicator1 - Communicator run:
	 at beginning of run
17:01:05.423 [Communicator] DEBUG TanksCommon.Communicator1 - getMessage:
	 starting to try to get message
17:01:05.473 [Communicator] DEBUG TanksCommon.Communicator1 - getMessage socket timed out:
	 SocketTimeoutException
17:01:05.523 [Communicator] DEBUG TanksCommon.Communicator1 - Communicator run:
	 at beginning of run
17:01:05.523 [Communicator] DEBUG TanksCommon.Communicator1 - getMessage:
	 starting to try to get message
17:01:05.573 [Communicator] DEBUG TanksCommon.Communicator1 - getMessage socket timed out:
	 SocketTimeoutException
17:01:05.623 [Communicator] DEBUG TanksCommon.Communicator1 - Communicator run:
	 at beginning of run
17:01:05.623 [Communicator] DEBUG TanksCommon.Communicator1 - getMessage:
	 starting to try to get message
17:01:05.673 [Communicator] DEBUG TanksCommon.Communicator1 - getMessage socket timed out:
	 SocketTimeoutException
17:01:05.723 [Communicator] DEBUG TanksCommon.Communicator1 - Communicator run:
	 at beginning of run
17:01:05.723 [Communicator] DEBUG TanksCommon.Communicator1 - getMessage:
	 starting to try to get message
17:01:05.773 [Communicator] DEBUG TanksCommon.Communicator1 - getMessage socket timed out:
	 SocketTimeoutException
17:01:05.823 [Communicator] DEBUG TanksCommon.Communicator1 - Communicator run:
	 at beginning of run
17:01:05.823 [Communicator] DEBUG TanksCommon.Communicator1 - getMessage:
	 starting to try to get message
17:01:05.873 [Communicator] DEBUG TanksCommon.Communicator1 - getMessage socket timed out:
	 SocketTimeoutException
17:01:05.923 [Communicator] DEBUG TanksCommon.Communicator1 - Communicator run:
	 at beginning of run
17:01:05.923 [Communicator] DEBUG TanksCommon.Communicator1 - getMessage:
	 starting to try to get message
17:01:05.974 [Communicator] DEBUG TanksCommon.Communicator1 - getMessage socket timed out:
	 SocketTimeoutException
17:01:06.024 [Communicator] DEBUG TanksCommon.Communicator1 - Communicator run:
	 at beginning of run
17:01:06.024 [Communicator] DEBUG TanksCommon.Communicator1 - getMessage:
	 starting to try to get message
17:01:06.074 [Communicator] DEBUG TanksCommon.Communicator1 - getMessage socket timed out:
	 SocketTimeoutException
17:01:06.124 [Communicator] DEBUG TanksCommon.Communicator1 - Communicator run:
	 at beginning of run
17:01:06.124 [Communicator] DEBUG TanksCommon.Communicator1 - getMessage:
	 starting to try to get message
17:01:06.174 [Communicator] DEBUG TanksCommon.Communicator1 - getMessage socket timed out:
	 SocketTimeoutException
17:01:06.224 [Communicator] DEBUG TanksCommon.Communicator1 - Communicator run:
	 at beginning of run
17:01:06.224 [Communicator] DEBUG TanksCommon.Communicator1 - getMessage:
	 starting to try to get message
17:01:06.274 [Communicator] DEBUG TanksCommon.Communicator1 - getMessage socket timed out:
	 SocketTimeoutException
17:01:06.324 [Communicator] DEBUG TanksCommon.Communicator1 - Communicator run:
	 at beginning of run
17:01:06.324 [Communicator] DEBUG TanksCommon.Communicator1 - getMessage:
	 starting to try to get message
17:01:06.374 [Communicator] DEBUG TanksCommon.Communicator1 - getMessage socket timed out:
	 SocketTimeoutException
17:01:06.424 [Communicator] DEBUG TanksCommon.Communicator1 - Communicator run:
	 at beginning of run
17:01:06.424 [Communicator] DEBUG TanksCommon.Communicator1 - getMessage:
	 starting to try to get message
17:01:06.474 [Communicator] DEBUG TanksCommon.Communicator1 - getMessage socket timed out:
	 SocketTimeoutException
17:01:06.524 [Communicator] DEBUG TanksCommon.Communicator1 - Communicator run:
	 at beginning of run
17:01:06.524 [Communicator] DEBUG TanksCommon.Communicator1 - getMessage:
	 starting to try to get message
17:01:06.574 [Communicator] DEBUG TanksCommon.Communicator1 - getMessage socket timed out:
	 SocketTimeoutException
17:01:06.624 [Communicator] DEBUG TanksCommon.Communicator1 - Communicator run:
	 at beginning of run
17:01:06.624 [Communicator] DEBUG TanksCommon.Communicator1 - getMessage:
	 starting to try to get message
17:01:06.674 [Communicator] DEBUG TanksCommon.Communicator1 - getMessage socket timed out:
	 SocketTimeoutException
17:01:06.724 [Communicator] DEBUG TanksCommon.Communicator1 - Communicator run:
	 at beginning of run
17:01:06.724 [Communicator] DEBUG TanksCommon.Communicator1 - getMessage:
	 starting to try to get message
17:01:06.774 [Communicator] DEBUG TanksCommon.Communicator1 - getMessage socket timed out:
	 SocketTimeoutException
17:01:06.824 [Communicator] DEBUG TanksCommon.Communicator1 - Communicator run:
	 at beginning of run
17:01:06.824 [Communicator] DEBUG TanksCommon.Communicator1 - getMessage:
	 starting to try to get message
17:01:06.874 [Communicator] DEBUG TanksCommon.Communicator1 - getMessage socket timed out:
	 SocketTimeoutException
17:01:06.924 [Communicator] DEBUG TanksCommon.Communicator1 - Communicator run:
	 at beginning of run
17:01:06.924 [Communicator] DEBUG TanksCommon.Communicator1 - getMessage:
	 starting to try to get message
17:01:06.974 [Communicator] DEBUG TanksCommon.Communicator1 - getMessage socket timed out:
	 SocketTimeoutException
17:01:07.024 [Communicator] DEBUG TanksCommon.Communicator1 - Communicator run:
	 at beginning of run
17:01:07.024 [Communicator] DEBUG TanksCommon.Communicator1 - getMessage:
	 starting to try to get message
17:01:07.074 [Communicator] DEBUG TanksCommon.Communicator1 - getMessage socket timed out:
	 SocketTimeoutException
17:01:07.124 [Communicator] DEBUG TanksCommon.Communicator1 - Communicator run:
	 at beginning of run
17:01:07.124 [Communicator] DEBUG TanksCommon.Communicator1 - getMessage:
	 starting to try to get message
17:01:07.174 [Communicator] DEBUG TanksCommon.Communicator1 - getMessage socket timed out:
	 SocketTimeoutException
17:01:07.224 [Communicator] DEBUG TanksCommon.Communicator1 - Communicator run:
	 at beginning of run
17:01:07.224 [Communicator] DEBUG TanksCommon.Communicator1 - getMessage:
	 starting to try to get message
17:01:07.274 [Communicator] DEBUG TanksCommon.Communicator1 - getMessage socket timed out:
	 SocketTimeoutException
17:01:07.324 [Communicator] DEBUG TanksCommon.Communicator1 - Communicator run:
	 at beginning of run
17:01:07.324 [Communicator] DEBUG TanksCommon.Communicator1 - getMessage:
	 starting to try to get message
17:01:07.374 [Communicator] DEBUG TanksCommon.Communicator1 - getMessage socket timed out:
	 SocketTimeoutException
17:01:07.424 [Communicator] DEBUG TanksCommon.Communicator1 - Communicator run:
	 at beginning of run
17:01:07.424 [Communicator] DEBUG TanksCommon.Communicator1 - getMessage:
	 starting to try to get message
17:01:07.475 [Communicator] DEBUG TanksCommon.Communicator1 - getMessage socket timed out:
	 SocketTimeoutException
17:01:07.525 [Communicator] DEBUG TanksCommon.Communicator1 - Communicator run:
	 at beginning of run
17:01:07.525 [Communicator] DEBUG TanksCommon.Communicator1 - getMessage:
	 starting to try to get message
17:01:07.575 [Communicator] DEBUG TanksCommon.Communicator1 - getMessage socket timed out:
	 SocketTimeoutException
17:01:07.625 [Communicator] DEBUG TanksCommon.Communicator1 - Communicator run:
	 at beginning of run
17:01:07.625 [Communicator] DEBUG TanksCommon.Communicator1 - getMessage:
	 starting to try to get message
17:01:07.675 [Communicator] DEBUG TanksCommon.Communicator1 - getMessage socket timed out:
	 SocketTimeoutException
17:01:07.725 [Communicator] DEBUG TanksCommon.Communicator1 - Communicator run:
	 at beginning of run
17:01:07.725 [Communicator] DEBUG TanksCommon.Communicator1 - getMessage:
	 starting to try to get message
17:01:07.775 [Communicator] DEBUG TanksCommon.Communicator1 - getMessage socket timed out:
	 SocketTimeoutException
17:01:07.825 [Communicator] DEBUG TanksCommon.Communicator1 - Communicator run:
	 at beginning of run
17:01:07.825 [Communicator] DEBUG TanksCommon.Communicator1 - getMessage:
	 starting to try to get message
17:01:07.875 [Communicator] DEBUG TanksCommon.Communicator1 - getMessage socket timed out:
	 SocketTimeoutException
17:01:07.925 [Communicator] DEBUG TanksCommon.Communicator1 - Communicator run:
	 at beginning of run
17:01:07.925 [Communicator] DEBUG TanksCommon.Communicator1 - getMessage:
	 starting to try to get message
17:01:07.975 [Communicator] DEBUG TanksCommon.Communicator1 - getMessage socket timed out:
	 SocketTimeoutException
17:01:08.025 [Communicator] DEBUG TanksCommon.Communicator1 - Communicator run:
	 at beginning of run
17:01:08.025 [Communicator] DEBUG TanksCommon.Communicator1 - getMessage:
	 starting to try to get message
17:01:08.075 [Communicator] DEBUG TanksCommon.Communicator1 - getMessage socket timed out:
	 SocketTimeoutException
17:01:08.082 [JavaFX Application Thread] DEBUG TanksCommon.Communicator1 - BackgroundThread Stop:
	 Stopping Thread
17:01:09.083 [JavaFX Application Thread] DEBUG TanksCommon.Communicator1 - BackgroundThread Stop:
	 Thread Stopped
