22:52:26.480 [JavaFX Application Thread] DEBUG TanksCommon.Communicator1 - Communicator constructor:
	 communicator created
22:52:26.480 [JavaFX Application Thread] INFO  TanksCommon.Communicator1 - Communicator initializeSocket:
	 Socket initialized
22:52:26.482 [JavaFX Application Thread] DEBUG TanksCommon.Communicator1 - BackgroundThread Start: 
	Thread Started
22:52:26.482 [Communicator] DEBUG TanksCommon.Communicator1 - Communicator run:
	 at beginning of run
22:52:26.482 [Communicator] DEBUG TanksCommon.Communicator1 - getMessage:
	 starting to try to get message
22:52:26.533 [Communicator] DEBUG TanksCommon.Communicator1 - getMessage socket timed out:
	 SocketTimeoutException
22:52:26.583 [Communicator] DEBUG TanksCommon.Communicator1 - Communicator run:
	 at beginning of run
22:52:26.583 [Communicator] DEBUG TanksCommon.Communicator1 - getMessage:
	 starting to try to get message
22:52:26.633 [Communicator] DEBUG TanksCommon.Communicator1 - getMessage socket timed out:
	 SocketTimeoutException
22:52:26.683 [Communicator] DEBUG TanksCommon.Communicator1 - Communicator run:
	 at beginning of run
22:52:26.683 [Communicator] DEBUG TanksCommon.Communicator1 - getMessage:
	 starting to try to get message
22:52:26.733 [Communicator] DEBUG TanksCommon.Communicator1 - getMessage socket timed out:
	 SocketTimeoutException
22:52:26.783 [Communicator] DEBUG TanksCommon.Communicator1 - Communicator run:
	 at beginning of run
22:52:26.783 [Communicator] DEBUG TanksCommon.Communicator1 - getMessage:
	 starting to try to get message
22:52:26.833 [Communicator] DEBUG TanksCommon.Communicator1 - getMessage socket timed out:
	 SocketTimeoutException
22:52:26.883 [Communicator] DEBUG TanksCommon.Communicator1 - Communicator run:
	 at beginning of run
22:52:26.883 [Communicator] DEBUG TanksCommon.Communicator1 - getMessage:
	 starting to try to get message
22:52:26.933 [Communicator] DEBUG TanksCommon.Communicator1 - getMessage socket timed out:
	 SocketTimeoutException
22:52:26.983 [Communicator] DEBUG TanksCommon.Communicator1 - Communicator run:
	 at beginning of run
22:52:26.983 [Communicator] DEBUG TanksCommon.Communicator1 - getMessage:
	 starting to try to get message
22:52:27.033 [Communicator] DEBUG TanksCommon.Communicator1 - getMessage socket timed out:
	 SocketTimeoutException
22:52:27.083 [Communicator] DEBUG TanksCommon.Communicator1 - Communicator run:
	 at beginning of run
22:52:27.083 [Communicator] DEBUG TanksCommon.Communicator1 - getMessage:
	 starting to try to get message
22:52:27.133 [Communicator] DEBUG TanksCommon.Communicator1 - getMessage socket timed out:
	 SocketTimeoutException
22:52:27.183 [Communicator] DEBUG TanksCommon.Communicator1 - Communicator run:
	 at beginning of run
22:52:27.183 [Communicator] DEBUG TanksCommon.Communicator1 - getMessage:
	 starting to try to get message
22:52:27.233 [Communicator] DEBUG TanksCommon.Communicator1 - getMessage socket timed out:
	 SocketTimeoutException
22:52:27.284 [Communicator] DEBUG TanksCommon.Communicator1 - Communicator run:
	 at beginning of run
22:52:27.284 [Communicator] DEBUG TanksCommon.Communicator1 - getMessage:
	 starting to try to get message
22:52:27.334 [Communicator] DEBUG TanksCommon.Communicator1 - getMessage socket timed out:
	 SocketTimeoutException
22:52:27.384 [Communicator] DEBUG TanksCommon.Communicator1 - Communicator run:
	 at beginning of run
22:52:27.384 [Communicator] DEBUG TanksCommon.Communicator1 - getMessage:
	 starting to try to get message
22:52:27.434 [Communicator] DEBUG TanksCommon.Communicator1 - getMessage socket timed out:
	 SocketTimeoutException
22:52:27.484 [Communicator] DEBUG TanksCommon.Communicator1 - Communicator run:
	 at beginning of run
22:52:27.484 [Communicator] DEBUG TanksCommon.Communicator1 - getMessage:
	 starting to try to get message
22:52:27.534 [Communicator] DEBUG TanksCommon.Communicator1 - getMessage socket timed out:
	 SocketTimeoutException
22:52:27.584 [Communicator] DEBUG TanksCommon.Communicator1 - Communicator run:
	 at beginning of run
22:52:27.584 [Communicator] DEBUG TanksCommon.Communicator1 - getMessage:
	 starting to try to get message
22:52:27.634 [Communicator] DEBUG TanksCommon.Communicator1 - getMessage socket timed out:
	 SocketTimeoutException
22:52:27.684 [Communicator] DEBUG TanksCommon.Communicator1 - Communicator run:
	 at beginning of run
22:52:27.684 [Communicator] DEBUG TanksCommon.Communicator1 - getMessage:
	 starting to try to get message
22:52:27.734 [Communicator] DEBUG TanksCommon.Communicator1 - getMessage socket timed out:
	 SocketTimeoutException
22:52:27.784 [Communicator] DEBUG TanksCommon.Communicator1 - Communicator run:
	 at beginning of run
22:52:27.784 [Communicator] DEBUG TanksCommon.Communicator1 - getMessage:
	 starting to try to get message
22:52:27.834 [Communicator] DEBUG TanksCommon.Communicator1 - getMessage socket timed out:
	 SocketTimeoutException
22:52:27.884 [Communicator] DEBUG TanksCommon.Communicator1 - Communicator run:
	 at beginning of run
22:52:27.884 [Communicator] DEBUG TanksCommon.Communicator1 - getMessage:
	 starting to try to get message
22:52:27.934 [Communicator] DEBUG TanksCommon.Communicator1 - getMessage socket timed out:
	 SocketTimeoutException
22:52:27.984 [Communicator] DEBUG TanksCommon.Communicator1 - Communicator run:
	 at beginning of run
22:52:27.984 [Communicator] DEBUG TanksCommon.Communicator1 - getMessage:
	 starting to try to get message
22:52:28.034 [Communicator] DEBUG TanksCommon.Communicator1 - getMessage socket timed out:
	 SocketTimeoutException
22:52:28.084 [Communicator] DEBUG TanksCommon.Communicator1 - Communicator run:
	 at beginning of run
22:52:28.084 [Communicator] DEBUG TanksCommon.Communicator1 - getMessage:
	 starting to try to get message
22:52:28.134 [Communicator] DEBUG TanksCommon.Communicator1 - getMessage socket timed out:
	 SocketTimeoutException
22:52:28.184 [Communicator] DEBUG TanksCommon.Communicator1 - Communicator run:
	 at beginning of run
22:52:28.184 [Communicator] DEBUG TanksCommon.Communicator1 - getMessage:
	 starting to try to get message
22:52:28.234 [Communicator] DEBUG TanksCommon.Communicator1 - getMessage socket timed out:
	 SocketTimeoutException
22:52:28.284 [Communicator] DEBUG TanksCommon.Communicator1 - Communicator run:
	 at beginning of run
22:52:28.284 [Communicator] DEBUG TanksCommon.Communicator1 - getMessage:
	 starting to try to get message
22:52:28.334 [Communicator] DEBUG TanksCommon.Communicator1 - getMessage socket timed out:
	 SocketTimeoutException
22:52:28.384 [Communicator] DEBUG TanksCommon.Communicator1 - Communicator run:
	 at beginning of run
22:52:28.384 [Communicator] DEBUG TanksCommon.Communicator1 - getMessage:
	 starting to try to get message
22:52:28.434 [Communicator] DEBUG TanksCommon.Communicator1 - getMessage socket timed out:
	 SocketTimeoutException
22:52:28.484 [Communicator] DEBUG TanksCommon.Communicator1 - Communicator run:
	 at beginning of run
22:52:28.484 [Communicator] DEBUG TanksCommon.Communicator1 - getMessage:
	 starting to try to get message
22:52:28.534 [Communicator] DEBUG TanksCommon.Communicator1 - getMessage socket timed out:
	 SocketTimeoutException
22:52:28.534 [Communicator] DEBUG TanksCommon.Communicator1 - Communicator run:
	 outputQueue not empty, trying to send the message
22:52:28.535 [Communicator] DEBUG TanksCommon.Communicator1 - Communicator sendMessage
	 Starting to try to send message of length: 58
22:52:28.535 [Communicator] DEBUG TanksCommon.Communicator1 - Communicator sendMessage
	 Sent successfully length: 58
22:52:28.585 [Communicator] DEBUG TanksCommon.Communicator1 - Communicator run:
	 at beginning of run
22:52:28.585 [Communicator] DEBUG TanksCommon.Communicator1 - getMessage:
	 starting to try to get message
22:52:28.635 [Communicator] DEBUG TanksCommon.Communicator1 - getMessage socket timed out:
	 SocketTimeoutException
22:52:28.685 [Communicator] DEBUG TanksCommon.Communicator1 - Communicator run:
	 at beginning of run
22:52:28.685 [Communicator] DEBUG TanksCommon.Communicator1 - getMessage:
	 starting to try to get message
22:52:28.735 [Communicator] DEBUG TanksCommon.Communicator1 - getMessage socket timed out:
	 SocketTimeoutException
22:52:28.786 [Communicator] DEBUG TanksCommon.Communicator1 - Communicator run:
	 at beginning of run
22:52:28.786 [Communicator] DEBUG TanksCommon.Communicator1 - getMessage:
	 starting to try to get message
22:52:28.836 [Communicator] DEBUG TanksCommon.Communicator1 - getMessage socket timed out:
	 SocketTimeoutException
22:52:28.886 [Communicator] DEBUG TanksCommon.Communicator1 - Communicator run:
	 at beginning of run
22:52:28.886 [Communicator] DEBUG TanksCommon.Communicator1 - getMessage:
	 starting to try to get message
22:52:28.936 [Communicator] DEBUG TanksCommon.Communicator1 - getMessage socket timed out:
	 SocketTimeoutException
22:52:28.986 [Communicator] DEBUG TanksCommon.Communicator1 - Communicator run:
	 at beginning of run
22:52:28.986 [Communicator] DEBUG TanksCommon.Communicator1 - getMessage:
	 starting to try to get message
22:52:29.036 [Communicator] DEBUG TanksCommon.Communicator1 - getMessage socket timed out:
	 SocketTimeoutException
22:52:29.086 [Communicator] DEBUG TanksCommon.Communicator1 - Communicator run:
	 at beginning of run
22:52:29.086 [Communicator] DEBUG TanksCommon.Communicator1 - getMessage:
	 starting to try to get message
22:52:29.136 [Communicator] DEBUG TanksCommon.Communicator1 - getMessage socket timed out:
	 SocketTimeoutException
22:52:29.186 [Communicator] DEBUG TanksCommon.Communicator1 - Communicator run:
	 at beginning of run
22:52:29.186 [Communicator] DEBUG TanksCommon.Communicator1 - getMessage:
	 starting to try to get message
22:52:29.236 [Communicator] DEBUG TanksCommon.Communicator1 - getMessage socket timed out:
	 SocketTimeoutException
22:52:29.286 [Communicator] DEBUG TanksCommon.Communicator1 - Communicator run:
	 at beginning of run
22:52:29.286 [Communicator] DEBUG TanksCommon.Communicator1 - getMessage:
	 starting to try to get message
22:52:29.336 [Communicator] DEBUG TanksCommon.Communicator1 - getMessage socket timed out:
	 SocketTimeoutException
22:52:29.386 [Communicator] DEBUG TanksCommon.Communicator1 - Communicator run:
	 at beginning of run
22:52:29.386 [Communicator] DEBUG TanksCommon.Communicator1 - getMessage:
	 starting to try to get message
22:52:29.436 [Communicator] DEBUG TanksCommon.Communicator1 - getMessage socket timed out:
	 SocketTimeoutException
22:52:29.486 [Communicator] DEBUG TanksCommon.Communicator1 - Communicator run:
	 at beginning of run
22:52:29.486 [Communicator] DEBUG TanksCommon.Communicator1 - getMessage:
	 starting to try to get message
22:52:29.536 [Communicator] DEBUG TanksCommon.Communicator1 - getMessage socket timed out:
	 SocketTimeoutException
22:52:29.586 [Communicator] DEBUG TanksCommon.Communicator1 - Communicator run:
	 at beginning of run
22:52:29.586 [Communicator] DEBUG TanksCommon.Communicator1 - getMessage:
	 starting to try to get message
22:52:29.636 [Communicator] DEBUG TanksCommon.Communicator1 - getMessage socket timed out:
	 SocketTimeoutException
22:52:29.686 [Communicator] DEBUG TanksCommon.Communicator1 - Communicator run:
	 at beginning of run
22:52:29.686 [Communicator] DEBUG TanksCommon.Communicator1 - getMessage:
	 starting to try to get message
22:52:29.736 [Communicator] DEBUG TanksCommon.Communicator1 - getMessage socket timed out:
	 SocketTimeoutException
22:52:29.786 [Communicator] DEBUG TanksCommon.Communicator1 - Communicator run:
	 at beginning of run
22:52:29.786 [Communicator] DEBUG TanksCommon.Communicator1 - getMessage:
	 starting to try to get message
22:52:29.836 [Communicator] DEBUG TanksCommon.Communicator1 - getMessage socket timed out:
	 SocketTimeoutException
22:52:29.886 [Communicator] DEBUG TanksCommon.Communicator1 - Communicator run:
	 at beginning of run
22:52:29.886 [Communicator] DEBUG TanksCommon.Communicator1 - getMessage:
	 starting to try to get message
22:52:29.936 [Communicator] DEBUG TanksCommon.Communicator1 - getMessage socket timed out:
	 SocketTimeoutException
22:52:29.986 [Communicator] DEBUG TanksCommon.Communicator1 - Communicator run:
	 at beginning of run
22:52:29.986 [Communicator] DEBUG TanksCommon.Communicator1 - getMessage:
	 starting to try to get message
22:52:30.036 [Communicator] DEBUG TanksCommon.Communicator1 - getMessage socket timed out:
	 SocketTimeoutException
22:52:30.036 [Communicator] DEBUG TanksCommon.Communicator1 - Communicator run:
	 outputQueue not empty, trying to send the message
22:52:34.015 [JavaFX Application Thread] DEBUG TanksCommon.Communicator1 - BackgroundThread Stop:
	 Stopping Thread
22:52:34.015 [JavaFX Application Thread] DEBUG TanksCommon.Communicator1 - BackgroundThread Stop:
	 Thread Stopped
