14:53:23.523 [JavaFX Application Thread] DEBUG TanksCommon.Communicator1 - Communicator constructor:
	 communicator created
14:53:23.525 [JavaFX Application Thread] INFO  TanksCommon.Communicator1 - Communicator initializeSocket:
	 Socket initialized
14:53:23.533 [JavaFX Application Thread] DEBUG TanksCommon.Communicator1 - BackgroundThread Start: 
	Thread Started
14:53:23.539 [Communicator] DEBUG TanksCommon.Communicator1 - Communicator run:
	 at beginning of run
14:53:23.541 [Communicator] DEBUG TanksCommon.Communicator1 - getMessage:
	 starting to try to get message
14:53:23.592 [Communicator] DEBUG TanksCommon.Communicator1 - getMessage socket timed out:
	 SocketTimeoutException
14:53:23.642 [Communicator] DEBUG TanksCommon.Communicator1 - Communicator run:
	 at beginning of run
14:53:23.642 [Communicator] DEBUG TanksCommon.Communicator1 - getMessage:
	 starting to try to get message
14:53:23.692 [Communicator] DEBUG TanksCommon.Communicator1 - getMessage socket timed out:
	 SocketTimeoutException
14:53:23.742 [Communicator] DEBUG TanksCommon.Communicator1 - Communicator run:
	 at beginning of run
14:53:23.742 [Communicator] DEBUG TanksCommon.Communicator1 - getMessage:
	 starting to try to get message
14:53:23.792 [Communicator] DEBUG TanksCommon.Communicator1 - getMessage socket timed out:
	 SocketTimeoutException
14:53:23.842 [Communicator] DEBUG TanksCommon.Communicator1 - Communicator run:
	 at beginning of run
14:53:23.842 [Communicator] DEBUG TanksCommon.Communicator1 - getMessage:
	 starting to try to get message
14:53:23.892 [Communicator] DEBUG TanksCommon.Communicator1 - getMessage socket timed out:
	 SocketTimeoutException
14:53:23.942 [Communicator] DEBUG TanksCommon.Communicator1 - Communicator run:
	 at beginning of run
14:53:23.942 [Communicator] DEBUG TanksCommon.Communicator1 - getMessage:
	 starting to try to get message
14:53:23.992 [Communicator] DEBUG TanksCommon.Communicator1 - getMessage socket timed out:
	 SocketTimeoutException
14:53:24.042 [Communicator] DEBUG TanksCommon.Communicator1 - Communicator run:
	 at beginning of run
14:53:24.042 [Communicator] DEBUG TanksCommon.Communicator1 - getMessage:
	 starting to try to get message
14:53:24.092 [Communicator] DEBUG TanksCommon.Communicator1 - getMessage socket timed out:
	 SocketTimeoutException
14:53:24.166 [Communicator] DEBUG TanksCommon.Communicator1 - Communicator run:
	 at beginning of run
14:53:24.166 [Communicator] DEBUG TanksCommon.Communicator1 - getMessage:
	 starting to try to get message
14:53:24.222 [Communicator] DEBUG TanksCommon.Communicator1 - getMessage socket timed out:
	 SocketTimeoutException
14:53:24.277 [Communicator] DEBUG TanksCommon.Communicator1 - Communicator run:
	 at beginning of run
14:53:24.277 [Communicator] DEBUG TanksCommon.Communicator1 - getMessage:
	 starting to try to get message
14:53:24.327 [Communicator] DEBUG TanksCommon.Communicator1 - getMessage socket timed out:
	 SocketTimeoutException
14:53:24.385 [Communicator] DEBUG TanksCommon.Communicator1 - Communicator run:
	 at beginning of run
14:53:24.385 [Communicator] DEBUG TanksCommon.Communicator1 - getMessage:
	 starting to try to get message
14:53:24.435 [Communicator] DEBUG TanksCommon.Communicator1 - getMessage socket timed out:
	 SocketTimeoutException
14:53:24.485 [Communicator] DEBUG TanksCommon.Communicator1 - Communicator run:
	 at beginning of run
14:53:24.485 [Communicator] DEBUG TanksCommon.Communicator1 - getMessage:
	 starting to try to get message
14:53:24.535 [Communicator] DEBUG TanksCommon.Communicator1 - getMessage socket timed out:
	 SocketTimeoutException
14:53:24.585 [Communicator] DEBUG TanksCommon.Communicator1 - Communicator run:
	 at beginning of run
14:53:24.585 [Communicator] DEBUG TanksCommon.Communicator1 - getMessage:
	 starting to try to get message
14:53:24.635 [Communicator] DEBUG TanksCommon.Communicator1 - getMessage socket timed out:
	 SocketTimeoutException
14:53:24.685 [Communicator] DEBUG TanksCommon.Communicator1 - Communicator run:
	 at beginning of run
14:53:24.685 [Communicator] DEBUG TanksCommon.Communicator1 - getMessage:
	 starting to try to get message
14:53:24.735 [Communicator] DEBUG TanksCommon.Communicator1 - getMessage socket timed out:
	 SocketTimeoutException
14:53:24.785 [Communicator] DEBUG TanksCommon.Communicator1 - Communicator run:
	 at beginning of run
14:53:24.785 [Communicator] DEBUG TanksCommon.Communicator1 - getMessage:
	 starting to try to get message
14:53:24.835 [Communicator] DEBUG TanksCommon.Communicator1 - getMessage socket timed out:
	 SocketTimeoutException
14:53:24.885 [Communicator] DEBUG TanksCommon.Communicator1 - Communicator run:
	 at beginning of run
14:53:24.885 [Communicator] DEBUG TanksCommon.Communicator1 - getMessage:
	 starting to try to get message
14:53:24.935 [Communicator] DEBUG TanksCommon.Communicator1 - getMessage socket timed out:
	 SocketTimeoutException
14:53:24.985 [Communicator] DEBUG TanksCommon.Communicator1 - Communicator run:
	 at beginning of run
14:53:24.985 [Communicator] DEBUG TanksCommon.Communicator1 - getMessage:
	 starting to try to get message
14:53:25.035 [Communicator] DEBUG TanksCommon.Communicator1 - getMessage socket timed out:
	 SocketTimeoutException
14:53:25.085 [Communicator] DEBUG TanksCommon.Communicator1 - Communicator run:
	 at beginning of run
14:53:25.085 [Communicator] DEBUG TanksCommon.Communicator1 - getMessage:
	 starting to try to get message
14:53:25.135 [Communicator] DEBUG TanksCommon.Communicator1 - getMessage socket timed out:
	 SocketTimeoutException
14:53:25.185 [Communicator] DEBUG TanksCommon.Communicator1 - Communicator run:
	 at beginning of run
14:53:25.185 [Communicator] DEBUG TanksCommon.Communicator1 - getMessage:
	 starting to try to get message
14:53:25.235 [Communicator] DEBUG TanksCommon.Communicator1 - getMessage socket timed out:
	 SocketTimeoutException
14:53:25.285 [Communicator] DEBUG TanksCommon.Communicator1 - Communicator run:
	 at beginning of run
14:53:25.285 [Communicator] DEBUG TanksCommon.Communicator1 - getMessage:
	 starting to try to get message
14:53:25.335 [Communicator] DEBUG TanksCommon.Communicator1 - getMessage socket timed out:
	 SocketTimeoutException
14:53:25.385 [Communicator] DEBUG TanksCommon.Communicator1 - Communicator run:
	 at beginning of run
14:53:25.385 [Communicator] DEBUG TanksCommon.Communicator1 - getMessage:
	 starting to try to get message
14:53:25.435 [Communicator] DEBUG TanksCommon.Communicator1 - getMessage socket timed out:
	 SocketTimeoutException
14:53:25.485 [Communicator] DEBUG TanksCommon.Communicator1 - Communicator run:
	 at beginning of run
14:53:25.485 [Communicator] DEBUG TanksCommon.Communicator1 - getMessage:
	 starting to try to get message
14:53:25.535 [Communicator] DEBUG TanksCommon.Communicator1 - getMessage socket timed out:
	 SocketTimeoutException
14:53:25.585 [Communicator] DEBUG TanksCommon.Communicator1 - Communicator run:
	 at beginning of run
14:53:25.585 [Communicator] DEBUG TanksCommon.Communicator1 - getMessage:
	 starting to try to get message
14:53:25.635 [Communicator] DEBUG TanksCommon.Communicator1 - getMessage socket timed out:
	 SocketTimeoutException
14:53:25.685 [Communicator] DEBUG TanksCommon.Communicator1 - Communicator run:
	 at beginning of run
14:53:25.685 [Communicator] DEBUG TanksCommon.Communicator1 - getMessage:
	 starting to try to get message
14:53:25.735 [Communicator] DEBUG TanksCommon.Communicator1 - getMessage socket timed out:
	 SocketTimeoutException
14:53:25.785 [Communicator] DEBUG TanksCommon.Communicator1 - Communicator run:
	 at beginning of run
14:53:25.785 [Communicator] DEBUG TanksCommon.Communicator1 - getMessage:
	 starting to try to get message
14:53:25.835 [Communicator] DEBUG TanksCommon.Communicator1 - getMessage socket timed out:
	 SocketTimeoutException
14:53:25.885 [Communicator] DEBUG TanksCommon.Communicator1 - Communicator run:
	 at beginning of run
14:53:25.885 [Communicator] DEBUG TanksCommon.Communicator1 - getMessage:
	 starting to try to get message
14:53:25.935 [Communicator] DEBUG TanksCommon.Communicator1 - getMessage socket timed out:
	 SocketTimeoutException
14:53:25.985 [Communicator] DEBUG TanksCommon.Communicator1 - Communicator run:
	 at beginning of run
14:53:25.985 [Communicator] DEBUG TanksCommon.Communicator1 - getMessage:
	 starting to try to get message
14:53:26.039 [Communicator] DEBUG TanksCommon.Communicator1 - getMessage socket timed out:
	 SocketTimeoutException
14:53:26.089 [Communicator] DEBUG TanksCommon.Communicator1 - Communicator run:
	 at beginning of run
14:53:26.089 [Communicator] DEBUG TanksCommon.Communicator1 - getMessage:
	 starting to try to get message
14:53:26.139 [Communicator] DEBUG TanksCommon.Communicator1 - getMessage socket timed out:
	 SocketTimeoutException
14:53:26.189 [Communicator] DEBUG TanksCommon.Communicator1 - Communicator run:
	 at beginning of run
14:53:26.189 [Communicator] DEBUG TanksCommon.Communicator1 - getMessage:
	 starting to try to get message
14:53:26.239 [Communicator] DEBUG TanksCommon.Communicator1 - getMessage socket timed out:
	 SocketTimeoutException
14:53:26.289 [Communicator] DEBUG TanksCommon.Communicator1 - Communicator run:
	 at beginning of run
14:53:26.289 [Communicator] DEBUG TanksCommon.Communicator1 - getMessage:
	 starting to try to get message
14:53:26.339 [Communicator] DEBUG TanksCommon.Communicator1 - getMessage socket timed out:
	 SocketTimeoutException
14:53:26.389 [Communicator] DEBUG TanksCommon.Communicator1 - Communicator run:
	 at beginning of run
14:53:26.389 [Communicator] DEBUG TanksCommon.Communicator1 - getMessage:
	 starting to try to get message
14:53:26.439 [Communicator] DEBUG TanksCommon.Communicator1 - getMessage socket timed out:
	 SocketTimeoutException
14:53:26.489 [Communicator] DEBUG TanksCommon.Communicator1 - Communicator run:
	 at beginning of run
14:53:26.489 [Communicator] DEBUG TanksCommon.Communicator1 - getMessage:
	 starting to try to get message
14:53:26.539 [Communicator] DEBUG TanksCommon.Communicator1 - getMessage socket timed out:
	 SocketTimeoutException
14:53:26.589 [Communicator] DEBUG TanksCommon.Communicator1 - Communicator run:
	 at beginning of run
14:53:26.589 [Communicator] DEBUG TanksCommon.Communicator1 - getMessage:
	 starting to try to get message
14:53:26.639 [Communicator] DEBUG TanksCommon.Communicator1 - getMessage socket timed out:
	 SocketTimeoutException
14:53:26.689 [Communicator] DEBUG TanksCommon.Communicator1 - Communicator run:
	 at beginning of run
14:53:26.689 [Communicator] DEBUG TanksCommon.Communicator1 - getMessage:
	 starting to try to get message
14:53:26.739 [Communicator] DEBUG TanksCommon.Communicator1 - getMessage socket timed out:
	 SocketTimeoutException
14:53:26.789 [Communicator] DEBUG TanksCommon.Communicator1 - Communicator run:
	 at beginning of run
14:53:26.789 [Communicator] DEBUG TanksCommon.Communicator1 - getMessage:
	 starting to try to get message
14:53:26.839 [Communicator] DEBUG TanksCommon.Communicator1 - getMessage socket timed out:
	 SocketTimeoutException
14:53:26.889 [Communicator] DEBUG TanksCommon.Communicator1 - Communicator run:
	 at beginning of run
14:53:26.889 [Communicator] DEBUG TanksCommon.Communicator1 - getMessage:
	 starting to try to get message
14:53:26.939 [Communicator] DEBUG TanksCommon.Communicator1 - getMessage socket timed out:
	 SocketTimeoutException
14:53:26.989 [Communicator] DEBUG TanksCommon.Communicator1 - Communicator run:
	 at beginning of run
14:53:26.989 [Communicator] DEBUG TanksCommon.Communicator1 - getMessage:
	 starting to try to get message
14:53:27.039 [Communicator] DEBUG TanksCommon.Communicator1 - getMessage socket timed out:
	 SocketTimeoutException
14:53:27.089 [Communicator] DEBUG TanksCommon.Communicator1 - Communicator run:
	 at beginning of run
14:53:27.089 [Communicator] DEBUG TanksCommon.Communicator1 - getMessage:
	 starting to try to get message
14:53:27.139 [Communicator] DEBUG TanksCommon.Communicator1 - getMessage socket timed out:
	 SocketTimeoutException
14:53:27.189 [Communicator] DEBUG TanksCommon.Communicator1 - Communicator run:
	 at beginning of run
14:53:27.189 [Communicator] DEBUG TanksCommon.Communicator1 - getMessage:
	 starting to try to get message
14:53:27.239 [Communicator] DEBUG TanksCommon.Communicator1 - getMessage socket timed out:
	 SocketTimeoutException
14:53:27.289 [Communicator] DEBUG TanksCommon.Communicator1 - Communicator run:
	 at beginning of run
14:53:27.289 [Communicator] DEBUG TanksCommon.Communicator1 - getMessage:
	 starting to try to get message
14:53:27.339 [Communicator] DEBUG TanksCommon.Communicator1 - getMessage socket timed out:
	 SocketTimeoutException
14:53:27.389 [Communicator] DEBUG TanksCommon.Communicator1 - Communicator run:
	 at beginning of run
14:53:27.389 [Communicator] DEBUG TanksCommon.Communicator1 - getMessage:
	 starting to try to get message
14:53:27.439 [Communicator] DEBUG TanksCommon.Communicator1 - getMessage socket timed out:
	 SocketTimeoutException
14:53:27.489 [Communicator] DEBUG TanksCommon.Communicator1 - Communicator run:
	 at beginning of run
14:53:27.489 [Communicator] DEBUG TanksCommon.Communicator1 - getMessage:
	 starting to try to get message
14:53:27.539 [Communicator] DEBUG TanksCommon.Communicator1 - getMessage socket timed out:
	 SocketTimeoutException
14:53:27.589 [Communicator] DEBUG TanksCommon.Communicator1 - Communicator run:
	 at beginning of run
14:53:27.589 [Communicator] DEBUG TanksCommon.Communicator1 - getMessage:
	 starting to try to get message
14:53:27.639 [Communicator] DEBUG TanksCommon.Communicator1 - getMessage socket timed out:
	 SocketTimeoutException
14:53:27.689 [Communicator] DEBUG TanksCommon.Communicator1 - Communicator run:
	 at beginning of run
14:53:27.689 [Communicator] DEBUG TanksCommon.Communicator1 - getMessage:
	 starting to try to get message
14:53:27.739 [Communicator] DEBUG TanksCommon.Communicator1 - getMessage socket timed out:
	 SocketTimeoutException
14:53:27.789 [Communicator] DEBUG TanksCommon.Communicator1 - Communicator run:
	 at beginning of run
14:53:27.789 [Communicator] DEBUG TanksCommon.Communicator1 - getMessage:
	 starting to try to get message
14:53:27.839 [Communicator] DEBUG TanksCommon.Communicator1 - getMessage socket timed out:
	 SocketTimeoutException
14:53:27.889 [Communicator] DEBUG TanksCommon.Communicator1 - Communicator run:
	 at beginning of run
14:53:27.889 [Communicator] DEBUG TanksCommon.Communicator1 - getMessage:
	 starting to try to get message
14:53:27.939 [Communicator] DEBUG TanksCommon.Communicator1 - getMessage socket timed out:
	 SocketTimeoutException
14:53:27.989 [Communicator] DEBUG TanksCommon.Communicator1 - Communicator run:
	 at beginning of run
14:53:27.989 [Communicator] DEBUG TanksCommon.Communicator1 - getMessage:
	 starting to try to get message
14:53:28.039 [Communicator] DEBUG TanksCommon.Communicator1 - getMessage socket timed out:
	 SocketTimeoutException
14:53:28.089 [Communicator] DEBUG TanksCommon.Communicator1 - Communicator run:
	 at beginning of run
14:53:28.089 [Communicator] DEBUG TanksCommon.Communicator1 - getMessage:
	 starting to try to get message
14:53:28.139 [Communicator] DEBUG TanksCommon.Communicator1 - getMessage socket timed out:
	 SocketTimeoutException
14:53:28.189 [Communicator] DEBUG TanksCommon.Communicator1 - Communicator run:
	 at beginning of run
14:53:28.189 [Communicator] DEBUG TanksCommon.Communicator1 - getMessage:
	 starting to try to get message
14:53:28.239 [Communicator] DEBUG TanksCommon.Communicator1 - getMessage socket timed out:
	 SocketTimeoutException
14:53:28.289 [Communicator] DEBUG TanksCommon.Communicator1 - Communicator run:
	 at beginning of run
14:53:28.289 [Communicator] DEBUG TanksCommon.Communicator1 - getMessage:
	 starting to try to get message
14:53:28.339 [Communicator] DEBUG TanksCommon.Communicator1 - getMessage socket timed out:
	 SocketTimeoutException
14:53:28.389 [Communicator] DEBUG TanksCommon.Communicator1 - Communicator run:
	 at beginning of run
14:53:28.389 [Communicator] DEBUG TanksCommon.Communicator1 - getMessage:
	 starting to try to get message
14:53:28.439 [Communicator] DEBUG TanksCommon.Communicator1 - getMessage socket timed out:
	 SocketTimeoutException
14:53:28.489 [Communicator] DEBUG TanksCommon.Communicator1 - Communicator run:
	 at beginning of run
14:53:28.489 [Communicator] DEBUG TanksCommon.Communicator1 - getMessage:
	 starting to try to get message
14:53:28.539 [Communicator] DEBUG TanksCommon.Communicator1 - getMessage socket timed out:
	 SocketTimeoutException
14:53:28.589 [Communicator] DEBUG TanksCommon.Communicator1 - Communicator run:
	 at beginning of run
14:53:28.589 [Communicator] DEBUG TanksCommon.Communicator1 - getMessage:
	 starting to try to get message
14:53:28.639 [Communicator] DEBUG TanksCommon.Communicator1 - getMessage socket timed out:
	 SocketTimeoutException
14:53:28.689 [Communicator] DEBUG TanksCommon.Communicator1 - Communicator run:
	 at beginning of run
14:53:28.689 [Communicator] DEBUG TanksCommon.Communicator1 - getMessage:
	 starting to try to get message
14:53:28.739 [Communicator] DEBUG TanksCommon.Communicator1 - getMessage socket timed out:
	 SocketTimeoutException
14:53:28.789 [Communicator] DEBUG TanksCommon.Communicator1 - Communicator run:
	 at beginning of run
14:53:28.789 [Communicator] DEBUG TanksCommon.Communicator1 - getMessage:
	 starting to try to get message
14:53:28.839 [Communicator] DEBUG TanksCommon.Communicator1 - getMessage socket timed out:
	 SocketTimeoutException
14:53:28.889 [Communicator] DEBUG TanksCommon.Communicator1 - Communicator run:
	 at beginning of run
14:53:28.889 [Communicator] DEBUG TanksCommon.Communicator1 - getMessage:
	 starting to try to get message
14:53:28.939 [Communicator] DEBUG TanksCommon.Communicator1 - getMessage socket timed out:
	 SocketTimeoutException
14:53:28.989 [Communicator] DEBUG TanksCommon.Communicator1 - Communicator run:
	 at beginning of run
14:53:28.989 [Communicator] DEBUG TanksCommon.Communicator1 - getMessage:
	 starting to try to get message
14:53:29.039 [Communicator] DEBUG TanksCommon.Communicator1 - getMessage socket timed out:
	 SocketTimeoutException
14:53:29.089 [Communicator] DEBUG TanksCommon.Communicator1 - Communicator run:
	 at beginning of run
14:53:29.089 [Communicator] DEBUG TanksCommon.Communicator1 - getMessage:
	 starting to try to get message
14:53:29.139 [Communicator] DEBUG TanksCommon.Communicator1 - getMessage socket timed out:
	 SocketTimeoutException
14:53:29.189 [Communicator] DEBUG TanksCommon.Communicator1 - Communicator run:
	 at beginning of run
14:53:29.189 [Communicator] DEBUG TanksCommon.Communicator1 - getMessage:
	 starting to try to get message
14:53:29.239 [Communicator] DEBUG TanksCommon.Communicator1 - getMessage socket timed out:
	 SocketTimeoutException
14:53:29.289 [Communicator] DEBUG TanksCommon.Communicator1 - Communicator run:
	 at beginning of run
14:53:29.289 [Communicator] DEBUG TanksCommon.Communicator1 - getMessage:
	 starting to try to get message
14:53:29.339 [Communicator] DEBUG TanksCommon.Communicator1 - getMessage socket timed out:
	 SocketTimeoutException
14:53:29.389 [Communicator] DEBUG TanksCommon.Communicator1 - Communicator run:
	 at beginning of run
14:53:29.389 [Communicator] DEBUG TanksCommon.Communicator1 - getMessage:
	 starting to try to get message
14:53:29.439 [Communicator] DEBUG TanksCommon.Communicator1 - getMessage socket timed out:
	 SocketTimeoutException
14:53:29.489 [Communicator] DEBUG TanksCommon.Communicator1 - Communicator run:
	 at beginning of run
14:53:29.489 [Communicator] DEBUG TanksCommon.Communicator1 - getMessage:
	 starting to try to get message
14:53:29.539 [Communicator] DEBUG TanksCommon.Communicator1 - getMessage socket timed out:
	 SocketTimeoutException
14:53:29.589 [Communicator] DEBUG TanksCommon.Communicator1 - Communicator run:
	 at beginning of run
14:53:29.589 [Communicator] DEBUG TanksCommon.Communicator1 - getMessage:
	 starting to try to get message
14:53:29.639 [Communicator] DEBUG TanksCommon.Communicator1 - getMessage socket timed out:
	 SocketTimeoutException
14:53:29.689 [Communicator] DEBUG TanksCommon.Communicator1 - Communicator run:
	 at beginning of run
14:53:29.689 [Communicator] DEBUG TanksCommon.Communicator1 - getMessage:
	 starting to try to get message
14:53:29.739 [Communicator] DEBUG TanksCommon.Communicator1 - getMessage socket timed out:
	 SocketTimeoutException
14:53:29.789 [Communicator] DEBUG TanksCommon.Communicator1 - Communicator run:
	 at beginning of run
14:53:29.789 [Communicator] DEBUG TanksCommon.Communicator1 - getMessage:
	 starting to try to get message
14:53:29.839 [Communicator] DEBUG TanksCommon.Communicator1 - getMessage socket timed out:
	 SocketTimeoutException
14:53:29.889 [Communicator] DEBUG TanksCommon.Communicator1 - Communicator run:
	 at beginning of run
14:53:29.889 [Communicator] DEBUG TanksCommon.Communicator1 - getMessage:
	 starting to try to get message
14:53:29.939 [Communicator] DEBUG TanksCommon.Communicator1 - getMessage socket timed out:
	 SocketTimeoutException
14:53:29.989 [Communicator] DEBUG TanksCommon.Communicator1 - Communicator run:
	 at beginning of run
14:53:29.989 [Communicator] DEBUG TanksCommon.Communicator1 - getMessage:
	 starting to try to get message
14:53:30.039 [Communicator] DEBUG TanksCommon.Communicator1 - getMessage socket timed out:
	 SocketTimeoutException
14:53:30.089 [Communicator] DEBUG TanksCommon.Communicator1 - Communicator run:
	 at beginning of run
14:53:30.089 [Communicator] DEBUG TanksCommon.Communicator1 - getMessage:
	 starting to try to get message
14:53:30.139 [Communicator] DEBUG TanksCommon.Communicator1 - getMessage socket timed out:
	 SocketTimeoutException
14:53:30.189 [Communicator] DEBUG TanksCommon.Communicator1 - Communicator run:
	 at beginning of run
14:53:30.189 [Communicator] DEBUG TanksCommon.Communicator1 - getMessage:
	 starting to try to get message
14:53:30.239 [Communicator] DEBUG TanksCommon.Communicator1 - getMessage socket timed out:
	 SocketTimeoutException
14:53:30.289 [Communicator] DEBUG TanksCommon.Communicator1 - Communicator run:
	 at beginning of run
14:53:30.289 [Communicator] DEBUG TanksCommon.Communicator1 - getMessage:
	 starting to try to get message
14:53:30.339 [Communicator] DEBUG TanksCommon.Communicator1 - getMessage socket timed out:
	 SocketTimeoutException
14:53:30.389 [Communicator] DEBUG TanksCommon.Communicator1 - Communicator run:
	 at beginning of run
14:53:30.389 [Communicator] DEBUG TanksCommon.Communicator1 - getMessage:
	 starting to try to get message
14:53:30.439 [Communicator] DEBUG TanksCommon.Communicator1 - getMessage socket timed out:
	 SocketTimeoutException
14:53:30.489 [Communicator] DEBUG TanksCommon.Communicator1 - Communicator run:
	 at beginning of run
14:53:30.489 [Communicator] DEBUG TanksCommon.Communicator1 - getMessage:
	 starting to try to get message
14:53:30.539 [Communicator] DEBUG TanksCommon.Communicator1 - getMessage socket timed out:
	 SocketTimeoutException
14:53:30.589 [Communicator] DEBUG TanksCommon.Communicator1 - Communicator run:
	 at beginning of run
14:53:30.589 [Communicator] DEBUG TanksCommon.Communicator1 - getMessage:
	 starting to try to get message
14:53:30.639 [Communicator] DEBUG TanksCommon.Communicator1 - getMessage socket timed out:
	 SocketTimeoutException
14:53:30.689 [Communicator] DEBUG TanksCommon.Communicator1 - Communicator run:
	 at beginning of run
14:53:30.689 [Communicator] DEBUG TanksCommon.Communicator1 - getMessage:
	 starting to try to get message
14:53:30.739 [Communicator] DEBUG TanksCommon.Communicator1 - getMessage socket timed out:
	 SocketTimeoutException
14:53:30.789 [Communicator] DEBUG TanksCommon.Communicator1 - Communicator run:
	 at beginning of run
14:53:30.789 [Communicator] DEBUG TanksCommon.Communicator1 - getMessage:
	 starting to try to get message
14:53:30.839 [Communicator] DEBUG TanksCommon.Communicator1 - getMessage socket timed out:
	 SocketTimeoutException
14:53:30.889 [Communicator] DEBUG TanksCommon.Communicator1 - Communicator run:
	 at beginning of run
14:53:30.889 [Communicator] DEBUG TanksCommon.Communicator1 - getMessage:
	 starting to try to get message
14:53:30.939 [Communicator] DEBUG TanksCommon.Communicator1 - getMessage socket timed out:
	 SocketTimeoutException
14:53:30.989 [Communicator] DEBUG TanksCommon.Communicator1 - Communicator run:
	 at beginning of run
14:53:30.989 [Communicator] DEBUG TanksCommon.Communicator1 - getMessage:
	 starting to try to get message
14:53:31.039 [Communicator] DEBUG TanksCommon.Communicator1 - getMessage socket timed out:
	 SocketTimeoutException
14:53:31.089 [Communicator] DEBUG TanksCommon.Communicator1 - Communicator run:
	 at beginning of run
14:53:31.089 [Communicator] DEBUG TanksCommon.Communicator1 - getMessage:
	 starting to try to get message
14:53:31.139 [Communicator] DEBUG TanksCommon.Communicator1 - getMessage socket timed out:
	 SocketTimeoutException
14:53:31.189 [Communicator] DEBUG TanksCommon.Communicator1 - Communicator run:
	 at beginning of run
14:53:31.189 [Communicator] DEBUG TanksCommon.Communicator1 - getMessage:
	 starting to try to get message
14:53:31.239 [Communicator] DEBUG TanksCommon.Communicator1 - getMessage socket timed out:
	 SocketTimeoutException
14:53:31.289 [Communicator] DEBUG TanksCommon.Communicator1 - Communicator run:
	 at beginning of run
14:53:31.289 [Communicator] DEBUG TanksCommon.Communicator1 - getMessage:
	 starting to try to get message
14:53:31.339 [Communicator] DEBUG TanksCommon.Communicator1 - getMessage socket timed out:
	 SocketTimeoutException
14:53:31.389 [Communicator] DEBUG TanksCommon.Communicator1 - Communicator run:
	 at beginning of run
14:53:31.389 [Communicator] DEBUG TanksCommon.Communicator1 - getMessage:
	 starting to try to get message
14:53:31.439 [Communicator] DEBUG TanksCommon.Communicator1 - getMessage socket timed out:
	 SocketTimeoutException
14:53:31.489 [Communicator] DEBUG TanksCommon.Communicator1 - Communicator run:
	 at beginning of run
14:53:31.489 [Communicator] DEBUG TanksCommon.Communicator1 - getMessage:
	 starting to try to get message
14:53:31.539 [Communicator] DEBUG TanksCommon.Communicator1 - getMessage socket timed out:
	 SocketTimeoutException
14:53:31.589 [Communicator] DEBUG TanksCommon.Communicator1 - Communicator run:
	 at beginning of run
14:53:31.589 [Communicator] DEBUG TanksCommon.Communicator1 - getMessage:
	 starting to try to get message
14:53:31.639 [Communicator] DEBUG TanksCommon.Communicator1 - getMessage socket timed out:
	 SocketTimeoutException
14:53:31.689 [Communicator] DEBUG TanksCommon.Communicator1 - Communicator run:
	 at beginning of run
14:53:31.689 [Communicator] DEBUG TanksCommon.Communicator1 - getMessage:
	 starting to try to get message
14:53:31.739 [Communicator] DEBUG TanksCommon.Communicator1 - getMessage socket timed out:
	 SocketTimeoutException
14:53:31.789 [Communicator] DEBUG TanksCommon.Communicator1 - Communicator run:
	 at beginning of run
14:53:31.789 [Communicator] DEBUG TanksCommon.Communicator1 - getMessage:
	 starting to try to get message
14:53:31.839 [Communicator] DEBUG TanksCommon.Communicator1 - getMessage socket timed out:
	 SocketTimeoutException
14:53:31.889 [Communicator] DEBUG TanksCommon.Communicator1 - Communicator run:
	 at beginning of run
14:53:31.889 [Communicator] DEBUG TanksCommon.Communicator1 - getMessage:
	 starting to try to get message
14:53:31.939 [Communicator] DEBUG TanksCommon.Communicator1 - getMessage socket timed out:
	 SocketTimeoutException
14:53:31.989 [Communicator] DEBUG TanksCommon.Communicator1 - Communicator run:
	 at beginning of run
14:53:31.989 [Communicator] DEBUG TanksCommon.Communicator1 - getMessage:
	 starting to try to get message
14:53:32.039 [Communicator] DEBUG TanksCommon.Communicator1 - getMessage socket timed out:
	 SocketTimeoutException
14:53:32.089 [Communicator] DEBUG TanksCommon.Communicator1 - Communicator run:
	 at beginning of run
14:53:32.089 [Communicator] DEBUG TanksCommon.Communicator1 - getMessage:
	 starting to try to get message
14:53:32.139 [Communicator] DEBUG TanksCommon.Communicator1 - getMessage socket timed out:
	 SocketTimeoutException
14:53:32.189 [Communicator] DEBUG TanksCommon.Communicator1 - Communicator run:
	 at beginning of run
14:53:32.189 [Communicator] DEBUG TanksCommon.Communicator1 - getMessage:
	 starting to try to get message
14:53:32.239 [Communicator] DEBUG TanksCommon.Communicator1 - getMessage socket timed out:
	 SocketTimeoutException
14:53:32.289 [Communicator] DEBUG TanksCommon.Communicator1 - Communicator run:
	 at beginning of run
14:53:32.289 [Communicator] DEBUG TanksCommon.Communicator1 - getMessage:
	 starting to try to get message
14:53:32.339 [Communicator] DEBUG TanksCommon.Communicator1 - getMessage socket timed out:
	 SocketTimeoutException
14:53:32.389 [Communicator] DEBUG TanksCommon.Communicator1 - Communicator run:
	 at beginning of run
14:53:32.389 [Communicator] DEBUG TanksCommon.Communicator1 - getMessage:
	 starting to try to get message
14:53:32.439 [Communicator] DEBUG TanksCommon.Communicator1 - getMessage socket timed out:
	 SocketTimeoutException
14:53:32.489 [Communicator] DEBUG TanksCommon.Communicator1 - Communicator run:
	 at beginning of run
14:53:32.489 [Communicator] DEBUG TanksCommon.Communicator1 - getMessage:
	 starting to try to get message
14:53:32.539 [Communicator] DEBUG TanksCommon.Communicator1 - getMessage socket timed out:
	 SocketTimeoutException
14:53:32.589 [Communicator] DEBUG TanksCommon.Communicator1 - Communicator run:
	 at beginning of run
14:53:32.589 [Communicator] DEBUG TanksCommon.Communicator1 - getMessage:
	 starting to try to get message
14:53:32.639 [Communicator] DEBUG TanksCommon.Communicator1 - getMessage socket timed out:
	 SocketTimeoutException
14:53:32.689 [Communicator] DEBUG TanksCommon.Communicator1 - Communicator run:
	 at beginning of run
14:53:32.689 [Communicator] DEBUG TanksCommon.Communicator1 - getMessage:
	 starting to try to get message
14:53:32.739 [Communicator] DEBUG TanksCommon.Communicator1 - getMessage socket timed out:
	 SocketTimeoutException
14:53:32.789 [Communicator] DEBUG TanksCommon.Communicator1 - Communicator run:
	 at beginning of run
14:53:32.789 [Communicator] DEBUG TanksCommon.Communicator1 - getMessage:
	 starting to try to get message
14:53:32.839 [Communicator] DEBUG TanksCommon.Communicator1 - getMessage socket timed out:
	 SocketTimeoutException
14:53:32.889 [Communicator] DEBUG TanksCommon.Communicator1 - Communicator run:
	 at beginning of run
14:53:32.889 [Communicator] DEBUG TanksCommon.Communicator1 - getMessage:
	 starting to try to get message
14:53:32.939 [Communicator] DEBUG TanksCommon.Communicator1 - getMessage socket timed out:
	 SocketTimeoutException
14:53:32.989 [Communicator] DEBUG TanksCommon.Communicator1 - Communicator run:
	 at beginning of run
14:53:32.989 [Communicator] DEBUG TanksCommon.Communicator1 - getMessage:
	 starting to try to get message
14:53:33.048 [Communicator] DEBUG TanksCommon.Communicator1 - getMessage socket timed out:
	 SocketTimeoutException
14:53:33.102 [Communicator] DEBUG TanksCommon.Communicator1 - Communicator run:
	 at beginning of run
14:53:33.102 [Communicator] DEBUG TanksCommon.Communicator1 - getMessage:
	 starting to try to get message
14:53:33.154 [Communicator] DEBUG TanksCommon.Communicator1 - getMessage socket timed out:
	 SocketTimeoutException
14:53:33.205 [Communicator] DEBUG TanksCommon.Communicator1 - Communicator run:
	 at beginning of run
14:53:33.205 [Communicator] DEBUG TanksCommon.Communicator1 - getMessage:
	 starting to try to get message
14:53:33.255 [Communicator] DEBUG TanksCommon.Communicator1 - getMessage socket timed out:
	 SocketTimeoutException
14:53:33.305 [Communicator] DEBUG TanksCommon.Communicator1 - Communicator run:
	 at beginning of run
14:53:33.305 [Communicator] DEBUG TanksCommon.Communicator1 - getMessage:
	 starting to try to get message
14:53:33.355 [Communicator] DEBUG TanksCommon.Communicator1 - getMessage socket timed out:
	 SocketTimeoutException
14:53:33.405 [Communicator] DEBUG TanksCommon.Communicator1 - Communicator run:
	 at beginning of run
14:53:33.405 [Communicator] DEBUG TanksCommon.Communicator1 - getMessage:
	 starting to try to get message
14:53:33.455 [Communicator] DEBUG TanksCommon.Communicator1 - getMessage socket timed out:
	 SocketTimeoutException
14:53:33.505 [Communicator] DEBUG TanksCommon.Communicator1 - Communicator run:
	 at beginning of run
14:53:33.505 [Communicator] DEBUG TanksCommon.Communicator1 - getMessage:
	 starting to try to get message
14:53:33.555 [Communicator] DEBUG TanksCommon.Communicator1 - getMessage socket timed out:
	 SocketTimeoutException
14:53:33.605 [Communicator] DEBUG TanksCommon.Communicator1 - Communicator run:
	 at beginning of run
14:53:33.605 [Communicator] DEBUG TanksCommon.Communicator1 - getMessage:
	 starting to try to get message
14:53:33.655 [Communicator] DEBUG TanksCommon.Communicator1 - getMessage socket timed out:
	 SocketTimeoutException
14:53:33.705 [Communicator] DEBUG TanksCommon.Communicator1 - Communicator run:
	 at beginning of run
14:53:33.705 [Communicator] DEBUG TanksCommon.Communicator1 - getMessage:
	 starting to try to get message
14:53:33.755 [Communicator] DEBUG TanksCommon.Communicator1 - getMessage socket timed out:
	 SocketTimeoutException
14:53:33.805 [Communicator] DEBUG TanksCommon.Communicator1 - Communicator run:
	 at beginning of run
14:53:33.805 [Communicator] DEBUG TanksCommon.Communicator1 - getMessage:
	 starting to try to get message
14:53:33.855 [Communicator] DEBUG TanksCommon.Communicator1 - getMessage socket timed out:
	 SocketTimeoutException
14:53:33.905 [Communicator] DEBUG TanksCommon.Communicator1 - Communicator run:
	 at beginning of run
14:53:33.905 [Communicator] DEBUG TanksCommon.Communicator1 - getMessage:
	 starting to try to get message
14:53:33.955 [Communicator] DEBUG TanksCommon.Communicator1 - getMessage socket timed out:
	 SocketTimeoutException
14:53:34.005 [Communicator] DEBUG TanksCommon.Communicator1 - Communicator run:
	 at beginning of run
14:53:34.005 [Communicator] DEBUG TanksCommon.Communicator1 - getMessage:
	 starting to try to get message
14:53:34.055 [Communicator] DEBUG TanksCommon.Communicator1 - getMessage socket timed out:
	 SocketTimeoutException
14:53:34.105 [Communicator] DEBUG TanksCommon.Communicator1 - Communicator run:
	 at beginning of run
14:53:34.105 [Communicator] DEBUG TanksCommon.Communicator1 - getMessage:
	 starting to try to get message
14:53:34.155 [Communicator] DEBUG TanksCommon.Communicator1 - getMessage socket timed out:
	 SocketTimeoutException
14:53:34.205 [Communicator] DEBUG TanksCommon.Communicator1 - Communicator run:
	 at beginning of run
14:53:34.205 [Communicator] DEBUG TanksCommon.Communicator1 - getMessage:
	 starting to try to get message
14:53:34.255 [Communicator] DEBUG TanksCommon.Communicator1 - getMessage socket timed out:
	 SocketTimeoutException
14:53:34.305 [Communicator] DEBUG TanksCommon.Communicator1 - Communicator run:
	 at beginning of run
14:53:34.305 [Communicator] DEBUG TanksCommon.Communicator1 - getMessage:
	 starting to try to get message
14:53:34.355 [Communicator] DEBUG TanksCommon.Communicator1 - getMessage socket timed out:
	 SocketTimeoutException
14:53:34.405 [Communicator] DEBUG TanksCommon.Communicator1 - Communicator run:
	 at beginning of run
14:53:34.405 [Communicator] DEBUG TanksCommon.Communicator1 - getMessage:
	 starting to try to get message
14:53:34.455 [Communicator] DEBUG TanksCommon.Communicator1 - getMessage socket timed out:
	 SocketTimeoutException
14:53:34.509 [Communicator] DEBUG TanksCommon.Communicator1 - Communicator run:
	 at beginning of run
14:53:34.512 [Communicator] DEBUG TanksCommon.Communicator1 - getMessage:
	 starting to try to get message
14:53:34.562 [Communicator] DEBUG TanksCommon.Communicator1 - getMessage socket timed out:
	 SocketTimeoutException
14:53:34.612 [Communicator] DEBUG TanksCommon.Communicator1 - Communicator run:
	 at beginning of run
14:53:34.613 [Communicator] DEBUG TanksCommon.Communicator1 - getMessage:
	 starting to try to get message
14:53:34.667 [Communicator] DEBUG TanksCommon.Communicator1 - getMessage socket timed out:
	 SocketTimeoutException
14:53:34.720 [Communicator] DEBUG TanksCommon.Communicator1 - Communicator run:
	 at beginning of run
14:53:34.722 [Communicator] DEBUG TanksCommon.Communicator1 - getMessage:
	 starting to try to get message
14:53:34.772 [Communicator] DEBUG TanksCommon.Communicator1 - getMessage socket timed out:
	 SocketTimeoutException
14:53:34.822 [Communicator] DEBUG TanksCommon.Communicator1 - Communicator run:
	 at beginning of run
14:53:34.822 [Communicator] DEBUG TanksCommon.Communicator1 - getMessage:
	 starting to try to get message
14:53:34.872 [Communicator] DEBUG TanksCommon.Communicator1 - getMessage socket timed out:
	 SocketTimeoutException
14:53:34.922 [Communicator] DEBUG TanksCommon.Communicator1 - Communicator run:
	 at beginning of run
14:53:34.922 [Communicator] DEBUG TanksCommon.Communicator1 - getMessage:
	 starting to try to get message
14:53:34.972 [Communicator] DEBUG TanksCommon.Communicator1 - getMessage socket timed out:
	 SocketTimeoutException
14:53:35.022 [Communicator] DEBUG TanksCommon.Communicator1 - Communicator run:
	 at beginning of run
14:53:35.022 [Communicator] DEBUG TanksCommon.Communicator1 - getMessage:
	 starting to try to get message
14:53:35.072 [Communicator] DEBUG TanksCommon.Communicator1 - getMessage socket timed out:
	 SocketTimeoutException
14:53:35.122 [Communicator] DEBUG TanksCommon.Communicator1 - Communicator run:
	 at beginning of run
14:53:35.122 [Communicator] DEBUG TanksCommon.Communicator1 - getMessage:
	 starting to try to get message
14:53:35.172 [Communicator] DEBUG TanksCommon.Communicator1 - getMessage socket timed out:
	 SocketTimeoutException
14:53:35.222 [Communicator] DEBUG TanksCommon.Communicator1 - Communicator run:
	 at beginning of run
14:53:35.222 [Communicator] DEBUG TanksCommon.Communicator1 - getMessage:
	 starting to try to get message
14:53:35.272 [Communicator] DEBUG TanksCommon.Communicator1 - getMessage socket timed out:
	 SocketTimeoutException
14:53:35.322 [Communicator] DEBUG TanksCommon.Communicator1 - Communicator run:
	 at beginning of run
14:53:35.322 [Communicator] DEBUG TanksCommon.Communicator1 - getMessage:
	 starting to try to get message
14:53:35.372 [Communicator] DEBUG TanksCommon.Communicator1 - getMessage socket timed out:
	 SocketTimeoutException
14:53:35.423 [Communicator] DEBUG TanksCommon.Communicator1 - Communicator run:
	 at beginning of run
14:53:35.423 [Communicator] DEBUG TanksCommon.Communicator1 - getMessage:
	 starting to try to get message
14:53:35.473 [Communicator] DEBUG TanksCommon.Communicator1 - getMessage socket timed out:
	 SocketTimeoutException
14:53:35.523 [Communicator] DEBUG TanksCommon.Communicator1 - Communicator run:
	 at beginning of run
14:53:35.523 [Communicator] DEBUG TanksCommon.Communicator1 - getMessage:
	 starting to try to get message
14:53:35.573 [Communicator] DEBUG TanksCommon.Communicator1 - getMessage socket timed out:
	 SocketTimeoutException
14:53:35.623 [Communicator] DEBUG TanksCommon.Communicator1 - Communicator run:
	 at beginning of run
14:53:35.624 [Communicator] DEBUG TanksCommon.Communicator1 - getMessage:
	 starting to try to get message
14:53:35.674 [Communicator] DEBUG TanksCommon.Communicator1 - getMessage socket timed out:
	 SocketTimeoutException
14:53:35.724 [Communicator] DEBUG TanksCommon.Communicator1 - Communicator run:
	 at beginning of run
14:53:35.724 [Communicator] DEBUG TanksCommon.Communicator1 - getMessage:
	 starting to try to get message
14:53:35.774 [Communicator] DEBUG TanksCommon.Communicator1 - getMessage socket timed out:
	 SocketTimeoutException
14:53:35.824 [Communicator] DEBUG TanksCommon.Communicator1 - Communicator run:
	 at beginning of run
14:53:35.824 [Communicator] DEBUG TanksCommon.Communicator1 - getMessage:
	 starting to try to get message
14:53:35.874 [Communicator] DEBUG TanksCommon.Communicator1 - getMessage socket timed out:
	 SocketTimeoutException
14:53:35.924 [Communicator] DEBUG TanksCommon.Communicator1 - Communicator run:
	 at beginning of run
14:53:35.924 [Communicator] DEBUG TanksCommon.Communicator1 - getMessage:
	 starting to try to get message
14:53:35.974 [Communicator] DEBUG TanksCommon.Communicator1 - getMessage socket timed out:
	 SocketTimeoutException
14:53:36.024 [Communicator] DEBUG TanksCommon.Communicator1 - Communicator run:
	 at beginning of run
14:53:36.024 [Communicator] DEBUG TanksCommon.Communicator1 - getMessage:
	 starting to try to get message
14:53:36.074 [Communicator] DEBUG TanksCommon.Communicator1 - getMessage socket timed out:
	 SocketTimeoutException
14:53:36.125 [Communicator] DEBUG TanksCommon.Communicator1 - Communicator run:
	 at beginning of run
14:53:36.125 [Communicator] DEBUG TanksCommon.Communicator1 - getMessage:
	 starting to try to get message
14:53:36.175 [Communicator] DEBUG TanksCommon.Communicator1 - getMessage socket timed out:
	 SocketTimeoutException
14:53:36.225 [Communicator] DEBUG TanksCommon.Communicator1 - Communicator run:
	 at beginning of run
14:53:36.225 [Communicator] DEBUG TanksCommon.Communicator1 - getMessage:
	 starting to try to get message
14:53:36.275 [Communicator] DEBUG TanksCommon.Communicator1 - getMessage socket timed out:
	 SocketTimeoutException
14:53:36.325 [Communicator] DEBUG TanksCommon.Communicator1 - Communicator run:
	 at beginning of run
14:53:36.325 [Communicator] DEBUG TanksCommon.Communicator1 - getMessage:
	 starting to try to get message
14:53:36.375 [Communicator] DEBUG TanksCommon.Communicator1 - getMessage socket timed out:
	 SocketTimeoutException
14:53:36.425 [Communicator] DEBUG TanksCommon.Communicator1 - Communicator run:
	 at beginning of run
14:53:36.425 [Communicator] DEBUG TanksCommon.Communicator1 - getMessage:
	 starting to try to get message
14:53:36.475 [Communicator] DEBUG TanksCommon.Communicator1 - getMessage socket timed out:
	 SocketTimeoutException
14:53:36.525 [Communicator] DEBUG TanksCommon.Communicator1 - Communicator run:
	 at beginning of run
14:53:36.525 [Communicator] DEBUG TanksCommon.Communicator1 - getMessage:
	 starting to try to get message
14:53:36.576 [Communicator] DEBUG TanksCommon.Communicator1 - getMessage socket timed out:
	 SocketTimeoutException
14:53:36.626 [Communicator] DEBUG TanksCommon.Communicator1 - Communicator run:
	 at beginning of run
14:53:36.626 [Communicator] DEBUG TanksCommon.Communicator1 - getMessage:
	 starting to try to get message
14:53:36.676 [Communicator] DEBUG TanksCommon.Communicator1 - getMessage socket timed out:
	 SocketTimeoutException
14:53:36.726 [Communicator] DEBUG TanksCommon.Communicator1 - Communicator run:
	 at beginning of run
14:53:36.726 [Communicator] DEBUG TanksCommon.Communicator1 - getMessage:
	 starting to try to get message
14:53:36.776 [Communicator] DEBUG TanksCommon.Communicator1 - getMessage socket timed out:
	 SocketTimeoutException
14:53:36.826 [Communicator] DEBUG TanksCommon.Communicator1 - Communicator run:
	 at beginning of run
14:53:36.826 [Communicator] DEBUG TanksCommon.Communicator1 - getMessage:
	 starting to try to get message
14:53:36.876 [Communicator] DEBUG TanksCommon.Communicator1 - getMessage socket timed out:
	 SocketTimeoutException
14:53:36.926 [Communicator] DEBUG TanksCommon.Communicator1 - Communicator run:
	 at beginning of run
14:53:36.926 [Communicator] DEBUG TanksCommon.Communicator1 - getMessage:
	 starting to try to get message
14:53:36.976 [Communicator] DEBUG TanksCommon.Communicator1 - getMessage socket timed out:
	 SocketTimeoutException
14:53:37.026 [Communicator] DEBUG TanksCommon.Communicator1 - Communicator run:
	 at beginning of run
14:53:37.026 [Communicator] DEBUG TanksCommon.Communicator1 - getMessage:
	 starting to try to get message
14:53:37.076 [Communicator] DEBUG TanksCommon.Communicator1 - getMessage socket timed out:
	 SocketTimeoutException
14:53:37.126 [Communicator] DEBUG TanksCommon.Communicator1 - Communicator run:
	 at beginning of run
14:53:37.126 [Communicator] DEBUG TanksCommon.Communicator1 - getMessage:
	 starting to try to get message
14:53:37.176 [Communicator] DEBUG TanksCommon.Communicator1 - getMessage socket timed out:
	 SocketTimeoutException
14:53:37.226 [Communicator] DEBUG TanksCommon.Communicator1 - Communicator run:
	 at beginning of run
14:53:37.226 [Communicator] DEBUG TanksCommon.Communicator1 - getMessage:
	 starting to try to get message
14:53:37.276 [Communicator] DEBUG TanksCommon.Communicator1 - getMessage socket timed out:
	 SocketTimeoutException
14:53:37.326 [Communicator] DEBUG TanksCommon.Communicator1 - Communicator run:
	 at beginning of run
14:53:37.326 [Communicator] DEBUG TanksCommon.Communicator1 - getMessage:
	 starting to try to get message
14:53:37.376 [Communicator] DEBUG TanksCommon.Communicator1 - getMessage socket timed out:
	 SocketTimeoutException
14:53:37.426 [Communicator] DEBUG TanksCommon.Communicator1 - Communicator run:
	 at beginning of run
14:53:37.426 [Communicator] DEBUG TanksCommon.Communicator1 - getMessage:
	 starting to try to get message
14:53:37.476 [Communicator] DEBUG TanksCommon.Communicator1 - getMessage socket timed out:
	 SocketTimeoutException
14:53:37.526 [Communicator] DEBUG TanksCommon.Communicator1 - Communicator run:
	 at beginning of run
14:53:37.526 [Communicator] DEBUG TanksCommon.Communicator1 - getMessage:
	 starting to try to get message
14:53:37.576 [Communicator] DEBUG TanksCommon.Communicator1 - getMessage socket timed out:
	 SocketTimeoutException
14:53:37.627 [Communicator] DEBUG TanksCommon.Communicator1 - Communicator run:
	 at beginning of run
14:53:37.628 [Communicator] DEBUG TanksCommon.Communicator1 - getMessage:
	 starting to try to get message
14:53:37.678 [Communicator] DEBUG TanksCommon.Communicator1 - getMessage socket timed out:
	 SocketTimeoutException
14:53:37.732 [Communicator] DEBUG TanksCommon.Communicator1 - Communicator run:
	 at beginning of run
14:53:37.732 [Communicator] DEBUG TanksCommon.Communicator1 - getMessage:
	 starting to try to get message
14:53:37.782 [Communicator] DEBUG TanksCommon.Communicator1 - getMessage socket timed out:
	 SocketTimeoutException
14:53:37.832 [Communicator] DEBUG TanksCommon.Communicator1 - Communicator run:
	 at beginning of run
14:53:37.832 [Communicator] DEBUG TanksCommon.Communicator1 - getMessage:
	 starting to try to get message
14:53:37.882 [Communicator] DEBUG TanksCommon.Communicator1 - getMessage socket timed out:
	 SocketTimeoutException
14:53:37.932 [Communicator] DEBUG TanksCommon.Communicator1 - Communicator run:
	 at beginning of run
14:53:37.932 [Communicator] DEBUG TanksCommon.Communicator1 - getMessage:
	 starting to try to get message
14:53:37.982 [Communicator] DEBUG TanksCommon.Communicator1 - getMessage socket timed out:
	 SocketTimeoutException
14:53:38.032 [Communicator] DEBUG TanksCommon.Communicator1 - Communicator run:
	 at beginning of run
14:53:38.032 [Communicator] DEBUG TanksCommon.Communicator1 - getMessage:
	 starting to try to get message
14:53:38.082 [Communicator] DEBUG TanksCommon.Communicator1 - getMessage socket timed out:
	 SocketTimeoutException
14:53:38.132 [Communicator] DEBUG TanksCommon.Communicator1 - Communicator run:
	 at beginning of run
14:53:38.132 [Communicator] DEBUG TanksCommon.Communicator1 - getMessage:
	 starting to try to get message
14:53:38.182 [Communicator] DEBUG TanksCommon.Communicator1 - getMessage socket timed out:
	 SocketTimeoutException
14:53:38.232 [Communicator] DEBUG TanksCommon.Communicator1 - Communicator run:
	 at beginning of run
14:53:38.232 [Communicator] DEBUG TanksCommon.Communicator1 - getMessage:
	 starting to try to get message
14:53:38.282 [Communicator] DEBUG TanksCommon.Communicator1 - getMessage socket timed out:
	 SocketTimeoutException
14:53:38.332 [Communicator] DEBUG TanksCommon.Communicator1 - Communicator run:
	 at beginning of run
14:53:38.332 [Communicator] DEBUG TanksCommon.Communicator1 - getMessage:
	 starting to try to get message
14:53:38.382 [Communicator] DEBUG TanksCommon.Communicator1 - getMessage socket timed out:
	 SocketTimeoutException
14:53:38.432 [Communicator] DEBUG TanksCommon.Communicator1 - Communicator run:
	 at beginning of run
14:53:38.432 [Communicator] DEBUG TanksCommon.Communicator1 - getMessage:
	 starting to try to get message
14:53:38.482 [Communicator] DEBUG TanksCommon.Communicator1 - getMessage socket timed out:
	 SocketTimeoutException
14:53:38.533 [Communicator] DEBUG TanksCommon.Communicator1 - Communicator run:
	 at beginning of run
14:53:38.533 [Communicator] DEBUG TanksCommon.Communicator1 - getMessage:
	 starting to try to get message
14:53:38.583 [Communicator] DEBUG TanksCommon.Communicator1 - getMessage socket timed out:
	 SocketTimeoutException
14:53:38.633 [Communicator] DEBUG TanksCommon.Communicator1 - Communicator run:
	 at beginning of run
14:53:38.633 [Communicator] DEBUG TanksCommon.Communicator1 - getMessage:
	 starting to try to get message
14:53:38.683 [Communicator] DEBUG TanksCommon.Communicator1 - getMessage socket timed out:
	 SocketTimeoutException
14:53:38.733 [Communicator] DEBUG TanksCommon.Communicator1 - Communicator run:
	 at beginning of run
14:53:38.733 [Communicator] DEBUG TanksCommon.Communicator1 - getMessage:
	 starting to try to get message
14:53:38.783 [Communicator] DEBUG TanksCommon.Communicator1 - getMessage socket timed out:
	 SocketTimeoutException
14:53:38.833 [Communicator] DEBUG TanksCommon.Communicator1 - Communicator run:
	 at beginning of run
14:53:38.833 [Communicator] DEBUG TanksCommon.Communicator1 - getMessage:
	 starting to try to get message
14:53:38.883 [Communicator] DEBUG TanksCommon.Communicator1 - getMessage socket timed out:
	 SocketTimeoutException
14:53:38.933 [Communicator] DEBUG TanksCommon.Communicator1 - Communicator run:
	 at beginning of run
14:53:38.933 [Communicator] DEBUG TanksCommon.Communicator1 - getMessage:
	 starting to try to get message
14:53:38.983 [Communicator] DEBUG TanksCommon.Communicator1 - getMessage socket timed out:
	 SocketTimeoutException
14:53:39.033 [Communicator] DEBUG TanksCommon.Communicator1 - Communicator run:
	 at beginning of run
14:53:39.033 [Communicator] DEBUG TanksCommon.Communicator1 - getMessage:
	 starting to try to get message
14:53:39.084 [Communicator] DEBUG TanksCommon.Communicator1 - getMessage socket timed out:
	 SocketTimeoutException
14:53:39.134 [Communicator] DEBUG TanksCommon.Communicator1 - Communicator run:
	 at beginning of run
14:53:39.134 [Communicator] DEBUG TanksCommon.Communicator1 - getMessage:
	 starting to try to get message
14:53:39.184 [Communicator] DEBUG TanksCommon.Communicator1 - getMessage socket timed out:
	 SocketTimeoutException
14:53:39.234 [Communicator] DEBUG TanksCommon.Communicator1 - Communicator run:
	 at beginning of run
14:53:39.234 [Communicator] DEBUG TanksCommon.Communicator1 - getMessage:
	 starting to try to get message
14:53:39.284 [Communicator] DEBUG TanksCommon.Communicator1 - getMessage socket timed out:
	 SocketTimeoutException
14:53:39.334 [Communicator] DEBUG TanksCommon.Communicator1 - Communicator run:
	 at beginning of run
14:53:39.334 [Communicator] DEBUG TanksCommon.Communicator1 - getMessage:
	 starting to try to get message
14:53:39.384 [Communicator] DEBUG TanksCommon.Communicator1 - getMessage socket timed out:
	 SocketTimeoutException
14:53:39.434 [Communicator] DEBUG TanksCommon.Communicator1 - Communicator run:
	 at beginning of run
14:53:39.434 [Communicator] DEBUG TanksCommon.Communicator1 - getMessage:
	 starting to try to get message
14:53:39.484 [Communicator] DEBUG TanksCommon.Communicator1 - getMessage socket timed out:
	 SocketTimeoutException
14:53:39.534 [Communicator] DEBUG TanksCommon.Communicator1 - Communicator run:
	 at beginning of run
14:53:39.534 [Communicator] DEBUG TanksCommon.Communicator1 - getMessage:
	 starting to try to get message
14:53:39.584 [Communicator] DEBUG TanksCommon.Communicator1 - getMessage socket timed out:
	 SocketTimeoutException
14:53:39.634 [Communicator] DEBUG TanksCommon.Communicator1 - Communicator run:
	 at beginning of run
14:53:39.634 [Communicator] DEBUG TanksCommon.Communicator1 - getMessage:
	 starting to try to get message
14:53:39.684 [Communicator] DEBUG TanksCommon.Communicator1 - getMessage socket timed out:
	 SocketTimeoutException
14:53:39.734 [Communicator] DEBUG TanksCommon.Communicator1 - Communicator run:
	 at beginning of run
14:53:39.734 [Communicator] DEBUG TanksCommon.Communicator1 - getMessage:
	 starting to try to get message
14:53:39.784 [Communicator] DEBUG TanksCommon.Communicator1 - getMessage socket timed out:
	 SocketTimeoutException
14:53:39.834 [Communicator] DEBUG TanksCommon.Communicator1 - Communicator run:
	 at beginning of run
14:53:39.834 [Communicator] DEBUG TanksCommon.Communicator1 - getMessage:
	 starting to try to get message
14:53:39.884 [Communicator] DEBUG TanksCommon.Communicator1 - getMessage socket timed out:
	 SocketTimeoutException
14:53:39.934 [Communicator] DEBUG TanksCommon.Communicator1 - Communicator run:
	 at beginning of run
14:53:39.934 [Communicator] DEBUG TanksCommon.Communicator1 - getMessage:
	 starting to try to get message
14:53:39.984 [Communicator] DEBUG TanksCommon.Communicator1 - getMessage socket timed out:
	 SocketTimeoutException
14:53:40.034 [Communicator] DEBUG TanksCommon.Communicator1 - Communicator run:
	 at beginning of run
14:53:40.034 [Communicator] DEBUG TanksCommon.Communicator1 - getMessage:
	 starting to try to get message
14:53:40.084 [Communicator] DEBUG TanksCommon.Communicator1 - getMessage socket timed out:
	 SocketTimeoutException
14:53:40.126 [JavaFX Application Thread] DEBUG TanksCommon.Communicator1 - BackgroundThread Stop:
	 Stopping Thread
14:53:41.127 [JavaFX Application Thread] DEBUG TanksCommon.Communicator1 - BackgroundThread Stop:
	 Thread Stopped
