15:38:08.062 [JavaFX Application Thread] DEBUG TanksCommon.Communicator1 - Communicator constructor:
	 communicator created
15:38:08.063 [JavaFX Application Thread] INFO  TanksCommon.Communicator1 - Communicator initializeSocket:
	 Socket initialized
15:38:08.068 [JavaFX Application Thread] DEBUG TanksCommon.Communicator1 - BackgroundThread Start: 
	Thread Started
15:38:08.138 [Communicator] DEBUG TanksCommon.Communicator1 - Communicator run:
	 at beginning of run
15:38:08.139 [Communicator] DEBUG TanksCommon.Communicator1 - getMessage:
	 starting to try to get message
15:38:08.190 [Communicator] DEBUG TanksCommon.Communicator1 - getMessage socket timed out:
	 SocketTimeoutException
15:38:08.240 [Communicator] DEBUG TanksCommon.Communicator1 - Communicator run:
	 at beginning of run
15:38:08.240 [Communicator] DEBUG TanksCommon.Communicator1 - getMessage:
	 starting to try to get message
15:38:08.290 [Communicator] DEBUG TanksCommon.Communicator1 - getMessage socket timed out:
	 SocketTimeoutException
15:38:08.340 [Communicator] DEBUG TanksCommon.Communicator1 - Communicator run:
	 at beginning of run
15:38:08.340 [Communicator] DEBUG TanksCommon.Communicator1 - getMessage:
	 starting to try to get message
15:38:08.390 [Communicator] DEBUG TanksCommon.Communicator1 - getMessage socket timed out:
	 SocketTimeoutException
15:38:08.440 [Communicator] DEBUG TanksCommon.Communicator1 - Communicator run:
	 at beginning of run
15:38:08.443 [Communicator] DEBUG TanksCommon.Communicator1 - getMessage:
	 starting to try to get message
15:38:08.493 [Communicator] DEBUG TanksCommon.Communicator1 - getMessage socket timed out:
	 SocketTimeoutException
15:38:08.543 [Communicator] DEBUG TanksCommon.Communicator1 - Communicator run:
	 at beginning of run
15:38:08.543 [Communicator] DEBUG TanksCommon.Communicator1 - getMessage:
	 starting to try to get message
15:38:08.593 [Communicator] DEBUG TanksCommon.Communicator1 - getMessage socket timed out:
	 SocketTimeoutException
15:38:08.643 [Communicator] DEBUG TanksCommon.Communicator1 - Communicator run:
	 at beginning of run
15:38:08.643 [Communicator] DEBUG TanksCommon.Communicator1 - getMessage:
	 starting to try to get message
15:38:08.693 [Communicator] DEBUG TanksCommon.Communicator1 - getMessage socket timed out:
	 SocketTimeoutException
15:38:08.743 [Communicator] DEBUG TanksCommon.Communicator1 - Communicator run:
	 at beginning of run
15:38:08.743 [Communicator] DEBUG TanksCommon.Communicator1 - getMessage:
	 starting to try to get message
15:38:08.793 [Communicator] DEBUG TanksCommon.Communicator1 - getMessage socket timed out:
	 SocketTimeoutException
15:38:08.843 [Communicator] DEBUG TanksCommon.Communicator1 - Communicator run:
	 at beginning of run
15:38:08.843 [Communicator] DEBUG TanksCommon.Communicator1 - getMessage:
	 starting to try to get message
15:38:08.893 [Communicator] DEBUG TanksCommon.Communicator1 - getMessage socket timed out:
	 SocketTimeoutException
15:38:08.943 [Communicator] DEBUG TanksCommon.Communicator1 - Communicator run:
	 at beginning of run
15:38:08.943 [Communicator] DEBUG TanksCommon.Communicator1 - getMessage:
	 starting to try to get message
15:38:08.993 [Communicator] DEBUG TanksCommon.Communicator1 - getMessage socket timed out:
	 SocketTimeoutException
15:38:09.043 [Communicator] DEBUG TanksCommon.Communicator1 - Communicator run:
	 at beginning of run
15:38:09.043 [Communicator] DEBUG TanksCommon.Communicator1 - getMessage:
	 starting to try to get message
15:38:09.093 [Communicator] DEBUG TanksCommon.Communicator1 - getMessage socket timed out:
	 SocketTimeoutException
15:38:09.143 [Communicator] DEBUG TanksCommon.Communicator1 - Communicator run:
	 at beginning of run
15:38:09.143 [Communicator] DEBUG TanksCommon.Communicator1 - getMessage:
	 starting to try to get message
15:38:09.193 [Communicator] DEBUG TanksCommon.Communicator1 - getMessage socket timed out:
	 SocketTimeoutException
15:38:09.243 [Communicator] DEBUG TanksCommon.Communicator1 - Communicator run:
	 at beginning of run
15:38:09.243 [Communicator] DEBUG TanksCommon.Communicator1 - getMessage:
	 starting to try to get message
15:38:09.293 [Communicator] DEBUG TanksCommon.Communicator1 - getMessage socket timed out:
	 SocketTimeoutException
15:38:09.343 [Communicator] DEBUG TanksCommon.Communicator1 - Communicator run:
	 at beginning of run
15:38:09.343 [Communicator] DEBUG TanksCommon.Communicator1 - getMessage:
	 starting to try to get message
15:38:09.393 [Communicator] DEBUG TanksCommon.Communicator1 - getMessage socket timed out:
	 SocketTimeoutException
15:38:09.443 [Communicator] DEBUG TanksCommon.Communicator1 - Communicator run:
	 at beginning of run
15:38:09.443 [Communicator] DEBUG TanksCommon.Communicator1 - getMessage:
	 starting to try to get message
15:38:09.493 [Communicator] DEBUG TanksCommon.Communicator1 - getMessage socket timed out:
	 SocketTimeoutException
15:38:09.543 [Communicator] DEBUG TanksCommon.Communicator1 - Communicator run:
	 at beginning of run
15:38:09.543 [Communicator] DEBUG TanksCommon.Communicator1 - getMessage:
	 starting to try to get message
15:38:09.593 [Communicator] DEBUG TanksCommon.Communicator1 - getMessage socket timed out:
	 SocketTimeoutException
15:38:09.643 [Communicator] DEBUG TanksCommon.Communicator1 - Communicator run:
	 at beginning of run
15:38:09.643 [Communicator] DEBUG TanksCommon.Communicator1 - getMessage:
	 starting to try to get message
15:38:09.693 [Communicator] DEBUG TanksCommon.Communicator1 - getMessage socket timed out:
	 SocketTimeoutException
15:38:09.743 [Communicator] DEBUG TanksCommon.Communicator1 - Communicator run:
	 at beginning of run
15:38:09.743 [Communicator] DEBUG TanksCommon.Communicator1 - getMessage:
	 starting to try to get message
15:38:09.793 [Communicator] DEBUG TanksCommon.Communicator1 - getMessage socket timed out:
	 SocketTimeoutException
15:38:09.843 [Communicator] DEBUG TanksCommon.Communicator1 - Communicator run:
	 at beginning of run
15:38:09.843 [Communicator] DEBUG TanksCommon.Communicator1 - getMessage:
	 starting to try to get message
15:38:09.893 [Communicator] DEBUG TanksCommon.Communicator1 - getMessage socket timed out:
	 SocketTimeoutException
15:38:09.943 [Communicator] DEBUG TanksCommon.Communicator1 - Communicator run:
	 at beginning of run
15:38:09.943 [Communicator] DEBUG TanksCommon.Communicator1 - getMessage:
	 starting to try to get message
15:38:09.993 [Communicator] DEBUG TanksCommon.Communicator1 - getMessage socket timed out:
	 SocketTimeoutException
15:38:10.043 [Communicator] DEBUG TanksCommon.Communicator1 - Communicator run:
	 at beginning of run
15:38:10.043 [Communicator] DEBUG TanksCommon.Communicator1 - getMessage:
	 starting to try to get message
15:38:10.093 [Communicator] DEBUG TanksCommon.Communicator1 - getMessage socket timed out:
	 SocketTimeoutException
15:38:10.143 [Communicator] DEBUG TanksCommon.Communicator1 - Communicator run:
	 at beginning of run
15:38:10.143 [Communicator] DEBUG TanksCommon.Communicator1 - getMessage:
	 starting to try to get message
15:38:10.193 [Communicator] DEBUG TanksCommon.Communicator1 - getMessage socket timed out:
	 SocketTimeoutException
15:38:10.243 [Communicator] DEBUG TanksCommon.Communicator1 - Communicator run:
	 at beginning of run
15:38:10.243 [Communicator] DEBUG TanksCommon.Communicator1 - getMessage:
	 starting to try to get message
15:38:10.293 [Communicator] DEBUG TanksCommon.Communicator1 - getMessage socket timed out:
	 SocketTimeoutException
15:38:10.343 [Communicator] DEBUG TanksCommon.Communicator1 - Communicator run:
	 at beginning of run
15:38:10.343 [Communicator] DEBUG TanksCommon.Communicator1 - getMessage:
	 starting to try to get message
15:38:10.393 [Communicator] DEBUG TanksCommon.Communicator1 - getMessage socket timed out:
	 SocketTimeoutException
15:38:10.443 [Communicator] DEBUG TanksCommon.Communicator1 - Communicator run:
	 at beginning of run
15:38:10.443 [Communicator] DEBUG TanksCommon.Communicator1 - getMessage:
	 starting to try to get message
15:38:10.493 [Communicator] DEBUG TanksCommon.Communicator1 - getMessage socket timed out:
	 SocketTimeoutException
15:38:10.543 [Communicator] DEBUG TanksCommon.Communicator1 - Communicator run:
	 at beginning of run
15:38:10.543 [Communicator] DEBUG TanksCommon.Communicator1 - getMessage:
	 starting to try to get message
15:38:10.593 [Communicator] DEBUG TanksCommon.Communicator1 - getMessage socket timed out:
	 SocketTimeoutException
15:38:10.643 [Communicator] DEBUG TanksCommon.Communicator1 - Communicator run:
	 at beginning of run
15:38:10.643 [Communicator] DEBUG TanksCommon.Communicator1 - getMessage:
	 starting to try to get message
15:38:10.693 [Communicator] DEBUG TanksCommon.Communicator1 - getMessage socket timed out:
	 SocketTimeoutException
15:38:10.743 [Communicator] DEBUG TanksCommon.Communicator1 - Communicator run:
	 at beginning of run
15:38:10.743 [Communicator] DEBUG TanksCommon.Communicator1 - getMessage:
	 starting to try to get message
15:38:10.793 [Communicator] DEBUG TanksCommon.Communicator1 - getMessage socket timed out:
	 SocketTimeoutException
15:38:10.843 [Communicator] DEBUG TanksCommon.Communicator1 - Communicator run:
	 at beginning of run
15:38:10.843 [Communicator] DEBUG TanksCommon.Communicator1 - getMessage:
	 starting to try to get message
15:38:10.893 [Communicator] DEBUG TanksCommon.Communicator1 - getMessage socket timed out:
	 SocketTimeoutException
15:38:10.943 [Communicator] DEBUG TanksCommon.Communicator1 - Communicator run:
	 at beginning of run
15:38:10.943 [Communicator] DEBUG TanksCommon.Communicator1 - getMessage:
	 starting to try to get message
15:38:10.993 [Communicator] DEBUG TanksCommon.Communicator1 - getMessage socket timed out:
	 SocketTimeoutException
15:38:11.043 [Communicator] DEBUG TanksCommon.Communicator1 - Communicator run:
	 at beginning of run
15:38:11.043 [Communicator] DEBUG TanksCommon.Communicator1 - getMessage:
	 starting to try to get message
15:38:11.094 [Communicator] DEBUG TanksCommon.Communicator1 - getMessage socket timed out:
	 SocketTimeoutException
15:38:11.144 [Communicator] DEBUG TanksCommon.Communicator1 - Communicator run:
	 at beginning of run
15:38:11.144 [Communicator] DEBUG TanksCommon.Communicator1 - getMessage:
	 starting to try to get message
15:38:11.194 [Communicator] DEBUG TanksCommon.Communicator1 - getMessage socket timed out:
	 SocketTimeoutException
15:38:11.244 [Communicator] DEBUG TanksCommon.Communicator1 - Communicator run:
	 at beginning of run
15:38:11.244 [Communicator] DEBUG TanksCommon.Communicator1 - getMessage:
	 starting to try to get message
15:38:11.294 [Communicator] DEBUG TanksCommon.Communicator1 - getMessage socket timed out:
	 SocketTimeoutException
15:38:11.344 [Communicator] DEBUG TanksCommon.Communicator1 - Communicator run:
	 at beginning of run
15:38:11.344 [Communicator] DEBUG TanksCommon.Communicator1 - getMessage:
	 starting to try to get message
15:38:11.394 [Communicator] DEBUG TanksCommon.Communicator1 - getMessage socket timed out:
	 SocketTimeoutException
15:38:11.444 [Communicator] DEBUG TanksCommon.Communicator1 - Communicator run:
	 at beginning of run
15:38:11.444 [Communicator] DEBUG TanksCommon.Communicator1 - getMessage:
	 starting to try to get message
15:38:11.494 [Communicator] DEBUG TanksCommon.Communicator1 - getMessage socket timed out:
	 SocketTimeoutException
15:38:11.544 [Communicator] DEBUG TanksCommon.Communicator1 - Communicator run:
	 at beginning of run
15:38:11.544 [Communicator] DEBUG TanksCommon.Communicator1 - getMessage:
	 starting to try to get message
15:38:11.594 [Communicator] DEBUG TanksCommon.Communicator1 - getMessage socket timed out:
	 SocketTimeoutException
15:38:11.644 [Communicator] DEBUG TanksCommon.Communicator1 - Communicator run:
	 at beginning of run
15:38:11.644 [Communicator] DEBUG TanksCommon.Communicator1 - getMessage:
	 starting to try to get message
15:38:11.694 [Communicator] DEBUG TanksCommon.Communicator1 - getMessage socket timed out:
	 SocketTimeoutException
15:38:11.744 [Communicator] DEBUG TanksCommon.Communicator1 - Communicator run:
	 at beginning of run
15:38:11.744 [Communicator] DEBUG TanksCommon.Communicator1 - getMessage:
	 starting to try to get message
15:38:11.794 [Communicator] DEBUG TanksCommon.Communicator1 - getMessage socket timed out:
	 SocketTimeoutException
15:38:11.844 [Communicator] DEBUG TanksCommon.Communicator1 - Communicator run:
	 at beginning of run
15:38:11.844 [Communicator] DEBUG TanksCommon.Communicator1 - getMessage:
	 starting to try to get message
15:38:11.894 [Communicator] DEBUG TanksCommon.Communicator1 - getMessage socket timed out:
	 SocketTimeoutException
15:38:11.944 [Communicator] DEBUG TanksCommon.Communicator1 - Communicator run:
	 at beginning of run
15:38:11.944 [Communicator] DEBUG TanksCommon.Communicator1 - getMessage:
	 starting to try to get message
15:38:11.994 [Communicator] DEBUG TanksCommon.Communicator1 - getMessage socket timed out:
	 SocketTimeoutException
15:38:12.044 [Communicator] DEBUG TanksCommon.Communicator1 - Communicator run:
	 at beginning of run
15:38:12.044 [Communicator] DEBUG TanksCommon.Communicator1 - getMessage:
	 starting to try to get message
15:38:12.094 [Communicator] DEBUG TanksCommon.Communicator1 - getMessage socket timed out:
	 SocketTimeoutException
15:38:12.144 [Communicator] DEBUG TanksCommon.Communicator1 - Communicator run:
	 at beginning of run
15:38:12.144 [Communicator] DEBUG TanksCommon.Communicator1 - getMessage:
	 starting to try to get message
15:38:12.194 [Communicator] DEBUG TanksCommon.Communicator1 - getMessage socket timed out:
	 SocketTimeoutException
15:38:12.244 [Communicator] DEBUG TanksCommon.Communicator1 - Communicator run:
	 at beginning of run
15:38:12.244 [Communicator] DEBUG TanksCommon.Communicator1 - getMessage:
	 starting to try to get message
15:38:12.294 [Communicator] DEBUG TanksCommon.Communicator1 - getMessage socket timed out:
	 SocketTimeoutException
15:38:12.344 [Communicator] DEBUG TanksCommon.Communicator1 - Communicator run:
	 at beginning of run
15:38:12.344 [Communicator] DEBUG TanksCommon.Communicator1 - getMessage:
	 starting to try to get message
15:38:12.394 [Communicator] DEBUG TanksCommon.Communicator1 - getMessage socket timed out:
	 SocketTimeoutException
15:38:12.444 [Communicator] DEBUG TanksCommon.Communicator1 - Communicator run:
	 at beginning of run
15:38:12.444 [Communicator] DEBUG TanksCommon.Communicator1 - getMessage:
	 starting to try to get message
15:38:12.494 [Communicator] DEBUG TanksCommon.Communicator1 - getMessage socket timed out:
	 SocketTimeoutException
15:38:12.544 [Communicator] DEBUG TanksCommon.Communicator1 - Communicator run:
	 at beginning of run
15:38:12.544 [Communicator] DEBUG TanksCommon.Communicator1 - getMessage:
	 starting to try to get message
15:38:12.594 [Communicator] DEBUG TanksCommon.Communicator1 - getMessage socket timed out:
	 SocketTimeoutException
15:38:12.644 [Communicator] DEBUG TanksCommon.Communicator1 - Communicator run:
	 at beginning of run
15:38:12.644 [Communicator] DEBUG TanksCommon.Communicator1 - getMessage:
	 starting to try to get message
15:38:12.694 [Communicator] DEBUG TanksCommon.Communicator1 - getMessage socket timed out:
	 SocketTimeoutException
15:38:12.744 [Communicator] DEBUG TanksCommon.Communicator1 - Communicator run:
	 at beginning of run
15:38:12.744 [Communicator] DEBUG TanksCommon.Communicator1 - getMessage:
	 starting to try to get message
15:38:12.794 [Communicator] DEBUG TanksCommon.Communicator1 - getMessage socket timed out:
	 SocketTimeoutException
15:38:12.844 [Communicator] DEBUG TanksCommon.Communicator1 - Communicator run:
	 at beginning of run
15:38:12.844 [Communicator] DEBUG TanksCommon.Communicator1 - getMessage:
	 starting to try to get message
15:38:12.894 [Communicator] DEBUG TanksCommon.Communicator1 - getMessage socket timed out:
	 SocketTimeoutException
15:38:12.944 [Communicator] DEBUG TanksCommon.Communicator1 - Communicator run:
	 at beginning of run
15:38:12.944 [Communicator] DEBUG TanksCommon.Communicator1 - getMessage:
	 starting to try to get message
15:38:12.994 [Communicator] DEBUG TanksCommon.Communicator1 - getMessage socket timed out:
	 SocketTimeoutException
15:38:13.044 [Communicator] DEBUG TanksCommon.Communicator1 - Communicator run:
	 at beginning of run
15:38:13.044 [Communicator] DEBUG TanksCommon.Communicator1 - getMessage:
	 starting to try to get message
15:38:13.094 [Communicator] DEBUG TanksCommon.Communicator1 - getMessage socket timed out:
	 SocketTimeoutException
15:38:13.144 [Communicator] DEBUG TanksCommon.Communicator1 - Communicator run:
	 at beginning of run
15:38:13.144 [Communicator] DEBUG TanksCommon.Communicator1 - getMessage:
	 starting to try to get message
15:38:13.194 [Communicator] DEBUG TanksCommon.Communicator1 - getMessage socket timed out:
	 SocketTimeoutException
15:38:13.244 [Communicator] DEBUG TanksCommon.Communicator1 - Communicator run:
	 at beginning of run
15:38:13.244 [Communicator] DEBUG TanksCommon.Communicator1 - getMessage:
	 starting to try to get message
15:38:13.294 [Communicator] DEBUG TanksCommon.Communicator1 - getMessage socket timed out:
	 SocketTimeoutException
15:38:13.344 [Communicator] DEBUG TanksCommon.Communicator1 - Communicator run:
	 at beginning of run
15:38:13.344 [Communicator] DEBUG TanksCommon.Communicator1 - getMessage:
	 starting to try to get message
15:38:13.394 [Communicator] DEBUG TanksCommon.Communicator1 - getMessage socket timed out:
	 SocketTimeoutException
15:38:13.444 [Communicator] DEBUG TanksCommon.Communicator1 - Communicator run:
	 at beginning of run
15:38:13.444 [Communicator] DEBUG TanksCommon.Communicator1 - getMessage:
	 starting to try to get message
15:38:13.494 [Communicator] DEBUG TanksCommon.Communicator1 - getMessage socket timed out:
	 SocketTimeoutException
15:38:13.544 [Communicator] DEBUG TanksCommon.Communicator1 - Communicator run:
	 at beginning of run
15:38:13.544 [Communicator] DEBUG TanksCommon.Communicator1 - getMessage:
	 starting to try to get message
15:38:13.594 [Communicator] DEBUG TanksCommon.Communicator1 - getMessage socket timed out:
	 SocketTimeoutException
15:38:13.644 [Communicator] DEBUG TanksCommon.Communicator1 - Communicator run:
	 at beginning of run
15:38:13.644 [Communicator] DEBUG TanksCommon.Communicator1 - getMessage:
	 starting to try to get message
15:38:13.694 [Communicator] DEBUG TanksCommon.Communicator1 - getMessage socket timed out:
	 SocketTimeoutException
15:38:13.744 [Communicator] DEBUG TanksCommon.Communicator1 - Communicator run:
	 at beginning of run
15:38:13.744 [Communicator] DEBUG TanksCommon.Communicator1 - getMessage:
	 starting to try to get message
15:38:13.794 [Communicator] DEBUG TanksCommon.Communicator1 - getMessage socket timed out:
	 SocketTimeoutException
15:38:13.844 [Communicator] DEBUG TanksCommon.Communicator1 - Communicator run:
	 at beginning of run
15:38:13.844 [Communicator] DEBUG TanksCommon.Communicator1 - getMessage:
	 starting to try to get message
15:38:13.894 [Communicator] DEBUG TanksCommon.Communicator1 - getMessage socket timed out:
	 SocketTimeoutException
15:38:13.944 [Communicator] DEBUG TanksCommon.Communicator1 - Communicator run:
	 at beginning of run
15:38:13.944 [Communicator] DEBUG TanksCommon.Communicator1 - getMessage:
	 starting to try to get message
15:38:13.994 [Communicator] DEBUG TanksCommon.Communicator1 - getMessage socket timed out:
	 SocketTimeoutException
15:38:14.044 [Communicator] DEBUG TanksCommon.Communicator1 - Communicator run:
	 at beginning of run
15:38:14.044 [Communicator] DEBUG TanksCommon.Communicator1 - getMessage:
	 starting to try to get message
15:38:14.094 [Communicator] DEBUG TanksCommon.Communicator1 - getMessage socket timed out:
	 SocketTimeoutException
15:38:14.144 [Communicator] DEBUG TanksCommon.Communicator1 - Communicator run:
	 at beginning of run
15:38:14.144 [Communicator] DEBUG TanksCommon.Communicator1 - getMessage:
	 starting to try to get message
15:38:14.194 [Communicator] DEBUG TanksCommon.Communicator1 - getMessage socket timed out:
	 SocketTimeoutException
15:38:14.244 [Communicator] DEBUG TanksCommon.Communicator1 - Communicator run:
	 at beginning of run
15:38:14.244 [Communicator] DEBUG TanksCommon.Communicator1 - getMessage:
	 starting to try to get message
15:38:14.294 [Communicator] DEBUG TanksCommon.Communicator1 - getMessage socket timed out:
	 SocketTimeoutException
15:38:14.344 [Communicator] DEBUG TanksCommon.Communicator1 - Communicator run:
	 at beginning of run
15:38:14.344 [Communicator] DEBUG TanksCommon.Communicator1 - getMessage:
	 starting to try to get message
15:38:14.394 [Communicator] DEBUG TanksCommon.Communicator1 - getMessage socket timed out:
	 SocketTimeoutException
15:38:14.444 [Communicator] DEBUG TanksCommon.Communicator1 - Communicator run:
	 at beginning of run
15:38:14.444 [Communicator] DEBUG TanksCommon.Communicator1 - getMessage:
	 starting to try to get message
15:38:14.494 [Communicator] DEBUG TanksCommon.Communicator1 - getMessage socket timed out:
	 SocketTimeoutException
15:38:14.544 [Communicator] DEBUG TanksCommon.Communicator1 - Communicator run:
	 at beginning of run
15:38:14.544 [Communicator] DEBUG TanksCommon.Communicator1 - getMessage:
	 starting to try to get message
15:38:14.594 [Communicator] DEBUG TanksCommon.Communicator1 - getMessage socket timed out:
	 SocketTimeoutException
15:38:14.644 [Communicator] DEBUG TanksCommon.Communicator1 - Communicator run:
	 at beginning of run
15:38:14.644 [Communicator] DEBUG TanksCommon.Communicator1 - getMessage:
	 starting to try to get message
15:38:14.694 [Communicator] DEBUG TanksCommon.Communicator1 - getMessage socket timed out:
	 SocketTimeoutException
15:38:14.744 [Communicator] DEBUG TanksCommon.Communicator1 - Communicator run:
	 at beginning of run
15:38:14.744 [Communicator] DEBUG TanksCommon.Communicator1 - getMessage:
	 starting to try to get message
15:38:14.794 [Communicator] DEBUG TanksCommon.Communicator1 - getMessage socket timed out:
	 SocketTimeoutException
15:38:14.844 [Communicator] DEBUG TanksCommon.Communicator1 - Communicator run:
	 at beginning of run
15:38:14.844 [Communicator] DEBUG TanksCommon.Communicator1 - getMessage:
	 starting to try to get message
15:38:14.894 [Communicator] DEBUG TanksCommon.Communicator1 - getMessage socket timed out:
	 SocketTimeoutException
15:38:14.944 [Communicator] DEBUG TanksCommon.Communicator1 - Communicator run:
	 at beginning of run
15:38:14.944 [Communicator] DEBUG TanksCommon.Communicator1 - getMessage:
	 starting to try to get message
15:38:14.994 [Communicator] DEBUG TanksCommon.Communicator1 - getMessage socket timed out:
	 SocketTimeoutException
15:38:15.044 [Communicator] DEBUG TanksCommon.Communicator1 - Communicator run:
	 at beginning of run
15:38:15.044 [Communicator] DEBUG TanksCommon.Communicator1 - getMessage:
	 starting to try to get message
15:38:15.094 [Communicator] DEBUG TanksCommon.Communicator1 - getMessage socket timed out:
	 SocketTimeoutException
15:38:15.144 [Communicator] DEBUG TanksCommon.Communicator1 - Communicator run:
	 at beginning of run
15:38:15.144 [Communicator] DEBUG TanksCommon.Communicator1 - getMessage:
	 starting to try to get message
15:38:15.194 [Communicator] DEBUG TanksCommon.Communicator1 - getMessage socket timed out:
	 SocketTimeoutException
15:38:15.244 [Communicator] DEBUG TanksCommon.Communicator1 - Communicator run:
	 at beginning of run
15:38:15.244 [Communicator] DEBUG TanksCommon.Communicator1 - getMessage:
	 starting to try to get message
15:38:15.294 [Communicator] DEBUG TanksCommon.Communicator1 - getMessage socket timed out:
	 SocketTimeoutException
15:38:15.336 [JavaFX Application Thread] DEBUG TanksCommon.Communicator1 - BackgroundThread Stop:
	 Stopping Thread
15:38:16.337 [JavaFX Application Thread] DEBUG TanksCommon.Communicator1 - BackgroundThread Stop:
	 Thread Stopped
