22:51:08.733 [JavaFX Application Thread] DEBUG TanksCommon.Communicator1 - Communicator constructor:
	 communicator created
22:51:08.733 [JavaFX Application Thread] INFO  TanksCommon.Communicator1 - Communicator initializeSocket:
	 Socket initialized
22:51:08.735 [JavaFX Application Thread] DEBUG TanksCommon.Communicator1 - BackgroundThread Start: 
	Thread Started
22:51:08.736 [Communicator] DEBUG TanksCommon.Communicator1 - Communicator run:
	 at beginning of run
22:51:08.736 [Communicator] DEBUG TanksCommon.Communicator1 - getMessage:
	 starting to try to get message
22:51:08.787 [Communicator] DEBUG TanksCommon.Communicator1 - getMessage socket timed out:
	 SocketTimeoutException
22:51:08.837 [Communicator] DEBUG TanksCommon.Communicator1 - Communicator run:
	 at beginning of run
22:51:08.837 [Communicator] DEBUG TanksCommon.Communicator1 - getMessage:
	 starting to try to get message
22:51:08.887 [Communicator] DEBUG TanksCommon.Communicator1 - getMessage socket timed out:
	 SocketTimeoutException
22:51:08.937 [Communicator] DEBUG TanksCommon.Communicator1 - Communicator run:
	 at beginning of run
22:51:08.937 [Communicator] DEBUG TanksCommon.Communicator1 - getMessage:
	 starting to try to get message
22:51:08.987 [Communicator] DEBUG TanksCommon.Communicator1 - getMessage socket timed out:
	 SocketTimeoutException
22:51:09.037 [Communicator] DEBUG TanksCommon.Communicator1 - Communicator run:
	 at beginning of run
22:51:09.037 [Communicator] DEBUG TanksCommon.Communicator1 - getMessage:
	 starting to try to get message
22:51:09.087 [Communicator] DEBUG TanksCommon.Communicator1 - getMessage socket timed out:
	 SocketTimeoutException
22:51:09.137 [Communicator] DEBUG TanksCommon.Communicator1 - Communicator run:
	 at beginning of run
22:51:09.137 [Communicator] DEBUG TanksCommon.Communicator1 - getMessage:
	 starting to try to get message
22:51:09.187 [Communicator] DEBUG TanksCommon.Communicator1 - getMessage socket timed out:
	 SocketTimeoutException
22:51:09.237 [Communicator] DEBUG TanksCommon.Communicator1 - Communicator run:
	 at beginning of run
22:51:09.237 [Communicator] DEBUG TanksCommon.Communicator1 - getMessage:
	 starting to try to get message
22:51:09.287 [Communicator] DEBUG TanksCommon.Communicator1 - getMessage socket timed out:
	 SocketTimeoutException
22:51:09.337 [Communicator] DEBUG TanksCommon.Communicator1 - Communicator run:
	 at beginning of run
22:51:09.337 [Communicator] DEBUG TanksCommon.Communicator1 - getMessage:
	 starting to try to get message
22:51:09.387 [Communicator] DEBUG TanksCommon.Communicator1 - getMessage socket timed out:
	 SocketTimeoutException
22:51:09.437 [Communicator] DEBUG TanksCommon.Communicator1 - Communicator run:
	 at beginning of run
22:51:09.437 [Communicator] DEBUG TanksCommon.Communicator1 - getMessage:
	 starting to try to get message
22:51:09.487 [Communicator] DEBUG TanksCommon.Communicator1 - getMessage socket timed out:
	 SocketTimeoutException
22:51:09.537 [Communicator] DEBUG TanksCommon.Communicator1 - Communicator run:
	 at beginning of run
22:51:09.537 [Communicator] DEBUG TanksCommon.Communicator1 - getMessage:
	 starting to try to get message
22:51:09.587 [Communicator] DEBUG TanksCommon.Communicator1 - getMessage socket timed out:
	 SocketTimeoutException
22:51:09.637 [Communicator] DEBUG TanksCommon.Communicator1 - Communicator run:
	 at beginning of run
22:51:09.637 [Communicator] DEBUG TanksCommon.Communicator1 - getMessage:
	 starting to try to get message
22:51:09.687 [Communicator] DEBUG TanksCommon.Communicator1 - getMessage socket timed out:
	 SocketTimeoutException
22:51:09.738 [Communicator] DEBUG TanksCommon.Communicator1 - Communicator run:
	 at beginning of run
22:51:09.738 [Communicator] DEBUG TanksCommon.Communicator1 - getMessage:
	 starting to try to get message
22:51:09.788 [Communicator] DEBUG TanksCommon.Communicator1 - getMessage socket timed out:
	 SocketTimeoutException
22:51:09.838 [Communicator] DEBUG TanksCommon.Communicator1 - Communicator run:
	 at beginning of run
22:51:09.838 [Communicator] DEBUG TanksCommon.Communicator1 - getMessage:
	 starting to try to get message
22:51:09.888 [Communicator] DEBUG TanksCommon.Communicator1 - getMessage socket timed out:
	 SocketTimeoutException
22:51:09.938 [Communicator] DEBUG TanksCommon.Communicator1 - Communicator run:
	 at beginning of run
22:51:09.938 [Communicator] DEBUG TanksCommon.Communicator1 - getMessage:
	 starting to try to get message
22:51:09.988 [Communicator] DEBUG TanksCommon.Communicator1 - getMessage socket timed out:
	 SocketTimeoutException
22:51:10.038 [Communicator] DEBUG TanksCommon.Communicator1 - Communicator run:
	 at beginning of run
22:51:10.038 [Communicator] DEBUG TanksCommon.Communicator1 - getMessage:
	 starting to try to get message
22:51:10.088 [Communicator] DEBUG TanksCommon.Communicator1 - getMessage socket timed out:
	 SocketTimeoutException
22:51:10.138 [Communicator] DEBUG TanksCommon.Communicator1 - Communicator run:
	 at beginning of run
22:51:10.138 [Communicator] DEBUG TanksCommon.Communicator1 - getMessage:
	 starting to try to get message
22:51:10.188 [Communicator] DEBUG TanksCommon.Communicator1 - getMessage socket timed out:
	 SocketTimeoutException
22:51:10.238 [Communicator] DEBUG TanksCommon.Communicator1 - Communicator run:
	 at beginning of run
22:51:10.238 [Communicator] DEBUG TanksCommon.Communicator1 - getMessage:
	 starting to try to get message
22:51:10.288 [Communicator] DEBUG TanksCommon.Communicator1 - getMessage socket timed out:
	 SocketTimeoutException
22:51:10.338 [Communicator] DEBUG TanksCommon.Communicator1 - Communicator run:
	 at beginning of run
22:51:10.338 [Communicator] DEBUG TanksCommon.Communicator1 - getMessage:
	 starting to try to get message
22:51:10.388 [Communicator] DEBUG TanksCommon.Communicator1 - getMessage socket timed out:
	 SocketTimeoutException
22:51:10.438 [Communicator] DEBUG TanksCommon.Communicator1 - Communicator run:
	 at beginning of run
22:51:10.438 [Communicator] DEBUG TanksCommon.Communicator1 - getMessage:
	 starting to try to get message
22:51:10.488 [Communicator] DEBUG TanksCommon.Communicator1 - getMessage socket timed out:
	 SocketTimeoutException
22:51:10.538 [Communicator] DEBUG TanksCommon.Communicator1 - Communicator run:
	 at beginning of run
22:51:10.538 [Communicator] DEBUG TanksCommon.Communicator1 - getMessage:
	 starting to try to get message
22:51:10.588 [Communicator] DEBUG TanksCommon.Communicator1 - getMessage socket timed out:
	 SocketTimeoutException
22:51:10.638 [Communicator] DEBUG TanksCommon.Communicator1 - Communicator run:
	 at beginning of run
22:51:10.638 [Communicator] DEBUG TanksCommon.Communicator1 - getMessage:
	 starting to try to get message
22:51:10.688 [Communicator] DEBUG TanksCommon.Communicator1 - getMessage socket timed out:
	 SocketTimeoutException
22:51:10.738 [Communicator] DEBUG TanksCommon.Communicator1 - Communicator run:
	 at beginning of run
22:51:10.738 [Communicator] DEBUG TanksCommon.Communicator1 - getMessage:
	 starting to try to get message
22:51:10.788 [Communicator] DEBUG TanksCommon.Communicator1 - getMessage socket timed out:
	 SocketTimeoutException
22:51:10.838 [Communicator] DEBUG TanksCommon.Communicator1 - Communicator run:
	 at beginning of run
22:51:10.838 [Communicator] DEBUG TanksCommon.Communicator1 - getMessage:
	 starting to try to get message
22:51:10.888 [Communicator] DEBUG TanksCommon.Communicator1 - getMessage socket timed out:
	 SocketTimeoutException
22:51:10.938 [Communicator] DEBUG TanksCommon.Communicator1 - Communicator run:
	 at beginning of run
22:51:10.938 [Communicator] DEBUG TanksCommon.Communicator1 - getMessage:
	 starting to try to get message
22:51:10.988 [Communicator] DEBUG TanksCommon.Communicator1 - getMessage socket timed out:
	 SocketTimeoutException
22:51:11.038 [Communicator] DEBUG TanksCommon.Communicator1 - Communicator run:
	 at beginning of run
22:51:11.038 [Communicator] DEBUG TanksCommon.Communicator1 - getMessage:
	 starting to try to get message
22:51:11.088 [Communicator] DEBUG TanksCommon.Communicator1 - getMessage socket timed out:
	 SocketTimeoutException
22:51:11.138 [Communicator] DEBUG TanksCommon.Communicator1 - Communicator run:
	 at beginning of run
22:51:11.138 [Communicator] DEBUG TanksCommon.Communicator1 - getMessage:
	 starting to try to get message
22:51:11.188 [Communicator] DEBUG TanksCommon.Communicator1 - getMessage socket timed out:
	 SocketTimeoutException
22:51:11.188 [Communicator] DEBUG TanksCommon.Communicator1 - Communicator run:
	 outputQueue not empty, trying to send the message
22:51:11.189 [Communicator] DEBUG TanksCommon.Communicator1 - Communicator sendMessage
	 Starting to try to send message of length: 58
22:51:11.189 [Communicator] DEBUG TanksCommon.Communicator1 - Communicator sendMessage
	 Sent successfully length: 58
22:51:11.239 [Communicator] DEBUG TanksCommon.Communicator1 - Communicator run:
	 at beginning of run
22:51:11.239 [Communicator] DEBUG TanksCommon.Communicator1 - getMessage:
	 starting to try to get message
22:51:11.290 [Communicator] DEBUG TanksCommon.Communicator1 - getMessage socket timed out:
	 SocketTimeoutException
22:51:11.340 [Communicator] DEBUG TanksCommon.Communicator1 - Communicator run:
	 at beginning of run
22:51:11.340 [Communicator] DEBUG TanksCommon.Communicator1 - getMessage:
	 starting to try to get message
22:51:11.390 [Communicator] DEBUG TanksCommon.Communicator1 - getMessage socket timed out:
	 SocketTimeoutException
22:51:11.440 [Communicator] DEBUG TanksCommon.Communicator1 - Communicator run:
	 at beginning of run
22:51:11.440 [Communicator] DEBUG TanksCommon.Communicator1 - getMessage:
	 starting to try to get message
22:51:11.490 [Communicator] DEBUG TanksCommon.Communicator1 - getMessage socket timed out:
	 SocketTimeoutException
22:51:11.540 [Communicator] DEBUG TanksCommon.Communicator1 - Communicator run:
	 at beginning of run
22:51:11.540 [Communicator] DEBUG TanksCommon.Communicator1 - getMessage:
	 starting to try to get message
22:51:11.590 [Communicator] DEBUG TanksCommon.Communicator1 - getMessage socket timed out:
	 SocketTimeoutException
22:51:11.640 [Communicator] DEBUG TanksCommon.Communicator1 - Communicator run:
	 at beginning of run
22:51:11.640 [Communicator] DEBUG TanksCommon.Communicator1 - getMessage:
	 starting to try to get message
22:51:11.690 [Communicator] DEBUG TanksCommon.Communicator1 - getMessage socket timed out:
	 SocketTimeoutException
22:51:11.740 [Communicator] DEBUG TanksCommon.Communicator1 - Communicator run:
	 at beginning of run
22:51:11.740 [Communicator] DEBUG TanksCommon.Communicator1 - getMessage:
	 starting to try to get message
22:51:11.790 [Communicator] DEBUG TanksCommon.Communicator1 - getMessage socket timed out:
	 SocketTimeoutException
22:51:11.840 [Communicator] DEBUG TanksCommon.Communicator1 - Communicator run:
	 at beginning of run
22:51:11.840 [Communicator] DEBUG TanksCommon.Communicator1 - getMessage:
	 starting to try to get message
22:51:11.890 [Communicator] DEBUG TanksCommon.Communicator1 - getMessage socket timed out:
	 SocketTimeoutException
22:51:11.940 [Communicator] DEBUG TanksCommon.Communicator1 - Communicator run:
	 at beginning of run
22:51:11.940 [Communicator] DEBUG TanksCommon.Communicator1 - getMessage:
	 starting to try to get message
22:51:11.990 [Communicator] DEBUG TanksCommon.Communicator1 - getMessage socket timed out:
	 SocketTimeoutException
22:51:12.040 [Communicator] DEBUG TanksCommon.Communicator1 - Communicator run:
	 at beginning of run
22:51:12.040 [Communicator] DEBUG TanksCommon.Communicator1 - getMessage:
	 starting to try to get message
22:51:12.090 [Communicator] DEBUG TanksCommon.Communicator1 - getMessage socket timed out:
	 SocketTimeoutException
22:51:12.140 [Communicator] DEBUG TanksCommon.Communicator1 - Communicator run:
	 at beginning of run
22:51:12.140 [Communicator] DEBUG TanksCommon.Communicator1 - getMessage:
	 starting to try to get message
22:51:12.190 [Communicator] DEBUG TanksCommon.Communicator1 - getMessage socket timed out:
	 SocketTimeoutException
22:51:12.240 [Communicator] DEBUG TanksCommon.Communicator1 - Communicator run:
	 at beginning of run
22:51:12.240 [Communicator] DEBUG TanksCommon.Communicator1 - getMessage:
	 starting to try to get message
22:51:12.290 [Communicator] DEBUG TanksCommon.Communicator1 - getMessage socket timed out:
	 SocketTimeoutException
22:51:12.340 [Communicator] DEBUG TanksCommon.Communicator1 - Communicator run:
	 at beginning of run
22:51:12.340 [Communicator] DEBUG TanksCommon.Communicator1 - getMessage:
	 starting to try to get message
22:51:12.390 [Communicator] DEBUG TanksCommon.Communicator1 - getMessage socket timed out:
	 SocketTimeoutException
22:51:12.440 [Communicator] DEBUG TanksCommon.Communicator1 - Communicator run:
	 at beginning of run
22:51:12.440 [Communicator] DEBUG TanksCommon.Communicator1 - getMessage:
	 starting to try to get message
22:51:12.490 [Communicator] DEBUG TanksCommon.Communicator1 - getMessage socket timed out:
	 SocketTimeoutException
22:51:12.540 [Communicator] DEBUG TanksCommon.Communicator1 - Communicator run:
	 at beginning of run
22:51:12.540 [Communicator] DEBUG TanksCommon.Communicator1 - getMessage:
	 starting to try to get message
22:51:12.590 [Communicator] DEBUG TanksCommon.Communicator1 - getMessage socket timed out:
	 SocketTimeoutException
22:51:12.640 [Communicator] DEBUG TanksCommon.Communicator1 - Communicator run:
	 at beginning of run
22:51:12.640 [Communicator] DEBUG TanksCommon.Communicator1 - getMessage:
	 starting to try to get message
22:51:12.690 [Communicator] DEBUG TanksCommon.Communicator1 - getMessage socket timed out:
	 SocketTimeoutException
22:51:12.740 [Communicator] DEBUG TanksCommon.Communicator1 - Communicator run:
	 at beginning of run
22:51:12.740 [Communicator] DEBUG TanksCommon.Communicator1 - getMessage:
	 starting to try to get message
22:51:12.791 [Communicator] DEBUG TanksCommon.Communicator1 - getMessage socket timed out:
	 SocketTimeoutException
22:51:12.841 [Communicator] DEBUG TanksCommon.Communicator1 - Communicator run:
	 at beginning of run
22:51:12.841 [Communicator] DEBUG TanksCommon.Communicator1 - getMessage:
	 starting to try to get message
22:51:12.891 [Communicator] DEBUG TanksCommon.Communicator1 - getMessage socket timed out:
	 SocketTimeoutException
22:51:12.941 [Communicator] DEBUG TanksCommon.Communicator1 - Communicator run:
	 at beginning of run
22:51:12.941 [Communicator] DEBUG TanksCommon.Communicator1 - getMessage:
	 starting to try to get message
22:51:12.991 [Communicator] DEBUG TanksCommon.Communicator1 - getMessage socket timed out:
	 SocketTimeoutException
22:51:13.041 [Communicator] DEBUG TanksCommon.Communicator1 - Communicator run:
	 at beginning of run
22:51:13.041 [Communicator] DEBUG TanksCommon.Communicator1 - getMessage:
	 starting to try to get message
22:51:13.091 [Communicator] DEBUG TanksCommon.Communicator1 - getMessage socket timed out:
	 SocketTimeoutException
22:51:13.141 [Communicator] DEBUG TanksCommon.Communicator1 - Communicator run:
	 at beginning of run
22:51:13.141 [Communicator] DEBUG TanksCommon.Communicator1 - getMessage:
	 starting to try to get message
22:51:13.191 [Communicator] DEBUG TanksCommon.Communicator1 - getMessage socket timed out:
	 SocketTimeoutException
22:51:13.241 [Communicator] DEBUG TanksCommon.Communicator1 - Communicator run:
	 at beginning of run
22:51:13.241 [Communicator] DEBUG TanksCommon.Communicator1 - getMessage:
	 starting to try to get message
22:51:13.291 [Communicator] DEBUG TanksCommon.Communicator1 - getMessage socket timed out:
	 SocketTimeoutException
22:51:13.341 [Communicator] DEBUG TanksCommon.Communicator1 - Communicator run:
	 at beginning of run
22:51:13.341 [Communicator] DEBUG TanksCommon.Communicator1 - getMessage:
	 starting to try to get message
22:51:13.391 [Communicator] DEBUG TanksCommon.Communicator1 - getMessage socket timed out:
	 SocketTimeoutException
22:51:13.441 [Communicator] DEBUG TanksCommon.Communicator1 - Communicator run:
	 at beginning of run
22:51:13.441 [Communicator] DEBUG TanksCommon.Communicator1 - getMessage:
	 starting to try to get message
22:51:13.491 [Communicator] DEBUG TanksCommon.Communicator1 - getMessage socket timed out:
	 SocketTimeoutException
22:51:13.541 [Communicator] DEBUG TanksCommon.Communicator1 - Communicator run:
	 at beginning of run
22:51:13.541 [Communicator] DEBUG TanksCommon.Communicator1 - getMessage:
	 starting to try to get message
22:51:13.591 [Communicator] DEBUG TanksCommon.Communicator1 - getMessage socket timed out:
	 SocketTimeoutException
22:51:13.641 [Communicator] DEBUG TanksCommon.Communicator1 - Communicator run:
	 at beginning of run
22:51:13.641 [Communicator] DEBUG TanksCommon.Communicator1 - getMessage:
	 starting to try to get message
22:51:13.691 [Communicator] DEBUG TanksCommon.Communicator1 - getMessage socket timed out:
	 SocketTimeoutException
22:51:13.741 [Communicator] DEBUG TanksCommon.Communicator1 - Communicator run:
	 at beginning of run
22:51:13.741 [Communicator] DEBUG TanksCommon.Communicator1 - getMessage:
	 starting to try to get message
22:51:13.791 [Communicator] DEBUG TanksCommon.Communicator1 - getMessage socket timed out:
	 SocketTimeoutException
22:51:13.791 [Communicator] DEBUG TanksCommon.Communicator1 - Communicator run:
	 outputQueue not empty, trying to send the message
