17:26:34.398 [JavaFX Application Thread] DEBUG TanksCommon.Communicator1 - Communicator constructor:
	 communicator created
17:26:34.399 [JavaFX Application Thread] INFO  TanksCommon.Communicator1 - Communicator initializeSocket:
	 Socket initialized
17:26:34.401 [JavaFX Application Thread] DEBUG TanksCommon.Communicator1 - BackgroundThread Start: 
	Thread Started
17:26:34.401 [Communicator] DEBUG TanksCommon.Communicator1 - Communicator run:
	 at beginning of run
17:26:34.401 [Communicator] DEBUG TanksCommon.Communicator1 - getMessage:
	 starting to try to get message
17:26:34.451 [Communicator] DEBUG TanksCommon.Communicator1 - getMessage socket timed out:
	 SocketTimeoutException
17:26:34.501 [Communicator] DEBUG TanksCommon.Communicator1 - Communicator run:
	 at beginning of run
17:26:34.501 [Communicator] DEBUG TanksCommon.Communicator1 - getMessage:
	 starting to try to get message
17:26:34.551 [Communicator] DEBUG TanksCommon.Communicator1 - getMessage socket timed out:
	 SocketTimeoutException
17:26:34.601 [Communicator] DEBUG TanksCommon.Communicator1 - Communicator run:
	 at beginning of run
17:26:34.601 [Communicator] DEBUG TanksCommon.Communicator1 - getMessage:
	 starting to try to get message
17:26:34.651 [Communicator] DEBUG TanksCommon.Communicator1 - getMessage socket timed out:
	 SocketTimeoutException
17:26:34.701 [Communicator] DEBUG TanksCommon.Communicator1 - Communicator run:
	 at beginning of run
17:26:34.701 [Communicator] DEBUG TanksCommon.Communicator1 - getMessage:
	 starting to try to get message
17:26:34.751 [Communicator] DEBUG TanksCommon.Communicator1 - getMessage socket timed out:
	 SocketTimeoutException
17:26:34.801 [Communicator] DEBUG TanksCommon.Communicator1 - Communicator run:
	 at beginning of run
17:26:34.801 [Communicator] DEBUG TanksCommon.Communicator1 - getMessage:
	 starting to try to get message
17:26:34.851 [Communicator] DEBUG TanksCommon.Communicator1 - getMessage socket timed out:
	 SocketTimeoutException
17:26:34.901 [Communicator] DEBUG TanksCommon.Communicator1 - Communicator run:
	 at beginning of run
17:26:34.901 [Communicator] DEBUG TanksCommon.Communicator1 - getMessage:
	 starting to try to get message
17:26:34.952 [Communicator] DEBUG TanksCommon.Communicator1 - getMessage socket timed out:
	 SocketTimeoutException
17:26:35.002 [Communicator] DEBUG TanksCommon.Communicator1 - Communicator run:
	 at beginning of run
17:26:35.002 [Communicator] DEBUG TanksCommon.Communicator1 - getMessage:
	 starting to try to get message
17:26:35.052 [Communicator] DEBUG TanksCommon.Communicator1 - getMessage socket timed out:
	 SocketTimeoutException
17:26:35.102 [Communicator] DEBUG TanksCommon.Communicator1 - Communicator run:
	 at beginning of run
17:26:35.102 [Communicator] DEBUG TanksCommon.Communicator1 - getMessage:
	 starting to try to get message
17:26:35.152 [Communicator] DEBUG TanksCommon.Communicator1 - getMessage socket timed out:
	 SocketTimeoutException
17:26:35.202 [Communicator] DEBUG TanksCommon.Communicator1 - Communicator run:
	 at beginning of run
17:26:35.202 [Communicator] DEBUG TanksCommon.Communicator1 - getMessage:
	 starting to try to get message
17:26:35.252 [Communicator] DEBUG TanksCommon.Communicator1 - getMessage socket timed out:
	 SocketTimeoutException
17:26:35.302 [Communicator] DEBUG TanksCommon.Communicator1 - Communicator run:
	 at beginning of run
17:26:35.302 [Communicator] DEBUG TanksCommon.Communicator1 - getMessage:
	 starting to try to get message
17:26:35.352 [Communicator] DEBUG TanksCommon.Communicator1 - getMessage socket timed out:
	 SocketTimeoutException
17:26:35.402 [Communicator] DEBUG TanksCommon.Communicator1 - Communicator run:
	 at beginning of run
17:26:35.402 [Communicator] DEBUG TanksCommon.Communicator1 - getMessage:
	 starting to try to get message
17:26:35.452 [Communicator] DEBUG TanksCommon.Communicator1 - getMessage socket timed out:
	 SocketTimeoutException
17:26:35.502 [Communicator] DEBUG TanksCommon.Communicator1 - Communicator run:
	 at beginning of run
17:26:35.502 [Communicator] DEBUG TanksCommon.Communicator1 - getMessage:
	 starting to try to get message
17:26:35.552 [Communicator] DEBUG TanksCommon.Communicator1 - getMessage socket timed out:
	 SocketTimeoutException
17:26:35.602 [Communicator] DEBUG TanksCommon.Communicator1 - Communicator run:
	 at beginning of run
17:26:35.602 [Communicator] DEBUG TanksCommon.Communicator1 - getMessage:
	 starting to try to get message
17:26:35.652 [Communicator] DEBUG TanksCommon.Communicator1 - getMessage socket timed out:
	 SocketTimeoutException
17:26:35.702 [Communicator] DEBUG TanksCommon.Communicator1 - Communicator run:
	 at beginning of run
17:26:35.702 [Communicator] DEBUG TanksCommon.Communicator1 - getMessage:
	 starting to try to get message
17:26:35.752 [Communicator] DEBUG TanksCommon.Communicator1 - getMessage socket timed out:
	 SocketTimeoutException
17:26:35.802 [Communicator] DEBUG TanksCommon.Communicator1 - Communicator run:
	 at beginning of run
17:26:35.802 [Communicator] DEBUG TanksCommon.Communicator1 - getMessage:
	 starting to try to get message
17:26:35.852 [Communicator] DEBUG TanksCommon.Communicator1 - getMessage socket timed out:
	 SocketTimeoutException
17:26:35.902 [Communicator] DEBUG TanksCommon.Communicator1 - Communicator run:
	 at beginning of run
17:26:35.902 [Communicator] DEBUG TanksCommon.Communicator1 - getMessage:
	 starting to try to get message
17:26:35.952 [Communicator] DEBUG TanksCommon.Communicator1 - getMessage socket timed out:
	 SocketTimeoutException
17:26:36.002 [Communicator] DEBUG TanksCommon.Communicator1 - Communicator run:
	 at beginning of run
17:26:36.002 [Communicator] DEBUG TanksCommon.Communicator1 - getMessage:
	 starting to try to get message
17:26:36.052 [Communicator] DEBUG TanksCommon.Communicator1 - getMessage socket timed out:
	 SocketTimeoutException
17:26:36.102 [Communicator] DEBUG TanksCommon.Communicator1 - Communicator run:
	 at beginning of run
17:26:36.102 [Communicator] DEBUG TanksCommon.Communicator1 - getMessage:
	 starting to try to get message
17:26:36.152 [Communicator] DEBUG TanksCommon.Communicator1 - getMessage socket timed out:
	 SocketTimeoutException
17:26:36.202 [Communicator] DEBUG TanksCommon.Communicator1 - Communicator run:
	 at beginning of run
17:26:36.202 [Communicator] DEBUG TanksCommon.Communicator1 - getMessage:
	 starting to try to get message
17:26:36.252 [Communicator] DEBUG TanksCommon.Communicator1 - getMessage socket timed out:
	 SocketTimeoutException
17:26:36.302 [Communicator] DEBUG TanksCommon.Communicator1 - Communicator run:
	 at beginning of run
17:26:36.302 [Communicator] DEBUG TanksCommon.Communicator1 - getMessage:
	 starting to try to get message
17:26:36.352 [Communicator] DEBUG TanksCommon.Communicator1 - getMessage socket timed out:
	 SocketTimeoutException
17:26:36.402 [Communicator] DEBUG TanksCommon.Communicator1 - Communicator run:
	 at beginning of run
17:26:36.402 [Communicator] DEBUG TanksCommon.Communicator1 - getMessage:
	 starting to try to get message
17:26:36.453 [Communicator] DEBUG TanksCommon.Communicator1 - getMessage socket timed out:
	 SocketTimeoutException
17:26:36.503 [Communicator] DEBUG TanksCommon.Communicator1 - Communicator run:
	 at beginning of run
17:26:36.503 [Communicator] DEBUG TanksCommon.Communicator1 - getMessage:
	 starting to try to get message
17:26:36.553 [Communicator] DEBUG TanksCommon.Communicator1 - getMessage socket timed out:
	 SocketTimeoutException
17:26:36.603 [Communicator] DEBUG TanksCommon.Communicator1 - Communicator run:
	 at beginning of run
17:26:36.603 [Communicator] DEBUG TanksCommon.Communicator1 - getMessage:
	 starting to try to get message
17:26:36.653 [Communicator] DEBUG TanksCommon.Communicator1 - getMessage socket timed out:
	 SocketTimeoutException
17:26:36.703 [Communicator] DEBUG TanksCommon.Communicator1 - Communicator run:
	 at beginning of run
17:26:36.703 [Communicator] DEBUG TanksCommon.Communicator1 - getMessage:
	 starting to try to get message
17:26:36.753 [Communicator] DEBUG TanksCommon.Communicator1 - getMessage socket timed out:
	 SocketTimeoutException
17:26:36.803 [Communicator] DEBUG TanksCommon.Communicator1 - Communicator run:
	 at beginning of run
17:26:36.803 [Communicator] DEBUG TanksCommon.Communicator1 - getMessage:
	 starting to try to get message
17:26:36.853 [Communicator] DEBUG TanksCommon.Communicator1 - getMessage socket timed out:
	 SocketTimeoutException
17:26:36.903 [Communicator] DEBUG TanksCommon.Communicator1 - Communicator run:
	 at beginning of run
17:26:36.903 [Communicator] DEBUG TanksCommon.Communicator1 - getMessage:
	 starting to try to get message
17:26:36.953 [Communicator] DEBUG TanksCommon.Communicator1 - getMessage socket timed out:
	 SocketTimeoutException
17:26:37.003 [Communicator] DEBUG TanksCommon.Communicator1 - Communicator run:
	 at beginning of run
17:26:37.003 [Communicator] DEBUG TanksCommon.Communicator1 - getMessage:
	 starting to try to get message
17:26:37.053 [Communicator] DEBUG TanksCommon.Communicator1 - getMessage socket timed out:
	 SocketTimeoutException
17:26:37.103 [Communicator] DEBUG TanksCommon.Communicator1 - Communicator run:
	 at beginning of run
17:26:37.103 [Communicator] DEBUG TanksCommon.Communicator1 - getMessage:
	 starting to try to get message
17:26:37.153 [Communicator] DEBUG TanksCommon.Communicator1 - getMessage socket timed out:
	 SocketTimeoutException
17:26:37.203 [Communicator] DEBUG TanksCommon.Communicator1 - Communicator run:
	 at beginning of run
17:26:37.203 [Communicator] DEBUG TanksCommon.Communicator1 - getMessage:
	 starting to try to get message
17:26:37.253 [Communicator] DEBUG TanksCommon.Communicator1 - getMessage socket timed out:
	 SocketTimeoutException
17:26:37.253 [Communicator] DEBUG TanksCommon.Communicator1 - Communicator run:
	 outputQueue not empty, trying to send the message
17:26:37.254 [Communicator] DEBUG TanksCommon.Communicator1 - Communicator sendMessage
	 Starting to try to send message of length: 60
17:26:37.254 [Communicator] DEBUG TanksCommon.Communicator1 - Communicator sendMessage
	 Sent successfully length: 60
17:26:37.304 [Communicator] DEBUG TanksCommon.Communicator1 - Communicator run:
	 at beginning of run
17:26:37.304 [Communicator] DEBUG TanksCommon.Communicator1 - getMessage:
	 starting to try to get message
17:26:37.354 [Communicator] DEBUG TanksCommon.Communicator1 - getMessage socket timed out:
	 SocketTimeoutException
17:26:37.404 [Communicator] DEBUG TanksCommon.Communicator1 - Communicator run:
	 at beginning of run
17:26:37.404 [Communicator] DEBUG TanksCommon.Communicator1 - getMessage:
	 starting to try to get message
17:26:37.454 [Communicator] DEBUG TanksCommon.Communicator1 - getMessage socket timed out:
	 SocketTimeoutException
17:26:37.504 [Communicator] DEBUG TanksCommon.Communicator1 - Communicator run:
	 at beginning of run
17:26:37.504 [Communicator] DEBUG TanksCommon.Communicator1 - getMessage:
	 starting to try to get message
17:26:37.554 [Communicator] DEBUG TanksCommon.Communicator1 - getMessage socket timed out:
	 SocketTimeoutException
17:26:37.604 [Communicator] DEBUG TanksCommon.Communicator1 - Communicator run:
	 at beginning of run
17:26:37.604 [Communicator] DEBUG TanksCommon.Communicator1 - getMessage:
	 starting to try to get message
17:26:37.654 [Communicator] DEBUG TanksCommon.Communicator1 - getMessage socket timed out:
	 SocketTimeoutException
17:26:37.704 [Communicator] DEBUG TanksCommon.Communicator1 - Communicator run:
	 at beginning of run
17:26:37.704 [Communicator] DEBUG TanksCommon.Communicator1 - getMessage:
	 starting to try to get message
17:26:37.754 [Communicator] DEBUG TanksCommon.Communicator1 - getMessage socket timed out:
	 SocketTimeoutException
17:26:37.804 [Communicator] DEBUG TanksCommon.Communicator1 - Communicator run:
	 at beginning of run
17:26:37.804 [Communicator] DEBUG TanksCommon.Communicator1 - getMessage:
	 starting to try to get message
17:26:37.854 [Communicator] DEBUG TanksCommon.Communicator1 - getMessage socket timed out:
	 SocketTimeoutException
17:26:37.904 [Communicator] DEBUG TanksCommon.Communicator1 - Communicator run:
	 at beginning of run
17:26:37.904 [Communicator] DEBUG TanksCommon.Communicator1 - getMessage:
	 starting to try to get message
17:26:37.955 [Communicator] DEBUG TanksCommon.Communicator1 - getMessage socket timed out:
	 SocketTimeoutException
17:26:38.005 [Communicator] DEBUG TanksCommon.Communicator1 - Communicator run:
	 at beginning of run
17:26:38.005 [Communicator] DEBUG TanksCommon.Communicator1 - getMessage:
	 starting to try to get message
17:26:38.055 [Communicator] DEBUG TanksCommon.Communicator1 - getMessage socket timed out:
	 SocketTimeoutException
17:26:38.105 [Communicator] DEBUG TanksCommon.Communicator1 - Communicator run:
	 at beginning of run
17:26:38.105 [Communicator] DEBUG TanksCommon.Communicator1 - getMessage:
	 starting to try to get message
17:26:38.155 [Communicator] DEBUG TanksCommon.Communicator1 - getMessage socket timed out:
	 SocketTimeoutException
17:26:38.205 [Communicator] DEBUG TanksCommon.Communicator1 - Communicator run:
	 at beginning of run
17:26:38.205 [Communicator] DEBUG TanksCommon.Communicator1 - getMessage:
	 starting to try to get message
17:26:38.255 [Communicator] DEBUG TanksCommon.Communicator1 - getMessage socket timed out:
	 SocketTimeoutException
17:26:38.255 [Communicator] DEBUG TanksCommon.Communicator1 - Communicator run:
	 outputQueue not empty, trying to send the message
17:26:38.255 [Communicator] DEBUG TanksCommon.Communicator1 - Communicator sendMessage
	 Starting to try to send message of length: 60
17:26:38.255 [Communicator] DEBUG TanksCommon.Communicator1 - Communicator sendMessage
	 Sent successfully length: 60
17:26:38.305 [Communicator] DEBUG TanksCommon.Communicator1 - Communicator run:
	 at beginning of run
17:26:38.305 [Communicator] DEBUG TanksCommon.Communicator1 - getMessage:
	 starting to try to get message
17:26:38.355 [Communicator] DEBUG TanksCommon.Communicator1 - getMessage socket timed out:
	 SocketTimeoutException
17:26:38.405 [Communicator] DEBUG TanksCommon.Communicator1 - Communicator run:
	 at beginning of run
17:26:38.405 [Communicator] DEBUG TanksCommon.Communicator1 - getMessage:
	 starting to try to get message
17:26:38.455 [Communicator] DEBUG TanksCommon.Communicator1 - getMessage socket timed out:
	 SocketTimeoutException
17:26:38.505 [Communicator] DEBUG TanksCommon.Communicator1 - Communicator run:
	 at beginning of run
17:26:38.505 [Communicator] DEBUG TanksCommon.Communicator1 - getMessage:
	 starting to try to get message
17:26:38.555 [Communicator] DEBUG TanksCommon.Communicator1 - getMessage socket timed out:
	 SocketTimeoutException
17:26:38.605 [Communicator] DEBUG TanksCommon.Communicator1 - Communicator run:
	 at beginning of run
17:26:38.605 [Communicator] DEBUG TanksCommon.Communicator1 - getMessage:
	 starting to try to get message
17:26:38.655 [Communicator] DEBUG TanksCommon.Communicator1 - getMessage socket timed out:
	 SocketTimeoutException
17:26:38.705 [Communicator] DEBUG TanksCommon.Communicator1 - Communicator run:
	 at beginning of run
17:26:38.705 [Communicator] DEBUG TanksCommon.Communicator1 - getMessage:
	 starting to try to get message
17:26:38.755 [Communicator] DEBUG TanksCommon.Communicator1 - getMessage socket timed out:
	 SocketTimeoutException
17:26:38.805 [Communicator] DEBUG TanksCommon.Communicator1 - Communicator run:
	 at beginning of run
17:26:38.805 [Communicator] DEBUG TanksCommon.Communicator1 - getMessage:
	 starting to try to get message
17:26:38.855 [Communicator] DEBUG TanksCommon.Communicator1 - getMessage socket timed out:
	 SocketTimeoutException
17:26:38.905 [Communicator] DEBUG TanksCommon.Communicator1 - Communicator run:
	 at beginning of run
17:26:38.905 [Communicator] DEBUG TanksCommon.Communicator1 - getMessage:
	 starting to try to get message
17:26:38.955 [Communicator] DEBUG TanksCommon.Communicator1 - getMessage socket timed out:
	 SocketTimeoutException
17:26:39.005 [Communicator] DEBUG TanksCommon.Communicator1 - Communicator run:
	 at beginning of run
17:26:39.005 [Communicator] DEBUG TanksCommon.Communicator1 - getMessage:
	 starting to try to get message
17:26:39.055 [Communicator] DEBUG TanksCommon.Communicator1 - getMessage socket timed out:
	 SocketTimeoutException
17:26:39.105 [Communicator] DEBUG TanksCommon.Communicator1 - Communicator run:
	 at beginning of run
17:26:39.105 [Communicator] DEBUG TanksCommon.Communicator1 - getMessage:
	 starting to try to get message
17:26:39.155 [Communicator] DEBUG TanksCommon.Communicator1 - getMessage socket timed out:
	 SocketTimeoutException
17:26:39.205 [Communicator] DEBUG TanksCommon.Communicator1 - Communicator run:
	 at beginning of run
17:26:39.205 [Communicator] DEBUG TanksCommon.Communicator1 - getMessage:
	 starting to try to get message
17:26:39.255 [Communicator] DEBUG TanksCommon.Communicator1 - getMessage socket timed out:
	 SocketTimeoutException
17:26:39.255 [Communicator] DEBUG TanksCommon.Communicator1 - Communicator run:
	 outputQueue not empty, trying to send the message
17:26:39.255 [Communicator] DEBUG TanksCommon.Communicator1 - Communicator sendMessage
	 Starting to try to send message of length: 60
17:26:39.255 [Communicator] DEBUG TanksCommon.Communicator1 - Communicator sendMessage
	 Sent successfully length: 60
17:26:39.305 [Communicator] DEBUG TanksCommon.Communicator1 - Communicator run:
	 at beginning of run
17:26:39.305 [Communicator] DEBUG TanksCommon.Communicator1 - getMessage:
	 starting to try to get message
17:26:39.355 [Communicator] DEBUG TanksCommon.Communicator1 - getMessage socket timed out:
	 SocketTimeoutException
17:26:39.405 [Communicator] DEBUG TanksCommon.Communicator1 - Communicator run:
	 at beginning of run
17:26:39.405 [Communicator] DEBUG TanksCommon.Communicator1 - getMessage:
	 starting to try to get message
17:26:39.455 [Communicator] DEBUG TanksCommon.Communicator1 - getMessage socket timed out:
	 SocketTimeoutException
17:26:39.506 [Communicator] DEBUG TanksCommon.Communicator1 - Communicator run:
	 at beginning of run
17:26:39.506 [Communicator] DEBUG TanksCommon.Communicator1 - getMessage:
	 starting to try to get message
17:26:39.556 [Communicator] DEBUG TanksCommon.Communicator1 - getMessage socket timed out:
	 SocketTimeoutException
17:26:39.606 [Communicator] DEBUG TanksCommon.Communicator1 - Communicator run:
	 at beginning of run
17:26:39.606 [Communicator] DEBUG TanksCommon.Communicator1 - getMessage:
	 starting to try to get message
17:26:39.656 [Communicator] DEBUG TanksCommon.Communicator1 - getMessage socket timed out:
	 SocketTimeoutException
17:26:39.706 [Communicator] DEBUG TanksCommon.Communicator1 - Communicator run:
	 at beginning of run
17:26:39.706 [Communicator] DEBUG TanksCommon.Communicator1 - getMessage:
	 starting to try to get message
17:26:39.756 [Communicator] DEBUG TanksCommon.Communicator1 - getMessage socket timed out:
	 SocketTimeoutException
17:26:39.806 [Communicator] DEBUG TanksCommon.Communicator1 - Communicator run:
	 at beginning of run
17:26:39.806 [Communicator] DEBUG TanksCommon.Communicator1 - getMessage:
	 starting to try to get message
17:26:39.856 [Communicator] DEBUG TanksCommon.Communicator1 - getMessage socket timed out:
	 SocketTimeoutException
17:26:39.906 [Communicator] DEBUG TanksCommon.Communicator1 - Communicator run:
	 at beginning of run
17:26:39.906 [Communicator] DEBUG TanksCommon.Communicator1 - getMessage:
	 starting to try to get message
17:26:39.956 [Communicator] DEBUG TanksCommon.Communicator1 - getMessage socket timed out:
	 SocketTimeoutException
17:26:40.006 [Communicator] DEBUG TanksCommon.Communicator1 - Communicator run:
	 at beginning of run
17:26:40.006 [Communicator] DEBUG TanksCommon.Communicator1 - getMessage:
	 starting to try to get message
17:26:40.056 [Communicator] DEBUG TanksCommon.Communicator1 - getMessage socket timed out:
	 SocketTimeoutException
17:26:40.106 [Communicator] DEBUG TanksCommon.Communicator1 - Communicator run:
	 at beginning of run
17:26:40.106 [Communicator] DEBUG TanksCommon.Communicator1 - getMessage:
	 starting to try to get message
17:26:40.156 [Communicator] DEBUG TanksCommon.Communicator1 - getMessage socket timed out:
	 SocketTimeoutException
17:26:40.206 [Communicator] DEBUG TanksCommon.Communicator1 - Communicator run:
	 at beginning of run
17:26:40.206 [Communicator] DEBUG TanksCommon.Communicator1 - getMessage:
	 starting to try to get message
17:26:40.256 [Communicator] DEBUG TanksCommon.Communicator1 - getMessage socket timed out:
	 SocketTimeoutException
17:26:40.306 [Communicator] DEBUG TanksCommon.Communicator1 - Communicator run:
	 at beginning of run
17:26:40.306 [Communicator] DEBUG TanksCommon.Communicator1 - getMessage:
	 starting to try to get message
17:26:40.356 [Communicator] DEBUG TanksCommon.Communicator1 - getMessage socket timed out:
	 SocketTimeoutException
17:26:40.406 [Communicator] DEBUG TanksCommon.Communicator1 - Communicator run:
	 at beginning of run
17:26:40.406 [Communicator] DEBUG TanksCommon.Communicator1 - getMessage:
	 starting to try to get message
17:26:40.456 [Communicator] DEBUG TanksCommon.Communicator1 - getMessage socket timed out:
	 SocketTimeoutException
17:26:40.506 [Communicator] DEBUG TanksCommon.Communicator1 - Communicator run:
	 at beginning of run
17:26:40.506 [Communicator] DEBUG TanksCommon.Communicator1 - getMessage:
	 starting to try to get message
17:26:40.556 [Communicator] DEBUG TanksCommon.Communicator1 - getMessage socket timed out:
	 SocketTimeoutException
17:26:40.606 [Communicator] DEBUG TanksCommon.Communicator1 - Communicator run:
	 at beginning of run
17:26:40.606 [Communicator] DEBUG TanksCommon.Communicator1 - getMessage:
	 starting to try to get message
17:26:40.656 [Communicator] DEBUG TanksCommon.Communicator1 - getMessage socket timed out:
	 SocketTimeoutException
17:26:40.706 [Communicator] DEBUG TanksCommon.Communicator1 - Communicator run:
	 at beginning of run
17:26:40.706 [Communicator] DEBUG TanksCommon.Communicator1 - getMessage:
	 starting to try to get message
17:26:40.756 [Communicator] DEBUG TanksCommon.Communicator1 - getMessage socket timed out:
	 SocketTimeoutException
17:26:40.806 [Communicator] DEBUG TanksCommon.Communicator1 - Communicator run:
	 at beginning of run
17:26:40.806 [Communicator] DEBUG TanksCommon.Communicator1 - getMessage:
	 starting to try to get message
17:26:40.856 [Communicator] DEBUG TanksCommon.Communicator1 - getMessage socket timed out:
	 SocketTimeoutException
17:26:40.906 [Communicator] DEBUG TanksCommon.Communicator1 - Communicator run:
	 at beginning of run
17:26:40.906 [Communicator] DEBUG TanksCommon.Communicator1 - getMessage:
	 starting to try to get message
17:26:40.956 [Communicator] DEBUG TanksCommon.Communicator1 - getMessage socket timed out:
	 SocketTimeoutException
17:26:41.007 [Communicator] DEBUG TanksCommon.Communicator1 - Communicator run:
	 at beginning of run
17:26:41.007 [Communicator] DEBUG TanksCommon.Communicator1 - getMessage:
	 starting to try to get message
17:26:41.057 [Communicator] DEBUG TanksCommon.Communicator1 - getMessage socket timed out:
	 SocketTimeoutException
17:26:41.107 [Communicator] DEBUG TanksCommon.Communicator1 - Communicator run:
	 at beginning of run
17:26:41.107 [Communicator] DEBUG TanksCommon.Communicator1 - getMessage:
	 starting to try to get message
17:26:41.157 [Communicator] DEBUG TanksCommon.Communicator1 - getMessage socket timed out:
	 SocketTimeoutException
17:26:41.207 [Communicator] DEBUG TanksCommon.Communicator1 - Communicator run:
	 at beginning of run
17:26:41.207 [Communicator] DEBUG TanksCommon.Communicator1 - getMessage:
	 starting to try to get message
17:26:41.257 [Communicator] DEBUG TanksCommon.Communicator1 - getMessage socket timed out:
	 SocketTimeoutException
17:26:41.307 [Communicator] DEBUG TanksCommon.Communicator1 - Communicator run:
	 at beginning of run
17:26:41.307 [Communicator] DEBUG TanksCommon.Communicator1 - getMessage:
	 starting to try to get message
17:26:41.357 [Communicator] DEBUG TanksCommon.Communicator1 - getMessage socket timed out:
	 SocketTimeoutException
17:26:41.407 [Communicator] DEBUG TanksCommon.Communicator1 - Communicator run:
	 at beginning of run
17:26:41.407 [Communicator] DEBUG TanksCommon.Communicator1 - getMessage:
	 starting to try to get message
17:26:41.457 [Communicator] DEBUG TanksCommon.Communicator1 - getMessage socket timed out:
	 SocketTimeoutException
17:26:41.507 [Communicator] DEBUG TanksCommon.Communicator1 - Communicator run:
	 at beginning of run
17:26:41.507 [Communicator] DEBUG TanksCommon.Communicator1 - getMessage:
	 starting to try to get message
17:26:41.557 [Communicator] DEBUG TanksCommon.Communicator1 - getMessage socket timed out:
	 SocketTimeoutException
17:26:41.607 [Communicator] DEBUG TanksCommon.Communicator1 - Communicator run:
	 at beginning of run
17:26:41.607 [Communicator] DEBUG TanksCommon.Communicator1 - getMessage:
	 starting to try to get message
17:26:41.657 [Communicator] DEBUG TanksCommon.Communicator1 - getMessage socket timed out:
	 SocketTimeoutException
17:26:41.707 [Communicator] DEBUG TanksCommon.Communicator1 - Communicator run:
	 at beginning of run
17:26:41.707 [Communicator] DEBUG TanksCommon.Communicator1 - getMessage:
	 starting to try to get message
17:26:41.757 [Communicator] DEBUG TanksCommon.Communicator1 - getMessage socket timed out:
	 SocketTimeoutException
17:26:41.807 [Communicator] DEBUG TanksCommon.Communicator1 - Communicator run:
	 at beginning of run
17:26:41.807 [Communicator] DEBUG TanksCommon.Communicator1 - getMessage:
	 starting to try to get message
17:26:41.857 [Communicator] DEBUG TanksCommon.Communicator1 - getMessage socket timed out:
	 SocketTimeoutException
17:26:41.907 [Communicator] DEBUG TanksCommon.Communicator1 - Communicator run:
	 at beginning of run
17:26:41.907 [Communicator] DEBUG TanksCommon.Communicator1 - getMessage:
	 starting to try to get message
17:26:41.957 [Communicator] DEBUG TanksCommon.Communicator1 - getMessage socket timed out:
	 SocketTimeoutException
17:26:42.007 [Communicator] DEBUG TanksCommon.Communicator1 - Communicator run:
	 at beginning of run
17:26:42.007 [Communicator] DEBUG TanksCommon.Communicator1 - getMessage:
	 starting to try to get message
17:26:42.057 [Communicator] DEBUG TanksCommon.Communicator1 - getMessage socket timed out:
	 SocketTimeoutException
17:26:42.107 [Communicator] DEBUG TanksCommon.Communicator1 - Communicator run:
	 at beginning of run
17:26:42.107 [Communicator] DEBUG TanksCommon.Communicator1 - getMessage:
	 starting to try to get message
17:26:42.157 [Communicator] DEBUG TanksCommon.Communicator1 - getMessage socket timed out:
	 SocketTimeoutException
17:26:42.207 [Communicator] DEBUG TanksCommon.Communicator1 - Communicator run:
	 at beginning of run
17:26:42.207 [Communicator] DEBUG TanksCommon.Communicator1 - getMessage:
	 starting to try to get message
17:26:42.257 [Communicator] DEBUG TanksCommon.Communicator1 - getMessage socket timed out:
	 SocketTimeoutException
17:26:42.307 [Communicator] DEBUG TanksCommon.Communicator1 - Communicator run:
	 at beginning of run
17:26:42.307 [Communicator] DEBUG TanksCommon.Communicator1 - getMessage:
	 starting to try to get message
17:26:42.357 [Communicator] DEBUG TanksCommon.Communicator1 - getMessage socket timed out:
	 SocketTimeoutException
17:26:42.407 [Communicator] DEBUG TanksCommon.Communicator1 - Communicator run:
	 at beginning of run
17:26:42.407 [Communicator] DEBUG TanksCommon.Communicator1 - getMessage:
	 starting to try to get message
17:26:42.457 [Communicator] DEBUG TanksCommon.Communicator1 - getMessage socket timed out:
	 SocketTimeoutException
17:26:42.507 [Communicator] DEBUG TanksCommon.Communicator1 - Communicator run:
	 at beginning of run
17:26:42.507 [Communicator] DEBUG TanksCommon.Communicator1 - getMessage:
	 starting to try to get message
17:26:42.558 [Communicator] DEBUG TanksCommon.Communicator1 - getMessage socket timed out:
	 SocketTimeoutException
17:26:42.608 [Communicator] DEBUG TanksCommon.Communicator1 - Communicator run:
	 at beginning of run
17:26:42.608 [Communicator] DEBUG TanksCommon.Communicator1 - getMessage:
	 starting to try to get message
17:26:42.658 [Communicator] DEBUG TanksCommon.Communicator1 - getMessage socket timed out:
	 SocketTimeoutException
17:26:42.708 [Communicator] DEBUG TanksCommon.Communicator1 - Communicator run:
	 at beginning of run
17:26:42.708 [Communicator] DEBUG TanksCommon.Communicator1 - getMessage:
	 starting to try to get message
17:26:42.758 [Communicator] DEBUG TanksCommon.Communicator1 - getMessage socket timed out:
	 SocketTimeoutException
17:26:42.808 [Communicator] DEBUG TanksCommon.Communicator1 - Communicator run:
	 at beginning of run
17:26:42.808 [Communicator] DEBUG TanksCommon.Communicator1 - getMessage:
	 starting to try to get message
17:26:42.858 [Communicator] DEBUG TanksCommon.Communicator1 - getMessage socket timed out:
	 SocketTimeoutException
17:26:42.908 [Communicator] DEBUG TanksCommon.Communicator1 - Communicator run:
	 at beginning of run
17:26:42.908 [Communicator] DEBUG TanksCommon.Communicator1 - getMessage:
	 starting to try to get message
17:26:42.958 [Communicator] DEBUG TanksCommon.Communicator1 - getMessage socket timed out:
	 SocketTimeoutException
17:26:43.008 [Communicator] DEBUG TanksCommon.Communicator1 - Communicator run:
	 at beginning of run
17:26:43.008 [Communicator] DEBUG TanksCommon.Communicator1 - getMessage:
	 starting to try to get message
17:26:43.058 [Communicator] DEBUG TanksCommon.Communicator1 - getMessage socket timed out:
	 SocketTimeoutException
17:26:43.108 [Communicator] DEBUG TanksCommon.Communicator1 - Communicator run:
	 at beginning of run
17:26:43.108 [Communicator] DEBUG TanksCommon.Communicator1 - getMessage:
	 starting to try to get message
17:26:43.158 [Communicator] DEBUG TanksCommon.Communicator1 - getMessage socket timed out:
	 SocketTimeoutException
17:26:43.208 [Communicator] DEBUG TanksCommon.Communicator1 - Communicator run:
	 at beginning of run
17:26:43.208 [Communicator] DEBUG TanksCommon.Communicator1 - getMessage:
	 starting to try to get message
17:26:43.258 [Communicator] DEBUG TanksCommon.Communicator1 - getMessage socket timed out:
	 SocketTimeoutException
17:26:43.308 [Communicator] DEBUG TanksCommon.Communicator1 - Communicator run:
	 at beginning of run
17:26:43.308 [Communicator] DEBUG TanksCommon.Communicator1 - getMessage:
	 starting to try to get message
17:26:43.358 [Communicator] DEBUG TanksCommon.Communicator1 - getMessage socket timed out:
	 SocketTimeoutException
17:26:43.408 [Communicator] DEBUG TanksCommon.Communicator1 - Communicator run:
	 at beginning of run
17:26:43.408 [Communicator] DEBUG TanksCommon.Communicator1 - getMessage:
	 starting to try to get message
17:26:43.458 [Communicator] DEBUG TanksCommon.Communicator1 - getMessage socket timed out:
	 SocketTimeoutException
17:26:43.508 [Communicator] DEBUG TanksCommon.Communicator1 - Communicator run:
	 at beginning of run
17:26:43.508 [Communicator] DEBUG TanksCommon.Communicator1 - getMessage:
	 starting to try to get message
17:26:43.558 [Communicator] DEBUG TanksCommon.Communicator1 - getMessage socket timed out:
	 SocketTimeoutException
17:26:43.608 [Communicator] DEBUG TanksCommon.Communicator1 - Communicator run:
	 at beginning of run
17:26:43.608 [Communicator] DEBUG TanksCommon.Communicator1 - getMessage:
	 starting to try to get message
17:26:43.658 [Communicator] DEBUG TanksCommon.Communicator1 - getMessage socket timed out:
	 SocketTimeoutException
17:26:43.708 [Communicator] DEBUG TanksCommon.Communicator1 - Communicator run:
	 at beginning of run
17:26:43.708 [Communicator] DEBUG TanksCommon.Communicator1 - getMessage:
	 starting to try to get message
17:26:43.758 [Communicator] DEBUG TanksCommon.Communicator1 - getMessage socket timed out:
	 SocketTimeoutException
17:26:43.808 [Communicator] DEBUG TanksCommon.Communicator1 - Communicator run:
	 at beginning of run
17:26:43.808 [Communicator] DEBUG TanksCommon.Communicator1 - getMessage:
	 starting to try to get message
17:26:43.858 [Communicator] DEBUG TanksCommon.Communicator1 - getMessage socket timed out:
	 SocketTimeoutException
17:26:43.908 [Communicator] DEBUG TanksCommon.Communicator1 - Communicator run:
	 at beginning of run
17:26:43.908 [Communicator] DEBUG TanksCommon.Communicator1 - getMessage:
	 starting to try to get message
17:26:43.958 [Communicator] DEBUG TanksCommon.Communicator1 - getMessage socket timed out:
	 SocketTimeoutException
17:26:44.008 [Communicator] DEBUG TanksCommon.Communicator1 - Communicator run:
	 at beginning of run
17:26:44.008 [Communicator] DEBUG TanksCommon.Communicator1 - getMessage:
	 starting to try to get message
17:26:44.059 [Communicator] DEBUG TanksCommon.Communicator1 - getMessage socket timed out:
	 SocketTimeoutException
17:26:44.109 [Communicator] DEBUG TanksCommon.Communicator1 - Communicator run:
	 at beginning of run
17:26:44.109 [Communicator] DEBUG TanksCommon.Communicator1 - getMessage:
	 starting to try to get message
17:26:44.159 [Communicator] DEBUG TanksCommon.Communicator1 - getMessage socket timed out:
	 SocketTimeoutException
17:26:44.209 [Communicator] DEBUG TanksCommon.Communicator1 - Communicator run:
	 at beginning of run
17:26:44.209 [Communicator] DEBUG TanksCommon.Communicator1 - getMessage:
	 starting to try to get message
17:26:44.259 [Communicator] DEBUG TanksCommon.Communicator1 - getMessage socket timed out:
	 SocketTimeoutException
17:26:44.309 [Communicator] DEBUG TanksCommon.Communicator1 - Communicator run:
	 at beginning of run
17:26:44.309 [Communicator] DEBUG TanksCommon.Communicator1 - getMessage:
	 starting to try to get message
17:26:44.359 [Communicator] DEBUG TanksCommon.Communicator1 - getMessage socket timed out:
	 SocketTimeoutException
17:26:44.409 [Communicator] DEBUG TanksCommon.Communicator1 - Communicator run:
	 at beginning of run
17:26:44.409 [Communicator] DEBUG TanksCommon.Communicator1 - getMessage:
	 starting to try to get message
17:26:44.459 [Communicator] DEBUG TanksCommon.Communicator1 - getMessage socket timed out:
	 SocketTimeoutException
17:26:44.509 [Communicator] DEBUG TanksCommon.Communicator1 - Communicator run:
	 at beginning of run
17:26:44.509 [Communicator] DEBUG TanksCommon.Communicator1 - getMessage:
	 starting to try to get message
17:26:44.559 [Communicator] DEBUG TanksCommon.Communicator1 - getMessage socket timed out:
	 SocketTimeoutException
17:26:44.609 [Communicator] DEBUG TanksCommon.Communicator1 - Communicator run:
	 at beginning of run
17:26:44.609 [Communicator] DEBUG TanksCommon.Communicator1 - getMessage:
	 starting to try to get message
17:26:44.659 [Communicator] DEBUG TanksCommon.Communicator1 - getMessage socket timed out:
	 SocketTimeoutException
17:26:44.709 [Communicator] DEBUG TanksCommon.Communicator1 - Communicator run:
	 at beginning of run
17:26:44.709 [Communicator] DEBUG TanksCommon.Communicator1 - getMessage:
	 starting to try to get message
17:26:44.759 [Communicator] DEBUG TanksCommon.Communicator1 - getMessage socket timed out:
	 SocketTimeoutException
17:26:44.809 [Communicator] DEBUG TanksCommon.Communicator1 - Communicator run:
	 at beginning of run
17:26:44.809 [Communicator] DEBUG TanksCommon.Communicator1 - getMessage:
	 starting to try to get message
17:26:44.859 [Communicator] DEBUG TanksCommon.Communicator1 - getMessage socket timed out:
	 SocketTimeoutException
17:26:44.909 [Communicator] DEBUG TanksCommon.Communicator1 - Communicator run:
	 at beginning of run
17:26:44.909 [Communicator] DEBUG TanksCommon.Communicator1 - getMessage:
	 starting to try to get message
17:26:44.959 [Communicator] DEBUG TanksCommon.Communicator1 - getMessage socket timed out:
	 SocketTimeoutException
17:26:45.009 [Communicator] DEBUG TanksCommon.Communicator1 - Communicator run:
	 at beginning of run
17:26:45.009 [Communicator] DEBUG TanksCommon.Communicator1 - getMessage:
	 starting to try to get message
17:26:45.059 [Communicator] DEBUG TanksCommon.Communicator1 - getMessage socket timed out:
	 SocketTimeoutException
17:26:45.109 [Communicator] DEBUG TanksCommon.Communicator1 - Communicator run:
	 at beginning of run
17:26:45.109 [Communicator] DEBUG TanksCommon.Communicator1 - getMessage:
	 starting to try to get message
17:26:45.159 [Communicator] DEBUG TanksCommon.Communicator1 - getMessage socket timed out:
	 SocketTimeoutException
17:26:45.209 [Communicator] DEBUG TanksCommon.Communicator1 - Communicator run:
	 at beginning of run
17:26:45.209 [Communicator] DEBUG TanksCommon.Communicator1 - getMessage:
	 starting to try to get message
17:26:45.259 [Communicator] DEBUG TanksCommon.Communicator1 - getMessage socket timed out:
	 SocketTimeoutException
17:26:45.309 [Communicator] DEBUG TanksCommon.Communicator1 - Communicator run:
	 at beginning of run
17:26:45.309 [Communicator] DEBUG TanksCommon.Communicator1 - getMessage:
	 starting to try to get message
17:26:45.359 [Communicator] DEBUG TanksCommon.Communicator1 - getMessage socket timed out:
	 SocketTimeoutException
17:26:45.409 [Communicator] DEBUG TanksCommon.Communicator1 - Communicator run:
	 at beginning of run
17:26:45.409 [Communicator] DEBUG TanksCommon.Communicator1 - getMessage:
	 starting to try to get message
17:26:45.459 [Communicator] DEBUG TanksCommon.Communicator1 - getMessage socket timed out:
	 SocketTimeoutException
17:26:45.509 [Communicator] DEBUG TanksCommon.Communicator1 - Communicator run:
	 at beginning of run
17:26:45.509 [Communicator] DEBUG TanksCommon.Communicator1 - getMessage:
	 starting to try to get message
17:26:45.560 [Communicator] DEBUG TanksCommon.Communicator1 - getMessage socket timed out:
	 SocketTimeoutException
17:26:45.610 [Communicator] DEBUG TanksCommon.Communicator1 - Communicator run:
	 at beginning of run
17:26:45.610 [Communicator] DEBUG TanksCommon.Communicator1 - getMessage:
	 starting to try to get message
17:26:45.660 [Communicator] DEBUG TanksCommon.Communicator1 - getMessage socket timed out:
	 SocketTimeoutException
17:26:45.710 [Communicator] DEBUG TanksCommon.Communicator1 - Communicator run:
	 at beginning of run
17:26:45.710 [Communicator] DEBUG TanksCommon.Communicator1 - getMessage:
	 starting to try to get message
17:26:45.760 [Communicator] DEBUG TanksCommon.Communicator1 - getMessage socket timed out:
	 SocketTimeoutException
17:26:45.810 [Communicator] DEBUG TanksCommon.Communicator1 - Communicator run:
	 at beginning of run
17:26:45.810 [Communicator] DEBUG TanksCommon.Communicator1 - getMessage:
	 starting to try to get message
17:26:45.860 [Communicator] DEBUG TanksCommon.Communicator1 - getMessage socket timed out:
	 SocketTimeoutException
17:26:45.910 [Communicator] DEBUG TanksCommon.Communicator1 - Communicator run:
	 at beginning of run
17:26:45.910 [Communicator] DEBUG TanksCommon.Communicator1 - getMessage:
	 starting to try to get message
17:26:45.960 [Communicator] DEBUG TanksCommon.Communicator1 - getMessage socket timed out:
	 SocketTimeoutException
17:26:46.010 [Communicator] DEBUG TanksCommon.Communicator1 - Communicator run:
	 at beginning of run
17:26:46.010 [Communicator] DEBUG TanksCommon.Communicator1 - getMessage:
	 starting to try to get message
17:26:46.060 [Communicator] DEBUG TanksCommon.Communicator1 - getMessage socket timed out:
	 SocketTimeoutException
17:26:46.110 [Communicator] DEBUG TanksCommon.Communicator1 - Communicator run:
	 at beginning of run
17:26:46.110 [Communicator] DEBUG TanksCommon.Communicator1 - getMessage:
	 starting to try to get message
17:26:46.160 [Communicator] DEBUG TanksCommon.Communicator1 - getMessage socket timed out:
	 SocketTimeoutException
17:26:46.210 [Communicator] DEBUG TanksCommon.Communicator1 - Communicator run:
	 at beginning of run
17:26:46.210 [Communicator] DEBUG TanksCommon.Communicator1 - getMessage:
	 starting to try to get message
17:26:46.260 [Communicator] DEBUG TanksCommon.Communicator1 - getMessage socket timed out:
	 SocketTimeoutException
17:26:46.310 [Communicator] DEBUG TanksCommon.Communicator1 - Communicator run:
	 at beginning of run
17:26:46.310 [Communicator] DEBUG TanksCommon.Communicator1 - getMessage:
	 starting to try to get message
17:26:46.360 [Communicator] DEBUG TanksCommon.Communicator1 - getMessage socket timed out:
	 SocketTimeoutException
17:26:46.410 [Communicator] DEBUG TanksCommon.Communicator1 - Communicator run:
	 at beginning of run
17:26:46.410 [Communicator] DEBUG TanksCommon.Communicator1 - getMessage:
	 starting to try to get message
17:26:46.460 [Communicator] DEBUG TanksCommon.Communicator1 - getMessage socket timed out:
	 SocketTimeoutException
17:26:46.510 [Communicator] DEBUG TanksCommon.Communicator1 - Communicator run:
	 at beginning of run
17:26:46.510 [Communicator] DEBUG TanksCommon.Communicator1 - getMessage:
	 starting to try to get message
17:26:46.560 [Communicator] DEBUG TanksCommon.Communicator1 - getMessage socket timed out:
	 SocketTimeoutException
17:26:46.610 [Communicator] DEBUG TanksCommon.Communicator1 - Communicator run:
	 at beginning of run
17:26:46.610 [Communicator] DEBUG TanksCommon.Communicator1 - getMessage:
	 starting to try to get message
17:26:46.660 [Communicator] DEBUG TanksCommon.Communicator1 - getMessage socket timed out:
	 SocketTimeoutException
17:26:46.710 [Communicator] DEBUG TanksCommon.Communicator1 - Communicator run:
	 at beginning of run
17:26:46.710 [Communicator] DEBUG TanksCommon.Communicator1 - getMessage:
	 starting to try to get message
17:26:46.760 [Communicator] DEBUG TanksCommon.Communicator1 - getMessage socket timed out:
	 SocketTimeoutException
17:26:46.810 [Communicator] DEBUG TanksCommon.Communicator1 - Communicator run:
	 at beginning of run
17:26:46.810 [Communicator] DEBUG TanksCommon.Communicator1 - getMessage:
	 starting to try to get message
17:26:46.860 [Communicator] DEBUG TanksCommon.Communicator1 - getMessage socket timed out:
	 SocketTimeoutException
17:26:46.910 [Communicator] DEBUG TanksCommon.Communicator1 - Communicator run:
	 at beginning of run
17:26:46.910 [Communicator] DEBUG TanksCommon.Communicator1 - getMessage:
	 starting to try to get message
17:26:46.960 [Communicator] DEBUG TanksCommon.Communicator1 - getMessage socket timed out:
	 SocketTimeoutException
17:26:47.010 [Communicator] DEBUG TanksCommon.Communicator1 - Communicator run:
	 at beginning of run
17:26:47.010 [Communicator] DEBUG TanksCommon.Communicator1 - getMessage:
	 starting to try to get message
17:26:47.060 [Communicator] DEBUG TanksCommon.Communicator1 - getMessage socket timed out:
	 SocketTimeoutException
17:26:47.111 [Communicator] DEBUG TanksCommon.Communicator1 - Communicator run:
	 at beginning of run
17:26:47.111 [Communicator] DEBUG TanksCommon.Communicator1 - getMessage:
	 starting to try to get message
17:26:47.161 [Communicator] DEBUG TanksCommon.Communicator1 - getMessage socket timed out:
	 SocketTimeoutException
17:26:47.211 [Communicator] DEBUG TanksCommon.Communicator1 - Communicator run:
	 at beginning of run
17:26:47.211 [Communicator] DEBUG TanksCommon.Communicator1 - getMessage:
	 starting to try to get message
17:26:47.261 [Communicator] DEBUG TanksCommon.Communicator1 - getMessage socket timed out:
	 SocketTimeoutException
17:26:47.311 [Communicator] DEBUG TanksCommon.Communicator1 - Communicator run:
	 at beginning of run
17:26:47.311 [Communicator] DEBUG TanksCommon.Communicator1 - getMessage:
	 starting to try to get message
17:26:47.361 [Communicator] DEBUG TanksCommon.Communicator1 - getMessage socket timed out:
	 SocketTimeoutException
17:26:47.411 [Communicator] DEBUG TanksCommon.Communicator1 - Communicator run:
	 at beginning of run
17:26:47.411 [Communicator] DEBUG TanksCommon.Communicator1 - getMessage:
	 starting to try to get message
17:26:47.461 [Communicator] DEBUG TanksCommon.Communicator1 - getMessage socket timed out:
	 SocketTimeoutException
17:26:47.511 [Communicator] DEBUG TanksCommon.Communicator1 - Communicator run:
	 at beginning of run
17:26:47.511 [Communicator] DEBUG TanksCommon.Communicator1 - getMessage:
	 starting to try to get message
17:26:47.561 [Communicator] DEBUG TanksCommon.Communicator1 - getMessage socket timed out:
	 SocketTimeoutException
17:26:47.611 [Communicator] DEBUG TanksCommon.Communicator1 - Communicator run:
	 at beginning of run
17:26:47.611 [Communicator] DEBUG TanksCommon.Communicator1 - getMessage:
	 starting to try to get message
17:26:47.661 [Communicator] DEBUG TanksCommon.Communicator1 - getMessage socket timed out:
	 SocketTimeoutException
17:26:47.711 [Communicator] DEBUG TanksCommon.Communicator1 - Communicator run:
	 at beginning of run
17:26:47.711 [Communicator] DEBUG TanksCommon.Communicator1 - getMessage:
	 starting to try to get message
17:26:47.761 [Communicator] DEBUG TanksCommon.Communicator1 - getMessage socket timed out:
	 SocketTimeoutException
17:26:47.811 [Communicator] DEBUG TanksCommon.Communicator1 - Communicator run:
	 at beginning of run
17:26:47.811 [Communicator] DEBUG TanksCommon.Communicator1 - getMessage:
	 starting to try to get message
17:26:47.861 [Communicator] DEBUG TanksCommon.Communicator1 - getMessage socket timed out:
	 SocketTimeoutException
17:26:47.911 [Communicator] DEBUG TanksCommon.Communicator1 - Communicator run:
	 at beginning of run
17:26:47.911 [Communicator] DEBUG TanksCommon.Communicator1 - getMessage:
	 starting to try to get message
17:26:47.961 [Communicator] DEBUG TanksCommon.Communicator1 - getMessage socket timed out:
	 SocketTimeoutException
17:26:48.011 [Communicator] DEBUG TanksCommon.Communicator1 - Communicator run:
	 at beginning of run
17:26:48.011 [Communicator] DEBUG TanksCommon.Communicator1 - getMessage:
	 starting to try to get message
17:26:48.061 [Communicator] DEBUG TanksCommon.Communicator1 - getMessage socket timed out:
	 SocketTimeoutException
17:26:48.111 [Communicator] DEBUG TanksCommon.Communicator1 - Communicator run:
	 at beginning of run
17:26:48.111 [Communicator] DEBUG TanksCommon.Communicator1 - getMessage:
	 starting to try to get message
17:26:48.161 [Communicator] DEBUG TanksCommon.Communicator1 - getMessage socket timed out:
	 SocketTimeoutException
17:26:48.211 [Communicator] DEBUG TanksCommon.Communicator1 - Communicator run:
	 at beginning of run
17:26:48.211 [Communicator] DEBUG TanksCommon.Communicator1 - getMessage:
	 starting to try to get message
17:26:48.261 [Communicator] DEBUG TanksCommon.Communicator1 - getMessage socket timed out:
	 SocketTimeoutException
17:26:48.311 [Communicator] DEBUG TanksCommon.Communicator1 - Communicator run:
	 at beginning of run
17:26:48.311 [Communicator] DEBUG TanksCommon.Communicator1 - getMessage:
	 starting to try to get message
17:26:48.361 [Communicator] DEBUG TanksCommon.Communicator1 - getMessage socket timed out:
	 SocketTimeoutException
17:26:48.411 [Communicator] DEBUG TanksCommon.Communicator1 - Communicator run:
	 at beginning of run
17:26:48.411 [Communicator] DEBUG TanksCommon.Communicator1 - getMessage:
	 starting to try to get message
17:26:48.461 [Communicator] DEBUG TanksCommon.Communicator1 - getMessage socket timed out:
	 SocketTimeoutException
17:26:48.511 [Communicator] DEBUG TanksCommon.Communicator1 - Communicator run:
	 at beginning of run
17:26:48.511 [Communicator] DEBUG TanksCommon.Communicator1 - getMessage:
	 starting to try to get message
17:26:48.561 [Communicator] DEBUG TanksCommon.Communicator1 - getMessage socket timed out:
	 SocketTimeoutException
17:26:48.612 [Communicator] DEBUG TanksCommon.Communicator1 - Communicator run:
	 at beginning of run
17:26:48.612 [Communicator] DEBUG TanksCommon.Communicator1 - getMessage:
	 starting to try to get message
17:26:48.662 [Communicator] DEBUG TanksCommon.Communicator1 - getMessage socket timed out:
	 SocketTimeoutException
17:26:48.712 [Communicator] DEBUG TanksCommon.Communicator1 - Communicator run:
	 at beginning of run
17:26:48.712 [Communicator] DEBUG TanksCommon.Communicator1 - getMessage:
	 starting to try to get message
17:26:48.762 [Communicator] DEBUG TanksCommon.Communicator1 - getMessage socket timed out:
	 SocketTimeoutException
17:26:48.812 [Communicator] DEBUG TanksCommon.Communicator1 - Communicator run:
	 at beginning of run
17:26:48.812 [Communicator] DEBUG TanksCommon.Communicator1 - getMessage:
	 starting to try to get message
17:26:48.862 [Communicator] DEBUG TanksCommon.Communicator1 - getMessage socket timed out:
	 SocketTimeoutException
17:26:48.912 [Communicator] DEBUG TanksCommon.Communicator1 - Communicator run:
	 at beginning of run
17:26:48.912 [Communicator] DEBUG TanksCommon.Communicator1 - getMessage:
	 starting to try to get message
17:26:48.962 [Communicator] DEBUG TanksCommon.Communicator1 - getMessage socket timed out:
	 SocketTimeoutException
17:26:49.012 [Communicator] DEBUG TanksCommon.Communicator1 - Communicator run:
	 at beginning of run
17:26:49.012 [Communicator] DEBUG TanksCommon.Communicator1 - getMessage:
	 starting to try to get message
17:26:49.062 [Communicator] DEBUG TanksCommon.Communicator1 - getMessage socket timed out:
	 SocketTimeoutException
17:26:49.112 [Communicator] DEBUG TanksCommon.Communicator1 - Communicator run:
	 at beginning of run
17:26:49.112 [Communicator] DEBUG TanksCommon.Communicator1 - getMessage:
	 starting to try to get message
17:26:49.162 [Communicator] DEBUG TanksCommon.Communicator1 - getMessage socket timed out:
	 SocketTimeoutException
17:26:49.212 [Communicator] DEBUG TanksCommon.Communicator1 - Communicator run:
	 at beginning of run
17:26:49.212 [Communicator] DEBUG TanksCommon.Communicator1 - getMessage:
	 starting to try to get message
17:26:49.262 [Communicator] DEBUG TanksCommon.Communicator1 - getMessage socket timed out:
	 SocketTimeoutException
17:26:49.312 [Communicator] DEBUG TanksCommon.Communicator1 - Communicator run:
	 at beginning of run
17:26:49.312 [Communicator] DEBUG TanksCommon.Communicator1 - getMessage:
	 starting to try to get message
17:26:49.362 [Communicator] DEBUG TanksCommon.Communicator1 - getMessage socket timed out:
	 SocketTimeoutException
17:26:49.412 [Communicator] DEBUG TanksCommon.Communicator1 - Communicator run:
	 at beginning of run
17:26:49.412 [Communicator] DEBUG TanksCommon.Communicator1 - getMessage:
	 starting to try to get message
17:26:49.462 [Communicator] DEBUG TanksCommon.Communicator1 - getMessage socket timed out:
	 SocketTimeoutException
17:26:49.512 [Communicator] DEBUG TanksCommon.Communicator1 - Communicator run:
	 at beginning of run
17:26:49.512 [Communicator] DEBUG TanksCommon.Communicator1 - getMessage:
	 starting to try to get message
17:26:49.562 [Communicator] DEBUG TanksCommon.Communicator1 - getMessage socket timed out:
	 SocketTimeoutException
17:26:49.612 [Communicator] DEBUG TanksCommon.Communicator1 - Communicator run:
	 at beginning of run
17:26:49.612 [Communicator] DEBUG TanksCommon.Communicator1 - getMessage:
	 starting to try to get message
17:26:49.662 [Communicator] DEBUG TanksCommon.Communicator1 - getMessage socket timed out:
	 SocketTimeoutException
17:26:49.712 [Communicator] DEBUG TanksCommon.Communicator1 - Communicator run:
	 at beginning of run
17:26:49.712 [Communicator] DEBUG TanksCommon.Communicator1 - getMessage:
	 starting to try to get message
17:26:49.762 [Communicator] DEBUG TanksCommon.Communicator1 - getMessage socket timed out:
	 SocketTimeoutException
17:26:49.812 [Communicator] DEBUG TanksCommon.Communicator1 - Communicator run:
	 at beginning of run
17:26:49.812 [Communicator] DEBUG TanksCommon.Communicator1 - getMessage:
	 starting to try to get message
17:26:49.862 [Communicator] DEBUG TanksCommon.Communicator1 - getMessage socket timed out:
	 SocketTimeoutException
17:26:49.912 [Communicator] DEBUG TanksCommon.Communicator1 - Communicator run:
	 at beginning of run
17:26:49.912 [Communicator] DEBUG TanksCommon.Communicator1 - getMessage:
	 starting to try to get message
17:26:49.962 [Communicator] DEBUG TanksCommon.Communicator1 - getMessage socket timed out:
	 SocketTimeoutException
17:26:50.012 [Communicator] DEBUG TanksCommon.Communicator1 - Communicator run:
	 at beginning of run
17:26:50.012 [Communicator] DEBUG TanksCommon.Communicator1 - getMessage:
	 starting to try to get message
17:26:50.062 [Communicator] DEBUG TanksCommon.Communicator1 - getMessage socket timed out:
	 SocketTimeoutException
17:26:50.113 [Communicator] DEBUG TanksCommon.Communicator1 - Communicator run:
	 at beginning of run
17:26:50.113 [Communicator] DEBUG TanksCommon.Communicator1 - getMessage:
	 starting to try to get message
17:26:50.163 [Communicator] DEBUG TanksCommon.Communicator1 - getMessage socket timed out:
	 SocketTimeoutException
17:26:50.213 [Communicator] DEBUG TanksCommon.Communicator1 - Communicator run:
	 at beginning of run
17:26:50.213 [Communicator] DEBUG TanksCommon.Communicator1 - getMessage:
	 starting to try to get message
17:26:50.263 [Communicator] DEBUG TanksCommon.Communicator1 - getMessage socket timed out:
	 SocketTimeoutException
17:26:50.313 [Communicator] DEBUG TanksCommon.Communicator1 - Communicator run:
	 at beginning of run
17:26:50.313 [Communicator] DEBUG TanksCommon.Communicator1 - getMessage:
	 starting to try to get message
17:26:50.363 [Communicator] DEBUG TanksCommon.Communicator1 - getMessage socket timed out:
	 SocketTimeoutException
17:26:50.413 [Communicator] DEBUG TanksCommon.Communicator1 - Communicator run:
	 at beginning of run
17:26:50.413 [Communicator] DEBUG TanksCommon.Communicator1 - getMessage:
	 starting to try to get message
17:26:50.463 [Communicator] DEBUG TanksCommon.Communicator1 - getMessage socket timed out:
	 SocketTimeoutException
17:26:50.513 [Communicator] DEBUG TanksCommon.Communicator1 - Communicator run:
	 at beginning of run
17:26:50.513 [Communicator] DEBUG TanksCommon.Communicator1 - getMessage:
	 starting to try to get message
17:26:50.563 [Communicator] DEBUG TanksCommon.Communicator1 - getMessage socket timed out:
	 SocketTimeoutException
17:26:50.613 [Communicator] DEBUG TanksCommon.Communicator1 - Communicator run:
	 at beginning of run
17:26:50.613 [Communicator] DEBUG TanksCommon.Communicator1 - getMessage:
	 starting to try to get message
17:26:50.663 [Communicator] DEBUG TanksCommon.Communicator1 - getMessage socket timed out:
	 SocketTimeoutException
17:26:50.713 [Communicator] DEBUG TanksCommon.Communicator1 - Communicator run:
	 at beginning of run
17:26:50.713 [Communicator] DEBUG TanksCommon.Communicator1 - getMessage:
	 starting to try to get message
17:26:50.763 [Communicator] DEBUG TanksCommon.Communicator1 - getMessage socket timed out:
	 SocketTimeoutException
17:26:50.813 [Communicator] DEBUG TanksCommon.Communicator1 - Communicator run:
	 at beginning of run
17:26:50.813 [Communicator] DEBUG TanksCommon.Communicator1 - getMessage:
	 starting to try to get message
17:26:50.863 [Communicator] DEBUG TanksCommon.Communicator1 - getMessage socket timed out:
	 SocketTimeoutException
17:26:50.913 [Communicator] DEBUG TanksCommon.Communicator1 - Communicator run:
	 at beginning of run
17:26:50.913 [Communicator] DEBUG TanksCommon.Communicator1 - getMessage:
	 starting to try to get message
17:26:50.963 [Communicator] DEBUG TanksCommon.Communicator1 - getMessage socket timed out:
	 SocketTimeoutException
17:26:51.013 [Communicator] DEBUG TanksCommon.Communicator1 - Communicator run:
	 at beginning of run
17:26:51.013 [Communicator] DEBUG TanksCommon.Communicator1 - getMessage:
	 starting to try to get message
17:26:51.063 [Communicator] DEBUG TanksCommon.Communicator1 - getMessage socket timed out:
	 SocketTimeoutException
17:26:51.113 [Communicator] DEBUG TanksCommon.Communicator1 - Communicator run:
	 at beginning of run
17:26:51.113 [Communicator] DEBUG TanksCommon.Communicator1 - getMessage:
	 starting to try to get message
17:26:51.163 [Communicator] DEBUG TanksCommon.Communicator1 - getMessage socket timed out:
	 SocketTimeoutException
17:26:51.213 [Communicator] DEBUG TanksCommon.Communicator1 - Communicator run:
	 at beginning of run
17:26:51.213 [Communicator] DEBUG TanksCommon.Communicator1 - getMessage:
	 starting to try to get message
17:26:51.263 [Communicator] DEBUG TanksCommon.Communicator1 - getMessage socket timed out:
	 SocketTimeoutException
17:26:51.313 [Communicator] DEBUG TanksCommon.Communicator1 - Communicator run:
	 at beginning of run
17:26:51.313 [Communicator] DEBUG TanksCommon.Communicator1 - getMessage:
	 starting to try to get message
17:26:51.363 [Communicator] DEBUG TanksCommon.Communicator1 - getMessage socket timed out:
	 SocketTimeoutException
17:26:51.413 [Communicator] DEBUG TanksCommon.Communicator1 - Communicator run:
	 at beginning of run
17:26:51.413 [Communicator] DEBUG TanksCommon.Communicator1 - getMessage:
	 starting to try to get message
17:26:51.463 [Communicator] DEBUG TanksCommon.Communicator1 - getMessage socket timed out:
	 SocketTimeoutException
17:26:51.513 [Communicator] DEBUG TanksCommon.Communicator1 - Communicator run:
	 at beginning of run
17:26:51.513 [Communicator] DEBUG TanksCommon.Communicator1 - getMessage:
	 starting to try to get message
17:26:51.563 [Communicator] DEBUG TanksCommon.Communicator1 - getMessage socket timed out:
	 SocketTimeoutException
17:26:51.613 [Communicator] DEBUG TanksCommon.Communicator1 - Communicator run:
	 at beginning of run
17:26:51.613 [Communicator] DEBUG TanksCommon.Communicator1 - getMessage:
	 starting to try to get message
17:26:51.664 [Communicator] DEBUG TanksCommon.Communicator1 - getMessage socket timed out:
	 SocketTimeoutException
17:26:51.714 [Communicator] DEBUG TanksCommon.Communicator1 - Communicator run:
	 at beginning of run
17:26:51.714 [Communicator] DEBUG TanksCommon.Communicator1 - getMessage:
	 starting to try to get message
17:26:51.764 [Communicator] DEBUG TanksCommon.Communicator1 - getMessage socket timed out:
	 SocketTimeoutException
17:26:51.814 [Communicator] DEBUG TanksCommon.Communicator1 - Communicator run:
	 at beginning of run
17:26:51.814 [Communicator] DEBUG TanksCommon.Communicator1 - getMessage:
	 starting to try to get message
17:26:51.864 [Communicator] DEBUG TanksCommon.Communicator1 - getMessage socket timed out:
	 SocketTimeoutException
17:26:51.914 [Communicator] DEBUG TanksCommon.Communicator1 - Communicator run:
	 at beginning of run
17:26:51.914 [Communicator] DEBUG TanksCommon.Communicator1 - getMessage:
	 starting to try to get message
17:26:51.964 [Communicator] DEBUG TanksCommon.Communicator1 - getMessage socket timed out:
	 SocketTimeoutException
17:26:51.978 [JavaFX Application Thread] DEBUG TanksCommon.Communicator1 - BackgroundThread Stop:
	 Stopping Thread
17:26:52.978 [JavaFX Application Thread] DEBUG TanksCommon.Communicator1 - BackgroundThread Stop:
	 Thread Stopped
