22:53:43.508 [JavaFX Application Thread] DEBUG TanksCommon.Communicator1 - Communicator constructor:
	 communicator created
22:53:43.509 [JavaFX Application Thread] INFO  TanksCommon.Communicator1 - Communicator initializeSocket:
	 Socket initialized
22:53:43.510 [JavaFX Application Thread] DEBUG TanksCommon.Communicator1 - BackgroundThread Start: 
	Thread Started
22:53:43.511 [Communicator] DEBUG TanksCommon.Communicator1 - Communicator run:
	 at beginning of run
22:53:43.511 [Communicator] DEBUG TanksCommon.Communicator1 - getMessage:
	 starting to try to get message
22:53:43.561 [Communicator] DEBUG TanksCommon.Communicator1 - getMessage socket timed out:
	 SocketTimeoutException
22:53:43.611 [Communicator] DEBUG TanksCommon.Communicator1 - Communicator run:
	 at beginning of run
22:53:43.611 [Communicator] DEBUG TanksCommon.Communicator1 - getMessage:
	 starting to try to get message
22:53:43.661 [Communicator] DEBUG TanksCommon.Communicator1 - getMessage socket timed out:
	 SocketTimeoutException
22:53:43.711 [Communicator] DEBUG TanksCommon.Communicator1 - Communicator run:
	 at beginning of run
22:53:43.711 [Communicator] DEBUG TanksCommon.Communicator1 - getMessage:
	 starting to try to get message
22:53:43.761 [Communicator] DEBUG TanksCommon.Communicator1 - getMessage socket timed out:
	 SocketTimeoutException
22:53:43.811 [Communicator] DEBUG TanksCommon.Communicator1 - Communicator run:
	 at beginning of run
22:53:43.811 [Communicator] DEBUG TanksCommon.Communicator1 - getMessage:
	 starting to try to get message
22:53:43.861 [Communicator] DEBUG TanksCommon.Communicator1 - getMessage socket timed out:
	 SocketTimeoutException
22:53:43.911 [Communicator] DEBUG TanksCommon.Communicator1 - Communicator run:
	 at beginning of run
22:53:43.911 [Communicator] DEBUG TanksCommon.Communicator1 - getMessage:
	 starting to try to get message
22:53:43.961 [Communicator] DEBUG TanksCommon.Communicator1 - getMessage socket timed out:
	 SocketTimeoutException
22:53:44.011 [Communicator] DEBUG TanksCommon.Communicator1 - Communicator run:
	 at beginning of run
22:53:44.011 [Communicator] DEBUG TanksCommon.Communicator1 - getMessage:
	 starting to try to get message
22:53:44.061 [Communicator] DEBUG TanksCommon.Communicator1 - getMessage socket timed out:
	 SocketTimeoutException
22:53:44.111 [Communicator] DEBUG TanksCommon.Communicator1 - Communicator run:
	 at beginning of run
22:53:44.111 [Communicator] DEBUG TanksCommon.Communicator1 - getMessage:
	 starting to try to get message
22:53:44.161 [Communicator] DEBUG TanksCommon.Communicator1 - getMessage socket timed out:
	 SocketTimeoutException
22:53:44.211 [Communicator] DEBUG TanksCommon.Communicator1 - Communicator run:
	 at beginning of run
22:53:44.211 [Communicator] DEBUG TanksCommon.Communicator1 - getMessage:
	 starting to try to get message
22:53:44.261 [Communicator] DEBUG TanksCommon.Communicator1 - getMessage socket timed out:
	 SocketTimeoutException
22:53:44.311 [Communicator] DEBUG TanksCommon.Communicator1 - Communicator run:
	 at beginning of run
22:53:44.311 [Communicator] DEBUG TanksCommon.Communicator1 - getMessage:
	 starting to try to get message
22:53:44.361 [Communicator] DEBUG TanksCommon.Communicator1 - getMessage socket timed out:
	 SocketTimeoutException
22:53:44.411 [Communicator] DEBUG TanksCommon.Communicator1 - Communicator run:
	 at beginning of run
22:53:44.411 [Communicator] DEBUG TanksCommon.Communicator1 - getMessage:
	 starting to try to get message
22:53:44.461 [Communicator] DEBUG TanksCommon.Communicator1 - getMessage socket timed out:
	 SocketTimeoutException
22:53:44.511 [Communicator] DEBUG TanksCommon.Communicator1 - Communicator run:
	 at beginning of run
22:53:44.511 [Communicator] DEBUG TanksCommon.Communicator1 - getMessage:
	 starting to try to get message
22:53:44.561 [Communicator] DEBUG TanksCommon.Communicator1 - getMessage socket timed out:
	 SocketTimeoutException
22:53:44.611 [Communicator] DEBUG TanksCommon.Communicator1 - Communicator run:
	 at beginning of run
22:53:44.611 [Communicator] DEBUG TanksCommon.Communicator1 - getMessage:
	 starting to try to get message
22:53:44.661 [Communicator] DEBUG TanksCommon.Communicator1 - getMessage socket timed out:
	 SocketTimeoutException
22:53:44.711 [Communicator] DEBUG TanksCommon.Communicator1 - Communicator run:
	 at beginning of run
22:53:44.711 [Communicator] DEBUG TanksCommon.Communicator1 - getMessage:
	 starting to try to get message
22:53:44.762 [Communicator] DEBUG TanksCommon.Communicator1 - getMessage socket timed out:
	 SocketTimeoutException
22:53:44.812 [Communicator] DEBUG TanksCommon.Communicator1 - Communicator run:
	 at beginning of run
22:53:44.812 [Communicator] DEBUG TanksCommon.Communicator1 - getMessage:
	 starting to try to get message
22:53:44.862 [Communicator] DEBUG TanksCommon.Communicator1 - getMessage socket timed out:
	 SocketTimeoutException
22:53:44.912 [Communicator] DEBUG TanksCommon.Communicator1 - Communicator run:
	 at beginning of run
22:53:44.912 [Communicator] DEBUG TanksCommon.Communicator1 - getMessage:
	 starting to try to get message
22:53:44.962 [Communicator] DEBUG TanksCommon.Communicator1 - getMessage socket timed out:
	 SocketTimeoutException
22:53:45.012 [Communicator] DEBUG TanksCommon.Communicator1 - Communicator run:
	 at beginning of run
22:53:45.012 [Communicator] DEBUG TanksCommon.Communicator1 - getMessage:
	 starting to try to get message
22:53:45.062 [Communicator] DEBUG TanksCommon.Communicator1 - getMessage socket timed out:
	 SocketTimeoutException
22:53:45.112 [Communicator] DEBUG TanksCommon.Communicator1 - Communicator run:
	 at beginning of run
22:53:45.112 [Communicator] DEBUG TanksCommon.Communicator1 - getMessage:
	 starting to try to get message
22:53:45.162 [Communicator] DEBUG TanksCommon.Communicator1 - getMessage socket timed out:
	 SocketTimeoutException
22:53:45.162 [Communicator] DEBUG TanksCommon.Communicator1 - Communicator run:
	 outputQueue not empty, trying to send the message
22:53:45.163 [Communicator] DEBUG TanksCommon.Communicator1 - Communicator sendMessage
	 Starting to try to send message of length: 58
22:53:45.163 [Communicator] DEBUG TanksCommon.Communicator1 - Communicator sendMessage
	 Sent successfully length: 58
22:53:45.213 [Communicator] DEBUG TanksCommon.Communicator1 - Communicator run:
	 at beginning of run
22:53:45.213 [Communicator] DEBUG TanksCommon.Communicator1 - getMessage:
	 starting to try to get message
22:53:45.263 [Communicator] DEBUG TanksCommon.Communicator1 - getMessage socket timed out:
	 SocketTimeoutException
22:53:45.313 [Communicator] DEBUG TanksCommon.Communicator1 - Communicator run:
	 at beginning of run
22:53:45.313 [Communicator] DEBUG TanksCommon.Communicator1 - getMessage:
	 starting to try to get message
22:53:45.363 [Communicator] DEBUG TanksCommon.Communicator1 - getMessage socket timed out:
	 SocketTimeoutException
22:53:45.413 [Communicator] DEBUG TanksCommon.Communicator1 - Communicator run:
	 at beginning of run
22:53:45.413 [Communicator] DEBUG TanksCommon.Communicator1 - getMessage:
	 starting to try to get message
22:53:45.463 [Communicator] DEBUG TanksCommon.Communicator1 - getMessage socket timed out:
	 SocketTimeoutException
22:53:45.513 [Communicator] DEBUG TanksCommon.Communicator1 - Communicator run:
	 at beginning of run
22:53:45.513 [Communicator] DEBUG TanksCommon.Communicator1 - getMessage:
	 starting to try to get message
22:53:45.563 [Communicator] DEBUG TanksCommon.Communicator1 - getMessage socket timed out:
	 SocketTimeoutException
22:53:45.613 [Communicator] DEBUG TanksCommon.Communicator1 - Communicator run:
	 at beginning of run
22:53:45.613 [Communicator] DEBUG TanksCommon.Communicator1 - getMessage:
	 starting to try to get message
22:53:45.663 [Communicator] DEBUG TanksCommon.Communicator1 - getMessage socket timed out:
	 SocketTimeoutException
22:53:45.713 [Communicator] DEBUG TanksCommon.Communicator1 - Communicator run:
	 at beginning of run
22:53:45.713 [Communicator] DEBUG TanksCommon.Communicator1 - getMessage:
	 starting to try to get message
22:53:45.763 [Communicator] DEBUG TanksCommon.Communicator1 - getMessage socket timed out:
	 SocketTimeoutException
22:53:45.813 [Communicator] DEBUG TanksCommon.Communicator1 - Communicator run:
	 at beginning of run
22:53:45.813 [Communicator] DEBUG TanksCommon.Communicator1 - getMessage:
	 starting to try to get message
22:53:45.863 [Communicator] DEBUG TanksCommon.Communicator1 - getMessage socket timed out:
	 SocketTimeoutException
22:53:45.913 [Communicator] DEBUG TanksCommon.Communicator1 - Communicator run:
	 at beginning of run
22:53:45.913 [Communicator] DEBUG TanksCommon.Communicator1 - getMessage:
	 starting to try to get message
22:53:45.963 [Communicator] DEBUG TanksCommon.Communicator1 - getMessage socket timed out:
	 SocketTimeoutException
22:53:46.013 [Communicator] DEBUG TanksCommon.Communicator1 - Communicator run:
	 at beginning of run
22:53:46.013 [Communicator] DEBUG TanksCommon.Communicator1 - getMessage:
	 starting to try to get message
22:53:46.063 [Communicator] DEBUG TanksCommon.Communicator1 - getMessage socket timed out:
	 SocketTimeoutException
22:53:46.113 [Communicator] DEBUG TanksCommon.Communicator1 - Communicator run:
	 at beginning of run
22:53:46.113 [Communicator] DEBUG TanksCommon.Communicator1 - getMessage:
	 starting to try to get message
22:53:46.163 [Communicator] DEBUG TanksCommon.Communicator1 - getMessage socket timed out:
	 SocketTimeoutException
22:53:46.213 [Communicator] DEBUG TanksCommon.Communicator1 - Communicator run:
	 at beginning of run
22:53:46.213 [Communicator] DEBUG TanksCommon.Communicator1 - getMessage:
	 starting to try to get message
22:53:46.263 [Communicator] DEBUG TanksCommon.Communicator1 - getMessage socket timed out:
	 SocketTimeoutException
22:53:46.314 [Communicator] DEBUG TanksCommon.Communicator1 - Communicator run:
	 at beginning of run
22:53:46.314 [Communicator] DEBUG TanksCommon.Communicator1 - getMessage:
	 starting to try to get message
22:53:46.364 [Communicator] DEBUG TanksCommon.Communicator1 - getMessage socket timed out:
	 SocketTimeoutException
22:53:46.414 [Communicator] DEBUG TanksCommon.Communicator1 - Communicator run:
	 at beginning of run
22:53:46.414 [Communicator] DEBUG TanksCommon.Communicator1 - getMessage:
	 starting to try to get message
22:53:46.464 [Communicator] DEBUG TanksCommon.Communicator1 - getMessage socket timed out:
	 SocketTimeoutException
22:53:46.464 [Communicator] DEBUG TanksCommon.Communicator1 - Communicator run:
	 outputQueue not empty, trying to send the message
22:53:47.992 [JavaFX Application Thread] DEBUG TanksCommon.Communicator1 - BackgroundThread Stop:
	 Stopping Thread
22:53:47.992 [JavaFX Application Thread] DEBUG TanksCommon.Communicator1 - BackgroundThread Stop:
	 Thread Stopped
