15:04:46.649 [JavaFX Application Thread] DEBUG TanksCommon.Communicator1 - Communicator constructor:
	 communicator created
15:04:46.651 [JavaFX Application Thread] INFO  TanksCommon.Communicator1 - Communicator initializeSocket:
	 Socket initialized
15:04:46.658 [JavaFX Application Thread] DEBUG TanksCommon.Communicator1 - BackgroundThread Start: 
	Thread Started
15:04:46.659 [Communicator] DEBUG TanksCommon.Communicator1 - Communicator run:
	 at beginning of run
15:04:46.661 [Communicator] DEBUG TanksCommon.Communicator1 - getMessage:
	 starting to try to get message
15:04:46.716 [Communicator] DEBUG TanksCommon.Communicator1 - getMessage socket timed out:
	 SocketTimeoutException
15:04:46.766 [Communicator] DEBUG TanksCommon.Communicator1 - Communicator run:
	 at beginning of run
15:04:46.766 [Communicator] DEBUG TanksCommon.Communicator1 - getMessage:
	 starting to try to get message
15:04:46.816 [Communicator] DEBUG TanksCommon.Communicator1 - getMessage socket timed out:
	 SocketTimeoutException
15:04:46.866 [Communicator] DEBUG TanksCommon.Communicator1 - Communicator run:
	 at beginning of run
15:04:46.866 [Communicator] DEBUG TanksCommon.Communicator1 - getMessage:
	 starting to try to get message
15:04:46.916 [Communicator] DEBUG TanksCommon.Communicator1 - getMessage socket timed out:
	 SocketTimeoutException
15:04:46.966 [Communicator] DEBUG TanksCommon.Communicator1 - Communicator run:
	 at beginning of run
15:04:46.966 [Communicator] DEBUG TanksCommon.Communicator1 - getMessage:
	 starting to try to get message
15:04:47.016 [Communicator] DEBUG TanksCommon.Communicator1 - getMessage socket timed out:
	 SocketTimeoutException
15:04:47.066 [Communicator] DEBUG TanksCommon.Communicator1 - Communicator run:
	 at beginning of run
15:04:47.066 [Communicator] DEBUG TanksCommon.Communicator1 - getMessage:
	 starting to try to get message
15:04:47.116 [Communicator] DEBUG TanksCommon.Communicator1 - getMessage socket timed out:
	 SocketTimeoutException
15:04:47.166 [Communicator] DEBUG TanksCommon.Communicator1 - Communicator run:
	 at beginning of run
15:04:47.166 [Communicator] DEBUG TanksCommon.Communicator1 - getMessage:
	 starting to try to get message
15:04:47.216 [Communicator] DEBUG TanksCommon.Communicator1 - getMessage socket timed out:
	 SocketTimeoutException
15:04:47.266 [Communicator] DEBUG TanksCommon.Communicator1 - Communicator run:
	 at beginning of run
15:04:47.266 [Communicator] DEBUG TanksCommon.Communicator1 - getMessage:
	 starting to try to get message
15:04:47.316 [Communicator] DEBUG TanksCommon.Communicator1 - getMessage socket timed out:
	 SocketTimeoutException
15:04:47.366 [Communicator] DEBUG TanksCommon.Communicator1 - Communicator run:
	 at beginning of run
15:04:47.366 [Communicator] DEBUG TanksCommon.Communicator1 - getMessage:
	 starting to try to get message
15:04:47.416 [Communicator] DEBUG TanksCommon.Communicator1 - getMessage socket timed out:
	 SocketTimeoutException
15:04:47.466 [Communicator] DEBUG TanksCommon.Communicator1 - Communicator run:
	 at beginning of run
15:04:47.466 [Communicator] DEBUG TanksCommon.Communicator1 - getMessage:
	 starting to try to get message
15:04:47.516 [Communicator] DEBUG TanksCommon.Communicator1 - getMessage socket timed out:
	 SocketTimeoutException
15:04:47.566 [Communicator] DEBUG TanksCommon.Communicator1 - Communicator run:
	 at beginning of run
15:04:47.566 [Communicator] DEBUG TanksCommon.Communicator1 - getMessage:
	 starting to try to get message
15:04:47.616 [Communicator] DEBUG TanksCommon.Communicator1 - getMessage socket timed out:
	 SocketTimeoutException
15:04:47.666 [Communicator] DEBUG TanksCommon.Communicator1 - Communicator run:
	 at beginning of run
15:04:47.666 [Communicator] DEBUG TanksCommon.Communicator1 - getMessage:
	 starting to try to get message
15:04:47.716 [Communicator] DEBUG TanksCommon.Communicator1 - getMessage socket timed out:
	 SocketTimeoutException
15:04:47.766 [Communicator] DEBUG TanksCommon.Communicator1 - Communicator run:
	 at beginning of run
15:04:47.766 [Communicator] DEBUG TanksCommon.Communicator1 - getMessage:
	 starting to try to get message
15:04:47.816 [Communicator] DEBUG TanksCommon.Communicator1 - getMessage socket timed out:
	 SocketTimeoutException
15:04:47.866 [Communicator] DEBUG TanksCommon.Communicator1 - Communicator run:
	 at beginning of run
15:04:47.866 [Communicator] DEBUG TanksCommon.Communicator1 - getMessage:
	 starting to try to get message
15:04:47.916 [Communicator] DEBUG TanksCommon.Communicator1 - getMessage socket timed out:
	 SocketTimeoutException
15:04:47.966 [Communicator] DEBUG TanksCommon.Communicator1 - Communicator run:
	 at beginning of run
15:04:47.966 [Communicator] DEBUG TanksCommon.Communicator1 - getMessage:
	 starting to try to get message
15:04:48.016 [Communicator] DEBUG TanksCommon.Communicator1 - getMessage socket timed out:
	 SocketTimeoutException
15:04:48.066 [Communicator] DEBUG TanksCommon.Communicator1 - Communicator run:
	 at beginning of run
15:04:48.066 [Communicator] DEBUG TanksCommon.Communicator1 - getMessage:
	 starting to try to get message
15:04:48.116 [Communicator] DEBUG TanksCommon.Communicator1 - getMessage socket timed out:
	 SocketTimeoutException
15:04:48.166 [Communicator] DEBUG TanksCommon.Communicator1 - Communicator run:
	 at beginning of run
15:04:48.166 [Communicator] DEBUG TanksCommon.Communicator1 - getMessage:
	 starting to try to get message
15:04:48.216 [Communicator] DEBUG TanksCommon.Communicator1 - getMessage socket timed out:
	 SocketTimeoutException
15:04:48.266 [Communicator] DEBUG TanksCommon.Communicator1 - Communicator run:
	 at beginning of run
15:04:48.266 [Communicator] DEBUG TanksCommon.Communicator1 - getMessage:
	 starting to try to get message
15:04:48.316 [Communicator] DEBUG TanksCommon.Communicator1 - getMessage socket timed out:
	 SocketTimeoutException
15:04:48.366 [Communicator] DEBUG TanksCommon.Communicator1 - Communicator run:
	 at beginning of run
15:04:48.366 [Communicator] DEBUG TanksCommon.Communicator1 - getMessage:
	 starting to try to get message
15:04:48.416 [Communicator] DEBUG TanksCommon.Communicator1 - getMessage socket timed out:
	 SocketTimeoutException
15:04:48.466 [Communicator] DEBUG TanksCommon.Communicator1 - Communicator run:
	 at beginning of run
15:04:48.466 [Communicator] DEBUG TanksCommon.Communicator1 - getMessage:
	 starting to try to get message
15:04:48.516 [Communicator] DEBUG TanksCommon.Communicator1 - getMessage socket timed out:
	 SocketTimeoutException
15:04:48.566 [Communicator] DEBUG TanksCommon.Communicator1 - Communicator run:
	 at beginning of run
15:04:48.566 [Communicator] DEBUG TanksCommon.Communicator1 - getMessage:
	 starting to try to get message
15:04:48.616 [Communicator] DEBUG TanksCommon.Communicator1 - getMessage socket timed out:
	 SocketTimeoutException
15:04:48.666 [Communicator] DEBUG TanksCommon.Communicator1 - Communicator run:
	 at beginning of run
15:04:48.666 [Communicator] DEBUG TanksCommon.Communicator1 - getMessage:
	 starting to try to get message
15:04:48.716 [Communicator] DEBUG TanksCommon.Communicator1 - getMessage socket timed out:
	 SocketTimeoutException
15:04:48.766 [Communicator] DEBUG TanksCommon.Communicator1 - Communicator run:
	 at beginning of run
15:04:48.766 [Communicator] DEBUG TanksCommon.Communicator1 - getMessage:
	 starting to try to get message
15:04:48.816 [Communicator] DEBUG TanksCommon.Communicator1 - getMessage socket timed out:
	 SocketTimeoutException
15:04:48.866 [Communicator] DEBUG TanksCommon.Communicator1 - Communicator run:
	 at beginning of run
15:04:48.866 [Communicator] DEBUG TanksCommon.Communicator1 - getMessage:
	 starting to try to get message
15:04:48.916 [Communicator] DEBUG TanksCommon.Communicator1 - getMessage socket timed out:
	 SocketTimeoutException
15:04:48.966 [Communicator] DEBUG TanksCommon.Communicator1 - Communicator run:
	 at beginning of run
15:04:48.966 [Communicator] DEBUG TanksCommon.Communicator1 - getMessage:
	 starting to try to get message
15:04:49.016 [Communicator] DEBUG TanksCommon.Communicator1 - getMessage socket timed out:
	 SocketTimeoutException
15:04:49.066 [Communicator] DEBUG TanksCommon.Communicator1 - Communicator run:
	 at beginning of run
15:04:49.066 [Communicator] DEBUG TanksCommon.Communicator1 - getMessage:
	 starting to try to get message
15:04:49.116 [Communicator] DEBUG TanksCommon.Communicator1 - getMessage socket timed out:
	 SocketTimeoutException
15:04:49.166 [Communicator] DEBUG TanksCommon.Communicator1 - Communicator run:
	 at beginning of run
15:04:49.166 [Communicator] DEBUG TanksCommon.Communicator1 - getMessage:
	 starting to try to get message
15:04:49.216 [Communicator] DEBUG TanksCommon.Communicator1 - getMessage socket timed out:
	 SocketTimeoutException
15:04:49.266 [Communicator] DEBUG TanksCommon.Communicator1 - Communicator run:
	 at beginning of run
15:04:49.266 [Communicator] DEBUG TanksCommon.Communicator1 - getMessage:
	 starting to try to get message
15:04:49.316 [Communicator] DEBUG TanksCommon.Communicator1 - getMessage socket timed out:
	 SocketTimeoutException
15:04:49.366 [Communicator] DEBUG TanksCommon.Communicator1 - Communicator run:
	 at beginning of run
15:04:49.366 [Communicator] DEBUG TanksCommon.Communicator1 - getMessage:
	 starting to try to get message
15:04:49.416 [Communicator] DEBUG TanksCommon.Communicator1 - getMessage socket timed out:
	 SocketTimeoutException
15:04:49.466 [Communicator] DEBUG TanksCommon.Communicator1 - Communicator run:
	 at beginning of run
15:04:49.466 [Communicator] DEBUG TanksCommon.Communicator1 - getMessage:
	 starting to try to get message
15:04:49.516 [Communicator] DEBUG TanksCommon.Communicator1 - getMessage socket timed out:
	 SocketTimeoutException
15:04:49.566 [Communicator] DEBUG TanksCommon.Communicator1 - Communicator run:
	 at beginning of run
15:04:49.566 [Communicator] DEBUG TanksCommon.Communicator1 - getMessage:
	 starting to try to get message
15:04:49.616 [Communicator] DEBUG TanksCommon.Communicator1 - getMessage socket timed out:
	 SocketTimeoutException
15:04:49.666 [Communicator] DEBUG TanksCommon.Communicator1 - Communicator run:
	 at beginning of run
15:04:49.666 [Communicator] DEBUG TanksCommon.Communicator1 - getMessage:
	 starting to try to get message
15:04:49.716 [Communicator] DEBUG TanksCommon.Communicator1 - getMessage socket timed out:
	 SocketTimeoutException
15:04:49.766 [Communicator] DEBUG TanksCommon.Communicator1 - Communicator run:
	 at beginning of run
15:04:49.766 [Communicator] DEBUG TanksCommon.Communicator1 - getMessage:
	 starting to try to get message
15:04:49.816 [Communicator] DEBUG TanksCommon.Communicator1 - getMessage socket timed out:
	 SocketTimeoutException
15:04:49.866 [Communicator] DEBUG TanksCommon.Communicator1 - Communicator run:
	 at beginning of run
15:04:49.866 [Communicator] DEBUG TanksCommon.Communicator1 - getMessage:
	 starting to try to get message
15:04:49.916 [Communicator] DEBUG TanksCommon.Communicator1 - getMessage socket timed out:
	 SocketTimeoutException
15:04:49.966 [Communicator] DEBUG TanksCommon.Communicator1 - Communicator run:
	 at beginning of run
15:04:49.966 [Communicator] DEBUG TanksCommon.Communicator1 - getMessage:
	 starting to try to get message
15:04:50.016 [Communicator] DEBUG TanksCommon.Communicator1 - getMessage socket timed out:
	 SocketTimeoutException
15:04:50.066 [Communicator] DEBUG TanksCommon.Communicator1 - Communicator run:
	 at beginning of run
15:04:50.066 [Communicator] DEBUG TanksCommon.Communicator1 - getMessage:
	 starting to try to get message
15:04:50.116 [Communicator] DEBUG TanksCommon.Communicator1 - getMessage socket timed out:
	 SocketTimeoutException
15:04:50.166 [Communicator] DEBUG TanksCommon.Communicator1 - Communicator run:
	 at beginning of run
15:04:50.166 [Communicator] DEBUG TanksCommon.Communicator1 - getMessage:
	 starting to try to get message
15:04:50.216 [Communicator] DEBUG TanksCommon.Communicator1 - getMessage socket timed out:
	 SocketTimeoutException
15:04:50.266 [Communicator] DEBUG TanksCommon.Communicator1 - Communicator run:
	 at beginning of run
15:04:50.266 [Communicator] DEBUG TanksCommon.Communicator1 - getMessage:
	 starting to try to get message
15:04:50.316 [Communicator] DEBUG TanksCommon.Communicator1 - getMessage socket timed out:
	 SocketTimeoutException
15:04:50.366 [Communicator] DEBUG TanksCommon.Communicator1 - Communicator run:
	 at beginning of run
15:04:50.366 [Communicator] DEBUG TanksCommon.Communicator1 - getMessage:
	 starting to try to get message
15:04:50.416 [Communicator] DEBUG TanksCommon.Communicator1 - getMessage socket timed out:
	 SocketTimeoutException
15:04:50.466 [Communicator] DEBUG TanksCommon.Communicator1 - Communicator run:
	 at beginning of run
15:04:50.466 [Communicator] DEBUG TanksCommon.Communicator1 - getMessage:
	 starting to try to get message
15:04:50.516 [Communicator] DEBUG TanksCommon.Communicator1 - getMessage socket timed out:
	 SocketTimeoutException
15:04:50.566 [Communicator] DEBUG TanksCommon.Communicator1 - Communicator run:
	 at beginning of run
15:04:50.566 [Communicator] DEBUG TanksCommon.Communicator1 - getMessage:
	 starting to try to get message
15:04:50.616 [Communicator] DEBUG TanksCommon.Communicator1 - getMessage socket timed out:
	 SocketTimeoutException
15:04:50.666 [Communicator] DEBUG TanksCommon.Communicator1 - Communicator run:
	 at beginning of run
15:04:50.666 [Communicator] DEBUG TanksCommon.Communicator1 - getMessage:
	 starting to try to get message
15:04:50.716 [Communicator] DEBUG TanksCommon.Communicator1 - getMessage socket timed out:
	 SocketTimeoutException
15:04:50.766 [Communicator] DEBUG TanksCommon.Communicator1 - Communicator run:
	 at beginning of run
15:04:50.766 [Communicator] DEBUG TanksCommon.Communicator1 - getMessage:
	 starting to try to get message
15:04:50.816 [Communicator] DEBUG TanksCommon.Communicator1 - getMessage socket timed out:
	 SocketTimeoutException
15:04:50.866 [Communicator] DEBUG TanksCommon.Communicator1 - Communicator run:
	 at beginning of run
15:04:50.866 [Communicator] DEBUG TanksCommon.Communicator1 - getMessage:
	 starting to try to get message
15:04:50.916 [Communicator] DEBUG TanksCommon.Communicator1 - getMessage socket timed out:
	 SocketTimeoutException
15:04:50.966 [Communicator] DEBUG TanksCommon.Communicator1 - Communicator run:
	 at beginning of run
15:04:50.966 [Communicator] DEBUG TanksCommon.Communicator1 - getMessage:
	 starting to try to get message
15:04:51.016 [Communicator] DEBUG TanksCommon.Communicator1 - getMessage socket timed out:
	 SocketTimeoutException
15:04:51.066 [Communicator] DEBUG TanksCommon.Communicator1 - Communicator run:
	 at beginning of run
15:04:51.066 [Communicator] DEBUG TanksCommon.Communicator1 - getMessage:
	 starting to try to get message
15:04:51.116 [Communicator] DEBUG TanksCommon.Communicator1 - getMessage socket timed out:
	 SocketTimeoutException
15:04:51.166 [Communicator] DEBUG TanksCommon.Communicator1 - Communicator run:
	 at beginning of run
15:04:51.166 [Communicator] DEBUG TanksCommon.Communicator1 - getMessage:
	 starting to try to get message
15:04:51.216 [Communicator] DEBUG TanksCommon.Communicator1 - getMessage socket timed out:
	 SocketTimeoutException
15:04:51.266 [Communicator] DEBUG TanksCommon.Communicator1 - Communicator run:
	 at beginning of run
15:04:51.266 [Communicator] DEBUG TanksCommon.Communicator1 - getMessage:
	 starting to try to get message
15:04:51.316 [Communicator] DEBUG TanksCommon.Communicator1 - getMessage socket timed out:
	 SocketTimeoutException
15:04:51.366 [Communicator] DEBUG TanksCommon.Communicator1 - Communicator run:
	 at beginning of run
15:04:51.366 [Communicator] DEBUG TanksCommon.Communicator1 - getMessage:
	 starting to try to get message
15:04:51.416 [Communicator] DEBUG TanksCommon.Communicator1 - getMessage socket timed out:
	 SocketTimeoutException
15:04:51.466 [Communicator] DEBUG TanksCommon.Communicator1 - Communicator run:
	 at beginning of run
15:04:51.466 [Communicator] DEBUG TanksCommon.Communicator1 - getMessage:
	 starting to try to get message
15:04:51.516 [Communicator] DEBUG TanksCommon.Communicator1 - getMessage socket timed out:
	 SocketTimeoutException
15:04:51.566 [Communicator] DEBUG TanksCommon.Communicator1 - Communicator run:
	 at beginning of run
15:04:51.566 [Communicator] DEBUG TanksCommon.Communicator1 - getMessage:
	 starting to try to get message
15:04:51.616 [Communicator] DEBUG TanksCommon.Communicator1 - getMessage socket timed out:
	 SocketTimeoutException
15:04:51.666 [Communicator] DEBUG TanksCommon.Communicator1 - Communicator run:
	 at beginning of run
15:04:51.666 [Communicator] DEBUG TanksCommon.Communicator1 - getMessage:
	 starting to try to get message
15:04:51.716 [Communicator] DEBUG TanksCommon.Communicator1 - getMessage socket timed out:
	 SocketTimeoutException
15:04:51.766 [Communicator] DEBUG TanksCommon.Communicator1 - Communicator run:
	 at beginning of run
15:04:51.766 [Communicator] DEBUG TanksCommon.Communicator1 - getMessage:
	 starting to try to get message
15:04:51.816 [Communicator] DEBUG TanksCommon.Communicator1 - getMessage socket timed out:
	 SocketTimeoutException
15:04:51.866 [Communicator] DEBUG TanksCommon.Communicator1 - Communicator run:
	 at beginning of run
15:04:51.866 [Communicator] DEBUG TanksCommon.Communicator1 - getMessage:
	 starting to try to get message
15:04:51.916 [Communicator] DEBUG TanksCommon.Communicator1 - getMessage socket timed out:
	 SocketTimeoutException
15:04:51.966 [Communicator] DEBUG TanksCommon.Communicator1 - Communicator run:
	 at beginning of run
15:04:51.966 [Communicator] DEBUG TanksCommon.Communicator1 - getMessage:
	 starting to try to get message
15:04:52.016 [Communicator] DEBUG TanksCommon.Communicator1 - getMessage socket timed out:
	 SocketTimeoutException
15:04:52.066 [Communicator] DEBUG TanksCommon.Communicator1 - Communicator run:
	 at beginning of run
15:04:52.066 [Communicator] DEBUG TanksCommon.Communicator1 - getMessage:
	 starting to try to get message
15:04:52.116 [Communicator] DEBUG TanksCommon.Communicator1 - getMessage socket timed out:
	 SocketTimeoutException
15:04:52.166 [Communicator] DEBUG TanksCommon.Communicator1 - Communicator run:
	 at beginning of run
15:04:52.166 [Communicator] DEBUG TanksCommon.Communicator1 - getMessage:
	 starting to try to get message
15:04:52.216 [Communicator] DEBUG TanksCommon.Communicator1 - getMessage socket timed out:
	 SocketTimeoutException
15:04:52.266 [Communicator] DEBUG TanksCommon.Communicator1 - Communicator run:
	 at beginning of run
15:04:52.266 [Communicator] DEBUG TanksCommon.Communicator1 - getMessage:
	 starting to try to get message
15:04:52.316 [Communicator] DEBUG TanksCommon.Communicator1 - getMessage socket timed out:
	 SocketTimeoutException
15:04:52.366 [Communicator] DEBUG TanksCommon.Communicator1 - Communicator run:
	 at beginning of run
15:04:52.366 [Communicator] DEBUG TanksCommon.Communicator1 - getMessage:
	 starting to try to get message
15:04:52.416 [Communicator] DEBUG TanksCommon.Communicator1 - getMessage socket timed out:
	 SocketTimeoutException
15:04:52.466 [Communicator] DEBUG TanksCommon.Communicator1 - Communicator run:
	 at beginning of run
15:04:52.466 [Communicator] DEBUG TanksCommon.Communicator1 - getMessage:
	 starting to try to get message
15:04:52.516 [Communicator] DEBUG TanksCommon.Communicator1 - getMessage socket timed out:
	 SocketTimeoutException
15:04:52.566 [Communicator] DEBUG TanksCommon.Communicator1 - Communicator run:
	 at beginning of run
15:04:52.566 [Communicator] DEBUG TanksCommon.Communicator1 - getMessage:
	 starting to try to get message
15:04:52.616 [Communicator] DEBUG TanksCommon.Communicator1 - getMessage socket timed out:
	 SocketTimeoutException
15:04:52.666 [Communicator] DEBUG TanksCommon.Communicator1 - Communicator run:
	 at beginning of run
15:04:52.666 [Communicator] DEBUG TanksCommon.Communicator1 - getMessage:
	 starting to try to get message
15:04:52.716 [Communicator] DEBUG TanksCommon.Communicator1 - getMessage socket timed out:
	 SocketTimeoutException
15:04:52.766 [Communicator] DEBUG TanksCommon.Communicator1 - Communicator run:
	 at beginning of run
15:04:52.766 [Communicator] DEBUG TanksCommon.Communicator1 - getMessage:
	 starting to try to get message
15:04:52.816 [Communicator] DEBUG TanksCommon.Communicator1 - getMessage socket timed out:
	 SocketTimeoutException
15:04:52.866 [Communicator] DEBUG TanksCommon.Communicator1 - Communicator run:
	 at beginning of run
15:04:52.866 [Communicator] DEBUG TanksCommon.Communicator1 - getMessage:
	 starting to try to get message
15:04:52.916 [Communicator] DEBUG TanksCommon.Communicator1 - getMessage socket timed out:
	 SocketTimeoutException
15:04:52.966 [Communicator] DEBUG TanksCommon.Communicator1 - Communicator run:
	 at beginning of run
15:04:52.966 [Communicator] DEBUG TanksCommon.Communicator1 - getMessage:
	 starting to try to get message
15:04:53.016 [Communicator] DEBUG TanksCommon.Communicator1 - getMessage socket timed out:
	 SocketTimeoutException
15:04:53.066 [Communicator] DEBUG TanksCommon.Communicator1 - Communicator run:
	 at beginning of run
15:04:53.066 [Communicator] DEBUG TanksCommon.Communicator1 - getMessage:
	 starting to try to get message
15:04:53.116 [Communicator] DEBUG TanksCommon.Communicator1 - getMessage socket timed out:
	 SocketTimeoutException
15:04:53.166 [Communicator] DEBUG TanksCommon.Communicator1 - Communicator run:
	 at beginning of run
15:04:53.166 [Communicator] DEBUG TanksCommon.Communicator1 - getMessage:
	 starting to try to get message
15:04:53.216 [Communicator] DEBUG TanksCommon.Communicator1 - getMessage socket timed out:
	 SocketTimeoutException
15:04:53.266 [Communicator] DEBUG TanksCommon.Communicator1 - Communicator run:
	 at beginning of run
15:04:53.266 [Communicator] DEBUG TanksCommon.Communicator1 - getMessage:
	 starting to try to get message
15:04:53.316 [Communicator] DEBUG TanksCommon.Communicator1 - getMessage socket timed out:
	 SocketTimeoutException
15:04:53.366 [Communicator] DEBUG TanksCommon.Communicator1 - Communicator run:
	 at beginning of run
15:04:53.366 [Communicator] DEBUG TanksCommon.Communicator1 - getMessage:
	 starting to try to get message
15:04:53.416 [Communicator] DEBUG TanksCommon.Communicator1 - getMessage socket timed out:
	 SocketTimeoutException
15:04:53.466 [Communicator] DEBUG TanksCommon.Communicator1 - Communicator run:
	 at beginning of run
15:04:53.466 [Communicator] DEBUG TanksCommon.Communicator1 - getMessage:
	 starting to try to get message
15:04:53.516 [Communicator] DEBUG TanksCommon.Communicator1 - getMessage socket timed out:
	 SocketTimeoutException
15:04:53.566 [Communicator] DEBUG TanksCommon.Communicator1 - Communicator run:
	 at beginning of run
15:04:53.566 [Communicator] DEBUG TanksCommon.Communicator1 - getMessage:
	 starting to try to get message
15:04:53.616 [Communicator] DEBUG TanksCommon.Communicator1 - getMessage socket timed out:
	 SocketTimeoutException
15:04:53.666 [Communicator] DEBUG TanksCommon.Communicator1 - Communicator run:
	 at beginning of run
15:04:53.666 [Communicator] DEBUG TanksCommon.Communicator1 - getMessage:
	 starting to try to get message
15:04:53.716 [Communicator] DEBUG TanksCommon.Communicator1 - getMessage socket timed out:
	 SocketTimeoutException
15:04:53.766 [Communicator] DEBUG TanksCommon.Communicator1 - Communicator run:
	 at beginning of run
15:04:53.766 [Communicator] DEBUG TanksCommon.Communicator1 - getMessage:
	 starting to try to get message
15:04:53.816 [Communicator] DEBUG TanksCommon.Communicator1 - getMessage socket timed out:
	 SocketTimeoutException
15:04:53.866 [Communicator] DEBUG TanksCommon.Communicator1 - Communicator run:
	 at beginning of run
15:04:53.866 [Communicator] DEBUG TanksCommon.Communicator1 - getMessage:
	 starting to try to get message
15:04:53.916 [Communicator] DEBUG TanksCommon.Communicator1 - getMessage socket timed out:
	 SocketTimeoutException
15:04:53.966 [Communicator] DEBUG TanksCommon.Communicator1 - Communicator run:
	 at beginning of run
15:04:53.966 [Communicator] DEBUG TanksCommon.Communicator1 - getMessage:
	 starting to try to get message
15:04:54.016 [Communicator] DEBUG TanksCommon.Communicator1 - getMessage socket timed out:
	 SocketTimeoutException
15:04:54.066 [Communicator] DEBUG TanksCommon.Communicator1 - Communicator run:
	 at beginning of run
15:04:54.066 [Communicator] DEBUG TanksCommon.Communicator1 - getMessage:
	 starting to try to get message
15:04:54.116 [Communicator] DEBUG TanksCommon.Communicator1 - getMessage socket timed out:
	 SocketTimeoutException
15:04:54.166 [Communicator] DEBUG TanksCommon.Communicator1 - Communicator run:
	 at beginning of run
15:04:54.166 [Communicator] DEBUG TanksCommon.Communicator1 - getMessage:
	 starting to try to get message
15:04:54.216 [Communicator] DEBUG TanksCommon.Communicator1 - getMessage socket timed out:
	 SocketTimeoutException
15:04:54.266 [Communicator] DEBUG TanksCommon.Communicator1 - Communicator run:
	 at beginning of run
15:04:54.266 [Communicator] DEBUG TanksCommon.Communicator1 - getMessage:
	 starting to try to get message
15:04:54.316 [Communicator] DEBUG TanksCommon.Communicator1 - getMessage socket timed out:
	 SocketTimeoutException
15:04:54.366 [Communicator] DEBUG TanksCommon.Communicator1 - Communicator run:
	 at beginning of run
15:04:54.366 [Communicator] DEBUG TanksCommon.Communicator1 - getMessage:
	 starting to try to get message
15:04:54.416 [Communicator] DEBUG TanksCommon.Communicator1 - getMessage socket timed out:
	 SocketTimeoutException
15:04:54.466 [Communicator] DEBUG TanksCommon.Communicator1 - Communicator run:
	 at beginning of run
15:04:54.466 [Communicator] DEBUG TanksCommon.Communicator1 - getMessage:
	 starting to try to get message
15:04:54.516 [Communicator] DEBUG TanksCommon.Communicator1 - getMessage socket timed out:
	 SocketTimeoutException
15:04:54.566 [Communicator] DEBUG TanksCommon.Communicator1 - Communicator run:
	 at beginning of run
15:04:54.566 [Communicator] DEBUG TanksCommon.Communicator1 - getMessage:
	 starting to try to get message
15:04:54.616 [Communicator] DEBUG TanksCommon.Communicator1 - getMessage socket timed out:
	 SocketTimeoutException
15:04:54.666 [Communicator] DEBUG TanksCommon.Communicator1 - Communicator run:
	 at beginning of run
15:04:54.666 [Communicator] DEBUG TanksCommon.Communicator1 - getMessage:
	 starting to try to get message
15:04:54.716 [Communicator] DEBUG TanksCommon.Communicator1 - getMessage socket timed out:
	 SocketTimeoutException
15:04:54.766 [Communicator] DEBUG TanksCommon.Communicator1 - Communicator run:
	 at beginning of run
15:04:54.766 [Communicator] DEBUG TanksCommon.Communicator1 - getMessage:
	 starting to try to get message
15:04:54.816 [Communicator] DEBUG TanksCommon.Communicator1 - getMessage socket timed out:
	 SocketTimeoutException
15:04:54.866 [Communicator] DEBUG TanksCommon.Communicator1 - Communicator run:
	 at beginning of run
15:04:54.866 [Communicator] DEBUG TanksCommon.Communicator1 - getMessage:
	 starting to try to get message
15:04:54.916 [Communicator] DEBUG TanksCommon.Communicator1 - getMessage socket timed out:
	 SocketTimeoutException
15:04:54.966 [Communicator] DEBUG TanksCommon.Communicator1 - Communicator run:
	 at beginning of run
15:04:54.966 [Communicator] DEBUG TanksCommon.Communicator1 - getMessage:
	 starting to try to get message
15:04:55.016 [Communicator] DEBUG TanksCommon.Communicator1 - getMessage socket timed out:
	 SocketTimeoutException
15:04:55.066 [Communicator] DEBUG TanksCommon.Communicator1 - Communicator run:
	 at beginning of run
15:04:55.066 [Communicator] DEBUG TanksCommon.Communicator1 - getMessage:
	 starting to try to get message
15:04:55.116 [Communicator] DEBUG TanksCommon.Communicator1 - getMessage socket timed out:
	 SocketTimeoutException
15:04:55.166 [Communicator] DEBUG TanksCommon.Communicator1 - Communicator run:
	 at beginning of run
15:04:55.166 [Communicator] DEBUG TanksCommon.Communicator1 - getMessage:
	 starting to try to get message
15:04:55.216 [Communicator] DEBUG TanksCommon.Communicator1 - getMessage socket timed out:
	 SocketTimeoutException
15:04:55.266 [Communicator] DEBUG TanksCommon.Communicator1 - Communicator run:
	 at beginning of run
15:04:55.266 [Communicator] DEBUG TanksCommon.Communicator1 - getMessage:
	 starting to try to get message
15:04:55.316 [Communicator] DEBUG TanksCommon.Communicator1 - getMessage socket timed out:
	 SocketTimeoutException
15:04:55.366 [Communicator] DEBUG TanksCommon.Communicator1 - Communicator run:
	 at beginning of run
15:04:55.366 [Communicator] DEBUG TanksCommon.Communicator1 - getMessage:
	 starting to try to get message
15:04:55.416 [Communicator] DEBUG TanksCommon.Communicator1 - getMessage socket timed out:
	 SocketTimeoutException
15:04:55.466 [Communicator] DEBUG TanksCommon.Communicator1 - Communicator run:
	 at beginning of run
15:04:55.466 [Communicator] DEBUG TanksCommon.Communicator1 - getMessage:
	 starting to try to get message
15:04:55.516 [Communicator] DEBUG TanksCommon.Communicator1 - getMessage socket timed out:
	 SocketTimeoutException
15:04:55.566 [Communicator] DEBUG TanksCommon.Communicator1 - Communicator run:
	 at beginning of run
15:04:55.566 [Communicator] DEBUG TanksCommon.Communicator1 - getMessage:
	 starting to try to get message
15:04:55.616 [Communicator] DEBUG TanksCommon.Communicator1 - getMessage socket timed out:
	 SocketTimeoutException
15:04:55.666 [Communicator] DEBUG TanksCommon.Communicator1 - Communicator run:
	 at beginning of run
15:04:55.666 [Communicator] DEBUG TanksCommon.Communicator1 - getMessage:
	 starting to try to get message
15:04:55.716 [Communicator] DEBUG TanksCommon.Communicator1 - getMessage socket timed out:
	 SocketTimeoutException
15:04:55.766 [Communicator] DEBUG TanksCommon.Communicator1 - Communicator run:
	 at beginning of run
15:04:55.766 [Communicator] DEBUG TanksCommon.Communicator1 - getMessage:
	 starting to try to get message
15:04:55.816 [Communicator] DEBUG TanksCommon.Communicator1 - getMessage socket timed out:
	 SocketTimeoutException
15:04:55.866 [Communicator] DEBUG TanksCommon.Communicator1 - Communicator run:
	 at beginning of run
15:04:55.866 [Communicator] DEBUG TanksCommon.Communicator1 - getMessage:
	 starting to try to get message
15:04:55.916 [Communicator] DEBUG TanksCommon.Communicator1 - getMessage socket timed out:
	 SocketTimeoutException
15:04:55.966 [Communicator] DEBUG TanksCommon.Communicator1 - Communicator run:
	 at beginning of run
15:04:55.966 [Communicator] DEBUG TanksCommon.Communicator1 - getMessage:
	 starting to try to get message
15:04:56.016 [Communicator] DEBUG TanksCommon.Communicator1 - getMessage socket timed out:
	 SocketTimeoutException
15:04:56.066 [Communicator] DEBUG TanksCommon.Communicator1 - Communicator run:
	 at beginning of run
15:04:56.066 [Communicator] DEBUG TanksCommon.Communicator1 - getMessage:
	 starting to try to get message
15:04:56.116 [Communicator] DEBUG TanksCommon.Communicator1 - getMessage socket timed out:
	 SocketTimeoutException
15:04:56.166 [Communicator] DEBUG TanksCommon.Communicator1 - Communicator run:
	 at beginning of run
15:04:56.166 [Communicator] DEBUG TanksCommon.Communicator1 - getMessage:
	 starting to try to get message
15:04:56.216 [Communicator] DEBUG TanksCommon.Communicator1 - getMessage socket timed out:
	 SocketTimeoutException
15:04:56.266 [Communicator] DEBUG TanksCommon.Communicator1 - Communicator run:
	 at beginning of run
15:04:56.266 [Communicator] DEBUG TanksCommon.Communicator1 - getMessage:
	 starting to try to get message
15:04:56.316 [Communicator] DEBUG TanksCommon.Communicator1 - getMessage socket timed out:
	 SocketTimeoutException
15:04:56.366 [Communicator] DEBUG TanksCommon.Communicator1 - Communicator run:
	 at beginning of run
15:04:56.366 [Communicator] DEBUG TanksCommon.Communicator1 - getMessage:
	 starting to try to get message
15:04:56.416 [Communicator] DEBUG TanksCommon.Communicator1 - getMessage socket timed out:
	 SocketTimeoutException
15:04:56.466 [Communicator] DEBUG TanksCommon.Communicator1 - Communicator run:
	 at beginning of run
15:04:56.466 [Communicator] DEBUG TanksCommon.Communicator1 - getMessage:
	 starting to try to get message
15:04:56.516 [Communicator] DEBUG TanksCommon.Communicator1 - getMessage socket timed out:
	 SocketTimeoutException
15:04:56.566 [Communicator] DEBUG TanksCommon.Communicator1 - Communicator run:
	 at beginning of run
15:04:56.566 [Communicator] DEBUG TanksCommon.Communicator1 - getMessage:
	 starting to try to get message
15:04:56.616 [Communicator] DEBUG TanksCommon.Communicator1 - getMessage socket timed out:
	 SocketTimeoutException
15:04:56.666 [Communicator] DEBUG TanksCommon.Communicator1 - Communicator run:
	 at beginning of run
15:04:56.666 [Communicator] DEBUG TanksCommon.Communicator1 - getMessage:
	 starting to try to get message
15:04:56.716 [Communicator] DEBUG TanksCommon.Communicator1 - getMessage socket timed out:
	 SocketTimeoutException
15:04:56.766 [Communicator] DEBUG TanksCommon.Communicator1 - Communicator run:
	 at beginning of run
15:04:56.766 [Communicator] DEBUG TanksCommon.Communicator1 - getMessage:
	 starting to try to get message
15:04:56.816 [Communicator] DEBUG TanksCommon.Communicator1 - getMessage socket timed out:
	 SocketTimeoutException
15:04:56.866 [Communicator] DEBUG TanksCommon.Communicator1 - Communicator run:
	 at beginning of run
15:04:56.866 [Communicator] DEBUG TanksCommon.Communicator1 - getMessage:
	 starting to try to get message
15:04:56.916 [Communicator] DEBUG TanksCommon.Communicator1 - getMessage socket timed out:
	 SocketTimeoutException
15:04:56.966 [Communicator] DEBUG TanksCommon.Communicator1 - Communicator run:
	 at beginning of run
15:04:56.966 [Communicator] DEBUG TanksCommon.Communicator1 - getMessage:
	 starting to try to get message
15:04:57.016 [Communicator] DEBUG TanksCommon.Communicator1 - getMessage socket timed out:
	 SocketTimeoutException
15:04:57.066 [Communicator] DEBUG TanksCommon.Communicator1 - Communicator run:
	 at beginning of run
15:04:57.066 [Communicator] DEBUG TanksCommon.Communicator1 - getMessage:
	 starting to try to get message
15:04:57.116 [Communicator] DEBUG TanksCommon.Communicator1 - getMessage socket timed out:
	 SocketTimeoutException
15:04:57.166 [Communicator] DEBUG TanksCommon.Communicator1 - Communicator run:
	 at beginning of run
15:04:57.166 [Communicator] DEBUG TanksCommon.Communicator1 - getMessage:
	 starting to try to get message
15:04:57.216 [Communicator] DEBUG TanksCommon.Communicator1 - getMessage socket timed out:
	 SocketTimeoutException
15:04:57.266 [Communicator] DEBUG TanksCommon.Communicator1 - Communicator run:
	 at beginning of run
15:04:57.266 [Communicator] DEBUG TanksCommon.Communicator1 - getMessage:
	 starting to try to get message
15:04:57.316 [Communicator] DEBUG TanksCommon.Communicator1 - getMessage socket timed out:
	 SocketTimeoutException
15:04:57.366 [Communicator] DEBUG TanksCommon.Communicator1 - Communicator run:
	 at beginning of run
15:04:57.366 [Communicator] DEBUG TanksCommon.Communicator1 - getMessage:
	 starting to try to get message
15:04:57.416 [Communicator] DEBUG TanksCommon.Communicator1 - getMessage socket timed out:
	 SocketTimeoutException
15:04:57.466 [Communicator] DEBUG TanksCommon.Communicator1 - Communicator run:
	 at beginning of run
15:04:57.466 [Communicator] DEBUG TanksCommon.Communicator1 - getMessage:
	 starting to try to get message
15:04:57.516 [Communicator] DEBUG TanksCommon.Communicator1 - getMessage socket timed out:
	 SocketTimeoutException
15:04:57.566 [Communicator] DEBUG TanksCommon.Communicator1 - Communicator run:
	 at beginning of run
15:04:57.566 [Communicator] DEBUG TanksCommon.Communicator1 - getMessage:
	 starting to try to get message
15:04:57.616 [Communicator] DEBUG TanksCommon.Communicator1 - getMessage socket timed out:
	 SocketTimeoutException
15:04:57.666 [Communicator] DEBUG TanksCommon.Communicator1 - Communicator run:
	 at beginning of run
15:04:57.666 [Communicator] DEBUG TanksCommon.Communicator1 - getMessage:
	 starting to try to get message
15:04:57.716 [Communicator] DEBUG TanksCommon.Communicator1 - getMessage socket timed out:
	 SocketTimeoutException
15:04:57.766 [Communicator] DEBUG TanksCommon.Communicator1 - Communicator run:
	 at beginning of run
15:04:57.766 [Communicator] DEBUG TanksCommon.Communicator1 - getMessage:
	 starting to try to get message
15:04:57.816 [Communicator] DEBUG TanksCommon.Communicator1 - getMessage socket timed out:
	 SocketTimeoutException
15:04:57.866 [Communicator] DEBUG TanksCommon.Communicator1 - Communicator run:
	 at beginning of run
15:04:57.866 [Communicator] DEBUG TanksCommon.Communicator1 - getMessage:
	 starting to try to get message
15:04:57.916 [Communicator] DEBUG TanksCommon.Communicator1 - getMessage socket timed out:
	 SocketTimeoutException
15:04:57.967 [Communicator] DEBUG TanksCommon.Communicator1 - Communicator run:
	 at beginning of run
15:04:57.967 [Communicator] DEBUG TanksCommon.Communicator1 - getMessage:
	 starting to try to get message
15:04:58.017 [Communicator] DEBUG TanksCommon.Communicator1 - getMessage socket timed out:
	 SocketTimeoutException
15:04:58.067 [Communicator] DEBUG TanksCommon.Communicator1 - Communicator run:
	 at beginning of run
15:04:58.067 [Communicator] DEBUG TanksCommon.Communicator1 - getMessage:
	 starting to try to get message
15:04:58.117 [Communicator] DEBUG TanksCommon.Communicator1 - getMessage socket timed out:
	 SocketTimeoutException
15:04:58.167 [Communicator] DEBUG TanksCommon.Communicator1 - Communicator run:
	 at beginning of run
15:04:58.167 [Communicator] DEBUG TanksCommon.Communicator1 - getMessage:
	 starting to try to get message
15:04:58.217 [Communicator] DEBUG TanksCommon.Communicator1 - getMessage socket timed out:
	 SocketTimeoutException
15:04:58.267 [Communicator] DEBUG TanksCommon.Communicator1 - Communicator run:
	 at beginning of run
15:04:58.267 [Communicator] DEBUG TanksCommon.Communicator1 - getMessage:
	 starting to try to get message
15:04:58.317 [Communicator] DEBUG TanksCommon.Communicator1 - getMessage socket timed out:
	 SocketTimeoutException
15:04:58.367 [Communicator] DEBUG TanksCommon.Communicator1 - Communicator run:
	 at beginning of run
15:04:58.367 [Communicator] DEBUG TanksCommon.Communicator1 - getMessage:
	 starting to try to get message
15:04:58.417 [Communicator] DEBUG TanksCommon.Communicator1 - getMessage socket timed out:
	 SocketTimeoutException
15:04:58.467 [Communicator] DEBUG TanksCommon.Communicator1 - Communicator run:
	 at beginning of run
15:04:58.467 [Communicator] DEBUG TanksCommon.Communicator1 - getMessage:
	 starting to try to get message
15:04:58.517 [Communicator] DEBUG TanksCommon.Communicator1 - getMessage socket timed out:
	 SocketTimeoutException
15:04:58.567 [Communicator] DEBUG TanksCommon.Communicator1 - Communicator run:
	 at beginning of run
15:04:58.567 [Communicator] DEBUG TanksCommon.Communicator1 - getMessage:
	 starting to try to get message
15:04:58.617 [Communicator] DEBUG TanksCommon.Communicator1 - getMessage socket timed out:
	 SocketTimeoutException
15:04:58.667 [Communicator] DEBUG TanksCommon.Communicator1 - Communicator run:
	 at beginning of run
15:04:58.667 [Communicator] DEBUG TanksCommon.Communicator1 - getMessage:
	 starting to try to get message
15:04:58.717 [Communicator] DEBUG TanksCommon.Communicator1 - getMessage socket timed out:
	 SocketTimeoutException
15:04:58.767 [Communicator] DEBUG TanksCommon.Communicator1 - Communicator run:
	 at beginning of run
15:04:58.767 [Communicator] DEBUG TanksCommon.Communicator1 - getMessage:
	 starting to try to get message
15:04:58.817 [Communicator] DEBUG TanksCommon.Communicator1 - getMessage socket timed out:
	 SocketTimeoutException
15:04:58.867 [Communicator] DEBUG TanksCommon.Communicator1 - Communicator run:
	 at beginning of run
15:04:58.867 [Communicator] DEBUG TanksCommon.Communicator1 - getMessage:
	 starting to try to get message
15:04:58.917 [Communicator] DEBUG TanksCommon.Communicator1 - getMessage socket timed out:
	 SocketTimeoutException
15:04:58.967 [Communicator] DEBUG TanksCommon.Communicator1 - Communicator run:
	 at beginning of run
15:04:58.967 [Communicator] DEBUG TanksCommon.Communicator1 - getMessage:
	 starting to try to get message
15:04:59.017 [Communicator] DEBUG TanksCommon.Communicator1 - getMessage socket timed out:
	 SocketTimeoutException
15:04:59.067 [Communicator] DEBUG TanksCommon.Communicator1 - Communicator run:
	 at beginning of run
15:04:59.067 [Communicator] DEBUG TanksCommon.Communicator1 - getMessage:
	 starting to try to get message
15:04:59.117 [Communicator] DEBUG TanksCommon.Communicator1 - getMessage socket timed out:
	 SocketTimeoutException
15:04:59.167 [Communicator] DEBUG TanksCommon.Communicator1 - Communicator run:
	 at beginning of run
15:04:59.167 [Communicator] DEBUG TanksCommon.Communicator1 - getMessage:
	 starting to try to get message
15:04:59.217 [Communicator] DEBUG TanksCommon.Communicator1 - getMessage socket timed out:
	 SocketTimeoutException
15:04:59.267 [Communicator] DEBUG TanksCommon.Communicator1 - Communicator run:
	 at beginning of run
15:04:59.267 [Communicator] DEBUG TanksCommon.Communicator1 - getMessage:
	 starting to try to get message
15:04:59.317 [Communicator] DEBUG TanksCommon.Communicator1 - getMessage socket timed out:
	 SocketTimeoutException
15:04:59.367 [Communicator] DEBUG TanksCommon.Communicator1 - Communicator run:
	 at beginning of run
15:04:59.367 [Communicator] DEBUG TanksCommon.Communicator1 - getMessage:
	 starting to try to get message
15:04:59.417 [Communicator] DEBUG TanksCommon.Communicator1 - getMessage socket timed out:
	 SocketTimeoutException
15:04:59.467 [Communicator] DEBUG TanksCommon.Communicator1 - Communicator run:
	 at beginning of run
15:04:59.467 [Communicator] DEBUG TanksCommon.Communicator1 - getMessage:
	 starting to try to get message
15:04:59.517 [Communicator] DEBUG TanksCommon.Communicator1 - getMessage socket timed out:
	 SocketTimeoutException
15:04:59.567 [Communicator] DEBUG TanksCommon.Communicator1 - Communicator run:
	 at beginning of run
15:04:59.567 [Communicator] DEBUG TanksCommon.Communicator1 - getMessage:
	 starting to try to get message
15:04:59.617 [Communicator] DEBUG TanksCommon.Communicator1 - getMessage socket timed out:
	 SocketTimeoutException
15:04:59.667 [Communicator] DEBUG TanksCommon.Communicator1 - Communicator run:
	 at beginning of run
15:04:59.667 [Communicator] DEBUG TanksCommon.Communicator1 - getMessage:
	 starting to try to get message
15:04:59.717 [Communicator] DEBUG TanksCommon.Communicator1 - getMessage socket timed out:
	 SocketTimeoutException
15:04:59.767 [Communicator] DEBUG TanksCommon.Communicator1 - Communicator run:
	 at beginning of run
15:04:59.767 [Communicator] DEBUG TanksCommon.Communicator1 - getMessage:
	 starting to try to get message
15:04:59.817 [Communicator] DEBUG TanksCommon.Communicator1 - getMessage socket timed out:
	 SocketTimeoutException
15:04:59.867 [Communicator] DEBUG TanksCommon.Communicator1 - Communicator run:
	 at beginning of run
15:04:59.867 [Communicator] DEBUG TanksCommon.Communicator1 - getMessage:
	 starting to try to get message
15:04:59.917 [Communicator] DEBUG TanksCommon.Communicator1 - getMessage socket timed out:
	 SocketTimeoutException
15:04:59.967 [Communicator] DEBUG TanksCommon.Communicator1 - Communicator run:
	 at beginning of run
15:04:59.967 [Communicator] DEBUG TanksCommon.Communicator1 - getMessage:
	 starting to try to get message
15:05:00.017 [Communicator] DEBUG TanksCommon.Communicator1 - getMessage socket timed out:
	 SocketTimeoutException
15:05:00.067 [Communicator] DEBUG TanksCommon.Communicator1 - Communicator run:
	 at beginning of run
15:05:00.067 [Communicator] DEBUG TanksCommon.Communicator1 - getMessage:
	 starting to try to get message
15:05:00.117 [Communicator] DEBUG TanksCommon.Communicator1 - getMessage socket timed out:
	 SocketTimeoutException
15:05:00.167 [Communicator] DEBUG TanksCommon.Communicator1 - Communicator run:
	 at beginning of run
15:05:00.167 [Communicator] DEBUG TanksCommon.Communicator1 - getMessage:
	 starting to try to get message
15:05:00.217 [Communicator] DEBUG TanksCommon.Communicator1 - getMessage socket timed out:
	 SocketTimeoutException
15:05:00.267 [Communicator] DEBUG TanksCommon.Communicator1 - Communicator run:
	 at beginning of run
15:05:00.267 [Communicator] DEBUG TanksCommon.Communicator1 - getMessage:
	 starting to try to get message
15:05:00.317 [Communicator] DEBUG TanksCommon.Communicator1 - getMessage socket timed out:
	 SocketTimeoutException
15:05:00.367 [Communicator] DEBUG TanksCommon.Communicator1 - Communicator run:
	 at beginning of run
15:05:00.367 [Communicator] DEBUG TanksCommon.Communicator1 - getMessage:
	 starting to try to get message
15:05:00.417 [Communicator] DEBUG TanksCommon.Communicator1 - getMessage socket timed out:
	 SocketTimeoutException
15:05:00.467 [Communicator] DEBUG TanksCommon.Communicator1 - Communicator run:
	 at beginning of run
15:05:00.467 [Communicator] DEBUG TanksCommon.Communicator1 - getMessage:
	 starting to try to get message
15:05:00.517 [Communicator] DEBUG TanksCommon.Communicator1 - getMessage socket timed out:
	 SocketTimeoutException
15:05:00.567 [Communicator] DEBUG TanksCommon.Communicator1 - Communicator run:
	 at beginning of run
15:05:00.567 [Communicator] DEBUG TanksCommon.Communicator1 - getMessage:
	 starting to try to get message
15:05:00.617 [Communicator] DEBUG TanksCommon.Communicator1 - getMessage socket timed out:
	 SocketTimeoutException
15:05:00.667 [Communicator] DEBUG TanksCommon.Communicator1 - Communicator run:
	 at beginning of run
15:05:00.667 [Communicator] DEBUG TanksCommon.Communicator1 - getMessage:
	 starting to try to get message
15:05:00.717 [Communicator] DEBUG TanksCommon.Communicator1 - getMessage socket timed out:
	 SocketTimeoutException
15:05:00.767 [Communicator] DEBUG TanksCommon.Communicator1 - Communicator run:
	 at beginning of run
15:05:00.767 [Communicator] DEBUG TanksCommon.Communicator1 - getMessage:
	 starting to try to get message
15:05:00.817 [Communicator] DEBUG TanksCommon.Communicator1 - getMessage socket timed out:
	 SocketTimeoutException
15:05:00.867 [Communicator] DEBUG TanksCommon.Communicator1 - Communicator run:
	 at beginning of run
15:05:00.867 [Communicator] DEBUG TanksCommon.Communicator1 - getMessage:
	 starting to try to get message
15:05:00.917 [Communicator] DEBUG TanksCommon.Communicator1 - getMessage socket timed out:
	 SocketTimeoutException
15:05:00.967 [Communicator] DEBUG TanksCommon.Communicator1 - Communicator run:
	 at beginning of run
15:05:00.967 [Communicator] DEBUG TanksCommon.Communicator1 - getMessage:
	 starting to try to get message
15:05:01.017 [Communicator] DEBUG TanksCommon.Communicator1 - getMessage socket timed out:
	 SocketTimeoutException
15:05:01.067 [Communicator] DEBUG TanksCommon.Communicator1 - Communicator run:
	 at beginning of run
15:05:01.067 [Communicator] DEBUG TanksCommon.Communicator1 - getMessage:
	 starting to try to get message
15:05:01.117 [Communicator] DEBUG TanksCommon.Communicator1 - getMessage socket timed out:
	 SocketTimeoutException
15:05:01.167 [Communicator] DEBUG TanksCommon.Communicator1 - Communicator run:
	 at beginning of run
15:05:01.167 [Communicator] DEBUG TanksCommon.Communicator1 - getMessage:
	 starting to try to get message
15:05:01.217 [Communicator] DEBUG TanksCommon.Communicator1 - getMessage socket timed out:
	 SocketTimeoutException
15:05:01.267 [Communicator] DEBUG TanksCommon.Communicator1 - Communicator run:
	 at beginning of run
15:05:01.267 [Communicator] DEBUG TanksCommon.Communicator1 - getMessage:
	 starting to try to get message
15:05:01.317 [Communicator] DEBUG TanksCommon.Communicator1 - getMessage socket timed out:
	 SocketTimeoutException
15:05:01.367 [Communicator] DEBUG TanksCommon.Communicator1 - Communicator run:
	 at beginning of run
15:05:01.367 [Communicator] DEBUG TanksCommon.Communicator1 - getMessage:
	 starting to try to get message
15:05:01.417 [Communicator] DEBUG TanksCommon.Communicator1 - getMessage socket timed out:
	 SocketTimeoutException
15:05:01.467 [Communicator] DEBUG TanksCommon.Communicator1 - Communicator run:
	 at beginning of run
15:05:01.467 [Communicator] DEBUG TanksCommon.Communicator1 - getMessage:
	 starting to try to get message
15:05:01.517 [Communicator] DEBUG TanksCommon.Communicator1 - getMessage socket timed out:
	 SocketTimeoutException
15:05:01.567 [Communicator] DEBUG TanksCommon.Communicator1 - Communicator run:
	 at beginning of run
15:05:01.567 [Communicator] DEBUG TanksCommon.Communicator1 - getMessage:
	 starting to try to get message
15:05:01.617 [Communicator] DEBUG TanksCommon.Communicator1 - getMessage socket timed out:
	 SocketTimeoutException
15:05:01.667 [Communicator] DEBUG TanksCommon.Communicator1 - Communicator run:
	 at beginning of run
15:05:01.667 [Communicator] DEBUG TanksCommon.Communicator1 - getMessage:
	 starting to try to get message
15:05:01.717 [Communicator] DEBUG TanksCommon.Communicator1 - getMessage socket timed out:
	 SocketTimeoutException
15:05:01.767 [Communicator] DEBUG TanksCommon.Communicator1 - Communicator run:
	 at beginning of run
15:05:01.767 [Communicator] DEBUG TanksCommon.Communicator1 - getMessage:
	 starting to try to get message
15:05:01.817 [Communicator] DEBUG TanksCommon.Communicator1 - getMessage socket timed out:
	 SocketTimeoutException
15:05:01.867 [Communicator] DEBUG TanksCommon.Communicator1 - Communicator run:
	 at beginning of run
15:05:01.867 [Communicator] DEBUG TanksCommon.Communicator1 - getMessage:
	 starting to try to get message
15:05:01.917 [Communicator] DEBUG TanksCommon.Communicator1 - getMessage socket timed out:
	 SocketTimeoutException
15:05:01.967 [Communicator] DEBUG TanksCommon.Communicator1 - Communicator run:
	 at beginning of run
15:05:01.967 [Communicator] DEBUG TanksCommon.Communicator1 - getMessage:
	 starting to try to get message
15:05:02.017 [Communicator] DEBUG TanksCommon.Communicator1 - getMessage socket timed out:
	 SocketTimeoutException
15:05:02.067 [Communicator] DEBUG TanksCommon.Communicator1 - Communicator run:
	 at beginning of run
15:05:02.067 [Communicator] DEBUG TanksCommon.Communicator1 - getMessage:
	 starting to try to get message
15:05:02.117 [Communicator] DEBUG TanksCommon.Communicator1 - getMessage socket timed out:
	 SocketTimeoutException
15:05:02.167 [Communicator] DEBUG TanksCommon.Communicator1 - Communicator run:
	 at beginning of run
15:05:02.167 [Communicator] DEBUG TanksCommon.Communicator1 - getMessage:
	 starting to try to get message
15:05:02.217 [Communicator] DEBUG TanksCommon.Communicator1 - getMessage socket timed out:
	 SocketTimeoutException
15:05:02.267 [Communicator] DEBUG TanksCommon.Communicator1 - Communicator run:
	 at beginning of run
15:05:02.267 [Communicator] DEBUG TanksCommon.Communicator1 - getMessage:
	 starting to try to get message
15:05:02.317 [Communicator] DEBUG TanksCommon.Communicator1 - getMessage socket timed out:
	 SocketTimeoutException
15:05:02.368 [Communicator] DEBUG TanksCommon.Communicator1 - Communicator run:
	 at beginning of run
15:05:02.368 [Communicator] DEBUG TanksCommon.Communicator1 - getMessage:
	 starting to try to get message
15:05:02.418 [Communicator] DEBUG TanksCommon.Communicator1 - getMessage socket timed out:
	 SocketTimeoutException
15:05:02.468 [Communicator] DEBUG TanksCommon.Communicator1 - Communicator run:
	 at beginning of run
15:05:02.468 [Communicator] DEBUG TanksCommon.Communicator1 - getMessage:
	 starting to try to get message
15:05:02.518 [Communicator] DEBUG TanksCommon.Communicator1 - getMessage socket timed out:
	 SocketTimeoutException
15:05:02.568 [Communicator] DEBUG TanksCommon.Communicator1 - Communicator run:
	 at beginning of run
15:05:02.568 [Communicator] DEBUG TanksCommon.Communicator1 - getMessage:
	 starting to try to get message
15:05:02.618 [Communicator] DEBUG TanksCommon.Communicator1 - getMessage socket timed out:
	 SocketTimeoutException
15:05:02.668 [Communicator] DEBUG TanksCommon.Communicator1 - Communicator run:
	 at beginning of run
15:05:02.668 [Communicator] DEBUG TanksCommon.Communicator1 - getMessage:
	 starting to try to get message
15:05:02.718 [Communicator] DEBUG TanksCommon.Communicator1 - getMessage socket timed out:
	 SocketTimeoutException
15:05:02.768 [Communicator] DEBUG TanksCommon.Communicator1 - Communicator run:
	 at beginning of run
15:05:02.768 [Communicator] DEBUG TanksCommon.Communicator1 - getMessage:
	 starting to try to get message
15:05:02.818 [Communicator] DEBUG TanksCommon.Communicator1 - getMessage socket timed out:
	 SocketTimeoutException
15:05:02.868 [Communicator] DEBUG TanksCommon.Communicator1 - Communicator run:
	 at beginning of run
15:05:02.868 [Communicator] DEBUG TanksCommon.Communicator1 - getMessage:
	 starting to try to get message
15:05:02.918 [Communicator] DEBUG TanksCommon.Communicator1 - getMessage socket timed out:
	 SocketTimeoutException
15:05:02.968 [Communicator] DEBUG TanksCommon.Communicator1 - Communicator run:
	 at beginning of run
15:05:02.968 [Communicator] DEBUG TanksCommon.Communicator1 - getMessage:
	 starting to try to get message
15:05:03.018 [Communicator] DEBUG TanksCommon.Communicator1 - getMessage socket timed out:
	 SocketTimeoutException
15:05:03.068 [Communicator] DEBUG TanksCommon.Communicator1 - Communicator run:
	 at beginning of run
15:05:03.068 [Communicator] DEBUG TanksCommon.Communicator1 - getMessage:
	 starting to try to get message
15:05:03.118 [Communicator] DEBUG TanksCommon.Communicator1 - getMessage socket timed out:
	 SocketTimeoutException
15:05:03.168 [Communicator] DEBUG TanksCommon.Communicator1 - Communicator run:
	 at beginning of run
15:05:03.168 [Communicator] DEBUG TanksCommon.Communicator1 - getMessage:
	 starting to try to get message
15:05:03.218 [Communicator] DEBUG TanksCommon.Communicator1 - getMessage socket timed out:
	 SocketTimeoutException
15:05:03.268 [Communicator] DEBUG TanksCommon.Communicator1 - Communicator run:
	 at beginning of run
15:05:03.268 [Communicator] DEBUG TanksCommon.Communicator1 - getMessage:
	 starting to try to get message
15:05:03.318 [Communicator] DEBUG TanksCommon.Communicator1 - getMessage socket timed out:
	 SocketTimeoutException
15:05:03.368 [Communicator] DEBUG TanksCommon.Communicator1 - Communicator run:
	 at beginning of run
15:05:03.368 [Communicator] DEBUG TanksCommon.Communicator1 - getMessage:
	 starting to try to get message
15:05:03.418 [Communicator] DEBUG TanksCommon.Communicator1 - getMessage socket timed out:
	 SocketTimeoutException
15:05:03.468 [Communicator] DEBUG TanksCommon.Communicator1 - Communicator run:
	 at beginning of run
15:05:03.469 [Communicator] DEBUG TanksCommon.Communicator1 - getMessage:
	 starting to try to get message
15:05:03.521 [Communicator] DEBUG TanksCommon.Communicator1 - getMessage socket timed out:
	 SocketTimeoutException
15:05:03.572 [Communicator] DEBUG TanksCommon.Communicator1 - Communicator run:
	 at beginning of run
15:05:03.573 [Communicator] DEBUG TanksCommon.Communicator1 - getMessage:
	 starting to try to get message
15:05:03.623 [Communicator] DEBUG TanksCommon.Communicator1 - getMessage socket timed out:
	 SocketTimeoutException
15:05:03.673 [Communicator] DEBUG TanksCommon.Communicator1 - Communicator run:
	 at beginning of run
15:05:03.673 [Communicator] DEBUG TanksCommon.Communicator1 - getMessage:
	 starting to try to get message
15:05:03.723 [Communicator] DEBUG TanksCommon.Communicator1 - getMessage socket timed out:
	 SocketTimeoutException
15:05:03.773 [Communicator] DEBUG TanksCommon.Communicator1 - Communicator run:
	 at beginning of run
15:05:03.773 [Communicator] DEBUG TanksCommon.Communicator1 - getMessage:
	 starting to try to get message
15:05:03.823 [Communicator] DEBUG TanksCommon.Communicator1 - getMessage socket timed out:
	 SocketTimeoutException
15:05:03.873 [Communicator] DEBUG TanksCommon.Communicator1 - Communicator run:
	 at beginning of run
15:05:03.873 [Communicator] DEBUG TanksCommon.Communicator1 - getMessage:
	 starting to try to get message
15:05:03.923 [Communicator] DEBUG TanksCommon.Communicator1 - getMessage socket timed out:
	 SocketTimeoutException
15:05:03.973 [Communicator] DEBUG TanksCommon.Communicator1 - Communicator run:
	 at beginning of run
15:05:03.973 [Communicator] DEBUG TanksCommon.Communicator1 - getMessage:
	 starting to try to get message
15:05:04.023 [Communicator] DEBUG TanksCommon.Communicator1 - getMessage socket timed out:
	 SocketTimeoutException
15:05:04.073 [Communicator] DEBUG TanksCommon.Communicator1 - Communicator run:
	 at beginning of run
15:05:04.073 [Communicator] DEBUG TanksCommon.Communicator1 - getMessage:
	 starting to try to get message
15:05:04.123 [Communicator] DEBUG TanksCommon.Communicator1 - getMessage socket timed out:
	 SocketTimeoutException
15:05:04.173 [Communicator] DEBUG TanksCommon.Communicator1 - Communicator run:
	 at beginning of run
15:05:04.173 [Communicator] DEBUG TanksCommon.Communicator1 - getMessage:
	 starting to try to get message
15:05:04.223 [Communicator] DEBUG TanksCommon.Communicator1 - getMessage socket timed out:
	 SocketTimeoutException
15:05:04.273 [Communicator] DEBUG TanksCommon.Communicator1 - Communicator run:
	 at beginning of run
15:05:04.273 [Communicator] DEBUG TanksCommon.Communicator1 - getMessage:
	 starting to try to get message
15:05:04.323 [Communicator] DEBUG TanksCommon.Communicator1 - getMessage socket timed out:
	 SocketTimeoutException
15:05:04.373 [Communicator] DEBUG TanksCommon.Communicator1 - Communicator run:
	 at beginning of run
15:05:04.373 [Communicator] DEBUG TanksCommon.Communicator1 - getMessage:
	 starting to try to get message
15:05:04.423 [Communicator] DEBUG TanksCommon.Communicator1 - getMessage socket timed out:
	 SocketTimeoutException
15:05:04.473 [Communicator] DEBUG TanksCommon.Communicator1 - Communicator run:
	 at beginning of run
15:05:04.473 [Communicator] DEBUG TanksCommon.Communicator1 - getMessage:
	 starting to try to get message
15:05:04.523 [Communicator] DEBUG TanksCommon.Communicator1 - getMessage socket timed out:
	 SocketTimeoutException
15:05:04.573 [Communicator] DEBUG TanksCommon.Communicator1 - Communicator run:
	 at beginning of run
15:05:04.573 [Communicator] DEBUG TanksCommon.Communicator1 - getMessage:
	 starting to try to get message
15:05:04.623 [Communicator] DEBUG TanksCommon.Communicator1 - getMessage socket timed out:
	 SocketTimeoutException
15:05:04.673 [Communicator] DEBUG TanksCommon.Communicator1 - Communicator run:
	 at beginning of run
15:05:04.673 [Communicator] DEBUG TanksCommon.Communicator1 - getMessage:
	 starting to try to get message
15:05:04.723 [Communicator] DEBUG TanksCommon.Communicator1 - getMessage socket timed out:
	 SocketTimeoutException
15:05:04.773 [Communicator] DEBUG TanksCommon.Communicator1 - Communicator run:
	 at beginning of run
15:05:04.773 [Communicator] DEBUG TanksCommon.Communicator1 - getMessage:
	 starting to try to get message
15:05:04.823 [Communicator] DEBUG TanksCommon.Communicator1 - getMessage socket timed out:
	 SocketTimeoutException
15:05:04.873 [Communicator] DEBUG TanksCommon.Communicator1 - Communicator run:
	 at beginning of run
15:05:04.873 [Communicator] DEBUG TanksCommon.Communicator1 - getMessage:
	 starting to try to get message
15:05:04.923 [Communicator] DEBUG TanksCommon.Communicator1 - getMessage socket timed out:
	 SocketTimeoutException
15:05:04.973 [Communicator] DEBUG TanksCommon.Communicator1 - Communicator run:
	 at beginning of run
15:05:04.973 [Communicator] DEBUG TanksCommon.Communicator1 - getMessage:
	 starting to try to get message
15:05:05.023 [Communicator] DEBUG TanksCommon.Communicator1 - getMessage socket timed out:
	 SocketTimeoutException
15:05:05.073 [Communicator] DEBUG TanksCommon.Communicator1 - Communicator run:
	 at beginning of run
15:05:05.073 [Communicator] DEBUG TanksCommon.Communicator1 - getMessage:
	 starting to try to get message
15:05:05.123 [Communicator] DEBUG TanksCommon.Communicator1 - getMessage socket timed out:
	 SocketTimeoutException
15:05:05.173 [Communicator] DEBUG TanksCommon.Communicator1 - Communicator run:
	 at beginning of run
15:05:05.173 [Communicator] DEBUG TanksCommon.Communicator1 - getMessage:
	 starting to try to get message
15:05:05.223 [Communicator] DEBUG TanksCommon.Communicator1 - getMessage socket timed out:
	 SocketTimeoutException
15:05:05.273 [Communicator] DEBUG TanksCommon.Communicator1 - Communicator run:
	 at beginning of run
15:05:05.273 [Communicator] DEBUG TanksCommon.Communicator1 - getMessage:
	 starting to try to get message
15:05:05.317 [JavaFX Application Thread] DEBUG TanksCommon.Communicator1 - BackgroundThread Stop:
	 Stopping Thread
15:05:05.323 [Communicator] DEBUG TanksCommon.Communicator1 - getMessage socket timed out:
	 SocketTimeoutException
15:05:06.317 [JavaFX Application Thread] DEBUG TanksCommon.Communicator1 - BackgroundThread Stop:
	 Thread Stopped
