17:16:22.192 [JavaFX Application Thread] INFO  TanksCommon.Communicator1 - Communicator initializeSocket:
	 Socket initialized
17:16:22.194 [JavaFX Application Thread] INFO  TanksCommon.Communicator1 - BackgroundThread Start: 
	Thread Started
17:16:48.461 [Communicator] INFO  TanksCommon.Communicator1 - Communicator run:
	 outputQueue not empty, trying to send the message
17:16:48.462 [Communicator] INFO  TanksCommon.Communicator1 - Communicator sendMessage
	 Starting to try to send message of length: 70
17:16:48.462 [Communicator] INFO  TanksCommon.Communicator1 - Communicator sendMessage
	 Sent successfully length: 70
17:16:48.616 [Communicator] INFO  TanksCommon.Communicator1 - Communicator run:
	 adding envelope to inputQueue
17:16:55.021 [Communicator] INFO  TanksCommon.Communicator1 - Communicator run:
	 outputQueue not empty, trying to send the message
17:16:55.021 [Communicator] INFO  TanksCommon.Communicator1 - Communicator sendMessage
	 Starting to try to send message of length: 54
17:16:55.021 [Communicator] INFO  TanksCommon.Communicator1 - Communicator sendMessage
	 Sent successfully length: 54
17:16:55.171 [Communicator] INFO  TanksCommon.Communicator1 - Communicator run:
	 adding envelope to inputQueue
17:17:06.278 [Communicator] INFO  TanksCommon.Communicator1 - Communicator run:
	 outputQueue not empty, trying to send the message
17:17:06.278 [Communicator] INFO  TanksCommon.Communicator1 - Communicator sendMessage
	 Starting to try to send message of length: 54
17:17:06.278 [Communicator] INFO  TanksCommon.Communicator1 - Communicator sendMessage
	 Sent successfully length: 54
17:17:06.428 [Communicator] INFO  TanksCommon.Communicator1 - Communicator run:
	 adding envelope to inputQueue
17:17:07.929 [Communicator] INFO  TanksCommon.Communicator1 - Communicator run:
	 outputQueue not empty, trying to send the message
17:17:07.929 [Communicator] INFO  TanksCommon.Communicator1 - Communicator sendMessage
	 Starting to try to send message of length: 54
17:17:07.929 [Communicator] INFO  TanksCommon.Communicator1 - Communicator sendMessage
	 Sent successfully length: 54
17:17:08.079 [Communicator] INFO  TanksCommon.Communicator1 - Communicator run:
	 adding envelope to inputQueue
17:17:08.880 [Communicator] INFO  TanksCommon.Communicator1 - Communicator run:
	 outputQueue not empty, trying to send the message
17:17:08.880 [Communicator] INFO  TanksCommon.Communicator1 - Communicator sendMessage
	 Starting to try to send message of length: 54
17:17:08.880 [Communicator] INFO  TanksCommon.Communicator1 - Communicator sendMessage
	 Sent successfully length: 54
17:17:09.030 [Communicator] INFO  TanksCommon.Communicator1 - Communicator run:
	 adding envelope to inputQueue
17:17:11.832 [Communicator] INFO  TanksCommon.Communicator1 - Communicator run:
	 outputQueue not empty, trying to send the message
17:17:11.832 [Communicator] INFO  TanksCommon.Communicator1 - Communicator sendMessage
	 Starting to try to send message of length: 54
17:17:11.832 [Communicator] INFO  TanksCommon.Communicator1 - Communicator sendMessage
	 Sent successfully length: 54
17:17:11.982 [Communicator] INFO  TanksCommon.Communicator1 - Communicator run:
	 adding envelope to inputQueue
17:17:13.283 [Communicator] INFO  TanksCommon.Communicator1 - Communicator run:
	 outputQueue not empty, trying to send the message
17:17:13.283 [Communicator] INFO  TanksCommon.Communicator1 - Communicator sendMessage
	 Starting to try to send message of length: 54
17:17:13.283 [Communicator] INFO  TanksCommon.Communicator1 - Communicator sendMessage
	 Sent successfully length: 54
17:17:13.433 [Communicator] INFO  TanksCommon.Communicator1 - Communicator run:
	 adding envelope to inputQueue
17:17:13.833 [Communicator] INFO  TanksCommon.Communicator1 - Communicator run:
	 outputQueue not empty, trying to send the message
17:17:13.833 [Communicator] INFO  TanksCommon.Communicator1 - Communicator sendMessage
	 Starting to try to send message of length: 54
17:17:13.833 [Communicator] INFO  TanksCommon.Communicator1 - Communicator sendMessage
	 Sent successfully length: 54
17:17:13.983 [Communicator] INFO  TanksCommon.Communicator1 - Communicator run:
	 adding envelope to inputQueue
17:17:14.083 [Communicator] INFO  TanksCommon.Communicator1 - Communicator run:
	 outputQueue not empty, trying to send the message
17:17:14.083 [Communicator] INFO  TanksCommon.Communicator1 - Communicator sendMessage
	 Starting to try to send message of length: 54
17:17:14.083 [Communicator] INFO  TanksCommon.Communicator1 - Communicator sendMessage
	 Sent successfully length: 54
17:17:14.183 [Communicator] INFO  TanksCommon.Communicator1 - Communicator run:
	 outputQueue not empty, trying to send the message
17:17:14.183 [Communicator] INFO  TanksCommon.Communicator1 - Communicator sendMessage
	 Starting to try to send message of length: 54
17:17:14.183 [Communicator] INFO  TanksCommon.Communicator1 - Communicator sendMessage
	 Sent successfully length: 54
17:17:14.233 [Communicator] INFO  TanksCommon.Communicator1 - Communicator run:
	 adding envelope to inputQueue
17:17:14.283 [Communicator] INFO  TanksCommon.Communicator1 - Communicator run:
	 adding envelope to inputQueue
17:17:14.383 [Communicator] INFO  TanksCommon.Communicator1 - Communicator run:
	 outputQueue not empty, trying to send the message
17:17:14.383 [Communicator] INFO  TanksCommon.Communicator1 - Communicator sendMessage
	 Starting to try to send message of length: 54
17:17:14.383 [Communicator] INFO  TanksCommon.Communicator1 - Communicator sendMessage
	 Sent successfully length: 54
17:17:14.483 [Communicator] INFO  TanksCommon.Communicator1 - Communicator run:
	 outputQueue not empty, trying to send the message
17:17:14.483 [Communicator] INFO  TanksCommon.Communicator1 - Communicator sendMessage
	 Starting to try to send message of length: 54
17:17:14.483 [Communicator] INFO  TanksCommon.Communicator1 - Communicator sendMessage
	 Sent successfully length: 54
17:17:14.533 [Communicator] INFO  TanksCommon.Communicator1 - Communicator run:
	 adding envelope to inputQueue
17:17:14.584 [Communicator] INFO  TanksCommon.Communicator1 - Communicator run:
	 adding envelope to inputQueue
17:17:14.684 [Communicator] INFO  TanksCommon.Communicator1 - Communicator run:
	 outputQueue not empty, trying to send the message
17:17:14.684 [Communicator] INFO  TanksCommon.Communicator1 - Communicator sendMessage
	 Starting to try to send message of length: 54
17:17:14.684 [Communicator] INFO  TanksCommon.Communicator1 - Communicator sendMessage
	 Sent successfully length: 54
17:17:14.784 [Communicator] INFO  TanksCommon.Communicator1 - Communicator run:
	 outputQueue not empty, trying to send the message
17:17:14.784 [Communicator] INFO  TanksCommon.Communicator1 - Communicator sendMessage
	 Starting to try to send message of length: 54
17:17:14.784 [Communicator] INFO  TanksCommon.Communicator1 - Communicator sendMessage
	 Sent successfully length: 54
17:17:14.834 [Communicator] INFO  TanksCommon.Communicator1 - Communicator run:
	 adding envelope to inputQueue
17:17:14.884 [Communicator] INFO  TanksCommon.Communicator1 - Communicator run:
	 adding envelope to inputQueue
17:17:14.984 [Communicator] INFO  TanksCommon.Communicator1 - Communicator run:
	 outputQueue not empty, trying to send the message
17:17:14.984 [Communicator] INFO  TanksCommon.Communicator1 - Communicator sendMessage
	 Starting to try to send message of length: 54
17:17:14.984 [Communicator] INFO  TanksCommon.Communicator1 - Communicator sendMessage
	 Sent successfully length: 54
17:17:15.134 [Communicator] INFO  TanksCommon.Communicator1 - Communicator run:
	 adding envelope to inputQueue
17:17:15.134 [Communicator] INFO  TanksCommon.Communicator1 - Communicator run:
	 outputQueue not empty, trying to send the message
17:17:15.134 [Communicator] INFO  TanksCommon.Communicator1 - Communicator sendMessage
	 Starting to try to send message of length: 54
17:17:15.134 [Communicator] INFO  TanksCommon.Communicator1 - Communicator sendMessage
	 Sent successfully length: 54
17:17:15.284 [Communicator] INFO  TanksCommon.Communicator1 - Communicator run:
	 adding envelope to inputQueue
17:17:15.284 [Communicator] INFO  TanksCommon.Communicator1 - Communicator run:
	 outputQueue not empty, trying to send the message
17:17:15.284 [Communicator] INFO  TanksCommon.Communicator1 - Communicator sendMessage
	 Starting to try to send message of length: 54
17:17:15.284 [Communicator] INFO  TanksCommon.Communicator1 - Communicator sendMessage
	 Sent successfully length: 54
17:17:15.434 [Communicator] INFO  TanksCommon.Communicator1 - Communicator run:
	 adding envelope to inputQueue
17:17:15.434 [Communicator] INFO  TanksCommon.Communicator1 - Communicator run:
	 outputQueue not empty, trying to send the message
17:17:15.434 [Communicator] INFO  TanksCommon.Communicator1 - Communicator sendMessage
	 Starting to try to send message of length: 54
17:17:15.434 [Communicator] INFO  TanksCommon.Communicator1 - Communicator sendMessage
	 Sent successfully length: 54
17:17:15.584 [Communicator] INFO  TanksCommon.Communicator1 - Communicator run:
	 adding envelope to inputQueue
17:17:15.584 [Communicator] INFO  TanksCommon.Communicator1 - Communicator run:
	 outputQueue not empty, trying to send the message
17:17:15.584 [Communicator] INFO  TanksCommon.Communicator1 - Communicator sendMessage
	 Starting to try to send message of length: 54
17:17:15.584 [Communicator] INFO  TanksCommon.Communicator1 - Communicator sendMessage
	 Sent successfully length: 54
17:17:15.734 [Communicator] INFO  TanksCommon.Communicator1 - Communicator run:
	 adding envelope to inputQueue
17:17:15.734 [Communicator] INFO  TanksCommon.Communicator1 - Communicator run:
	 outputQueue not empty, trying to send the message
17:17:15.734 [Communicator] INFO  TanksCommon.Communicator1 - Communicator sendMessage
	 Starting to try to send message of length: 54
17:17:15.734 [Communicator] INFO  TanksCommon.Communicator1 - Communicator sendMessage
	 Sent successfully length: 54
17:17:15.884 [Communicator] INFO  TanksCommon.Communicator1 - Communicator run:
	 adding envelope to inputQueue
17:20:25.667 [JavaFX Application Thread] INFO  TanksCommon.Communicator1 - BackgroundThread Stop:
	 Stopping Thread
17:20:26.668 [JavaFX Application Thread] INFO  TanksCommon.Communicator1 - BackgroundThread Stop:
	 Thread Stopped
