12:08:34.637 [JavaFX Application Thread] DEBUG TanksCommon.Communicator1 - Communicator constructor:
	 communicator created
12:08:34.637 [JavaFX Application Thread] INFO  TanksCommon.Communicator1 - Communicator initializeSocket:
	 Socket initialized
12:08:34.639 [JavaFX Application Thread] DEBUG TanksCommon.Communicator1 - BackgroundThread Start: 
	Thread Started
12:08:34.639 [Communicator] DEBUG TanksCommon.Communicator1 - Communicator run:
	 at beginning of run
12:08:34.639 [Communicator] DEBUG TanksCommon.Communicator1 - getMessage:
	 starting to try to get message
12:08:34.689 [Communicator] DEBUG TanksCommon.Communicator1 - getMessage socket timed out:
	 SocketTimeoutException
12:08:34.739 [Communicator] DEBUG TanksCommon.Communicator1 - Communicator run:
	 at beginning of run
12:08:34.739 [Communicator] DEBUG TanksCommon.Communicator1 - getMessage:
	 starting to try to get message
12:08:34.789 [Communicator] DEBUG TanksCommon.Communicator1 - getMessage socket timed out:
	 SocketTimeoutException
12:08:34.839 [Communicator] DEBUG TanksCommon.Communicator1 - Communicator run:
	 at beginning of run
12:08:34.839 [Communicator] DEBUG TanksCommon.Communicator1 - getMessage:
	 starting to try to get message
12:08:34.889 [Communicator] DEBUG TanksCommon.Communicator1 - getMessage socket timed out:
	 SocketTimeoutException
12:08:34.939 [Communicator] DEBUG TanksCommon.Communicator1 - Communicator run:
	 at beginning of run
12:08:34.939 [Communicator] DEBUG TanksCommon.Communicator1 - getMessage:
	 starting to try to get message
12:08:34.989 [Communicator] DEBUG TanksCommon.Communicator1 - getMessage socket timed out:
	 SocketTimeoutException
12:08:35.039 [Communicator] DEBUG TanksCommon.Communicator1 - Communicator run:
	 at beginning of run
12:08:35.039 [Communicator] DEBUG TanksCommon.Communicator1 - getMessage:
	 starting to try to get message
12:08:35.089 [Communicator] DEBUG TanksCommon.Communicator1 - getMessage socket timed out:
	 SocketTimeoutException
12:08:35.139 [Communicator] DEBUG TanksCommon.Communicator1 - Communicator run:
	 at beginning of run
12:08:35.139 [Communicator] DEBUG TanksCommon.Communicator1 - getMessage:
	 starting to try to get message
12:08:35.189 [Communicator] DEBUG TanksCommon.Communicator1 - getMessage socket timed out:
	 SocketTimeoutException
12:08:35.239 [Communicator] DEBUG TanksCommon.Communicator1 - Communicator run:
	 at beginning of run
12:08:35.239 [Communicator] DEBUG TanksCommon.Communicator1 - getMessage:
	 starting to try to get message
12:08:35.289 [Communicator] DEBUG TanksCommon.Communicator1 - getMessage socket timed out:
	 SocketTimeoutException
12:08:35.339 [Communicator] DEBUG TanksCommon.Communicator1 - Communicator run:
	 at beginning of run
12:08:35.339 [Communicator] DEBUG TanksCommon.Communicator1 - getMessage:
	 starting to try to get message
12:08:35.389 [Communicator] DEBUG TanksCommon.Communicator1 - getMessage socket timed out:
	 SocketTimeoutException
12:08:35.439 [Communicator] DEBUG TanksCommon.Communicator1 - Communicator run:
	 at beginning of run
12:08:35.439 [Communicator] DEBUG TanksCommon.Communicator1 - getMessage:
	 starting to try to get message
12:08:35.489 [Communicator] DEBUG TanksCommon.Communicator1 - getMessage socket timed out:
	 SocketTimeoutException
12:08:35.539 [Communicator] DEBUG TanksCommon.Communicator1 - Communicator run:
	 at beginning of run
12:08:35.539 [Communicator] DEBUG TanksCommon.Communicator1 - getMessage:
	 starting to try to get message
12:08:35.589 [Communicator] DEBUG TanksCommon.Communicator1 - getMessage socket timed out:
	 SocketTimeoutException
12:08:35.639 [Communicator] DEBUG TanksCommon.Communicator1 - Communicator run:
	 at beginning of run
12:08:35.639 [Communicator] DEBUG TanksCommon.Communicator1 - getMessage:
	 starting to try to get message
12:08:35.689 [Communicator] DEBUG TanksCommon.Communicator1 - getMessage socket timed out:
	 SocketTimeoutException
12:08:35.739 [Communicator] DEBUG TanksCommon.Communicator1 - Communicator run:
	 at beginning of run
12:08:35.739 [Communicator] DEBUG TanksCommon.Communicator1 - getMessage:
	 starting to try to get message
12:08:35.789 [Communicator] DEBUG TanksCommon.Communicator1 - getMessage socket timed out:
	 SocketTimeoutException
12:08:35.840 [Communicator] DEBUG TanksCommon.Communicator1 - Communicator run:
	 at beginning of run
12:08:35.840 [Communicator] DEBUG TanksCommon.Communicator1 - getMessage:
	 starting to try to get message
12:08:35.890 [Communicator] DEBUG TanksCommon.Communicator1 - getMessage socket timed out:
	 SocketTimeoutException
12:08:35.940 [Communicator] DEBUG TanksCommon.Communicator1 - Communicator run:
	 at beginning of run
12:08:35.940 [Communicator] DEBUG TanksCommon.Communicator1 - getMessage:
	 starting to try to get message
12:08:35.990 [Communicator] DEBUG TanksCommon.Communicator1 - getMessage socket timed out:
	 SocketTimeoutException
12:08:36.040 [Communicator] DEBUG TanksCommon.Communicator1 - Communicator run:
	 at beginning of run
12:08:36.040 [Communicator] DEBUG TanksCommon.Communicator1 - getMessage:
	 starting to try to get message
12:08:36.090 [Communicator] DEBUG TanksCommon.Communicator1 - getMessage socket timed out:
	 SocketTimeoutException
12:08:36.140 [Communicator] DEBUG TanksCommon.Communicator1 - Communicator run:
	 at beginning of run
12:08:36.140 [Communicator] DEBUG TanksCommon.Communicator1 - getMessage:
	 starting to try to get message
12:08:36.190 [Communicator] DEBUG TanksCommon.Communicator1 - getMessage socket timed out:
	 SocketTimeoutException
12:08:36.240 [Communicator] DEBUG TanksCommon.Communicator1 - Communicator run:
	 at beginning of run
12:08:36.240 [Communicator] DEBUG TanksCommon.Communicator1 - getMessage:
	 starting to try to get message
12:08:36.290 [Communicator] DEBUG TanksCommon.Communicator1 - getMessage socket timed out:
	 SocketTimeoutException
12:08:36.340 [Communicator] DEBUG TanksCommon.Communicator1 - Communicator run:
	 at beginning of run
12:08:36.340 [Communicator] DEBUG TanksCommon.Communicator1 - getMessage:
	 starting to try to get message
12:08:36.390 [Communicator] DEBUG TanksCommon.Communicator1 - getMessage socket timed out:
	 SocketTimeoutException
12:08:36.440 [Communicator] DEBUG TanksCommon.Communicator1 - Communicator run:
	 at beginning of run
12:08:36.440 [Communicator] DEBUG TanksCommon.Communicator1 - getMessage:
	 starting to try to get message
12:08:36.490 [Communicator] DEBUG TanksCommon.Communicator1 - getMessage socket timed out:
	 SocketTimeoutException
12:08:36.540 [Communicator] DEBUG TanksCommon.Communicator1 - Communicator run:
	 at beginning of run
12:08:36.540 [Communicator] DEBUG TanksCommon.Communicator1 - getMessage:
	 starting to try to get message
12:08:36.590 [Communicator] DEBUG TanksCommon.Communicator1 - getMessage socket timed out:
	 SocketTimeoutException
12:08:36.640 [Communicator] DEBUG TanksCommon.Communicator1 - Communicator run:
	 at beginning of run
12:08:36.640 [Communicator] DEBUG TanksCommon.Communicator1 - getMessage:
	 starting to try to get message
12:08:36.690 [Communicator] DEBUG TanksCommon.Communicator1 - getMessage socket timed out:
	 SocketTimeoutException
12:08:36.740 [Communicator] DEBUG TanksCommon.Communicator1 - Communicator run:
	 at beginning of run
12:08:36.740 [Communicator] DEBUG TanksCommon.Communicator1 - getMessage:
	 starting to try to get message
12:08:36.790 [Communicator] DEBUG TanksCommon.Communicator1 - getMessage socket timed out:
	 SocketTimeoutException
12:08:36.840 [Communicator] DEBUG TanksCommon.Communicator1 - Communicator run:
	 at beginning of run
12:08:36.840 [Communicator] DEBUG TanksCommon.Communicator1 - getMessage:
	 starting to try to get message
12:08:36.890 [Communicator] DEBUG TanksCommon.Communicator1 - getMessage socket timed out:
	 SocketTimeoutException
12:08:36.940 [Communicator] DEBUG TanksCommon.Communicator1 - Communicator run:
	 at beginning of run
12:08:36.940 [Communicator] DEBUG TanksCommon.Communicator1 - getMessage:
	 starting to try to get message
12:08:36.990 [Communicator] DEBUG TanksCommon.Communicator1 - getMessage socket timed out:
	 SocketTimeoutException
12:08:37.040 [Communicator] DEBUG TanksCommon.Communicator1 - Communicator run:
	 at beginning of run
12:08:37.040 [Communicator] DEBUG TanksCommon.Communicator1 - getMessage:
	 starting to try to get message
12:08:37.090 [Communicator] DEBUG TanksCommon.Communicator1 - getMessage socket timed out:
	 SocketTimeoutException
12:08:37.140 [Communicator] DEBUG TanksCommon.Communicator1 - Communicator run:
	 at beginning of run
12:08:37.140 [Communicator] DEBUG TanksCommon.Communicator1 - getMessage:
	 starting to try to get message
12:08:37.190 [Communicator] DEBUG TanksCommon.Communicator1 - getMessage socket timed out:
	 SocketTimeoutException
12:08:37.240 [Communicator] DEBUG TanksCommon.Communicator1 - Communicator run:
	 at beginning of run
12:08:37.240 [Communicator] DEBUG TanksCommon.Communicator1 - getMessage:
	 starting to try to get message
12:08:37.290 [Communicator] DEBUG TanksCommon.Communicator1 - getMessage socket timed out:
	 SocketTimeoutException
12:08:37.341 [Communicator] DEBUG TanksCommon.Communicator1 - Communicator run:
	 at beginning of run
12:08:37.341 [Communicator] DEBUG TanksCommon.Communicator1 - getMessage:
	 starting to try to get message
12:08:37.391 [Communicator] DEBUG TanksCommon.Communicator1 - getMessage socket timed out:
	 SocketTimeoutException
12:08:37.441 [Communicator] DEBUG TanksCommon.Communicator1 - Communicator run:
	 at beginning of run
12:08:37.441 [Communicator] DEBUG TanksCommon.Communicator1 - getMessage:
	 starting to try to get message
12:08:37.491 [Communicator] DEBUG TanksCommon.Communicator1 - getMessage socket timed out:
	 SocketTimeoutException
12:08:37.541 [Communicator] DEBUG TanksCommon.Communicator1 - Communicator run:
	 at beginning of run
12:08:37.541 [Communicator] DEBUG TanksCommon.Communicator1 - getMessage:
	 starting to try to get message
12:08:37.591 [Communicator] DEBUG TanksCommon.Communicator1 - getMessage socket timed out:
	 SocketTimeoutException
12:08:37.641 [Communicator] DEBUG TanksCommon.Communicator1 - Communicator run:
	 at beginning of run
12:08:37.641 [Communicator] DEBUG TanksCommon.Communicator1 - getMessage:
	 starting to try to get message
12:08:37.691 [Communicator] DEBUG TanksCommon.Communicator1 - getMessage socket timed out:
	 SocketTimeoutException
12:08:37.741 [Communicator] DEBUG TanksCommon.Communicator1 - Communicator run:
	 at beginning of run
12:08:37.741 [Communicator] DEBUG TanksCommon.Communicator1 - getMessage:
	 starting to try to get message
12:08:37.791 [Communicator] DEBUG TanksCommon.Communicator1 - getMessage socket timed out:
	 SocketTimeoutException
12:08:37.841 [Communicator] DEBUG TanksCommon.Communicator1 - Communicator run:
	 at beginning of run
12:08:37.841 [Communicator] DEBUG TanksCommon.Communicator1 - getMessage:
	 starting to try to get message
12:08:37.891 [Communicator] DEBUG TanksCommon.Communicator1 - getMessage socket timed out:
	 SocketTimeoutException
12:08:37.941 [Communicator] DEBUG TanksCommon.Communicator1 - Communicator run:
	 at beginning of run
12:08:37.941 [Communicator] DEBUG TanksCommon.Communicator1 - getMessage:
	 starting to try to get message
12:08:37.991 [Communicator] DEBUG TanksCommon.Communicator1 - getMessage socket timed out:
	 SocketTimeoutException
12:08:38.041 [Communicator] DEBUG TanksCommon.Communicator1 - Communicator run:
	 at beginning of run
12:08:38.041 [Communicator] DEBUG TanksCommon.Communicator1 - getMessage:
	 starting to try to get message
12:08:38.091 [Communicator] DEBUG TanksCommon.Communicator1 - getMessage socket timed out:
	 SocketTimeoutException
12:08:38.141 [Communicator] DEBUG TanksCommon.Communicator1 - Communicator run:
	 at beginning of run
12:08:38.141 [Communicator] DEBUG TanksCommon.Communicator1 - getMessage:
	 starting to try to get message
12:08:38.191 [Communicator] DEBUG TanksCommon.Communicator1 - getMessage socket timed out:
	 SocketTimeoutException
12:08:38.241 [Communicator] DEBUG TanksCommon.Communicator1 - Communicator run:
	 at beginning of run
12:08:38.241 [Communicator] DEBUG TanksCommon.Communicator1 - getMessage:
	 starting to try to get message
12:08:38.291 [Communicator] DEBUG TanksCommon.Communicator1 - getMessage socket timed out:
	 SocketTimeoutException
12:08:38.341 [Communicator] DEBUG TanksCommon.Communicator1 - Communicator run:
	 at beginning of run
12:08:38.341 [Communicator] DEBUG TanksCommon.Communicator1 - getMessage:
	 starting to try to get message
12:08:38.391 [Communicator] DEBUG TanksCommon.Communicator1 - getMessage socket timed out:
	 SocketTimeoutException
12:08:38.441 [Communicator] DEBUG TanksCommon.Communicator1 - Communicator run:
	 at beginning of run
12:08:38.441 [Communicator] DEBUG TanksCommon.Communicator1 - getMessage:
	 starting to try to get message
12:08:38.491 [Communicator] DEBUG TanksCommon.Communicator1 - getMessage socket timed out:
	 SocketTimeoutException
12:08:38.541 [Communicator] DEBUG TanksCommon.Communicator1 - Communicator run:
	 at beginning of run
12:08:38.541 [Communicator] DEBUG TanksCommon.Communicator1 - getMessage:
	 starting to try to get message
12:08:38.591 [Communicator] DEBUG TanksCommon.Communicator1 - getMessage socket timed out:
	 SocketTimeoutException
12:08:38.641 [Communicator] DEBUG TanksCommon.Communicator1 - Communicator run:
	 at beginning of run
12:08:38.641 [Communicator] DEBUG TanksCommon.Communicator1 - getMessage:
	 starting to try to get message
12:08:38.691 [Communicator] DEBUG TanksCommon.Communicator1 - getMessage socket timed out:
	 SocketTimeoutException
12:08:38.741 [Communicator] DEBUG TanksCommon.Communicator1 - Communicator run:
	 at beginning of run
12:08:38.741 [Communicator] DEBUG TanksCommon.Communicator1 - getMessage:
	 starting to try to get message
12:08:38.791 [Communicator] DEBUG TanksCommon.Communicator1 - getMessage socket timed out:
	 SocketTimeoutException
12:08:38.841 [Communicator] DEBUG TanksCommon.Communicator1 - Communicator run:
	 at beginning of run
12:08:38.841 [Communicator] DEBUG TanksCommon.Communicator1 - getMessage:
	 starting to try to get message
12:08:38.892 [Communicator] DEBUG TanksCommon.Communicator1 - getMessage socket timed out:
	 SocketTimeoutException
12:08:38.942 [Communicator] DEBUG TanksCommon.Communicator1 - Communicator run:
	 at beginning of run
12:08:38.942 [Communicator] DEBUG TanksCommon.Communicator1 - getMessage:
	 starting to try to get message
12:08:38.992 [Communicator] DEBUG TanksCommon.Communicator1 - getMessage socket timed out:
	 SocketTimeoutException
12:08:39.042 [Communicator] DEBUG TanksCommon.Communicator1 - Communicator run:
	 at beginning of run
12:08:39.042 [Communicator] DEBUG TanksCommon.Communicator1 - getMessage:
	 starting to try to get message
12:08:39.092 [Communicator] DEBUG TanksCommon.Communicator1 - getMessage socket timed out:
	 SocketTimeoutException
12:08:39.142 [Communicator] DEBUG TanksCommon.Communicator1 - Communicator run:
	 at beginning of run
12:08:39.142 [Communicator] DEBUG TanksCommon.Communicator1 - getMessage:
	 starting to try to get message
12:08:39.192 [Communicator] DEBUG TanksCommon.Communicator1 - getMessage socket timed out:
	 SocketTimeoutException
12:08:39.242 [Communicator] DEBUG TanksCommon.Communicator1 - Communicator run:
	 at beginning of run
12:08:39.242 [Communicator] DEBUG TanksCommon.Communicator1 - getMessage:
	 starting to try to get message
12:08:39.292 [Communicator] DEBUG TanksCommon.Communicator1 - getMessage socket timed out:
	 SocketTimeoutException
12:08:39.342 [Communicator] DEBUG TanksCommon.Communicator1 - Communicator run:
	 at beginning of run
12:08:39.342 [Communicator] DEBUG TanksCommon.Communicator1 - getMessage:
	 starting to try to get message
12:08:39.392 [Communicator] DEBUG TanksCommon.Communicator1 - getMessage socket timed out:
	 SocketTimeoutException
12:08:39.442 [Communicator] DEBUG TanksCommon.Communicator1 - Communicator run:
	 at beginning of run
12:08:39.442 [Communicator] DEBUG TanksCommon.Communicator1 - getMessage:
	 starting to try to get message
12:08:39.492 [Communicator] DEBUG TanksCommon.Communicator1 - getMessage socket timed out:
	 SocketTimeoutException
12:08:39.542 [Communicator] DEBUG TanksCommon.Communicator1 - Communicator run:
	 at beginning of run
12:08:39.542 [Communicator] DEBUG TanksCommon.Communicator1 - getMessage:
	 starting to try to get message
12:08:39.592 [Communicator] DEBUG TanksCommon.Communicator1 - getMessage socket timed out:
	 SocketTimeoutException
12:08:39.642 [Communicator] DEBUG TanksCommon.Communicator1 - Communicator run:
	 at beginning of run
12:08:39.642 [Communicator] DEBUG TanksCommon.Communicator1 - getMessage:
	 starting to try to get message
12:08:39.692 [Communicator] DEBUG TanksCommon.Communicator1 - getMessage socket timed out:
	 SocketTimeoutException
12:08:39.742 [Communicator] DEBUG TanksCommon.Communicator1 - Communicator run:
	 at beginning of run
12:08:39.742 [Communicator] DEBUG TanksCommon.Communicator1 - getMessage:
	 starting to try to get message
12:08:39.792 [Communicator] DEBUG TanksCommon.Communicator1 - getMessage socket timed out:
	 SocketTimeoutException
12:08:39.842 [Communicator] DEBUG TanksCommon.Communicator1 - Communicator run:
	 at beginning of run
12:08:39.842 [Communicator] DEBUG TanksCommon.Communicator1 - getMessage:
	 starting to try to get message
12:08:39.892 [Communicator] DEBUG TanksCommon.Communicator1 - getMessage socket timed out:
	 SocketTimeoutException
12:08:39.942 [Communicator] DEBUG TanksCommon.Communicator1 - Communicator run:
	 at beginning of run
12:08:39.942 [Communicator] DEBUG TanksCommon.Communicator1 - getMessage:
	 starting to try to get message
12:08:39.992 [Communicator] DEBUG TanksCommon.Communicator1 - getMessage socket timed out:
	 SocketTimeoutException
12:08:40.042 [Communicator] DEBUG TanksCommon.Communicator1 - Communicator run:
	 at beginning of run
12:08:40.042 [Communicator] DEBUG TanksCommon.Communicator1 - getMessage:
	 starting to try to get message
12:08:40.092 [Communicator] DEBUG TanksCommon.Communicator1 - getMessage socket timed out:
	 SocketTimeoutException
12:08:40.142 [Communicator] DEBUG TanksCommon.Communicator1 - Communicator run:
	 at beginning of run
12:08:40.142 [Communicator] DEBUG TanksCommon.Communicator1 - getMessage:
	 starting to try to get message
12:08:40.192 [Communicator] DEBUG TanksCommon.Communicator1 - getMessage socket timed out:
	 SocketTimeoutException
12:08:40.242 [Communicator] DEBUG TanksCommon.Communicator1 - Communicator run:
	 at beginning of run
12:08:40.242 [Communicator] DEBUG TanksCommon.Communicator1 - getMessage:
	 starting to try to get message
12:08:40.292 [Communicator] DEBUG TanksCommon.Communicator1 - getMessage socket timed out:
	 SocketTimeoutException
12:08:40.342 [Communicator] DEBUG TanksCommon.Communicator1 - Communicator run:
	 at beginning of run
12:08:40.342 [Communicator] DEBUG TanksCommon.Communicator1 - getMessage:
	 starting to try to get message
12:08:40.393 [Communicator] DEBUG TanksCommon.Communicator1 - getMessage socket timed out:
	 SocketTimeoutException
12:08:40.443 [Communicator] DEBUG TanksCommon.Communicator1 - Communicator run:
	 at beginning of run
12:08:40.443 [Communicator] DEBUG TanksCommon.Communicator1 - getMessage:
	 starting to try to get message
12:08:40.493 [Communicator] DEBUG TanksCommon.Communicator1 - getMessage socket timed out:
	 SocketTimeoutException
12:08:40.543 [Communicator] DEBUG TanksCommon.Communicator1 - Communicator run:
	 at beginning of run
12:08:40.543 [Communicator] DEBUG TanksCommon.Communicator1 - getMessage:
	 starting to try to get message
12:08:40.593 [Communicator] DEBUG TanksCommon.Communicator1 - getMessage socket timed out:
	 SocketTimeoutException
12:08:40.643 [Communicator] DEBUG TanksCommon.Communicator1 - Communicator run:
	 at beginning of run
12:08:40.643 [Communicator] DEBUG TanksCommon.Communicator1 - getMessage:
	 starting to try to get message
12:08:40.693 [Communicator] DEBUG TanksCommon.Communicator1 - getMessage socket timed out:
	 SocketTimeoutException
12:08:40.743 [Communicator] DEBUG TanksCommon.Communicator1 - Communicator run:
	 at beginning of run
12:08:40.743 [Communicator] DEBUG TanksCommon.Communicator1 - getMessage:
	 starting to try to get message
12:08:40.793 [Communicator] DEBUG TanksCommon.Communicator1 - getMessage socket timed out:
	 SocketTimeoutException
12:08:40.843 [Communicator] DEBUG TanksCommon.Communicator1 - Communicator run:
	 at beginning of run
12:08:40.843 [Communicator] DEBUG TanksCommon.Communicator1 - getMessage:
	 starting to try to get message
12:08:40.893 [Communicator] DEBUG TanksCommon.Communicator1 - getMessage socket timed out:
	 SocketTimeoutException
12:08:40.943 [Communicator] DEBUG TanksCommon.Communicator1 - Communicator run:
	 at beginning of run
12:08:40.943 [Communicator] DEBUG TanksCommon.Communicator1 - getMessage:
	 starting to try to get message
12:08:40.993 [Communicator] DEBUG TanksCommon.Communicator1 - getMessage socket timed out:
	 SocketTimeoutException
12:08:41.043 [Communicator] DEBUG TanksCommon.Communicator1 - Communicator run:
	 at beginning of run
12:08:41.043 [Communicator] DEBUG TanksCommon.Communicator1 - getMessage:
	 starting to try to get message
12:08:41.093 [Communicator] DEBUG TanksCommon.Communicator1 - getMessage socket timed out:
	 SocketTimeoutException
12:08:41.143 [Communicator] DEBUG TanksCommon.Communicator1 - Communicator run:
	 at beginning of run
12:08:41.143 [Communicator] DEBUG TanksCommon.Communicator1 - getMessage:
	 starting to try to get message
12:08:41.193 [Communicator] DEBUG TanksCommon.Communicator1 - getMessage socket timed out:
	 SocketTimeoutException
12:08:41.243 [Communicator] DEBUG TanksCommon.Communicator1 - Communicator run:
	 at beginning of run
12:08:41.243 [Communicator] DEBUG TanksCommon.Communicator1 - getMessage:
	 starting to try to get message
12:08:41.293 [Communicator] DEBUG TanksCommon.Communicator1 - getMessage socket timed out:
	 SocketTimeoutException
12:08:41.343 [Communicator] DEBUG TanksCommon.Communicator1 - Communicator run:
	 at beginning of run
12:08:41.343 [Communicator] DEBUG TanksCommon.Communicator1 - getMessage:
	 starting to try to get message
12:08:41.393 [Communicator] DEBUG TanksCommon.Communicator1 - getMessage socket timed out:
	 SocketTimeoutException
12:08:41.443 [Communicator] DEBUG TanksCommon.Communicator1 - Communicator run:
	 at beginning of run
12:08:41.443 [Communicator] DEBUG TanksCommon.Communicator1 - getMessage:
	 starting to try to get message
12:08:41.493 [Communicator] DEBUG TanksCommon.Communicator1 - getMessage socket timed out:
	 SocketTimeoutException
12:08:41.543 [Communicator] DEBUG TanksCommon.Communicator1 - Communicator run:
	 at beginning of run
12:08:41.543 [Communicator] DEBUG TanksCommon.Communicator1 - getMessage:
	 starting to try to get message
12:08:41.593 [Communicator] DEBUG TanksCommon.Communicator1 - getMessage socket timed out:
	 SocketTimeoutException
12:08:41.643 [Communicator] DEBUG TanksCommon.Communicator1 - Communicator run:
	 at beginning of run
12:08:41.643 [Communicator] DEBUG TanksCommon.Communicator1 - getMessage:
	 starting to try to get message
12:08:41.693 [Communicator] DEBUG TanksCommon.Communicator1 - getMessage socket timed out:
	 SocketTimeoutException
12:08:41.743 [Communicator] DEBUG TanksCommon.Communicator1 - Communicator run:
	 at beginning of run
12:08:41.743 [Communicator] DEBUG TanksCommon.Communicator1 - getMessage:
	 starting to try to get message
12:08:41.793 [Communicator] DEBUG TanksCommon.Communicator1 - getMessage socket timed out:
	 SocketTimeoutException
12:08:41.843 [Communicator] DEBUG TanksCommon.Communicator1 - Communicator run:
	 at beginning of run
12:08:41.843 [Communicator] DEBUG TanksCommon.Communicator1 - getMessage:
	 starting to try to get message
12:08:41.893 [Communicator] DEBUG TanksCommon.Communicator1 - getMessage socket timed out:
	 SocketTimeoutException
12:08:41.944 [Communicator] DEBUG TanksCommon.Communicator1 - Communicator run:
	 at beginning of run
12:08:41.944 [Communicator] DEBUG TanksCommon.Communicator1 - getMessage:
	 starting to try to get message
12:08:41.994 [Communicator] DEBUG TanksCommon.Communicator1 - getMessage socket timed out:
	 SocketTimeoutException
12:08:42.044 [Communicator] DEBUG TanksCommon.Communicator1 - Communicator run:
	 at beginning of run
12:08:42.044 [Communicator] DEBUG TanksCommon.Communicator1 - getMessage:
	 starting to try to get message
12:08:42.094 [Communicator] DEBUG TanksCommon.Communicator1 - getMessage socket timed out:
	 SocketTimeoutException
12:08:42.144 [Communicator] DEBUG TanksCommon.Communicator1 - Communicator run:
	 at beginning of run
12:08:42.144 [Communicator] DEBUG TanksCommon.Communicator1 - getMessage:
	 starting to try to get message
12:08:42.194 [Communicator] DEBUG TanksCommon.Communicator1 - getMessage socket timed out:
	 SocketTimeoutException
12:08:42.244 [Communicator] DEBUG TanksCommon.Communicator1 - Communicator run:
	 at beginning of run
12:08:42.244 [Communicator] DEBUG TanksCommon.Communicator1 - getMessage:
	 starting to try to get message
12:08:42.294 [Communicator] DEBUG TanksCommon.Communicator1 - getMessage socket timed out:
	 SocketTimeoutException
12:08:42.344 [Communicator] DEBUG TanksCommon.Communicator1 - Communicator run:
	 at beginning of run
12:08:42.344 [Communicator] DEBUG TanksCommon.Communicator1 - getMessage:
	 starting to try to get message
12:08:42.394 [Communicator] DEBUG TanksCommon.Communicator1 - getMessage socket timed out:
	 SocketTimeoutException
12:08:42.444 [Communicator] DEBUG TanksCommon.Communicator1 - Communicator run:
	 at beginning of run
12:08:42.444 [Communicator] DEBUG TanksCommon.Communicator1 - getMessage:
	 starting to try to get message
12:08:42.494 [Communicator] DEBUG TanksCommon.Communicator1 - getMessage socket timed out:
	 SocketTimeoutException
12:08:42.544 [Communicator] DEBUG TanksCommon.Communicator1 - Communicator run:
	 at beginning of run
12:08:42.544 [Communicator] DEBUG TanksCommon.Communicator1 - getMessage:
	 starting to try to get message
12:08:42.594 [Communicator] DEBUG TanksCommon.Communicator1 - getMessage socket timed out:
	 SocketTimeoutException
12:08:42.644 [Communicator] DEBUG TanksCommon.Communicator1 - Communicator run:
	 at beginning of run
12:08:42.644 [Communicator] DEBUG TanksCommon.Communicator1 - getMessage:
	 starting to try to get message
12:08:42.694 [Communicator] DEBUG TanksCommon.Communicator1 - getMessage socket timed out:
	 SocketTimeoutException
12:08:42.744 [Communicator] DEBUG TanksCommon.Communicator1 - Communicator run:
	 at beginning of run
12:08:42.744 [Communicator] DEBUG TanksCommon.Communicator1 - getMessage:
	 starting to try to get message
12:08:42.794 [Communicator] DEBUG TanksCommon.Communicator1 - getMessage socket timed out:
	 SocketTimeoutException
12:08:42.844 [Communicator] DEBUG TanksCommon.Communicator1 - Communicator run:
	 at beginning of run
12:08:42.844 [Communicator] DEBUG TanksCommon.Communicator1 - getMessage:
	 starting to try to get message
12:08:42.894 [Communicator] DEBUG TanksCommon.Communicator1 - getMessage socket timed out:
	 SocketTimeoutException
12:08:42.944 [Communicator] DEBUG TanksCommon.Communicator1 - Communicator run:
	 at beginning of run
12:08:42.944 [Communicator] DEBUG TanksCommon.Communicator1 - getMessage:
	 starting to try to get message
12:08:42.994 [Communicator] DEBUG TanksCommon.Communicator1 - getMessage socket timed out:
	 SocketTimeoutException
12:08:43.044 [Communicator] DEBUG TanksCommon.Communicator1 - Communicator run:
	 at beginning of run
12:08:43.044 [Communicator] DEBUG TanksCommon.Communicator1 - getMessage:
	 starting to try to get message
12:08:43.094 [Communicator] DEBUG TanksCommon.Communicator1 - getMessage socket timed out:
	 SocketTimeoutException
12:08:43.144 [Communicator] DEBUG TanksCommon.Communicator1 - Communicator run:
	 at beginning of run
12:08:43.144 [Communicator] DEBUG TanksCommon.Communicator1 - getMessage:
	 starting to try to get message
12:08:43.194 [Communicator] DEBUG TanksCommon.Communicator1 - getMessage socket timed out:
	 SocketTimeoutException
12:08:43.244 [Communicator] DEBUG TanksCommon.Communicator1 - Communicator run:
	 at beginning of run
12:08:43.244 [Communicator] DEBUG TanksCommon.Communicator1 - getMessage:
	 starting to try to get message
12:08:43.294 [Communicator] DEBUG TanksCommon.Communicator1 - getMessage socket timed out:
	 SocketTimeoutException
12:08:43.344 [Communicator] DEBUG TanksCommon.Communicator1 - Communicator run:
	 at beginning of run
12:08:43.344 [Communicator] DEBUG TanksCommon.Communicator1 - getMessage:
	 starting to try to get message
12:08:43.394 [Communicator] DEBUG TanksCommon.Communicator1 - getMessage socket timed out:
	 SocketTimeoutException
12:08:43.445 [Communicator] DEBUG TanksCommon.Communicator1 - Communicator run:
	 at beginning of run
12:08:43.445 [Communicator] DEBUG TanksCommon.Communicator1 - getMessage:
	 starting to try to get message
12:08:43.495 [Communicator] DEBUG TanksCommon.Communicator1 - getMessage socket timed out:
	 SocketTimeoutException
12:08:43.545 [Communicator] DEBUG TanksCommon.Communicator1 - Communicator run:
	 at beginning of run
12:08:43.545 [Communicator] DEBUG TanksCommon.Communicator1 - getMessage:
	 starting to try to get message
12:08:43.595 [Communicator] DEBUG TanksCommon.Communicator1 - getMessage socket timed out:
	 SocketTimeoutException
12:08:43.645 [Communicator] DEBUG TanksCommon.Communicator1 - Communicator run:
	 at beginning of run
12:08:43.645 [Communicator] DEBUG TanksCommon.Communicator1 - getMessage:
	 starting to try to get message
12:08:43.695 [Communicator] DEBUG TanksCommon.Communicator1 - getMessage socket timed out:
	 SocketTimeoutException
12:08:43.745 [Communicator] DEBUG TanksCommon.Communicator1 - Communicator run:
	 at beginning of run
12:08:43.745 [Communicator] DEBUG TanksCommon.Communicator1 - getMessage:
	 starting to try to get message
12:08:43.795 [Communicator] DEBUG TanksCommon.Communicator1 - getMessage socket timed out:
	 SocketTimeoutException
12:08:43.845 [Communicator] DEBUG TanksCommon.Communicator1 - Communicator run:
	 at beginning of run
12:08:43.845 [Communicator] DEBUG TanksCommon.Communicator1 - getMessage:
	 starting to try to get message
12:08:43.895 [Communicator] DEBUG TanksCommon.Communicator1 - getMessage socket timed out:
	 SocketTimeoutException
12:08:43.945 [Communicator] DEBUG TanksCommon.Communicator1 - Communicator run:
	 at beginning of run
12:08:43.945 [Communicator] DEBUG TanksCommon.Communicator1 - getMessage:
	 starting to try to get message
12:08:43.995 [Communicator] DEBUG TanksCommon.Communicator1 - getMessage socket timed out:
	 SocketTimeoutException
12:08:44.045 [Communicator] DEBUG TanksCommon.Communicator1 - Communicator run:
	 at beginning of run
12:08:44.045 [Communicator] DEBUG TanksCommon.Communicator1 - getMessage:
	 starting to try to get message
12:08:44.095 [Communicator] DEBUG TanksCommon.Communicator1 - getMessage socket timed out:
	 SocketTimeoutException
12:08:44.145 [Communicator] DEBUG TanksCommon.Communicator1 - Communicator run:
	 at beginning of run
12:08:44.145 [Communicator] DEBUG TanksCommon.Communicator1 - getMessage:
	 starting to try to get message
12:08:44.195 [Communicator] DEBUG TanksCommon.Communicator1 - getMessage socket timed out:
	 SocketTimeoutException
12:08:44.245 [Communicator] DEBUG TanksCommon.Communicator1 - Communicator run:
	 at beginning of run
12:08:44.245 [Communicator] DEBUG TanksCommon.Communicator1 - getMessage:
	 starting to try to get message
12:08:44.295 [Communicator] DEBUG TanksCommon.Communicator1 - getMessage socket timed out:
	 SocketTimeoutException
12:08:44.345 [Communicator] DEBUG TanksCommon.Communicator1 - Communicator run:
	 at beginning of run
12:08:44.345 [Communicator] DEBUG TanksCommon.Communicator1 - getMessage:
	 starting to try to get message
12:08:44.395 [Communicator] DEBUG TanksCommon.Communicator1 - getMessage socket timed out:
	 SocketTimeoutException
12:08:44.445 [Communicator] DEBUG TanksCommon.Communicator1 - Communicator run:
	 at beginning of run
12:08:44.445 [Communicator] DEBUG TanksCommon.Communicator1 - getMessage:
	 starting to try to get message
12:08:44.495 [Communicator] DEBUG TanksCommon.Communicator1 - getMessage socket timed out:
	 SocketTimeoutException
12:08:44.545 [Communicator] DEBUG TanksCommon.Communicator1 - Communicator run:
	 at beginning of run
12:08:44.545 [Communicator] DEBUG TanksCommon.Communicator1 - getMessage:
	 starting to try to get message
12:08:44.595 [Communicator] DEBUG TanksCommon.Communicator1 - getMessage socket timed out:
	 SocketTimeoutException
12:08:44.645 [Communicator] DEBUG TanksCommon.Communicator1 - Communicator run:
	 at beginning of run
12:08:44.645 [Communicator] DEBUG TanksCommon.Communicator1 - getMessage:
	 starting to try to get message
12:08:44.695 [Communicator] DEBUG TanksCommon.Communicator1 - getMessage socket timed out:
	 SocketTimeoutException
12:08:44.745 [Communicator] DEBUG TanksCommon.Communicator1 - Communicator run:
	 at beginning of run
12:08:44.745 [Communicator] DEBUG TanksCommon.Communicator1 - getMessage:
	 starting to try to get message
12:08:44.795 [Communicator] DEBUG TanksCommon.Communicator1 - getMessage socket timed out:
	 SocketTimeoutException
12:08:44.845 [Communicator] DEBUG TanksCommon.Communicator1 - Communicator run:
	 at beginning of run
12:08:44.845 [Communicator] DEBUG TanksCommon.Communicator1 - getMessage:
	 starting to try to get message
12:08:44.895 [Communicator] DEBUG TanksCommon.Communicator1 - getMessage socket timed out:
	 SocketTimeoutException
12:08:44.946 [Communicator] DEBUG TanksCommon.Communicator1 - Communicator run:
	 at beginning of run
12:08:44.946 [Communicator] DEBUG TanksCommon.Communicator1 - getMessage:
	 starting to try to get message
12:08:44.996 [Communicator] DEBUG TanksCommon.Communicator1 - getMessage socket timed out:
	 SocketTimeoutException
12:08:44.996 [Communicator] DEBUG TanksCommon.Communicator1 - Communicator run:
	 outputQueue not empty, trying to send the message
12:08:44.997 [Communicator] DEBUG TanksCommon.Communicator1 - Communicator sendMessage
	 Starting to try to send message of length: 70
12:08:44.997 [Communicator] DEBUG TanksCommon.Communicator1 - Communicator sendMessage
	 Sent successfully length: 70
12:08:45.047 [Communicator] DEBUG TanksCommon.Communicator1 - Communicator run:
	 at beginning of run
12:08:45.047 [Communicator] DEBUG TanksCommon.Communicator1 - getMessage:
	 starting to try to get message
12:08:45.097 [Communicator] DEBUG TanksCommon.Communicator1 - getMessage socket timed out:
	 SocketTimeoutException
12:08:45.147 [Communicator] DEBUG TanksCommon.Communicator1 - Communicator run:
	 at beginning of run
12:08:45.147 [Communicator] DEBUG TanksCommon.Communicator1 - getMessage:
	 starting to try to get message
12:08:45.197 [Communicator] DEBUG TanksCommon.Communicator1 - getMessage socket timed out:
	 SocketTimeoutException
12:08:45.247 [Communicator] DEBUG TanksCommon.Communicator1 - Communicator run:
	 at beginning of run
12:08:45.247 [Communicator] DEBUG TanksCommon.Communicator1 - getMessage:
	 starting to try to get message
12:08:45.297 [Communicator] DEBUG TanksCommon.Communicator1 - getMessage socket timed out:
	 SocketTimeoutException
12:08:45.347 [Communicator] DEBUG TanksCommon.Communicator1 - Communicator run:
	 at beginning of run
12:08:45.347 [Communicator] DEBUG TanksCommon.Communicator1 - getMessage:
	 starting to try to get message
12:08:45.397 [Communicator] DEBUG TanksCommon.Communicator1 - getMessage socket timed out:
	 SocketTimeoutException
12:08:45.447 [Communicator] DEBUG TanksCommon.Communicator1 - Communicator run:
	 at beginning of run
12:08:45.447 [Communicator] DEBUG TanksCommon.Communicator1 - getMessage:
	 starting to try to get message
12:08:45.497 [Communicator] DEBUG TanksCommon.Communicator1 - getMessage socket timed out:
	 SocketTimeoutException
12:08:45.547 [Communicator] DEBUG TanksCommon.Communicator1 - Communicator run:
	 at beginning of run
12:08:45.547 [Communicator] DEBUG TanksCommon.Communicator1 - getMessage:
	 starting to try to get message
12:08:45.597 [Communicator] DEBUG TanksCommon.Communicator1 - getMessage socket timed out:
	 SocketTimeoutException
12:08:45.647 [Communicator] DEBUG TanksCommon.Communicator1 - Communicator run:
	 at beginning of run
12:08:45.647 [Communicator] DEBUG TanksCommon.Communicator1 - getMessage:
	 starting to try to get message
12:08:45.697 [Communicator] DEBUG TanksCommon.Communicator1 - getMessage socket timed out:
	 SocketTimeoutException
12:08:45.747 [Communicator] DEBUG TanksCommon.Communicator1 - Communicator run:
	 at beginning of run
12:08:45.747 [Communicator] DEBUG TanksCommon.Communicator1 - getMessage:
	 starting to try to get message
12:08:45.797 [Communicator] DEBUG TanksCommon.Communicator1 - getMessage socket timed out:
	 SocketTimeoutException
12:08:45.847 [Communicator] DEBUG TanksCommon.Communicator1 - Communicator run:
	 at beginning of run
12:08:45.847 [Communicator] DEBUG TanksCommon.Communicator1 - getMessage:
	 starting to try to get message
12:08:45.897 [Communicator] DEBUG TanksCommon.Communicator1 - getMessage socket timed out:
	 SocketTimeoutException
12:08:45.947 [Communicator] DEBUG TanksCommon.Communicator1 - Communicator run:
	 at beginning of run
12:08:45.947 [Communicator] DEBUG TanksCommon.Communicator1 - getMessage:
	 starting to try to get message
12:08:45.997 [Communicator] DEBUG TanksCommon.Communicator1 - getMessage socket timed out:
	 SocketTimeoutException
12:08:46.047 [Communicator] DEBUG TanksCommon.Communicator1 - Communicator run:
	 at beginning of run
12:08:46.047 [Communicator] DEBUG TanksCommon.Communicator1 - getMessage:
	 starting to try to get message
12:08:46.097 [Communicator] DEBUG TanksCommon.Communicator1 - getMessage socket timed out:
	 SocketTimeoutException
12:08:46.147 [Communicator] DEBUG TanksCommon.Communicator1 - Communicator run:
	 at beginning of run
12:08:46.147 [Communicator] DEBUG TanksCommon.Communicator1 - getMessage:
	 starting to try to get message
12:08:46.197 [Communicator] DEBUG TanksCommon.Communicator1 - getMessage socket timed out:
	 SocketTimeoutException
12:08:46.247 [Communicator] DEBUG TanksCommon.Communicator1 - Communicator run:
	 at beginning of run
12:08:46.247 [Communicator] DEBUG TanksCommon.Communicator1 - getMessage:
	 starting to try to get message
12:08:46.297 [Communicator] DEBUG TanksCommon.Communicator1 - getMessage socket timed out:
	 SocketTimeoutException
12:08:46.347 [Communicator] DEBUG TanksCommon.Communicator1 - Communicator run:
	 at beginning of run
12:08:46.347 [Communicator] DEBUG TanksCommon.Communicator1 - getMessage:
	 starting to try to get message
12:08:46.397 [Communicator] DEBUG TanksCommon.Communicator1 - getMessage socket timed out:
	 SocketTimeoutException
12:08:46.447 [Communicator] DEBUG TanksCommon.Communicator1 - Communicator run:
	 at beginning of run
12:08:46.447 [Communicator] DEBUG TanksCommon.Communicator1 - getMessage:
	 starting to try to get message
12:08:46.498 [Communicator] DEBUG TanksCommon.Communicator1 - getMessage socket timed out:
	 SocketTimeoutException
12:08:46.548 [Communicator] DEBUG TanksCommon.Communicator1 - Communicator run:
	 at beginning of run
12:08:46.548 [Communicator] DEBUG TanksCommon.Communicator1 - getMessage:
	 starting to try to get message
12:08:46.598 [Communicator] DEBUG TanksCommon.Communicator1 - getMessage socket timed out:
	 SocketTimeoutException
12:08:46.648 [Communicator] DEBUG TanksCommon.Communicator1 - Communicator run:
	 at beginning of run
12:08:46.648 [Communicator] DEBUG TanksCommon.Communicator1 - getMessage:
	 starting to try to get message
12:08:46.698 [Communicator] DEBUG TanksCommon.Communicator1 - getMessage socket timed out:
	 SocketTimeoutException
12:08:46.748 [Communicator] DEBUG TanksCommon.Communicator1 - Communicator run:
	 at beginning of run
12:08:46.748 [Communicator] DEBUG TanksCommon.Communicator1 - getMessage:
	 starting to try to get message
12:08:46.792 [JavaFX Application Thread] DEBUG TanksCommon.Communicator1 - BackgroundThread Stop:
	 Stopping Thread
12:08:46.798 [Communicator] DEBUG TanksCommon.Communicator1 - getMessage socket timed out:
	 SocketTimeoutException
12:08:47.792 [JavaFX Application Thread] DEBUG TanksCommon.Communicator1 - BackgroundThread Stop:
	 Thread Stopped
