16:10:27.398 [main] DEBUG TanksCommon.Communicator2 - Communicator constructor:
	 communicator created
16:10:27.399 [main] INFO  TanksCommon.Communicator2 - Communicator initializeSocket:
	 Socket initialized
16:10:27.399 [main] DEBUG TanksCommon.Communicator3 - Communicator constructor:
	 communicator created
16:10:27.399 [main] INFO  TanksCommon.Communicator3 - Communicator initializeSocket:
	 Socket initialized
16:10:27.400 [main] DEBUG TanksCommon.Model.TanksModel - TanksModel add
	Added conversation to conversations
16:10:27.401 [main] DEBUG Conversation.Conversation - Conversation sendMessageTo
	 message added to communicator output queue
16:10:27.401 [main] DEBUG C.ClientFillConversation - ClientFillConversation sendShellRequest
	sent fill request
16:10:27.402 [main] DEBUG C.ClientFillConversation - ClientFillConversation start
	started fill conversation
16:10:32.402 [Timer-1] DEBUG Conversation.Conversation - Conversation sendMessageTo
	 message added to communicator output queue
16:10:32.402 [Timer-1] DEBUG C.ClientFillConversation - ClientFillConversation sendShellRequest
	sent fill request
16:10:37.403 [Timer-1] DEBUG Conversation.Conversation - Conversation sendMessageTo
	 message added to communicator output queue
16:10:37.403 [Timer-1] DEBUG C.ClientFillConversation - ClientFillConversation sendShellRequest
	sent fill request
16:10:37.403 [Timer-1] DEBUG C.ClientFillConversation - ClientGunpowderConversation resendTask
	hit retry limit, retrying last time
