17:29:19.722 [main] DEBUG TanksCommon.Communicator2 - Communicator constructor:
	 communicator created
17:29:19.722 [main] INFO  TanksCommon.Communicator2 - Communicator initializeSocket:
	 Socket initialized
17:29:19.725 [main] INFO  TanksCommon.Communicator2 - Communicator sendMessage
	 Starting to try to send message of length: 72
17:29:19.725 [main] INFO  TanksCommon.Communicator2 - Communicator sendMessage
	 Sent successfully length: 72
17:29:19.726 [main] INFO  tanks.ClientDoer - BackgroundThread Start: 
	Thread Started
17:29:19.726 [ClientDoer] DEBUG tanks.ClientDoer - tanks.ClientDoerrun:
	 at beginning of run
17:29:19.726 [ClientDoer] TRACE tanks.ClientDoer - Communicator sleepWorker:
	 sleeping worker
17:29:19.777 [ClientDoer] DEBUG tanks.ClientDoer - tanks.ClientDoerrun:
	 at beginning of run
17:29:19.777 [ClientDoer] INFO  tanks.ClientDoer - tanks.ClientDoerrun:
	 Got envelope from communicator inputqueue
17:29:19.778 [ClientDoer] TRACE tanks.ClientDoer - Communicator sleepWorker:
	 sleeping worker
17:29:19.828 [ClientDoer] DEBUG tanks.ClientDoer - tanks.ClientDoerrun:
	 at beginning of run
17:29:19.828 [ClientDoer] TRACE tanks.ClientDoer - Communicator sleepWorker:
	 sleeping worker
17:29:19.878 [ClientDoer] DEBUG tanks.ClientDoer - tanks.ClientDoerrun:
	 at beginning of run
17:29:19.878 [ClientDoer] TRACE tanks.ClientDoer - Communicator sleepWorker:
	 sleeping worker
17:29:19.928 [ClientDoer] DEBUG tanks.ClientDoer - tanks.ClientDoerrun:
	 at beginning of run
17:29:19.928 [ClientDoer] TRACE tanks.ClientDoer - Communicator sleepWorker:
	 sleeping worker
17:29:19.978 [ClientDoer] DEBUG tanks.ClientDoer - tanks.ClientDoerrun:
	 at beginning of run
17:29:19.978 [ClientDoer] TRACE tanks.ClientDoer - Communicator sleepWorker:
	 sleeping worker
17:29:20.028 [ClientDoer] DEBUG tanks.ClientDoer - tanks.ClientDoerrun:
	 at beginning of run
17:29:20.028 [ClientDoer] TRACE tanks.ClientDoer - Communicator sleepWorker:
	 sleeping worker
17:29:20.078 [ClientDoer] DEBUG tanks.ClientDoer - tanks.ClientDoerrun:
	 at beginning of run
17:29:20.078 [ClientDoer] TRACE tanks.ClientDoer - Communicator sleepWorker:
	 sleeping worker
17:29:20.128 [ClientDoer] DEBUG tanks.ClientDoer - tanks.ClientDoerrun:
	 at beginning of run
17:29:20.128 [ClientDoer] TRACE tanks.ClientDoer - Communicator sleepWorker:
	 sleeping worker
17:29:20.178 [ClientDoer] DEBUG tanks.ClientDoer - tanks.ClientDoerrun:
	 at beginning of run
17:29:20.178 [ClientDoer] TRACE tanks.ClientDoer - Communicator sleepWorker:
	 sleeping worker
17:29:20.228 [ClientDoer] DEBUG tanks.ClientDoer - tanks.ClientDoerrun:
	 at beginning of run
17:29:20.228 [ClientDoer] TRACE tanks.ClientDoer - Communicator sleepWorker:
	 sleeping worker
17:29:20.278 [ClientDoer] DEBUG tanks.ClientDoer - tanks.ClientDoerrun:
	 at beginning of run
17:29:20.278 [ClientDoer] TRACE tanks.ClientDoer - Communicator sleepWorker:
	 sleeping worker
17:29:20.328 [ClientDoer] DEBUG tanks.ClientDoer - tanks.ClientDoerrun:
	 at beginning of run
17:29:20.328 [ClientDoer] TRACE tanks.ClientDoer - Communicator sleepWorker:
	 sleeping worker
17:29:20.378 [ClientDoer] DEBUG tanks.ClientDoer - tanks.ClientDoerrun:
	 at beginning of run
17:29:20.378 [ClientDoer] TRACE tanks.ClientDoer - Communicator sleepWorker:
	 sleeping worker
17:29:20.428 [ClientDoer] DEBUG tanks.ClientDoer - tanks.ClientDoerrun:
	 at beginning of run
17:29:20.428 [ClientDoer] TRACE tanks.ClientDoer - Communicator sleepWorker:
	 sleeping worker
17:29:20.478 [ClientDoer] DEBUG tanks.ClientDoer - tanks.ClientDoerrun:
	 at beginning of run
17:29:20.478 [ClientDoer] TRACE tanks.ClientDoer - Communicator sleepWorker:
	 sleeping worker
17:29:20.528 [ClientDoer] DEBUG tanks.ClientDoer - tanks.ClientDoerrun:
	 at beginning of run
17:29:20.528 [ClientDoer] TRACE tanks.ClientDoer - Communicator sleepWorker:
	 sleeping worker
17:29:20.578 [ClientDoer] DEBUG tanks.ClientDoer - tanks.ClientDoerrun:
	 at beginning of run
17:29:20.578 [ClientDoer] TRACE tanks.ClientDoer - Communicator sleepWorker:
	 sleeping worker
17:29:20.628 [ClientDoer] DEBUG tanks.ClientDoer - tanks.ClientDoerrun:
	 at beginning of run
17:29:20.628 [ClientDoer] TRACE tanks.ClientDoer - Communicator sleepWorker:
	 sleeping worker
17:29:20.678 [ClientDoer] DEBUG tanks.ClientDoer - tanks.ClientDoerrun:
	 at beginning of run
17:29:20.678 [ClientDoer] TRACE tanks.ClientDoer - Communicator sleepWorker:
	 sleeping worker
17:29:20.728 [ClientDoer] DEBUG tanks.ClientDoer - tanks.ClientDoerrun:
	 at beginning of run
17:29:20.728 [ClientDoer] TRACE tanks.ClientDoer - Communicator sleepWorker:
	 sleeping worker
17:29:20.778 [ClientDoer] DEBUG tanks.ClientDoer - tanks.ClientDoerrun:
	 at beginning of run
17:29:20.778 [ClientDoer] TRACE tanks.ClientDoer - Communicator sleepWorker:
	 sleeping worker
17:29:20.828 [ClientDoer] DEBUG tanks.ClientDoer - tanks.ClientDoerrun:
	 at beginning of run
17:29:20.828 [ClientDoer] TRACE tanks.ClientDoer - Communicator sleepWorker:
	 sleeping worker
17:29:20.878 [ClientDoer] DEBUG tanks.ClientDoer - tanks.ClientDoerrun:
	 at beginning of run
17:29:20.878 [ClientDoer] TRACE tanks.ClientDoer - Communicator sleepWorker:
	 sleeping worker
17:29:20.928 [ClientDoer] DEBUG tanks.ClientDoer - tanks.ClientDoerrun:
	 at beginning of run
17:29:20.928 [ClientDoer] TRACE tanks.ClientDoer - Communicator sleepWorker:
	 sleeping worker
17:29:20.978 [ClientDoer] DEBUG tanks.ClientDoer - tanks.ClientDoerrun:
	 at beginning of run
17:29:20.978 [ClientDoer] TRACE tanks.ClientDoer - Communicator sleepWorker:
	 sleeping worker
17:29:21.028 [ClientDoer] DEBUG tanks.ClientDoer - tanks.ClientDoerrun:
	 at beginning of run
17:29:21.028 [ClientDoer] TRACE tanks.ClientDoer - Communicator sleepWorker:
	 sleeping worker
17:29:21.079 [ClientDoer] DEBUG tanks.ClientDoer - tanks.ClientDoerrun:
	 at beginning of run
17:29:21.079 [ClientDoer] TRACE tanks.ClientDoer - Communicator sleepWorker:
	 sleeping worker
17:29:21.129 [ClientDoer] DEBUG tanks.ClientDoer - tanks.ClientDoerrun:
	 at beginning of run
17:29:21.129 [ClientDoer] TRACE tanks.ClientDoer - Communicator sleepWorker:
	 sleeping worker
17:29:21.179 [ClientDoer] DEBUG tanks.ClientDoer - tanks.ClientDoerrun:
	 at beginning of run
17:29:21.179 [ClientDoer] TRACE tanks.ClientDoer - Communicator sleepWorker:
	 sleeping worker
17:29:21.229 [ClientDoer] DEBUG tanks.ClientDoer - tanks.ClientDoerrun:
	 at beginning of run
17:29:21.229 [ClientDoer] TRACE tanks.ClientDoer - Communicator sleepWorker:
	 sleeping worker
17:29:21.229 [main] DEBUG TanksCommon.Communicator3 - Communicator constructor:
	 communicator created
17:29:21.229 [main] INFO  TanksCommon.Communicator3 - Communicator initializeSocket:
	 Socket initialized
17:29:21.229 [main] DEBUG TanksCommon.Communicator4 - Communicator constructor:
	 communicator created
17:29:21.229 [main] INFO  TanksCommon.Communicator4 - Communicator initializeSocket:
	 Socket initialized
17:29:21.229 [main] ERROR TanksCommon.Communicator4 - ERROR CREATING SOCKET:
	Port Number: 12008
17:29:21.230 [main] DEBUG TanksCommon.Communicator5 - Communicator constructor:
	 communicator created
17:29:21.231 [main] INFO  TanksCommon.Communicator5 - Communicator initializeSocket:
	 Socket initialized
17:29:21.231 [main] INFO  tanks.ClientDoer - BackgroundThread Start: 
	Thread Started
17:29:21.231 [ClientDoer] DEBUG tanks.ClientDoer - tanks.ClientDoerrun:
	 at beginning of run
17:29:21.231 [ClientDoer] INFO  tanks.ClientDoer - tanks.ClientDoerrun:
	 Got envelope from communicator inputqueue
17:29:21.231 [ClientDoer] TRACE tanks.ClientDoer - Communicator sleepWorker:
	 sleeping worker
17:29:21.279 [ClientDoer] DEBUG tanks.ClientDoer - tanks.ClientDoerrun:
	 at beginning of run
17:29:21.279 [ClientDoer] TRACE tanks.ClientDoer - Communicator sleepWorker:
	 sleeping worker
17:29:21.281 [ClientDoer] DEBUG tanks.ClientDoer - tanks.ClientDoerrun:
	 at beginning of run
17:29:21.281 [ClientDoer] TRACE tanks.ClientDoer - Communicator sleepWorker:
	 sleeping worker
17:29:21.329 [ClientDoer] DEBUG tanks.ClientDoer - tanks.ClientDoerrun:
	 at beginning of run
17:29:21.329 [ClientDoer] TRACE tanks.ClientDoer - Communicator sleepWorker:
	 sleeping worker
17:29:21.331 [ClientDoer] DEBUG tanks.ClientDoer - tanks.ClientDoerrun:
	 at beginning of run
17:29:21.331 [ClientDoer] TRACE tanks.ClientDoer - Communicator sleepWorker:
	 sleeping worker
17:29:21.379 [ClientDoer] DEBUG tanks.ClientDoer - tanks.ClientDoerrun:
	 at beginning of run
17:29:21.379 [ClientDoer] TRACE tanks.ClientDoer - Communicator sleepWorker:
	 sleeping worker
17:29:21.381 [ClientDoer] DEBUG tanks.ClientDoer - tanks.ClientDoerrun:
	 at beginning of run
17:29:21.381 [ClientDoer] TRACE tanks.ClientDoer - Communicator sleepWorker:
	 sleeping worker
17:29:21.429 [ClientDoer] DEBUG tanks.ClientDoer - tanks.ClientDoerrun:
	 at beginning of run
17:29:21.429 [ClientDoer] TRACE tanks.ClientDoer - Communicator sleepWorker:
	 sleeping worker
17:29:21.431 [ClientDoer] DEBUG tanks.ClientDoer - tanks.ClientDoerrun:
	 at beginning of run
17:29:21.431 [ClientDoer] TRACE tanks.ClientDoer - Communicator sleepWorker:
	 sleeping worker
17:29:21.479 [ClientDoer] DEBUG tanks.ClientDoer - tanks.ClientDoerrun:
	 at beginning of run
17:29:21.479 [ClientDoer] TRACE tanks.ClientDoer - Communicator sleepWorker:
	 sleeping worker
17:29:21.481 [ClientDoer] DEBUG tanks.ClientDoer - tanks.ClientDoerrun:
	 at beginning of run
17:29:21.481 [ClientDoer] TRACE tanks.ClientDoer - Communicator sleepWorker:
	 sleeping worker
17:29:21.529 [ClientDoer] DEBUG tanks.ClientDoer - tanks.ClientDoerrun:
	 at beginning of run
17:29:21.529 [ClientDoer] TRACE tanks.ClientDoer - Communicator sleepWorker:
	 sleeping worker
17:29:21.531 [ClientDoer] DEBUG tanks.ClientDoer - tanks.ClientDoerrun:
	 at beginning of run
17:29:21.531 [ClientDoer] TRACE tanks.ClientDoer - Communicator sleepWorker:
	 sleeping worker
17:29:21.579 [ClientDoer] DEBUG tanks.ClientDoer - tanks.ClientDoerrun:
	 at beginning of run
17:29:21.579 [ClientDoer] TRACE tanks.ClientDoer - Communicator sleepWorker:
	 sleeping worker
17:29:21.581 [ClientDoer] DEBUG tanks.ClientDoer - tanks.ClientDoerrun:
	 at beginning of run
17:29:21.581 [ClientDoer] TRACE tanks.ClientDoer - Communicator sleepWorker:
	 sleeping worker
17:29:21.629 [ClientDoer] DEBUG tanks.ClientDoer - tanks.ClientDoerrun:
	 at beginning of run
17:29:21.629 [ClientDoer] TRACE tanks.ClientDoer - Communicator sleepWorker:
	 sleeping worker
17:29:21.631 [ClientDoer] DEBUG tanks.ClientDoer - tanks.ClientDoerrun:
	 at beginning of run
17:29:21.631 [ClientDoer] TRACE tanks.ClientDoer - Communicator sleepWorker:
	 sleeping worker
17:29:21.679 [ClientDoer] DEBUG tanks.ClientDoer - tanks.ClientDoerrun:
	 at beginning of run
17:29:21.679 [ClientDoer] TRACE tanks.ClientDoer - Communicator sleepWorker:
	 sleeping worker
17:29:21.681 [ClientDoer] DEBUG tanks.ClientDoer - tanks.ClientDoerrun:
	 at beginning of run
17:29:21.681 [ClientDoer] TRACE tanks.ClientDoer - Communicator sleepWorker:
	 sleeping worker
17:29:21.729 [ClientDoer] DEBUG tanks.ClientDoer - tanks.ClientDoerrun:
	 at beginning of run
17:29:21.729 [ClientDoer] TRACE tanks.ClientDoer - Communicator sleepWorker:
	 sleeping worker
17:29:21.731 [ClientDoer] DEBUG tanks.ClientDoer - tanks.ClientDoerrun:
	 at beginning of run
17:29:21.731 [ClientDoer] TRACE tanks.ClientDoer - Communicator sleepWorker:
	 sleeping worker
17:29:21.731 [main] INFO  TanksCommon.Communicator3 - BackgroundThread Stop:
	 Thread Stopped
17:29:21.779 [ClientDoer] DEBUG tanks.ClientDoer - tanks.ClientDoerrun:
	 at beginning of run
17:29:21.779 [ClientDoer] TRACE tanks.ClientDoer - Communicator sleepWorker:
	 sleeping worker
17:29:21.781 [ClientDoer] DEBUG tanks.ClientDoer - tanks.ClientDoerrun:
	 at beginning of run
17:29:21.781 [ClientDoer] TRACE tanks.ClientDoer - Communicator sleepWorker:
	 sleeping worker
