20:48:07.927 [main] DEBUG TanksCommon.Communicator2 - Communicator constructor:
	 communicator created
20:48:07.927 [main] INFO  TanksCommon.Communicator2 - Communicator initializeSocket:
	 Socket initialized
20:48:07.930 [main] DEBUG TanksCommon.Model.TanksModel - TanksModel add
	Added conversation to conversations
20:48:07.935 [main] DEBUG Conversation.Conversation - Conversation sendMessageTo
	 message added to communicator output queue
20:48:07.935 [main] DEBUG C.ClientLocationsRequesterConversation - ClientLocationsRequesterConversation sendLocationsRequest
	sent locations request
20:48:07.935 [main] DEBUG C.ClientLocationsRequesterConversation - ClientFillConversation start
	started fill conversation
20:48:12.936 [Timer-0] DEBUG Conversation.Conversation - Conversation sendMessageTo
	 message added to communicator output queue
20:48:12.936 [Timer-0] DEBUG C.ClientLocationsRequesterConversation - ClientLocationsRequesterConversation sendLocationsRequest
	sent locations request
20:48:17.935 [Timer-0] DEBUG Conversation.Conversation - Conversation sendMessageTo
	 message added to communicator output queue
20:48:17.935 [Timer-0] DEBUG C.ClientLocationsRequesterConversation - ClientLocationsRequesterConversation sendLocationsRequest
	sent locations request
20:48:17.935 [Timer-0] DEBUG C.ClientLocationsRequesterConversation - ClientLocationsRequesterConversation resendTask
	hit retry limit, retrying last time
20:48:22.936 [main] DEBUG TanksCommon.Communicator3 - Communicator constructor:
	 communicator created
20:48:22.937 [main] INFO  TanksCommon.Communicator3 - Communicator initializeSocket:
	 Socket initialized
20:48:23.939 [main] DEBUG TanksCommon.Communicator4 - Communicator constructor:
	 communicator created
20:48:23.939 [main] INFO  TanksCommon.Communicator4 - Communicator initializeSocket:
	 Socket initialized
20:48:23.940 [main] DEBUG TanksCommon.Communicator5 - Communicator constructor:
	 communicator created
20:48:23.940 [main] INFO  TanksCommon.Communicator5 - Communicator initializeSocket:
	 Socket initialized
20:48:23.941 [main] DEBUG TanksCommon.Communicator6 - Communicator constructor:
	 communicator created
20:48:23.941 [main] INFO  TanksCommon.Communicator6 - Communicator initializeSocket:
	 Socket initialized
20:48:23.942 [main] DEBUG TanksCommon.Communicator7 - Communicator constructor:
	 communicator created
20:48:23.942 [main] INFO  TanksCommon.Communicator7 - Communicator initializeSocket:
	 Socket initialized
