13:02:27.604 [main] DEBUG TanksCommon.Communicator2 - Communicator constructor:
	 communicator created
13:02:27.604 [main] INFO  TanksCommon.Communicator2 - Communicator initializeSocket:
	 Socket initialized
13:02:27.605 [main] DEBUG TanksCommon.Communicator3 - Communicator constructor:
	 communicator created
13:02:27.605 [main] INFO  TanksCommon.Communicator3 - Communicator initializeSocket:
	 Socket initialized
13:02:27.606 [main] DEBUG TanksCommon.Communicator4 - Communicator constructor:
	 communicator created
13:02:27.606 [main] INFO  TanksCommon.Communicator4 - Communicator initializeSocket:
	 Socket initialized
13:02:27.607 [main] DEBUG TanksCommon.Communicator5 - Communicator constructor:
	 communicator created
13:02:27.607 [main] INFO  TanksCommon.Communicator5 - Communicator initializeSocket:
	 Socket initialized
13:02:27.608 [main] TRACE C.ClientLocationsRequesteeConversation - ClientLocationListRequesteeConversation buildReply
	built locations response
13:02:27.608 [main] DEBUG Conversation.Conversation - Conversation sendMessageTo
	 message added to communicator output queue
13:02:27.608 [main] DEBUG C.ClientLocationsRequesteeConversation - ShellManagerShellConversation sendReply
	sent shell reply
13:02:27.608 [main] DEBUG Conversation.Conversation - Conversation sendMessageTo
	 message added to communicator output queue
13:02:27.608 [main] DEBUG C.ClientLocationsRequesteeConversation - ShellManagerShellConversation sendReply
	sent shell reply
13:02:27.608 [main] DEBUG Conversation.Conversation - Conversation sendMessageTo
	 message added to communicator output queue
13:02:27.608 [main] DEBUG C.ClientLocationsRequesteeConversation - ShellManagerShellConversation sendReply
	sent shell reply
13:02:27.609 [main] DEBUG TanksCommon.Communicator6 - Communicator constructor:
	 communicator created
13:02:27.609 [main] INFO  TanksCommon.Communicator6 - Communicator initializeSocket:
	 Socket initialized
13:02:27.610 [main] DEBUG TanksCommon.Communicator7 - Communicator constructor:
	 communicator created
13:02:27.610 [main] INFO  TanksCommon.Communicator7 - Communicator initializeSocket:
	 Socket initialized
13:02:27.611 [main] DEBUG TanksCommon.Communicator8 - Communicator constructor:
	 communicator created
13:02:27.611 [main] INFO  TanksCommon.Communicator8 - Communicator initializeSocket:
	 Socket initialized
13:02:27.612 [main] DEBUG TanksCommon.Communicator9 - Communicator constructor:
	 communicator created
13:02:27.612 [main] INFO  TanksCommon.Communicator9 - Communicator initializeSocket:
	 Socket initialized
