15:54:03.864 [main] DEBUG TanksCommon.Communicator2 - Communicator constructor:
	 communicator created
15:54:03.864 [main] INFO  TanksCommon.Communicator2 - Communicator initializeSocket:
	 Socket initialized
15:54:03.867 [main] INFO  TanksCommon.Communicator2 - Communicator sendMessage
	 Starting to try to send message of length: 72
15:54:03.867 [main] INFO  TanksCommon.Communicator2 - Communicator sendMessage
	 Sent successfully length: 72
15:54:03.868 [main] INFO  tanks.ClientDoer - BackgroundThread Start: 
	Thread Started
15:54:03.868 [ClientDoer] DEBUG tanks.ClientDoer - tanks.ClientDoerrun:
	 at beginning of run
15:54:03.868 [ClientDoer] TRACE tanks.ClientDoer - Communicator sleepWorker:
	 sleeping worker
15:54:03.918 [ClientDoer] DEBUG tanks.ClientDoer - tanks.ClientDoerrun:
	 at beginning of run
15:54:03.918 [ClientDoer] INFO  tanks.ClientDoer - tanks.ClientDoerrun:
	 Got envelope from communicator inputqueue
15:54:03.919 [ClientDoer] TRACE tanks.ClientDoer - Communicator sleepWorker:
	 sleeping worker
15:54:03.969 [ClientDoer] DEBUG tanks.ClientDoer - tanks.ClientDoerrun:
	 at beginning of run
15:54:03.969 [ClientDoer] TRACE tanks.ClientDoer - Communicator sleepWorker:
	 sleeping worker
15:54:04.019 [ClientDoer] DEBUG tanks.ClientDoer - tanks.ClientDoerrun:
	 at beginning of run
15:54:04.019 [ClientDoer] TRACE tanks.ClientDoer - Communicator sleepWorker:
	 sleeping worker
15:54:04.069 [ClientDoer] DEBUG tanks.ClientDoer - tanks.ClientDoerrun:
	 at beginning of run
15:54:04.069 [ClientDoer] TRACE tanks.ClientDoer - Communicator sleepWorker:
	 sleeping worker
15:54:04.119 [ClientDoer] DEBUG tanks.ClientDoer - tanks.ClientDoerrun:
	 at beginning of run
15:54:04.119 [ClientDoer] TRACE tanks.ClientDoer - Communicator sleepWorker:
	 sleeping worker
15:54:04.169 [ClientDoer] DEBUG tanks.ClientDoer - tanks.ClientDoerrun:
	 at beginning of run
15:54:04.169 [ClientDoer] TRACE tanks.ClientDoer - Communicator sleepWorker:
	 sleeping worker
15:54:04.219 [ClientDoer] DEBUG tanks.ClientDoer - tanks.ClientDoerrun:
	 at beginning of run
15:54:04.219 [ClientDoer] TRACE tanks.ClientDoer - Communicator sleepWorker:
	 sleeping worker
15:54:04.269 [ClientDoer] DEBUG tanks.ClientDoer - tanks.ClientDoerrun:
	 at beginning of run
15:54:04.269 [ClientDoer] TRACE tanks.ClientDoer - Communicator sleepWorker:
	 sleeping worker
15:54:04.319 [ClientDoer] DEBUG tanks.ClientDoer - tanks.ClientDoerrun:
	 at beginning of run
15:54:04.319 [ClientDoer] TRACE tanks.ClientDoer - Communicator sleepWorker:
	 sleeping worker
15:54:04.369 [ClientDoer] DEBUG tanks.ClientDoer - tanks.ClientDoerrun:
	 at beginning of run
15:54:04.369 [ClientDoer] TRACE tanks.ClientDoer - Communicator sleepWorker:
	 sleeping worker
15:54:04.419 [ClientDoer] DEBUG tanks.ClientDoer - tanks.ClientDoerrun:
	 at beginning of run
15:54:04.419 [ClientDoer] TRACE tanks.ClientDoer - Communicator sleepWorker:
	 sleeping worker
15:54:04.469 [ClientDoer] DEBUG tanks.ClientDoer - tanks.ClientDoerrun:
	 at beginning of run
15:54:04.469 [ClientDoer] TRACE tanks.ClientDoer - Communicator sleepWorker:
	 sleeping worker
15:54:04.519 [ClientDoer] DEBUG tanks.ClientDoer - tanks.ClientDoerrun:
	 at beginning of run
15:54:04.519 [ClientDoer] TRACE tanks.ClientDoer - Communicator sleepWorker:
	 sleeping worker
15:54:04.569 [ClientDoer] DEBUG tanks.ClientDoer - tanks.ClientDoerrun:
	 at beginning of run
15:54:04.569 [ClientDoer] TRACE tanks.ClientDoer - Communicator sleepWorker:
	 sleeping worker
15:54:04.619 [ClientDoer] DEBUG tanks.ClientDoer - tanks.ClientDoerrun:
	 at beginning of run
15:54:04.619 [ClientDoer] TRACE tanks.ClientDoer - Communicator sleepWorker:
	 sleeping worker
15:54:04.669 [ClientDoer] DEBUG tanks.ClientDoer - tanks.ClientDoerrun:
	 at beginning of run
15:54:04.669 [ClientDoer] TRACE tanks.ClientDoer - Communicator sleepWorker:
	 sleeping worker
15:54:04.719 [ClientDoer] DEBUG tanks.ClientDoer - tanks.ClientDoerrun:
	 at beginning of run
15:54:04.719 [ClientDoer] TRACE tanks.ClientDoer - Communicator sleepWorker:
	 sleeping worker
15:54:04.769 [ClientDoer] DEBUG tanks.ClientDoer - tanks.ClientDoerrun:
	 at beginning of run
15:54:04.769 [ClientDoer] TRACE tanks.ClientDoer - Communicator sleepWorker:
	 sleeping worker
15:54:04.819 [ClientDoer] DEBUG tanks.ClientDoer - tanks.ClientDoerrun:
	 at beginning of run
15:54:04.819 [ClientDoer] TRACE tanks.ClientDoer - Communicator sleepWorker:
	 sleeping worker
15:54:04.869 [ClientDoer] DEBUG tanks.ClientDoer - tanks.ClientDoerrun:
	 at beginning of run
15:54:04.869 [ClientDoer] TRACE tanks.ClientDoer - Communicator sleepWorker:
	 sleeping worker
15:54:04.919 [ClientDoer] DEBUG tanks.ClientDoer - tanks.ClientDoerrun:
	 at beginning of run
15:54:04.919 [ClientDoer] TRACE tanks.ClientDoer - Communicator sleepWorker:
	 sleeping worker
15:54:04.969 [ClientDoer] DEBUG tanks.ClientDoer - tanks.ClientDoerrun:
	 at beginning of run
15:54:04.969 [ClientDoer] TRACE tanks.ClientDoer - Communicator sleepWorker:
	 sleeping worker
15:54:05.019 [ClientDoer] DEBUG tanks.ClientDoer - tanks.ClientDoerrun:
	 at beginning of run
15:54:05.019 [ClientDoer] TRACE tanks.ClientDoer - Communicator sleepWorker:
	 sleeping worker
15:54:05.069 [ClientDoer] DEBUG tanks.ClientDoer - tanks.ClientDoerrun:
	 at beginning of run
15:54:05.069 [ClientDoer] TRACE tanks.ClientDoer - Communicator sleepWorker:
	 sleeping worker
15:54:05.119 [ClientDoer] DEBUG tanks.ClientDoer - tanks.ClientDoerrun:
	 at beginning of run
15:54:05.119 [ClientDoer] TRACE tanks.ClientDoer - Communicator sleepWorker:
	 sleeping worker
15:54:05.169 [ClientDoer] DEBUG tanks.ClientDoer - tanks.ClientDoerrun:
	 at beginning of run
15:54:05.169 [ClientDoer] TRACE tanks.ClientDoer - Communicator sleepWorker:
	 sleeping worker
15:54:05.220 [ClientDoer] DEBUG tanks.ClientDoer - tanks.ClientDoerrun:
	 at beginning of run
15:54:05.220 [ClientDoer] TRACE tanks.ClientDoer - Communicator sleepWorker:
	 sleeping worker
15:54:05.270 [ClientDoer] DEBUG tanks.ClientDoer - tanks.ClientDoerrun:
	 at beginning of run
15:54:05.270 [ClientDoer] TRACE tanks.ClientDoer - Communicator sleepWorker:
	 sleeping worker
15:54:05.320 [ClientDoer] DEBUG tanks.ClientDoer - tanks.ClientDoerrun:
	 at beginning of run
15:54:05.320 [ClientDoer] TRACE tanks.ClientDoer - Communicator sleepWorker:
	 sleeping worker
15:54:05.370 [ClientDoer] DEBUG tanks.ClientDoer - tanks.ClientDoerrun:
	 at beginning of run
15:54:05.370 [ClientDoer] TRACE tanks.ClientDoer - Communicator sleepWorker:
	 sleeping worker
15:54:05.371 [main] DEBUG TanksCommon.Communicator3 - Communicator constructor:
	 communicator created
15:54:05.371 [main] INFO  TanksCommon.Communicator3 - Communicator initializeSocket:
	 Socket initialized
15:54:05.371 [main] DEBUG TanksCommon.Communicator4 - Communicator constructor:
	 communicator created
15:54:05.371 [main] INFO  TanksCommon.Communicator4 - Communicator initializeSocket:
	 Socket initialized
15:54:05.371 [main] ERROR TanksCommon.Communicator4 - ERROR CREATING SOCKET:
	Port Number: 12006
15:54:05.373 [main] DEBUG TanksCommon.Communicator5 - Communicator constructor:
	 communicator created
15:54:05.373 [main] INFO  TanksCommon.Communicator5 - Communicator initializeSocket:
	 Socket initialized
15:54:05.373 [main] INFO  tanks.ClientDoer - BackgroundThread Start: 
	Thread Started
15:54:05.373 [ClientDoer] DEBUG tanks.ClientDoer - tanks.ClientDoerrun:
	 at beginning of run
15:54:05.373 [ClientDoer] INFO  tanks.ClientDoer - tanks.ClientDoerrun:
	 Got envelope from communicator inputqueue
15:54:05.373 [ClientDoer] TRACE tanks.ClientDoer - Communicator sleepWorker:
	 sleeping worker
15:54:05.420 [ClientDoer] DEBUG tanks.ClientDoer - tanks.ClientDoerrun:
	 at beginning of run
15:54:05.420 [ClientDoer] TRACE tanks.ClientDoer - Communicator sleepWorker:
	 sleeping worker
15:54:05.423 [ClientDoer] DEBUG tanks.ClientDoer - tanks.ClientDoerrun:
	 at beginning of run
15:54:05.423 [ClientDoer] TRACE tanks.ClientDoer - Communicator sleepWorker:
	 sleeping worker
15:54:05.470 [ClientDoer] DEBUG tanks.ClientDoer - tanks.ClientDoerrun:
	 at beginning of run
15:54:05.470 [ClientDoer] TRACE tanks.ClientDoer - Communicator sleepWorker:
	 sleeping worker
15:54:05.473 [ClientDoer] DEBUG tanks.ClientDoer - tanks.ClientDoerrun:
	 at beginning of run
15:54:05.473 [ClientDoer] TRACE tanks.ClientDoer - Communicator sleepWorker:
	 sleeping worker
15:54:05.520 [ClientDoer] DEBUG tanks.ClientDoer - tanks.ClientDoerrun:
	 at beginning of run
15:54:05.520 [ClientDoer] TRACE tanks.ClientDoer - Communicator sleepWorker:
	 sleeping worker
15:54:05.523 [ClientDoer] DEBUG tanks.ClientDoer - tanks.ClientDoerrun:
	 at beginning of run
15:54:05.523 [ClientDoer] TRACE tanks.ClientDoer - Communicator sleepWorker:
	 sleeping worker
15:54:05.570 [ClientDoer] DEBUG tanks.ClientDoer - tanks.ClientDoerrun:
	 at beginning of run
15:54:05.570 [ClientDoer] TRACE tanks.ClientDoer - Communicator sleepWorker:
	 sleeping worker
15:54:05.573 [ClientDoer] DEBUG tanks.ClientDoer - tanks.ClientDoerrun:
	 at beginning of run
15:54:05.573 [ClientDoer] TRACE tanks.ClientDoer - Communicator sleepWorker:
	 sleeping worker
15:54:05.620 [ClientDoer] DEBUG tanks.ClientDoer - tanks.ClientDoerrun:
	 at beginning of run
15:54:05.620 [ClientDoer] TRACE tanks.ClientDoer - Communicator sleepWorker:
	 sleeping worker
15:54:05.623 [ClientDoer] DEBUG tanks.ClientDoer - tanks.ClientDoerrun:
	 at beginning of run
15:54:05.623 [ClientDoer] TRACE tanks.ClientDoer - Communicator sleepWorker:
	 sleeping worker
15:54:05.670 [ClientDoer] DEBUG tanks.ClientDoer - tanks.ClientDoerrun:
	 at beginning of run
15:54:05.670 [ClientDoer] TRACE tanks.ClientDoer - Communicator sleepWorker:
	 sleeping worker
15:54:05.673 [ClientDoer] DEBUG tanks.ClientDoer - tanks.ClientDoerrun:
	 at beginning of run
15:54:05.673 [ClientDoer] TRACE tanks.ClientDoer - Communicator sleepWorker:
	 sleeping worker
15:54:05.720 [ClientDoer] DEBUG tanks.ClientDoer - tanks.ClientDoerrun:
	 at beginning of run
15:54:05.720 [ClientDoer] TRACE tanks.ClientDoer - Communicator sleepWorker:
	 sleeping worker
15:54:05.723 [ClientDoer] DEBUG tanks.ClientDoer - tanks.ClientDoerrun:
	 at beginning of run
15:54:05.723 [ClientDoer] TRACE tanks.ClientDoer - Communicator sleepWorker:
	 sleeping worker
15:54:05.770 [ClientDoer] DEBUG tanks.ClientDoer - tanks.ClientDoerrun:
	 at beginning of run
15:54:05.770 [ClientDoer] TRACE tanks.ClientDoer - Communicator sleepWorker:
	 sleeping worker
15:54:05.773 [ClientDoer] DEBUG tanks.ClientDoer - tanks.ClientDoerrun:
	 at beginning of run
15:54:05.773 [ClientDoer] TRACE tanks.ClientDoer - Communicator sleepWorker:
	 sleeping worker
15:54:05.820 [ClientDoer] DEBUG tanks.ClientDoer - tanks.ClientDoerrun:
	 at beginning of run
15:54:05.820 [ClientDoer] TRACE tanks.ClientDoer - Communicator sleepWorker:
	 sleeping worker
15:54:05.823 [ClientDoer] DEBUG tanks.ClientDoer - tanks.ClientDoerrun:
	 at beginning of run
15:54:05.823 [ClientDoer] TRACE tanks.ClientDoer - Communicator sleepWorker:
	 sleeping worker
15:54:05.870 [ClientDoer] DEBUG tanks.ClientDoer - tanks.ClientDoerrun:
	 at beginning of run
15:54:05.870 [ClientDoer] TRACE tanks.ClientDoer - Communicator sleepWorker:
	 sleeping worker
15:54:05.873 [ClientDoer] DEBUG tanks.ClientDoer - tanks.ClientDoerrun:
	 at beginning of run
15:54:05.873 [ClientDoer] TRACE tanks.ClientDoer - Communicator sleepWorker:
	 sleeping worker
15:54:05.873 [main] INFO  TanksCommon.Communicator3 - BackgroundThread Stop:
	 Thread Stopped
15:54:05.920 [ClientDoer] DEBUG tanks.ClientDoer - tanks.ClientDoerrun:
	 at beginning of run
15:54:05.920 [ClientDoer] TRACE tanks.ClientDoer - Communicator sleepWorker:
	 sleeping worker
15:54:05.923 [ClientDoer] DEBUG tanks.ClientDoer - tanks.ClientDoerrun:
	 at beginning of run
15:54:05.923 [ClientDoer] TRACE tanks.ClientDoer - Communicator sleepWorker:
	 sleeping worker
