12:02:46.557 [main] DEBUG TanksCommon.Model.TanksModel - TanksModel add
	Added conversation to conversations
12:02:46.565 [main] DEBUG Conversation.Conversation - Conversation sendMessageTo
	 message added to communicator output queue
12:02:46.565 [main] DEBUG C.ClientRegisterConversation - ClientRegisterConversation sendRegisterRequest
	sent register request
12:02:46.567 [main] DEBUG C.ClientRegisterConversation - ClientRegisterConversation add
	added RegisterReply to conversation
12:02:46.573 [main] DEBUG TanksCommon.Communicator2 - Communicator constructor:
	 communicator created
12:02:46.573 [main] INFO  TanksCommon.Communicator2 - Communicator initializeSocket:
	 Socket initialized
12:02:46.573 [main] DEBUG TanksCommon.Model.TanksModel - TanksModel add
	Added conversation to conversations
12:02:46.573 [main] DEBUG Conversation.Conversation - Conversation sendMessageTo
	 message added to communicator output queue
12:02:46.573 [main] DEBUG C.ClientRegisterConversation - ClientRegisterConversation sendRegisterRequest
	sent register request
12:02:56.573 [Timer-3] DEBUG Conversation.Conversation - Conversation sendMessageTo
	 message added to communicator output queue
12:02:56.573 [Timer-3] DEBUG C.ClientRegisterConversation - ClientRegisterConversation sendRegisterRequest
	sent register request
12:03:06.574 [Timer-3] DEBUG Conversation.Conversation - Conversation sendMessageTo
	 message added to communicator output queue
12:03:06.574 [Timer-3] DEBUG C.ClientRegisterConversation - ClientRegisterConversation sendRegisterRequest
	sent register request
12:03:06.574 [Timer-3] DEBUG C.ClientRegisterConversation - ClientRegisterConversation sendRegisterRequest
	hit retry limit, retrying last time
