14:32:38.049 [main] DEBUG TanksCommon.Model.TanksModel - TanksModel add
	Added conversation to conversations
14:32:38.053 [main] DEBUG Conversation.Conversation - Conversation sendMessageTo
	 message added to communicator output queue
14:32:38.054 [main] DEBUG C.ClientRegisterConversation - ClientRegisterConversation sendRegisterRequest
	sent register request
14:32:48.055 [Timer-1] DEBUG Conversation.Conversation - Conversation sendMessageTo
	 message added to communicator output queue
14:32:48.055 [Timer-1] DEBUG C.ClientRegisterConversation - ClientRegisterConversation sendRegisterRequest
	sent register request
14:32:58.055 [Timer-1] DEBUG Conversation.Conversation - Conversation sendMessageTo
	 message added to communicator output queue
14:32:58.055 [Timer-1] DEBUG C.ClientRegisterConversation - ClientRegisterConversation sendRegisterRequest
	sent register request
14:32:58.055 [Timer-1] DEBUG C.ClientRegisterConversation - ClientRegisterConversation sendRegisterRequest
	hit retry limit, retrying last time
14:33:08.057 [main] DEBUG TanksCommon.Communicator2 - Communicator constructor:
	 communicator created
14:33:08.057 [main] INFO  TanksCommon.Communicator2 - Communicator initializeSocket:
	 Socket initialized
14:33:08.057 [main] DEBUG TanksCommon.Model.TanksModel - TanksModel add
	Added conversation to conversations
14:33:08.057 [main] DEBUG Conversation.Conversation - Conversation sendMessageTo
	 message added to communicator output queue
14:33:08.057 [main] DEBUG C.ClientRegisterConversation - ClientRegisterConversation sendRegisterRequest
	sent register request
14:33:08.058 [main] DEBUG C.ClientRegisterConversation - ClientRegisterConversation add
	added RegisterReply to conversation
