15:35:02.215 [main] DEBUG TanksCommon.Communicator2 - Communicator constructor:
	 communicator created
15:35:02.216 [main] INFO  TanksCommon.Communicator2 - Communicator initializeSocket:
	 Socket initialized
15:35:02.216 [main] DEBUG TanksCommon.Communicator3 - Communicator constructor:
	 communicator created
15:35:02.216 [main] INFO  TanksCommon.Communicator3 - Communicator initializeSocket:
	 Socket initialized
15:35:02.217 [main] DEBUG TanksCommon.Communicator4 - Communicator constructor:
	 communicator created
15:35:02.217 [main] INFO  TanksCommon.Communicator4 - Communicator initializeSocket:
	 Socket initialized
15:35:02.218 [main] DEBUG TanksCommon.Communicator5 - Communicator constructor:
	 communicator created
15:35:02.218 [main] INFO  TanksCommon.Communicator5 - Communicator initializeSocket:
	 Socket initialized
15:35:02.219 [main] DEBUG TanksCommon.Communicator6 - Communicator constructor:
	 communicator created
15:35:02.219 [main] INFO  TanksCommon.Communicator6 - Communicator initializeSocket:
	 Socket initialized
15:35:02.219 [main] DEBUG TanksCommon.Model.TanksModel - TanksModel add
	Added conversation to conversations
15:35:02.220 [main] DEBUG Conversation.Conversation - Conversation sendMessageTo
	 message added to communicator output queue
15:35:02.220 [main] DEBUG C.ClientShellConversation - ClientShellConversation sendShellRequest
	sent shell request
15:35:02.221 [main] DEBUG C.ClientShellConversation - ClientShellConversation start
	started shell conversation
15:35:07.221 [Timer-1] DEBUG Conversation.Conversation - Conversation sendMessageTo
	 message added to communicator output queue
15:35:07.221 [Timer-1] DEBUG C.ClientShellConversation - ClientShellConversation sendShellRequest
	sent shell request
15:35:12.221 [Timer-1] DEBUG Conversation.Conversation - Conversation sendMessageTo
	 message added to communicator output queue
15:35:12.221 [Timer-1] DEBUG C.ClientShellConversation - ClientShellConversation sendShellRequest
	sent shell request
15:35:12.221 [Timer-1] DEBUG C.ClientShellConversation - ClientRegisterConversation sendRegisterRequest
	hit retry limit, retrying last time
