12:03:24.586 [main] DEBUG TanksCommon.Model.TanksModel - TanksModel add
	Added conversation to conversations
12:03:24.594 [main] DEBUG Conversation.Conversation - Conversation sendMessageTo
	 message added to communicator output queue
12:03:24.595 [main] DEBUG C.ClientRegisterConversation - ClientRegisterConversation sendRegisterRequest
	sent register request
12:03:24.596 [main] DEBUG C.ClientRegisterConversation - ClientRegisterConversation add
	added RegisterReply to conversation
12:03:24.602 [main] DEBUG TanksCommon.Communicator2 - Communicator constructor:
	 communicator created
12:03:24.602 [main] INFO  TanksCommon.Communicator2 - Communicator initializeSocket:
	 Socket initialized
12:03:24.602 [main] DEBUG TanksCommon.Model.TanksModel - TanksModel add
	Added conversation to conversations
12:03:24.602 [main] DEBUG Conversation.Conversation - Conversation sendMessageTo
	 message added to communicator output queue
12:03:24.603 [main] DEBUG C.ClientRegisterConversation - ClientRegisterConversation sendRegisterRequest
	sent register request
12:03:34.603 [Timer-3] DEBUG Conversation.Conversation - Conversation sendMessageTo
	 message added to communicator output queue
12:03:34.603 [Timer-3] DEBUG C.ClientRegisterConversation - ClientRegisterConversation sendRegisterRequest
	sent register request
12:03:44.604 [Timer-3] DEBUG Conversation.Conversation - Conversation sendMessageTo
	 message added to communicator output queue
12:03:44.604 [Timer-3] DEBUG C.ClientRegisterConversation - ClientRegisterConversation sendRegisterRequest
	sent register request
12:03:44.604 [Timer-3] DEBUG C.ClientRegisterConversation - ClientRegisterConversation sendRegisterRequest
	hit retry limit, retrying last time
