22:53:43.505 [JavaFX Application Thread] DEBUG tanks.TanksUIController - setupPropertiesReader
	properties reader setup correctly
22:53:43.507 [JavaFX Application Thread] DEBUG tanks.TanksUIController - readServerAddresses
	server addresses read correctly
22:53:43.508 [JavaFX Application Thread] DEBUG tanks.TanksUIController - createBackgroundTasks
	creating background tasks
22:53:43.511 [JavaFX Application Thread] DEBUG tanks.ClientDoer - BackgroundThread Start: 
	Thread Started
22:53:43.511 [ClientDoer] TRACE tanks.ClientDoer - tanks.ClientDoerrun:
	 at beginning of run
22:53:43.511 [ClientDoer] TRACE tanks.ClientDoer - Communicator sleepWorker:
	 sleeping worker
22:53:43.561 [ClientDoer] TRACE tanks.ClientDoer - tanks.ClientDoerrun:
	 at beginning of run
22:53:43.561 [ClientDoer] TRACE tanks.ClientDoer - Communicator sleepWorker:
	 sleeping worker
22:53:43.611 [ClientDoer] TRACE tanks.ClientDoer - tanks.ClientDoerrun:
	 at beginning of run
22:53:43.611 [ClientDoer] TRACE tanks.ClientDoer - Communicator sleepWorker:
	 sleeping worker
22:53:43.661 [ClientDoer] TRACE tanks.ClientDoer - tanks.ClientDoerrun:
	 at beginning of run
22:53:43.661 [ClientDoer] TRACE tanks.ClientDoer - Communicator sleepWorker:
	 sleeping worker
22:53:43.711 [ClientDoer] TRACE tanks.ClientDoer - tanks.ClientDoerrun:
	 at beginning of run
22:53:43.711 [ClientDoer] TRACE tanks.ClientDoer - Communicator sleepWorker:
	 sleeping worker
22:53:43.761 [ClientDoer] TRACE tanks.ClientDoer - tanks.ClientDoerrun:
	 at beginning of run
22:53:43.761 [ClientDoer] TRACE tanks.ClientDoer - Communicator sleepWorker:
	 sleeping worker
22:53:43.811 [ClientDoer] TRACE tanks.ClientDoer - tanks.ClientDoerrun:
	 at beginning of run
22:53:43.811 [ClientDoer] TRACE tanks.ClientDoer - Communicator sleepWorker:
	 sleeping worker
22:53:43.861 [ClientDoer] TRACE tanks.ClientDoer - tanks.ClientDoerrun:
	 at beginning of run
22:53:43.861 [ClientDoer] TRACE tanks.ClientDoer - Communicator sleepWorker:
	 sleeping worker
22:53:43.911 [ClientDoer] TRACE tanks.ClientDoer - tanks.ClientDoerrun:
	 at beginning of run
22:53:43.911 [ClientDoer] TRACE tanks.ClientDoer - Communicator sleepWorker:
	 sleeping worker
22:53:43.961 [ClientDoer] TRACE tanks.ClientDoer - tanks.ClientDoerrun:
	 at beginning of run
22:53:43.961 [ClientDoer] TRACE tanks.ClientDoer - Communicator sleepWorker:
	 sleeping worker
22:53:44.011 [ClientDoer] TRACE tanks.ClientDoer - tanks.ClientDoerrun:
	 at beginning of run
22:53:44.011 [ClientDoer] TRACE tanks.ClientDoer - Communicator sleepWorker:
	 sleeping worker
22:53:44.061 [ClientDoer] TRACE tanks.ClientDoer - tanks.ClientDoerrun:
	 at beginning of run
22:53:44.061 [ClientDoer] TRACE tanks.ClientDoer - Communicator sleepWorker:
	 sleeping worker
22:53:44.111 [ClientDoer] TRACE tanks.ClientDoer - tanks.ClientDoerrun:
	 at beginning of run
22:53:44.111 [ClientDoer] TRACE tanks.ClientDoer - Communicator sleepWorker:
	 sleeping worker
22:53:44.161 [ClientDoer] TRACE tanks.ClientDoer - tanks.ClientDoerrun:
	 at beginning of run
22:53:44.161 [ClientDoer] TRACE tanks.ClientDoer - Communicator sleepWorker:
	 sleeping worker
22:53:44.211 [ClientDoer] TRACE tanks.ClientDoer - tanks.ClientDoerrun:
	 at beginning of run
22:53:44.211 [ClientDoer] TRACE tanks.ClientDoer - Communicator sleepWorker:
	 sleeping worker
22:53:44.261 [ClientDoer] TRACE tanks.ClientDoer - tanks.ClientDoerrun:
	 at beginning of run
22:53:44.261 [ClientDoer] TRACE tanks.ClientDoer - Communicator sleepWorker:
	 sleeping worker
22:53:44.311 [ClientDoer] TRACE tanks.ClientDoer - tanks.ClientDoerrun:
	 at beginning of run
22:53:44.311 [ClientDoer] TRACE tanks.ClientDoer - Communicator sleepWorker:
	 sleeping worker
22:53:44.361 [ClientDoer] TRACE tanks.ClientDoer - tanks.ClientDoerrun:
	 at beginning of run
22:53:44.361 [ClientDoer] TRACE tanks.ClientDoer - Communicator sleepWorker:
	 sleeping worker
22:53:44.411 [ClientDoer] TRACE tanks.ClientDoer - tanks.ClientDoerrun:
	 at beginning of run
22:53:44.411 [ClientDoer] TRACE tanks.ClientDoer - Communicator sleepWorker:
	 sleeping worker
22:53:44.461 [ClientDoer] TRACE tanks.ClientDoer - tanks.ClientDoerrun:
	 at beginning of run
22:53:44.461 [ClientDoer] TRACE tanks.ClientDoer - Communicator sleepWorker:
	 sleeping worker
22:53:44.511 [ClientDoer] TRACE tanks.ClientDoer - tanks.ClientDoerrun:
	 at beginning of run
22:53:44.511 [ClientDoer] TRACE tanks.ClientDoer - Communicator sleepWorker:
	 sleeping worker
22:53:44.561 [ClientDoer] TRACE tanks.ClientDoer - tanks.ClientDoerrun:
	 at beginning of run
22:53:44.561 [ClientDoer] TRACE tanks.ClientDoer - Communicator sleepWorker:
	 sleeping worker
22:53:44.611 [ClientDoer] TRACE tanks.ClientDoer - tanks.ClientDoerrun:
	 at beginning of run
22:53:44.611 [ClientDoer] TRACE tanks.ClientDoer - Communicator sleepWorker:
	 sleeping worker
22:53:44.661 [ClientDoer] TRACE tanks.ClientDoer - tanks.ClientDoerrun:
	 at beginning of run
22:53:44.661 [ClientDoer] TRACE tanks.ClientDoer - Communicator sleepWorker:
	 sleeping worker
22:53:44.711 [ClientDoer] TRACE tanks.ClientDoer - tanks.ClientDoerrun:
	 at beginning of run
22:53:44.711 [ClientDoer] TRACE tanks.ClientDoer - Communicator sleepWorker:
	 sleeping worker
22:53:44.762 [ClientDoer] TRACE tanks.ClientDoer - tanks.ClientDoerrun:
	 at beginning of run
22:53:44.762 [ClientDoer] TRACE tanks.ClientDoer - Communicator sleepWorker:
	 sleeping worker
22:53:44.812 [ClientDoer] TRACE tanks.ClientDoer - tanks.ClientDoerrun:
	 at beginning of run
22:53:44.812 [ClientDoer] TRACE tanks.ClientDoer - Communicator sleepWorker:
	 sleeping worker
22:53:44.862 [ClientDoer] TRACE tanks.ClientDoer - tanks.ClientDoerrun:
	 at beginning of run
22:53:44.862 [ClientDoer] TRACE tanks.ClientDoer - Communicator sleepWorker:
	 sleeping worker
22:53:44.912 [ClientDoer] TRACE tanks.ClientDoer - tanks.ClientDoerrun:
	 at beginning of run
22:53:44.912 [ClientDoer] TRACE tanks.ClientDoer - Communicator sleepWorker:
	 sleeping worker
22:53:44.962 [ClientDoer] TRACE tanks.ClientDoer - tanks.ClientDoerrun:
	 at beginning of run
22:53:44.962 [ClientDoer] TRACE tanks.ClientDoer - Communicator sleepWorker:
	 sleeping worker
22:53:45.012 [ClientDoer] TRACE tanks.ClientDoer - tanks.ClientDoerrun:
	 at beginning of run
22:53:45.012 [ClientDoer] TRACE tanks.ClientDoer - Communicator sleepWorker:
	 sleeping worker
22:53:45.048 [JavaFX Application Thread] INFO  Strategy.RegisterStrategy - RegisterStrategy constructor
	RegisterStrategy created
22:53:45.062 [ClientDoer] TRACE tanks.ClientDoer - tanks.ClientDoerrun:
	 at beginning of run
22:53:45.062 [ClientDoer] DEBUG tanks.ClientDoer - tanks.ClientDoerrun:
	 Got Task from taskqueue
22:53:45.065 [ClientDoer] DEBUG TanksCommon.Model.TanksModel - TanksModel add
	Added conversation to conversations
22:53:45.067 [ClientDoer] DEBUG Conversation.Conversation - Conversation sendMessageTo
	 message added to communicator output queue
22:53:45.068 [ClientDoer] DEBUG C.ClientRegisterConversation - ClientRegisterConversation sendRegisterRequest
	sent register request
22:53:45.068 [ClientDoer] TRACE tanks.ClientDoer - Communicator sleepWorker:
	 sleeping worker
22:53:45.118 [ClientDoer] TRACE tanks.ClientDoer - tanks.ClientDoerrun:
	 at beginning of run
22:53:45.118 [ClientDoer] TRACE tanks.ClientDoer - Communicator sleepWorker:
	 sleeping worker
22:53:45.163 [Communicator] TRACE M.RegisterProtocol.RegisterRequest - RegisterRequest encode
	adding classID
	Write: 0
	Read: 0
22:53:45.163 [Communicator] TRACE M.RegisterProtocol.RegisterRequest - RegisterRequest encode
	adding messageLength placeholder
	Write: 4
	Read: 0
22:53:45.163 [Communicator] TRACE M.RegisterProtocol.RegisterRequest - Request encode
	adding classID
	Write: 6
	Read: 0
22:53:45.163 [Communicator] TRACE M.RegisterProtocol.RegisterRequest - Request encode
	encoding super
	Write: 12
	Read: 0
22:53:45.163 [Communicator] TRACE M.RegisterProtocol.RegisterRequest - Request encode
	adding ordinal of request type: 1
	Write: 46
	Read: 0
22:53:45.163 [Communicator] TRACE M.RegisterProtocol.RegisterRequest - Request encode
	adding playerID: 0
	Write: 50
	Read: 0
22:53:45.163 [Communicator] TRACE M.RegisterProtocol.RegisterRequest - Request encode
	adding length: 42
	Write: 54
	Read: 0
22:53:45.163 [Communicator] TRACE M.RegisterProtocol.RegisterRequest - RegisterRequest encode
	encoding player name
	Write: 54
	Read: 0
22:53:45.168 [ClientDoer] TRACE tanks.ClientDoer - tanks.ClientDoerrun:
	 at beginning of run
22:53:45.168 [ClientDoer] TRACE tanks.ClientDoer - Communicator sleepWorker:
	 sleeping worker
22:53:45.218 [ClientDoer] TRACE tanks.ClientDoer - tanks.ClientDoerrun:
	 at beginning of run
22:53:45.218 [ClientDoer] TRACE tanks.ClientDoer - Communicator sleepWorker:
	 sleeping worker
22:53:45.268 [ClientDoer] TRACE tanks.ClientDoer - tanks.ClientDoerrun:
	 at beginning of run
22:53:45.268 [ClientDoer] TRACE tanks.ClientDoer - Communicator sleepWorker:
	 sleeping worker
22:53:45.318 [ClientDoer] TRACE tanks.ClientDoer - tanks.ClientDoerrun:
	 at beginning of run
22:53:45.318 [ClientDoer] TRACE tanks.ClientDoer - Communicator sleepWorker:
	 sleeping worker
22:53:45.368 [ClientDoer] TRACE tanks.ClientDoer - tanks.ClientDoerrun:
	 at beginning of run
22:53:45.368 [ClientDoer] TRACE tanks.ClientDoer - Communicator sleepWorker:
	 sleeping worker
22:53:45.418 [ClientDoer] TRACE tanks.ClientDoer - tanks.ClientDoerrun:
	 at beginning of run
22:53:45.418 [ClientDoer] TRACE tanks.ClientDoer - Communicator sleepWorker:
	 sleeping worker
22:53:45.468 [ClientDoer] TRACE tanks.ClientDoer - tanks.ClientDoerrun:
	 at beginning of run
22:53:45.468 [ClientDoer] TRACE tanks.ClientDoer - Communicator sleepWorker:
	 sleeping worker
22:53:45.518 [ClientDoer] TRACE tanks.ClientDoer - tanks.ClientDoerrun:
	 at beginning of run
22:53:45.518 [ClientDoer] TRACE tanks.ClientDoer - Communicator sleepWorker:
	 sleeping worker
22:53:45.568 [ClientDoer] TRACE tanks.ClientDoer - tanks.ClientDoerrun:
	 at beginning of run
22:53:45.568 [ClientDoer] TRACE tanks.ClientDoer - Communicator sleepWorker:
	 sleeping worker
22:53:45.618 [ClientDoer] TRACE tanks.ClientDoer - tanks.ClientDoerrun:
	 at beginning of run
22:53:45.618 [ClientDoer] TRACE tanks.ClientDoer - Communicator sleepWorker:
	 sleeping worker
22:53:45.668 [ClientDoer] TRACE tanks.ClientDoer - tanks.ClientDoerrun:
	 at beginning of run
22:53:45.668 [ClientDoer] TRACE tanks.ClientDoer - Communicator sleepWorker:
	 sleeping worker
22:53:45.718 [ClientDoer] TRACE tanks.ClientDoer - tanks.ClientDoerrun:
	 at beginning of run
22:53:45.718 [ClientDoer] TRACE tanks.ClientDoer - Communicator sleepWorker:
	 sleeping worker
22:53:45.768 [ClientDoer] TRACE tanks.ClientDoer - tanks.ClientDoerrun:
	 at beginning of run
22:53:45.768 [ClientDoer] TRACE tanks.ClientDoer - Communicator sleepWorker:
	 sleeping worker
22:53:45.818 [ClientDoer] TRACE tanks.ClientDoer - tanks.ClientDoerrun:
	 at beginning of run
22:53:45.818 [ClientDoer] TRACE tanks.ClientDoer - Communicator sleepWorker:
	 sleeping worker
22:53:45.868 [ClientDoer] TRACE tanks.ClientDoer - tanks.ClientDoerrun:
	 at beginning of run
22:53:45.868 [ClientDoer] TRACE tanks.ClientDoer - Communicator sleepWorker:
	 sleeping worker
22:53:45.918 [ClientDoer] TRACE tanks.ClientDoer - tanks.ClientDoerrun:
	 at beginning of run
22:53:45.918 [ClientDoer] TRACE tanks.ClientDoer - Communicator sleepWorker:
	 sleeping worker
22:53:45.968 [ClientDoer] TRACE tanks.ClientDoer - tanks.ClientDoerrun:
	 at beginning of run
22:53:45.968 [ClientDoer] TRACE tanks.ClientDoer - Communicator sleepWorker:
	 sleeping worker
22:53:46.018 [ClientDoer] TRACE tanks.ClientDoer - tanks.ClientDoerrun:
	 at beginning of run
22:53:46.018 [ClientDoer] TRACE tanks.ClientDoer - Communicator sleepWorker:
	 sleeping worker
22:53:46.068 [ClientDoer] TRACE tanks.ClientDoer - tanks.ClientDoerrun:
	 at beginning of run
22:53:46.068 [ClientDoer] TRACE tanks.ClientDoer - Communicator sleepWorker:
	 sleeping worker
22:53:46.118 [ClientDoer] TRACE tanks.ClientDoer - tanks.ClientDoerrun:
	 at beginning of run
22:53:46.118 [ClientDoer] TRACE tanks.ClientDoer - Communicator sleepWorker:
	 sleeping worker
22:53:46.168 [ClientDoer] TRACE tanks.ClientDoer - tanks.ClientDoerrun:
	 at beginning of run
22:53:46.168 [ClientDoer] TRACE tanks.ClientDoer - Communicator sleepWorker:
	 sleeping worker
22:53:46.218 [ClientDoer] TRACE tanks.ClientDoer - tanks.ClientDoerrun:
	 at beginning of run
22:53:46.218 [ClientDoer] TRACE tanks.ClientDoer - Communicator sleepWorker:
	 sleeping worker
22:53:46.269 [ClientDoer] TRACE tanks.ClientDoer - tanks.ClientDoerrun:
	 at beginning of run
22:53:46.269 [ClientDoer] TRACE tanks.ClientDoer - Communicator sleepWorker:
	 sleeping worker
22:53:46.319 [ClientDoer] TRACE tanks.ClientDoer - tanks.ClientDoerrun:
	 at beginning of run
22:53:46.319 [ClientDoer] TRACE tanks.ClientDoer - Communicator sleepWorker:
	 sleeping worker
22:53:46.369 [ClientDoer] TRACE tanks.ClientDoer - tanks.ClientDoerrun:
	 at beginning of run
22:53:46.369 [ClientDoer] DEBUG tanks.ClientDoer - tanks.ClientDoerrun:
	 Got Task from taskqueue
22:53:46.370 [ClientDoer] DEBUG TanksCommon.Model.TanksModel - TanksModel add
	Added conversation to conversations
22:53:46.370 [ClientDoer] DEBUG Conversation.Conversation - Conversation sendMessageTo
	 message added to communicator output queue
22:53:46.370 [ClientDoer] DEBUG C.ClientFillConversation - ClientFillConversation sendShellRequest
	sent fill request
22:53:46.371 [ClientDoer] DEBUG C.ClientFillConversation - ClientFillConversation start
	started fill conversation
22:53:46.371 [ClientDoer] TRACE tanks.ClientDoer - Communicator sleepWorker:
	 sleeping worker
22:53:46.421 [ClientDoer] TRACE tanks.ClientDoer - tanks.ClientDoerrun:
	 at beginning of run
22:53:46.421 [ClientDoer] TRACE tanks.ClientDoer - Communicator sleepWorker:
	 sleeping worker
22:53:46.464 [Communicator] TRACE M.FillShellProtocol.FillShellRequest - Request encode
	adding classID
	Write: 6
	Read: 0
22:53:46.464 [Communicator] TRACE M.FillShellProtocol.FillShellRequest - Request encode
	encoding super
	Write: 12
	Read: 0
22:53:46.464 [Communicator] TRACE M.FillShellProtocol.FillShellRequest - Request encode
	adding ordinal of request type: 11
	Write: 46
	Read: 0
22:53:46.464 [Communicator] TRACE M.FillShellProtocol.FillShellRequest - Request encode
	adding playerID: 0
	Write: 50
	Read: 0
22:53:46.464 [Communicator] TRACE M.FillShellProtocol.FillShellRequest - Request encode
	adding length: 42
	Write: 54
	Read: 0
22:53:46.471 [ClientDoer] TRACE tanks.ClientDoer - tanks.ClientDoerrun:
	 at beginning of run
22:53:46.471 [ClientDoer] TRACE tanks.ClientDoer - Communicator sleepWorker:
	 sleeping worker
22:53:46.521 [ClientDoer] TRACE tanks.ClientDoer - tanks.ClientDoerrun:
	 at beginning of run
22:53:46.521 [ClientDoer] TRACE tanks.ClientDoer - Communicator sleepWorker:
	 sleeping worker
22:53:46.571 [ClientDoer] TRACE tanks.ClientDoer - tanks.ClientDoerrun:
	 at beginning of run
22:53:46.571 [ClientDoer] TRACE tanks.ClientDoer - Communicator sleepWorker:
	 sleeping worker
22:53:46.621 [ClientDoer] TRACE tanks.ClientDoer - tanks.ClientDoerrun:
	 at beginning of run
22:53:46.621 [ClientDoer] TRACE tanks.ClientDoer - Communicator sleepWorker:
	 sleeping worker
22:53:46.671 [ClientDoer] TRACE tanks.ClientDoer - tanks.ClientDoerrun:
	 at beginning of run
22:53:46.671 [ClientDoer] TRACE tanks.ClientDoer - Communicator sleepWorker:
	 sleeping worker
22:53:46.721 [ClientDoer] TRACE tanks.ClientDoer - tanks.ClientDoerrun:
	 at beginning of run
22:53:46.721 [ClientDoer] TRACE tanks.ClientDoer - Communicator sleepWorker:
	 sleeping worker
22:53:46.771 [ClientDoer] TRACE tanks.ClientDoer - tanks.ClientDoerrun:
	 at beginning of run
22:53:46.771 [ClientDoer] TRACE tanks.ClientDoer - Communicator sleepWorker:
	 sleeping worker
22:53:46.821 [ClientDoer] TRACE tanks.ClientDoer - tanks.ClientDoerrun:
	 at beginning of run
22:53:46.821 [ClientDoer] TRACE tanks.ClientDoer - Communicator sleepWorker:
	 sleeping worker
22:53:46.871 [ClientDoer] TRACE tanks.ClientDoer - tanks.ClientDoerrun:
	 at beginning of run
22:53:46.871 [ClientDoer] TRACE tanks.ClientDoer - Communicator sleepWorker:
	 sleeping worker
22:53:46.921 [ClientDoer] TRACE tanks.ClientDoer - tanks.ClientDoerrun:
	 at beginning of run
22:53:46.921 [ClientDoer] TRACE tanks.ClientDoer - Communicator sleepWorker:
	 sleeping worker
22:53:46.971 [ClientDoer] TRACE tanks.ClientDoer - tanks.ClientDoerrun:
	 at beginning of run
22:53:46.971 [ClientDoer] TRACE tanks.ClientDoer - Communicator sleepWorker:
	 sleeping worker
22:53:47.021 [ClientDoer] TRACE tanks.ClientDoer - tanks.ClientDoerrun:
	 at beginning of run
22:53:47.021 [ClientDoer] TRACE tanks.ClientDoer - Communicator sleepWorker:
	 sleeping worker
22:53:47.071 [ClientDoer] TRACE tanks.ClientDoer - tanks.ClientDoerrun:
	 at beginning of run
22:53:47.071 [ClientDoer] TRACE tanks.ClientDoer - Communicator sleepWorker:
	 sleeping worker
22:53:47.121 [ClientDoer] TRACE tanks.ClientDoer - tanks.ClientDoerrun:
	 at beginning of run
22:53:47.121 [ClientDoer] TRACE tanks.ClientDoer - Communicator sleepWorker:
	 sleeping worker
22:53:47.171 [ClientDoer] TRACE tanks.ClientDoer - tanks.ClientDoerrun:
	 at beginning of run
22:53:47.171 [ClientDoer] TRACE tanks.ClientDoer - Communicator sleepWorker:
	 sleeping worker
22:53:47.221 [ClientDoer] TRACE tanks.ClientDoer - tanks.ClientDoerrun:
	 at beginning of run
22:53:47.221 [ClientDoer] TRACE tanks.ClientDoer - Communicator sleepWorker:
	 sleeping worker
22:53:47.271 [ClientDoer] TRACE tanks.ClientDoer - tanks.ClientDoerrun:
	 at beginning of run
22:53:47.271 [ClientDoer] TRACE tanks.ClientDoer - Communicator sleepWorker:
	 sleeping worker
22:53:47.321 [ClientDoer] TRACE tanks.ClientDoer - tanks.ClientDoerrun:
	 at beginning of run
22:53:47.321 [ClientDoer] TRACE tanks.ClientDoer - Communicator sleepWorker:
	 sleeping worker
22:53:47.371 [ClientDoer] TRACE tanks.ClientDoer - tanks.ClientDoerrun:
	 at beginning of run
22:53:47.371 [ClientDoer] TRACE tanks.ClientDoer - Communicator sleepWorker:
	 sleeping worker
22:53:47.421 [ClientDoer] TRACE tanks.ClientDoer - tanks.ClientDoerrun:
	 at beginning of run
22:53:47.421 [ClientDoer] TRACE tanks.ClientDoer - Communicator sleepWorker:
	 sleeping worker
22:53:47.471 [ClientDoer] TRACE tanks.ClientDoer - tanks.ClientDoerrun:
	 at beginning of run
22:53:47.471 [ClientDoer] TRACE tanks.ClientDoer - Communicator sleepWorker:
	 sleeping worker
22:53:47.521 [ClientDoer] TRACE tanks.ClientDoer - tanks.ClientDoerrun:
	 at beginning of run
22:53:47.521 [ClientDoer] TRACE tanks.ClientDoer - Communicator sleepWorker:
	 sleeping worker
22:53:47.571 [ClientDoer] TRACE tanks.ClientDoer - tanks.ClientDoerrun:
	 at beginning of run
22:53:47.571 [ClientDoer] TRACE tanks.ClientDoer - Communicator sleepWorker:
	 sleeping worker
22:53:47.621 [ClientDoer] TRACE tanks.ClientDoer - tanks.ClientDoerrun:
	 at beginning of run
22:53:47.621 [ClientDoer] TRACE tanks.ClientDoer - Communicator sleepWorker:
	 sleeping worker
22:53:47.671 [ClientDoer] TRACE tanks.ClientDoer - tanks.ClientDoerrun:
	 at beginning of run
22:53:47.671 [ClientDoer] TRACE tanks.ClientDoer - Communicator sleepWorker:
	 sleeping worker
22:53:47.721 [ClientDoer] TRACE tanks.ClientDoer - tanks.ClientDoerrun:
	 at beginning of run
22:53:47.721 [ClientDoer] TRACE tanks.ClientDoer - Communicator sleepWorker:
	 sleeping worker
22:53:47.771 [ClientDoer] TRACE tanks.ClientDoer - tanks.ClientDoerrun:
	 at beginning of run
22:53:47.771 [ClientDoer] TRACE tanks.ClientDoer - Communicator sleepWorker:
	 sleeping worker
22:53:47.822 [ClientDoer] TRACE tanks.ClientDoer - tanks.ClientDoerrun:
	 at beginning of run
22:53:47.822 [ClientDoer] TRACE tanks.ClientDoer - Communicator sleepWorker:
	 sleeping worker
22:53:47.872 [ClientDoer] TRACE tanks.ClientDoer - tanks.ClientDoerrun:
	 at beginning of run
22:53:47.872 [ClientDoer] TRACE tanks.ClientDoer - Communicator sleepWorker:
	 sleeping worker
22:53:47.922 [ClientDoer] TRACE tanks.ClientDoer - tanks.ClientDoerrun:
	 at beginning of run
22:53:47.922 [ClientDoer] TRACE tanks.ClientDoer - Communicator sleepWorker:
	 sleeping worker
22:53:47.972 [ClientDoer] TRACE tanks.ClientDoer - tanks.ClientDoerrun:
	 at beginning of run
22:53:47.972 [ClientDoer] TRACE tanks.ClientDoer - Communicator sleepWorker:
	 sleeping worker
22:53:47.992 [JavaFX Application Thread] DEBUG tanks.ClientDoer - BackgroundThread Stop:
	 Stopping Thread
22:53:48.992 [JavaFX Application Thread] DEBUG tanks.ClientDoer - BackgroundThread Stop:
	 Thread Stopped
22:53:51.370 [Timer-2] DEBUG Conversation.Conversation - Conversation sendMessageTo
	 message added to communicator output queue
22:53:51.370 [Timer-2] DEBUG C.ClientFillConversation - ClientFillConversation sendShellRequest
	sent fill request
22:53:55.068 [Timer-1] DEBUG Conversation.Conversation - Conversation sendMessageTo
	 message added to communicator output queue
22:53:55.068 [Timer-1] DEBUG C.ClientRegisterConversation - ClientRegisterConversation sendRegisterRequest
	sent register request
22:53:56.370 [Timer-2] DEBUG Conversation.Conversation - Conversation sendMessageTo
	 message added to communicator output queue
22:53:56.370 [Timer-2] DEBUG C.ClientFillConversation - ClientFillConversation sendShellRequest
	sent fill request
22:53:56.370 [Timer-2] DEBUG C.ClientFillConversation - ClientGunpowderConversation resendTask
	hit retry limit, retrying last time
22:54:05.069 [Timer-1] DEBUG Conversation.Conversation - Conversation sendMessageTo
	 message added to communicator output queue
22:54:05.069 [Timer-1] DEBUG C.ClientRegisterConversation - ClientRegisterConversation sendRegisterRequest
	sent register request
22:54:05.069 [Timer-1] DEBUG C.ClientRegisterConversation - ClientRegisterConversation sendRegisterRequest
	hit retry limit, retrying last time
