11:55:00.728 [main] DEBUG TanksCommon.Model.TanksModel - TanksModel add
	Added conversation to conversations
11:55:00.736 [main] DEBUG Conversation.Conversation - Conversation sendMessageTo
	 message added to communicator output queue
11:55:00.737 [main] DEBUG C.ClientRegisterConversation - ClientRegisterConversation sendRegisterRequest
	sent register request
11:55:10.738 [Timer-1] DEBUG Conversation.Conversation - Conversation sendMessageTo
	 message added to communicator output queue
11:55:10.738 [Timer-1] DEBUG C.ClientRegisterConversation - ClientRegisterConversation sendRegisterRequest
	sent register request
11:55:20.737 [Timer-1] DEBUG Conversation.Conversation - Conversation sendMessageTo
	 message added to communicator output queue
11:55:20.737 [Timer-1] DEBUG C.ClientRegisterConversation - ClientRegisterConversation sendRegisterRequest
	sent register request
11:55:20.737 [Timer-1] DEBUG C.ClientRegisterConversation - ClientRegisterConversation sendRegisterRequest
	hit retry limit, retrying last time
11:55:30.740 [main] DEBUG TanksCommon.Communicator2 - Communicator constructor:
	 communicator created
11:55:30.740 [main] INFO  TanksCommon.Communicator2 - Communicator initializeSocket:
	 Socket initialized
11:55:30.740 [main] DEBUG TanksCommon.Model.TanksModel - TanksModel add
	Added conversation to conversations
11:55:30.740 [main] DEBUG Conversation.Conversation - Conversation sendMessageTo
	 message added to communicator output queue
11:55:30.740 [main] DEBUG C.ClientRegisterConversation - ClientRegisterConversation sendRegisterRequest
	sent register request
11:55:30.742 [main] DEBUG C.ClientRegisterConversation - ClientRegisterConversation add
	added RegisterReply to conversation
