14:48:29.842 [main] DEBUG TanksCommon.Model.TanksModel - TanksModel add
	Added conversation to conversations
14:48:29.846 [main] DEBUG Conversation.Conversation - Conversation sendMessageTo
	 message added to communicator output queue
14:48:29.847 [main] DEBUG C.ClientRegisterConversation - ClientRegisterConversation sendRegisterRequest
	sent register request
14:48:39.847 [Timer-1] DEBUG Conversation.Conversation - Conversation sendMessageTo
	 message added to communicator output queue
14:48:39.847 [Timer-1] DEBUG C.ClientRegisterConversation - ClientRegisterConversation sendRegisterRequest
	sent register request
14:48:49.848 [Timer-1] DEBUG Conversation.Conversation - Conversation sendMessageTo
	 message added to communicator output queue
14:48:49.848 [Timer-1] DEBUG C.ClientRegisterConversation - ClientRegisterConversation sendRegisterRequest
	sent register request
14:48:49.848 [Timer-1] DEBUG C.ClientRegisterConversation - ClientRegisterConversation sendRegisterRequest
	hit retry limit, retrying last time
14:48:59.849 [main] DEBUG TanksCommon.Communicator2 - Communicator constructor:
	 communicator created
14:48:59.849 [main] INFO  TanksCommon.Communicator2 - Communicator initializeSocket:
	 Socket initialized
14:48:59.849 [main] DEBUG TanksCommon.Model.TanksModel - TanksModel add
	Added conversation to conversations
14:48:59.849 [main] DEBUG Conversation.Conversation - Conversation sendMessageTo
	 message added to communicator output queue
14:48:59.849 [main] DEBUG C.ClientRegisterConversation - ClientRegisterConversation sendRegisterRequest
	sent register request
14:48:59.851 [main] DEBUG C.ClientRegisterConversation - ClientRegisterConversation add
	added RegisterReply to conversation
