16:59:27.823 [JavaFX Application Thread] DEBUG tanks.TanksUIController - setupPropertiesReader
	properties reader setup correctly
16:59:27.826 [JavaFX Application Thread] DEBUG tanks.TanksUIController - readServerAddresses
	server addresses read correctly
16:59:27.826 [JavaFX Application Thread] DEBUG tanks.TanksUIController - createBackgroundTasks
	creating background tasks
16:59:27.829 [JavaFX Application Thread] DEBUG tanks.ClientDoer - BackgroundThread Start: 
	Thread Started
16:59:27.829 [ClientDoer] TRACE tanks.ClientDoer - tanks.ClientDoerrun:
	 at beginning of run
16:59:27.829 [ClientDoer] TRACE tanks.ClientDoer - Communicator sleepWorker:
	 sleeping worker
16:59:27.879 [ClientDoer] TRACE tanks.ClientDoer - tanks.ClientDoerrun:
	 at beginning of run
16:59:27.879 [ClientDoer] TRACE tanks.ClientDoer - Communicator sleepWorker:
	 sleeping worker
16:59:27.929 [ClientDoer] TRACE tanks.ClientDoer - tanks.ClientDoerrun:
	 at beginning of run
16:59:27.929 [ClientDoer] TRACE tanks.ClientDoer - Communicator sleepWorker:
	 sleeping worker
16:59:27.979 [ClientDoer] TRACE tanks.ClientDoer - tanks.ClientDoerrun:
	 at beginning of run
16:59:27.979 [ClientDoer] TRACE tanks.ClientDoer - Communicator sleepWorker:
	 sleeping worker
16:59:28.029 [ClientDoer] TRACE tanks.ClientDoer - tanks.ClientDoerrun:
	 at beginning of run
16:59:28.029 [ClientDoer] TRACE tanks.ClientDoer - Communicator sleepWorker:
	 sleeping worker
16:59:28.079 [ClientDoer] TRACE tanks.ClientDoer - tanks.ClientDoerrun:
	 at beginning of run
16:59:28.079 [ClientDoer] TRACE tanks.ClientDoer - Communicator sleepWorker:
	 sleeping worker
16:59:28.129 [ClientDoer] TRACE tanks.ClientDoer - tanks.ClientDoerrun:
	 at beginning of run
16:59:28.129 [ClientDoer] TRACE tanks.ClientDoer - Communicator sleepWorker:
	 sleeping worker
16:59:28.179 [ClientDoer] TRACE tanks.ClientDoer - tanks.ClientDoerrun:
	 at beginning of run
16:59:28.179 [ClientDoer] TRACE tanks.ClientDoer - Communicator sleepWorker:
	 sleeping worker
16:59:28.229 [ClientDoer] TRACE tanks.ClientDoer - tanks.ClientDoerrun:
	 at beginning of run
16:59:28.229 [ClientDoer] TRACE tanks.ClientDoer - Communicator sleepWorker:
	 sleeping worker
16:59:28.279 [ClientDoer] TRACE tanks.ClientDoer - tanks.ClientDoerrun:
	 at beginning of run
16:59:28.279 [ClientDoer] TRACE tanks.ClientDoer - Communicator sleepWorker:
	 sleeping worker
16:59:28.329 [ClientDoer] TRACE tanks.ClientDoer - tanks.ClientDoerrun:
	 at beginning of run
16:59:28.329 [ClientDoer] TRACE tanks.ClientDoer - Communicator sleepWorker:
	 sleeping worker
16:59:28.379 [ClientDoer] TRACE tanks.ClientDoer - tanks.ClientDoerrun:
	 at beginning of run
16:59:28.379 [ClientDoer] TRACE tanks.ClientDoer - Communicator sleepWorker:
	 sleeping worker
16:59:28.429 [ClientDoer] TRACE tanks.ClientDoer - tanks.ClientDoerrun:
	 at beginning of run
16:59:28.429 [ClientDoer] TRACE tanks.ClientDoer - Communicator sleepWorker:
	 sleeping worker
16:59:28.479 [ClientDoer] TRACE tanks.ClientDoer - tanks.ClientDoerrun:
	 at beginning of run
16:59:28.479 [ClientDoer] TRACE tanks.ClientDoer - Communicator sleepWorker:
	 sleeping worker
16:59:28.529 [ClientDoer] TRACE tanks.ClientDoer - tanks.ClientDoerrun:
	 at beginning of run
16:59:28.529 [ClientDoer] TRACE tanks.ClientDoer - Communicator sleepWorker:
	 sleeping worker
16:59:28.579 [ClientDoer] TRACE tanks.ClientDoer - tanks.ClientDoerrun:
	 at beginning of run
16:59:28.579 [ClientDoer] TRACE tanks.ClientDoer - Communicator sleepWorker:
	 sleeping worker
16:59:28.629 [ClientDoer] TRACE tanks.ClientDoer - tanks.ClientDoerrun:
	 at beginning of run
16:59:28.629 [ClientDoer] TRACE tanks.ClientDoer - Communicator sleepWorker:
	 sleeping worker
16:59:28.679 [ClientDoer] TRACE tanks.ClientDoer - tanks.ClientDoerrun:
	 at beginning of run
16:59:28.679 [ClientDoer] TRACE tanks.ClientDoer - Communicator sleepWorker:
	 sleeping worker
16:59:28.730 [ClientDoer] TRACE tanks.ClientDoer - tanks.ClientDoerrun:
	 at beginning of run
16:59:28.730 [ClientDoer] TRACE tanks.ClientDoer - Communicator sleepWorker:
	 sleeping worker
16:59:28.780 [ClientDoer] TRACE tanks.ClientDoer - tanks.ClientDoerrun:
	 at beginning of run
16:59:28.780 [ClientDoer] TRACE tanks.ClientDoer - Communicator sleepWorker:
	 sleeping worker
16:59:28.830 [ClientDoer] TRACE tanks.ClientDoer - tanks.ClientDoerrun:
	 at beginning of run
16:59:28.830 [ClientDoer] TRACE tanks.ClientDoer - Communicator sleepWorker:
	 sleeping worker
16:59:28.880 [ClientDoer] TRACE tanks.ClientDoer - tanks.ClientDoerrun:
	 at beginning of run
16:59:28.880 [ClientDoer] TRACE tanks.ClientDoer - Communicator sleepWorker:
	 sleeping worker
16:59:28.930 [ClientDoer] TRACE tanks.ClientDoer - tanks.ClientDoerrun:
	 at beginning of run
16:59:28.930 [ClientDoer] TRACE tanks.ClientDoer - Communicator sleepWorker:
	 sleeping worker
16:59:28.980 [ClientDoer] TRACE tanks.ClientDoer - tanks.ClientDoerrun:
	 at beginning of run
16:59:28.980 [ClientDoer] TRACE tanks.ClientDoer - Communicator sleepWorker:
	 sleeping worker
16:59:29.030 [ClientDoer] TRACE tanks.ClientDoer - tanks.ClientDoerrun:
	 at beginning of run
16:59:29.030 [ClientDoer] TRACE tanks.ClientDoer - Communicator sleepWorker:
	 sleeping worker
16:59:29.080 [ClientDoer] TRACE tanks.ClientDoer - tanks.ClientDoerrun:
	 at beginning of run
16:59:29.080 [ClientDoer] TRACE tanks.ClientDoer - Communicator sleepWorker:
	 sleeping worker
16:59:29.130 [ClientDoer] TRACE tanks.ClientDoer - tanks.ClientDoerrun:
	 at beginning of run
16:59:29.130 [ClientDoer] TRACE tanks.ClientDoer - Communicator sleepWorker:
	 sleeping worker
16:59:29.180 [ClientDoer] TRACE tanks.ClientDoer - tanks.ClientDoerrun:
	 at beginning of run
16:59:29.180 [ClientDoer] TRACE tanks.ClientDoer - Communicator sleepWorker:
	 sleeping worker
16:59:29.230 [ClientDoer] TRACE tanks.ClientDoer - tanks.ClientDoerrun:
	 at beginning of run
16:59:29.230 [ClientDoer] TRACE tanks.ClientDoer - Communicator sleepWorker:
	 sleeping worker
16:59:29.280 [ClientDoer] TRACE tanks.ClientDoer - tanks.ClientDoerrun:
	 at beginning of run
16:59:29.280 [ClientDoer] TRACE tanks.ClientDoer - Communicator sleepWorker:
	 sleeping worker
16:59:29.330 [ClientDoer] TRACE tanks.ClientDoer - tanks.ClientDoerrun:
	 at beginning of run
16:59:29.330 [ClientDoer] TRACE tanks.ClientDoer - Communicator sleepWorker:
	 sleeping worker
16:59:29.380 [ClientDoer] TRACE tanks.ClientDoer - tanks.ClientDoerrun:
	 at beginning of run
16:59:29.380 [ClientDoer] TRACE tanks.ClientDoer - Communicator sleepWorker:
	 sleeping worker
16:59:29.430 [ClientDoer] TRACE tanks.ClientDoer - tanks.ClientDoerrun:
	 at beginning of run
16:59:29.430 [ClientDoer] TRACE tanks.ClientDoer - Communicator sleepWorker:
	 sleeping worker
16:59:29.480 [ClientDoer] TRACE tanks.ClientDoer - tanks.ClientDoerrun:
	 at beginning of run
16:59:29.480 [ClientDoer] TRACE tanks.ClientDoer - Communicator sleepWorker:
	 sleeping worker
16:59:29.530 [ClientDoer] TRACE tanks.ClientDoer - tanks.ClientDoerrun:
	 at beginning of run
16:59:29.530 [ClientDoer] TRACE tanks.ClientDoer - Communicator sleepWorker:
	 sleeping worker
16:59:29.580 [ClientDoer] TRACE tanks.ClientDoer - tanks.ClientDoerrun:
	 at beginning of run
16:59:29.580 [ClientDoer] TRACE tanks.ClientDoer - Communicator sleepWorker:
	 sleeping worker
16:59:29.630 [ClientDoer] TRACE tanks.ClientDoer - tanks.ClientDoerrun:
	 at beginning of run
16:59:29.630 [ClientDoer] TRACE tanks.ClientDoer - Communicator sleepWorker:
	 sleeping worker
16:59:29.680 [ClientDoer] TRACE tanks.ClientDoer - tanks.ClientDoerrun:
	 at beginning of run
16:59:29.680 [ClientDoer] TRACE tanks.ClientDoer - Communicator sleepWorker:
	 sleeping worker
16:59:29.730 [ClientDoer] TRACE tanks.ClientDoer - tanks.ClientDoerrun:
	 at beginning of run
16:59:29.730 [ClientDoer] TRACE tanks.ClientDoer - Communicator sleepWorker:
	 sleeping worker
16:59:29.780 [ClientDoer] TRACE tanks.ClientDoer - tanks.ClientDoerrun:
	 at beginning of run
16:59:29.780 [ClientDoer] TRACE tanks.ClientDoer - Communicator sleepWorker:
	 sleeping worker
16:59:29.830 [ClientDoer] TRACE tanks.ClientDoer - tanks.ClientDoerrun:
	 at beginning of run
16:59:29.830 [ClientDoer] TRACE tanks.ClientDoer - Communicator sleepWorker:
	 sleeping worker
16:59:29.880 [ClientDoer] TRACE tanks.ClientDoer - tanks.ClientDoerrun:
	 at beginning of run
16:59:29.880 [ClientDoer] TRACE tanks.ClientDoer - Communicator sleepWorker:
	 sleeping worker
16:59:29.930 [ClientDoer] TRACE tanks.ClientDoer - tanks.ClientDoerrun:
	 at beginning of run
16:59:29.930 [ClientDoer] TRACE tanks.ClientDoer - Communicator sleepWorker:
	 sleeping worker
16:59:29.980 [ClientDoer] TRACE tanks.ClientDoer - tanks.ClientDoerrun:
	 at beginning of run
16:59:29.980 [ClientDoer] TRACE tanks.ClientDoer - Communicator sleepWorker:
	 sleeping worker
16:59:30.030 [ClientDoer] TRACE tanks.ClientDoer - tanks.ClientDoerrun:
	 at beginning of run
16:59:30.030 [ClientDoer] TRACE tanks.ClientDoer - Communicator sleepWorker:
	 sleeping worker
16:59:30.080 [ClientDoer] TRACE tanks.ClientDoer - tanks.ClientDoerrun:
	 at beginning of run
16:59:30.080 [ClientDoer] TRACE tanks.ClientDoer - Communicator sleepWorker:
	 sleeping worker
16:59:30.130 [ClientDoer] TRACE tanks.ClientDoer - tanks.ClientDoerrun:
	 at beginning of run
16:59:30.130 [ClientDoer] TRACE tanks.ClientDoer - Communicator sleepWorker:
	 sleeping worker
16:59:30.180 [ClientDoer] TRACE tanks.ClientDoer - tanks.ClientDoerrun:
	 at beginning of run
16:59:30.180 [ClientDoer] TRACE tanks.ClientDoer - Communicator sleepWorker:
	 sleeping worker
16:59:30.231 [ClientDoer] TRACE tanks.ClientDoer - tanks.ClientDoerrun:
	 at beginning of run
16:59:30.231 [ClientDoer] TRACE tanks.ClientDoer - Communicator sleepWorker:
	 sleeping worker
16:59:30.281 [ClientDoer] TRACE tanks.ClientDoer - tanks.ClientDoerrun:
	 at beginning of run
16:59:30.281 [ClientDoer] TRACE tanks.ClientDoer - Communicator sleepWorker:
	 sleeping worker
16:59:30.331 [ClientDoer] TRACE tanks.ClientDoer - tanks.ClientDoerrun:
	 at beginning of run
16:59:30.331 [ClientDoer] TRACE tanks.ClientDoer - Communicator sleepWorker:
	 sleeping worker
16:59:30.381 [ClientDoer] TRACE tanks.ClientDoer - tanks.ClientDoerrun:
	 at beginning of run
16:59:30.381 [ClientDoer] TRACE tanks.ClientDoer - Communicator sleepWorker:
	 sleeping worker
16:59:30.431 [ClientDoer] TRACE tanks.ClientDoer - tanks.ClientDoerrun:
	 at beginning of run
16:59:30.431 [ClientDoer] TRACE tanks.ClientDoer - Communicator sleepWorker:
	 sleeping worker
16:59:30.481 [ClientDoer] TRACE tanks.ClientDoer - tanks.ClientDoerrun:
	 at beginning of run
16:59:30.481 [ClientDoer] TRACE tanks.ClientDoer - Communicator sleepWorker:
	 sleeping worker
16:59:30.531 [ClientDoer] TRACE tanks.ClientDoer - tanks.ClientDoerrun:
	 at beginning of run
16:59:30.531 [ClientDoer] TRACE tanks.ClientDoer - Communicator sleepWorker:
	 sleeping worker
16:59:30.581 [ClientDoer] TRACE tanks.ClientDoer - tanks.ClientDoerrun:
	 at beginning of run
16:59:30.581 [ClientDoer] TRACE tanks.ClientDoer - Communicator sleepWorker:
	 sleeping worker
16:59:30.631 [ClientDoer] TRACE tanks.ClientDoer - tanks.ClientDoerrun:
	 at beginning of run
16:59:30.631 [ClientDoer] TRACE tanks.ClientDoer - Communicator sleepWorker:
	 sleeping worker
16:59:30.681 [ClientDoer] TRACE tanks.ClientDoer - tanks.ClientDoerrun:
	 at beginning of run
16:59:30.681 [ClientDoer] TRACE tanks.ClientDoer - Communicator sleepWorker:
	 sleeping worker
16:59:30.731 [ClientDoer] TRACE tanks.ClientDoer - tanks.ClientDoerrun:
	 at beginning of run
16:59:30.731 [ClientDoer] TRACE tanks.ClientDoer - Communicator sleepWorker:
	 sleeping worker
16:59:30.781 [ClientDoer] TRACE tanks.ClientDoer - tanks.ClientDoerrun:
	 at beginning of run
16:59:30.781 [ClientDoer] TRACE tanks.ClientDoer - Communicator sleepWorker:
	 sleeping worker
16:59:30.831 [ClientDoer] TRACE tanks.ClientDoer - tanks.ClientDoerrun:
	 at beginning of run
16:59:30.831 [ClientDoer] TRACE tanks.ClientDoer - Communicator sleepWorker:
	 sleeping worker
16:59:30.881 [ClientDoer] TRACE tanks.ClientDoer - tanks.ClientDoerrun:
	 at beginning of run
16:59:30.881 [ClientDoer] TRACE tanks.ClientDoer - Communicator sleepWorker:
	 sleeping worker
16:59:30.931 [ClientDoer] TRACE tanks.ClientDoer - tanks.ClientDoerrun:
	 at beginning of run
16:59:30.931 [ClientDoer] TRACE tanks.ClientDoer - Communicator sleepWorker:
	 sleeping worker
16:59:30.981 [ClientDoer] TRACE tanks.ClientDoer - tanks.ClientDoerrun:
	 at beginning of run
16:59:30.981 [ClientDoer] TRACE tanks.ClientDoer - Communicator sleepWorker:
	 sleeping worker
16:59:31.031 [ClientDoer] TRACE tanks.ClientDoer - tanks.ClientDoerrun:
	 at beginning of run
16:59:31.031 [ClientDoer] TRACE tanks.ClientDoer - Communicator sleepWorker:
	 sleeping worker
16:59:31.081 [ClientDoer] TRACE tanks.ClientDoer - tanks.ClientDoerrun:
	 at beginning of run
16:59:31.081 [ClientDoer] TRACE tanks.ClientDoer - Communicator sleepWorker:
	 sleeping worker
16:59:31.131 [ClientDoer] TRACE tanks.ClientDoer - tanks.ClientDoerrun:
	 at beginning of run
16:59:31.131 [ClientDoer] TRACE tanks.ClientDoer - Communicator sleepWorker:
	 sleeping worker
16:59:31.181 [ClientDoer] TRACE tanks.ClientDoer - tanks.ClientDoerrun:
	 at beginning of run
16:59:31.181 [ClientDoer] TRACE tanks.ClientDoer - Communicator sleepWorker:
	 sleeping worker
16:59:31.231 [ClientDoer] TRACE tanks.ClientDoer - tanks.ClientDoerrun:
	 at beginning of run
16:59:31.231 [ClientDoer] TRACE tanks.ClientDoer - Communicator sleepWorker:
	 sleeping worker
16:59:31.281 [ClientDoer] TRACE tanks.ClientDoer - tanks.ClientDoerrun:
	 at beginning of run
16:59:31.281 [ClientDoer] TRACE tanks.ClientDoer - Communicator sleepWorker:
	 sleeping worker
16:59:31.331 [ClientDoer] TRACE tanks.ClientDoer - tanks.ClientDoerrun:
	 at beginning of run
16:59:31.331 [ClientDoer] TRACE tanks.ClientDoer - Communicator sleepWorker:
	 sleeping worker
16:59:31.381 [ClientDoer] TRACE tanks.ClientDoer - tanks.ClientDoerrun:
	 at beginning of run
16:59:31.381 [ClientDoer] TRACE tanks.ClientDoer - Communicator sleepWorker:
	 sleeping worker
16:59:31.431 [ClientDoer] TRACE tanks.ClientDoer - tanks.ClientDoerrun:
	 at beginning of run
16:59:31.431 [ClientDoer] TRACE tanks.ClientDoer - Communicator sleepWorker:
	 sleeping worker
16:59:31.481 [ClientDoer] TRACE tanks.ClientDoer - tanks.ClientDoerrun:
	 at beginning of run
16:59:31.481 [ClientDoer] TRACE tanks.ClientDoer - Communicator sleepWorker:
	 sleeping worker
16:59:31.531 [ClientDoer] TRACE tanks.ClientDoer - tanks.ClientDoerrun:
	 at beginning of run
16:59:31.531 [ClientDoer] TRACE tanks.ClientDoer - Communicator sleepWorker:
	 sleeping worker
16:59:31.581 [ClientDoer] TRACE tanks.ClientDoer - tanks.ClientDoerrun:
	 at beginning of run
16:59:31.581 [ClientDoer] TRACE tanks.ClientDoer - Communicator sleepWorker:
	 sleeping worker
16:59:31.631 [ClientDoer] TRACE tanks.ClientDoer - tanks.ClientDoerrun:
	 at beginning of run
16:59:31.631 [ClientDoer] TRACE tanks.ClientDoer - Communicator sleepWorker:
	 sleeping worker
16:59:31.681 [ClientDoer] TRACE tanks.ClientDoer - tanks.ClientDoerrun:
	 at beginning of run
16:59:31.681 [ClientDoer] TRACE tanks.ClientDoer - Communicator sleepWorker:
	 sleeping worker
16:59:31.690 [JavaFX Application Thread] INFO  Strategy.RegisterStrategy - RegisterStrategy constructor
	RegisterStrategy created
16:59:31.732 [ClientDoer] TRACE tanks.ClientDoer - tanks.ClientDoerrun:
	 at beginning of run
16:59:31.732 [ClientDoer] DEBUG tanks.ClientDoer - tanks.ClientDoerrun:
	 Got Task from taskqueue
16:59:31.734 [ClientDoer] DEBUG TanksCommon.Model.TanksModel - TanksModel add
	Added conversation to conversations
16:59:31.736 [ClientDoer] DEBUG Conversation.Conversation - Conversation sendMessageTo
	 message added to communicator output queue
16:59:31.783 [Communicator] TRACE M.RegisterProtocol.RegisterRequest - RegisterRequest encode
	adding classID
	Write: 0
	Read: 0
16:59:31.783 [Communicator] TRACE M.RegisterProtocol.RegisterRequest - RegisterRequest encode
	adding messageLength placeholder
	Write: 4
	Read: 0
16:59:31.783 [Communicator] TRACE M.RegisterProtocol.RegisterRequest - Request encode
	adding classID
	Write: 6
	Read: 0
16:59:31.783 [Communicator] TRACE M.RegisterProtocol.RegisterRequest - Request encode
	encoding super
	Write: 12
	Read: 0
16:59:31.783 [Communicator] TRACE M.RegisterProtocol.RegisterRequest - Request encode
	adding ordinal of request type: 1
	Write: 46
	Read: 0
16:59:31.783 [Communicator] TRACE M.RegisterProtocol.RegisterRequest - Request encode
	adding playerID: 0
	Write: 50
	Read: 0
16:59:31.783 [Communicator] TRACE M.RegisterProtocol.RegisterRequest - Request encode
	adding length: 42
	Write: 54
	Read: 0
16:59:31.783 [Communicator] TRACE M.RegisterProtocol.RegisterRequest - RegisterRequest encode
	encoding player name
	Write: 54
	Read: 0
17:00:31.787 [JavaFX Application Thread] DEBUG tanks.ClientDoer - BackgroundThread Stop:
	 Stopping Thread
17:00:31.787 [JavaFX Application Thread] DEBUG tanks.ClientDoer - BackgroundThread Stop:
	 Thread Stopped
