08:33:10.007 [JavaFX Application Thread] DEBUG tanks.TanksUIController - setupPropertiesReader
	properties reader setup correctly
08:33:10.012 [JavaFX Application Thread] DEBUG tanks.TanksUIController - readServerAddresses
	server addresses read correctly
08:33:10.012 [JavaFX Application Thread] DEBUG tanks.TanksUIController - createBackgroundTasks
	creating background tasks
08:33:10.015 [JavaFX Application Thread] DEBUG tanks.ClientDoer - BackgroundThread Start: 
	Thread Started
08:33:10.015 [ClientDoer] TRACE tanks.ClientDoer - tanks.ClientDoerrun:
	 at beginning of run
08:33:10.015 [ClientDoer] TRACE tanks.ClientDoer - Communicator sleepWorker:
	 sleeping worker
08:33:10.065 [ClientDoer] TRACE tanks.ClientDoer - tanks.ClientDoerrun:
	 at beginning of run
08:33:10.065 [ClientDoer] TRACE tanks.ClientDoer - Communicator sleepWorker:
	 sleeping worker
08:33:10.115 [ClientDoer] TRACE tanks.ClientDoer - tanks.ClientDoerrun:
	 at beginning of run
08:33:10.115 [ClientDoer] TRACE tanks.ClientDoer - Communicator sleepWorker:
	 sleeping worker
08:33:10.165 [ClientDoer] TRACE tanks.ClientDoer - tanks.ClientDoerrun:
	 at beginning of run
08:33:10.165 [ClientDoer] TRACE tanks.ClientDoer - Communicator sleepWorker:
	 sleeping worker
08:33:10.215 [ClientDoer] TRACE tanks.ClientDoer - tanks.ClientDoerrun:
	 at beginning of run
08:33:10.215 [ClientDoer] TRACE tanks.ClientDoer - Communicator sleepWorker:
	 sleeping worker
08:33:10.265 [ClientDoer] TRACE tanks.ClientDoer - tanks.ClientDoerrun:
	 at beginning of run
08:33:10.265 [ClientDoer] TRACE tanks.ClientDoer - Communicator sleepWorker:
	 sleeping worker
08:33:10.315 [ClientDoer] TRACE tanks.ClientDoer - tanks.ClientDoerrun:
	 at beginning of run
08:33:10.315 [ClientDoer] TRACE tanks.ClientDoer - Communicator sleepWorker:
	 sleeping worker
08:33:10.365 [ClientDoer] TRACE tanks.ClientDoer - tanks.ClientDoerrun:
	 at beginning of run
08:33:10.365 [ClientDoer] TRACE tanks.ClientDoer - Communicator sleepWorker:
	 sleeping worker
08:33:10.415 [ClientDoer] TRACE tanks.ClientDoer - tanks.ClientDoerrun:
	 at beginning of run
08:33:10.415 [ClientDoer] TRACE tanks.ClientDoer - Communicator sleepWorker:
	 sleeping worker
08:33:10.465 [ClientDoer] TRACE tanks.ClientDoer - tanks.ClientDoerrun:
	 at beginning of run
08:33:10.465 [ClientDoer] TRACE tanks.ClientDoer - Communicator sleepWorker:
	 sleeping worker
08:33:10.515 [ClientDoer] TRACE tanks.ClientDoer - tanks.ClientDoerrun:
	 at beginning of run
08:33:10.515 [ClientDoer] TRACE tanks.ClientDoer - Communicator sleepWorker:
	 sleeping worker
08:33:10.565 [ClientDoer] TRACE tanks.ClientDoer - tanks.ClientDoerrun:
	 at beginning of run
08:33:10.565 [ClientDoer] TRACE tanks.ClientDoer - Communicator sleepWorker:
	 sleeping worker
08:33:10.615 [ClientDoer] TRACE tanks.ClientDoer - tanks.ClientDoerrun:
	 at beginning of run
08:33:10.615 [ClientDoer] TRACE tanks.ClientDoer - Communicator sleepWorker:
	 sleeping worker
08:33:10.665 [ClientDoer] TRACE tanks.ClientDoer - tanks.ClientDoerrun:
	 at beginning of run
08:33:10.665 [ClientDoer] TRACE tanks.ClientDoer - Communicator sleepWorker:
	 sleeping worker
08:33:10.715 [ClientDoer] TRACE tanks.ClientDoer - tanks.ClientDoerrun:
	 at beginning of run
08:33:10.715 [ClientDoer] TRACE tanks.ClientDoer - Communicator sleepWorker:
	 sleeping worker
08:33:10.765 [ClientDoer] TRACE tanks.ClientDoer - tanks.ClientDoerrun:
	 at beginning of run
08:33:10.765 [ClientDoer] TRACE tanks.ClientDoer - Communicator sleepWorker:
	 sleeping worker
08:33:10.815 [ClientDoer] TRACE tanks.ClientDoer - tanks.ClientDoerrun:
	 at beginning of run
08:33:10.815 [ClientDoer] TRACE tanks.ClientDoer - Communicator sleepWorker:
	 sleeping worker
08:33:10.865 [ClientDoer] TRACE tanks.ClientDoer - tanks.ClientDoerrun:
	 at beginning of run
08:33:10.865 [ClientDoer] TRACE tanks.ClientDoer - Communicator sleepWorker:
	 sleeping worker
08:33:10.915 [ClientDoer] TRACE tanks.ClientDoer - tanks.ClientDoerrun:
	 at beginning of run
08:33:10.915 [ClientDoer] TRACE tanks.ClientDoer - Communicator sleepWorker:
	 sleeping worker
08:33:10.965 [ClientDoer] TRACE tanks.ClientDoer - tanks.ClientDoerrun:
	 at beginning of run
08:33:10.965 [ClientDoer] TRACE tanks.ClientDoer - Communicator sleepWorker:
	 sleeping worker
08:33:11.015 [ClientDoer] TRACE tanks.ClientDoer - tanks.ClientDoerrun:
	 at beginning of run
08:33:11.015 [ClientDoer] TRACE tanks.ClientDoer - Communicator sleepWorker:
	 sleeping worker
08:33:11.065 [ClientDoer] TRACE tanks.ClientDoer - tanks.ClientDoerrun:
	 at beginning of run
08:33:11.065 [ClientDoer] TRACE tanks.ClientDoer - Communicator sleepWorker:
	 sleeping worker
08:33:11.116 [ClientDoer] TRACE tanks.ClientDoer - tanks.ClientDoerrun:
	 at beginning of run
08:33:11.116 [ClientDoer] TRACE tanks.ClientDoer - Communicator sleepWorker:
	 sleeping worker
08:33:11.166 [ClientDoer] TRACE tanks.ClientDoer - tanks.ClientDoerrun:
	 at beginning of run
08:33:11.166 [ClientDoer] TRACE tanks.ClientDoer - Communicator sleepWorker:
	 sleeping worker
08:33:11.216 [ClientDoer] TRACE tanks.ClientDoer - tanks.ClientDoerrun:
	 at beginning of run
08:33:11.216 [ClientDoer] TRACE tanks.ClientDoer - Communicator sleepWorker:
	 sleeping worker
08:33:11.266 [ClientDoer] TRACE tanks.ClientDoer - tanks.ClientDoerrun:
	 at beginning of run
08:33:11.266 [ClientDoer] TRACE tanks.ClientDoer - Communicator sleepWorker:
	 sleeping worker
08:33:11.316 [ClientDoer] TRACE tanks.ClientDoer - tanks.ClientDoerrun:
	 at beginning of run
08:33:11.316 [ClientDoer] TRACE tanks.ClientDoer - Communicator sleepWorker:
	 sleeping worker
08:33:11.366 [ClientDoer] TRACE tanks.ClientDoer - tanks.ClientDoerrun:
	 at beginning of run
08:33:11.366 [ClientDoer] TRACE tanks.ClientDoer - Communicator sleepWorker:
	 sleeping worker
08:33:11.416 [ClientDoer] TRACE tanks.ClientDoer - tanks.ClientDoerrun:
	 at beginning of run
08:33:11.416 [ClientDoer] TRACE tanks.ClientDoer - Communicator sleepWorker:
	 sleeping worker
08:33:11.466 [ClientDoer] TRACE tanks.ClientDoer - tanks.ClientDoerrun:
	 at beginning of run
08:33:11.466 [ClientDoer] TRACE tanks.ClientDoer - Communicator sleepWorker:
	 sleeping worker
08:33:11.516 [ClientDoer] TRACE tanks.ClientDoer - tanks.ClientDoerrun:
	 at beginning of run
08:33:11.516 [ClientDoer] TRACE tanks.ClientDoer - Communicator sleepWorker:
	 sleeping worker
08:33:11.566 [ClientDoer] TRACE tanks.ClientDoer - tanks.ClientDoerrun:
	 at beginning of run
08:33:11.566 [ClientDoer] TRACE tanks.ClientDoer - Communicator sleepWorker:
	 sleeping worker
08:33:11.616 [ClientDoer] TRACE tanks.ClientDoer - tanks.ClientDoerrun:
	 at beginning of run
08:33:11.616 [ClientDoer] TRACE tanks.ClientDoer - Communicator sleepWorker:
	 sleeping worker
08:33:11.666 [ClientDoer] TRACE tanks.ClientDoer - tanks.ClientDoerrun:
	 at beginning of run
08:33:11.666 [ClientDoer] TRACE tanks.ClientDoer - Communicator sleepWorker:
	 sleeping worker
08:33:11.716 [ClientDoer] TRACE tanks.ClientDoer - tanks.ClientDoerrun:
	 at beginning of run
08:33:11.716 [ClientDoer] TRACE tanks.ClientDoer - Communicator sleepWorker:
	 sleeping worker
08:33:11.766 [ClientDoer] TRACE tanks.ClientDoer - tanks.ClientDoerrun:
	 at beginning of run
08:33:11.766 [ClientDoer] TRACE tanks.ClientDoer - Communicator sleepWorker:
	 sleeping worker
08:33:11.816 [ClientDoer] TRACE tanks.ClientDoer - tanks.ClientDoerrun:
	 at beginning of run
08:33:11.816 [ClientDoer] TRACE tanks.ClientDoer - Communicator sleepWorker:
	 sleeping worker
08:33:11.866 [ClientDoer] TRACE tanks.ClientDoer - tanks.ClientDoerrun:
	 at beginning of run
08:33:11.866 [ClientDoer] TRACE tanks.ClientDoer - Communicator sleepWorker:
	 sleeping worker
08:33:11.916 [ClientDoer] TRACE tanks.ClientDoer - tanks.ClientDoerrun:
	 at beginning of run
08:33:11.916 [ClientDoer] TRACE tanks.ClientDoer - Communicator sleepWorker:
	 sleeping worker
08:33:11.966 [ClientDoer] TRACE tanks.ClientDoer - tanks.ClientDoerrun:
	 at beginning of run
08:33:11.966 [ClientDoer] TRACE tanks.ClientDoer - Communicator sleepWorker:
	 sleeping worker
08:33:12.016 [ClientDoer] TRACE tanks.ClientDoer - tanks.ClientDoerrun:
	 at beginning of run
08:33:12.016 [ClientDoer] TRACE tanks.ClientDoer - Communicator sleepWorker:
	 sleeping worker
08:33:12.066 [ClientDoer] TRACE tanks.ClientDoer - tanks.ClientDoerrun:
	 at beginning of run
08:33:12.066 [ClientDoer] TRACE tanks.ClientDoer - Communicator sleepWorker:
	 sleeping worker
08:33:12.116 [ClientDoer] TRACE tanks.ClientDoer - tanks.ClientDoerrun:
	 at beginning of run
08:33:12.116 [ClientDoer] TRACE tanks.ClientDoer - Communicator sleepWorker:
	 sleeping worker
08:33:12.166 [ClientDoer] TRACE tanks.ClientDoer - tanks.ClientDoerrun:
	 at beginning of run
08:33:12.166 [ClientDoer] TRACE tanks.ClientDoer - Communicator sleepWorker:
	 sleeping worker
08:33:12.216 [ClientDoer] TRACE tanks.ClientDoer - tanks.ClientDoerrun:
	 at beginning of run
08:33:12.216 [ClientDoer] TRACE tanks.ClientDoer - Communicator sleepWorker:
	 sleeping worker
08:33:12.266 [ClientDoer] TRACE tanks.ClientDoer - tanks.ClientDoerrun:
	 at beginning of run
08:33:12.266 [ClientDoer] TRACE tanks.ClientDoer - Communicator sleepWorker:
	 sleeping worker
08:33:12.316 [ClientDoer] TRACE tanks.ClientDoer - tanks.ClientDoerrun:
	 at beginning of run
08:33:12.316 [ClientDoer] TRACE tanks.ClientDoer - Communicator sleepWorker:
	 sleeping worker
08:33:12.366 [ClientDoer] TRACE tanks.ClientDoer - tanks.ClientDoerrun:
	 at beginning of run
08:33:12.366 [ClientDoer] TRACE tanks.ClientDoer - Communicator sleepWorker:
	 sleeping worker
08:33:12.416 [ClientDoer] TRACE tanks.ClientDoer - tanks.ClientDoerrun:
	 at beginning of run
08:33:12.416 [ClientDoer] TRACE tanks.ClientDoer - Communicator sleepWorker:
	 sleeping worker
08:33:12.466 [ClientDoer] TRACE tanks.ClientDoer - tanks.ClientDoerrun:
	 at beginning of run
08:33:12.466 [ClientDoer] TRACE tanks.ClientDoer - Communicator sleepWorker:
	 sleeping worker
08:33:12.516 [ClientDoer] TRACE tanks.ClientDoer - tanks.ClientDoerrun:
	 at beginning of run
08:33:12.516 [ClientDoer] TRACE tanks.ClientDoer - Communicator sleepWorker:
	 sleeping worker
08:33:12.566 [ClientDoer] TRACE tanks.ClientDoer - tanks.ClientDoerrun:
	 at beginning of run
08:33:12.566 [ClientDoer] TRACE tanks.ClientDoer - Communicator sleepWorker:
	 sleeping worker
08:33:12.617 [ClientDoer] TRACE tanks.ClientDoer - tanks.ClientDoerrun:
	 at beginning of run
08:33:12.617 [ClientDoer] TRACE tanks.ClientDoer - Communicator sleepWorker:
	 sleeping worker
08:33:12.667 [ClientDoer] TRACE tanks.ClientDoer - tanks.ClientDoerrun:
	 at beginning of run
08:33:12.667 [ClientDoer] TRACE tanks.ClientDoer - Communicator sleepWorker:
	 sleeping worker
08:33:12.717 [ClientDoer] TRACE tanks.ClientDoer - tanks.ClientDoerrun:
	 at beginning of run
08:33:12.717 [ClientDoer] TRACE tanks.ClientDoer - Communicator sleepWorker:
	 sleeping worker
08:33:12.767 [ClientDoer] TRACE tanks.ClientDoer - tanks.ClientDoerrun:
	 at beginning of run
08:33:12.767 [ClientDoer] TRACE tanks.ClientDoer - Communicator sleepWorker:
	 sleeping worker
08:33:12.817 [ClientDoer] TRACE tanks.ClientDoer - tanks.ClientDoerrun:
	 at beginning of run
08:33:12.817 [ClientDoer] TRACE tanks.ClientDoer - Communicator sleepWorker:
	 sleeping worker
08:33:12.867 [ClientDoer] TRACE tanks.ClientDoer - tanks.ClientDoerrun:
	 at beginning of run
08:33:12.867 [ClientDoer] TRACE tanks.ClientDoer - Communicator sleepWorker:
	 sleeping worker
08:33:12.917 [ClientDoer] TRACE tanks.ClientDoer - tanks.ClientDoerrun:
	 at beginning of run
08:33:12.917 [ClientDoer] TRACE tanks.ClientDoer - Communicator sleepWorker:
	 sleeping worker
08:33:12.967 [ClientDoer] TRACE tanks.ClientDoer - tanks.ClientDoerrun:
	 at beginning of run
08:33:12.967 [ClientDoer] TRACE tanks.ClientDoer - Communicator sleepWorker:
	 sleeping worker
08:33:13.017 [ClientDoer] TRACE tanks.ClientDoer - tanks.ClientDoerrun:
	 at beginning of run
08:33:13.017 [ClientDoer] TRACE tanks.ClientDoer - Communicator sleepWorker:
	 sleeping worker
08:33:13.067 [ClientDoer] TRACE tanks.ClientDoer - tanks.ClientDoerrun:
	 at beginning of run
08:33:13.067 [ClientDoer] TRACE tanks.ClientDoer - Communicator sleepWorker:
	 sleeping worker
08:33:13.117 [ClientDoer] TRACE tanks.ClientDoer - tanks.ClientDoerrun:
	 at beginning of run
08:33:13.117 [ClientDoer] TRACE tanks.ClientDoer - Communicator sleepWorker:
	 sleeping worker
08:33:13.167 [ClientDoer] TRACE tanks.ClientDoer - tanks.ClientDoerrun:
	 at beginning of run
08:33:13.167 [ClientDoer] TRACE tanks.ClientDoer - Communicator sleepWorker:
	 sleeping worker
08:33:13.217 [ClientDoer] TRACE tanks.ClientDoer - tanks.ClientDoerrun:
	 at beginning of run
08:33:13.217 [ClientDoer] TRACE tanks.ClientDoer - Communicator sleepWorker:
	 sleeping worker
08:33:13.267 [ClientDoer] TRACE tanks.ClientDoer - tanks.ClientDoerrun:
	 at beginning of run
08:33:13.267 [ClientDoer] TRACE tanks.ClientDoer - Communicator sleepWorker:
	 sleeping worker
08:33:13.317 [ClientDoer] TRACE tanks.ClientDoer - tanks.ClientDoerrun:
	 at beginning of run
08:33:13.317 [ClientDoer] TRACE tanks.ClientDoer - Communicator sleepWorker:
	 sleeping worker
08:33:13.367 [ClientDoer] TRACE tanks.ClientDoer - tanks.ClientDoerrun:
	 at beginning of run
08:33:13.367 [ClientDoer] TRACE tanks.ClientDoer - Communicator sleepWorker:
	 sleeping worker
08:33:13.417 [ClientDoer] TRACE tanks.ClientDoer - tanks.ClientDoerrun:
	 at beginning of run
08:33:13.417 [ClientDoer] TRACE tanks.ClientDoer - Communicator sleepWorker:
	 sleeping worker
08:33:13.467 [ClientDoer] TRACE tanks.ClientDoer - tanks.ClientDoerrun:
	 at beginning of run
08:33:13.467 [ClientDoer] TRACE tanks.ClientDoer - Communicator sleepWorker:
	 sleeping worker
08:33:13.517 [ClientDoer] TRACE tanks.ClientDoer - tanks.ClientDoerrun:
	 at beginning of run
08:33:13.517 [ClientDoer] TRACE tanks.ClientDoer - Communicator sleepWorker:
	 sleeping worker
08:33:13.567 [ClientDoer] TRACE tanks.ClientDoer - tanks.ClientDoerrun:
	 at beginning of run
08:33:13.567 [ClientDoer] TRACE tanks.ClientDoer - Communicator sleepWorker:
	 sleeping worker
08:33:13.617 [ClientDoer] TRACE tanks.ClientDoer - tanks.ClientDoerrun:
	 at beginning of run
08:33:13.617 [ClientDoer] TRACE tanks.ClientDoer - Communicator sleepWorker:
	 sleeping worker
08:33:13.667 [ClientDoer] TRACE tanks.ClientDoer - tanks.ClientDoerrun:
	 at beginning of run
08:33:13.667 [ClientDoer] TRACE tanks.ClientDoer - Communicator sleepWorker:
	 sleeping worker
08:33:13.717 [ClientDoer] TRACE tanks.ClientDoer - tanks.ClientDoerrun:
	 at beginning of run
08:33:13.717 [ClientDoer] TRACE tanks.ClientDoer - Communicator sleepWorker:
	 sleeping worker
08:33:13.767 [ClientDoer] TRACE tanks.ClientDoer - tanks.ClientDoerrun:
	 at beginning of run
08:33:13.767 [ClientDoer] TRACE tanks.ClientDoer - Communicator sleepWorker:
	 sleeping worker
08:33:13.817 [ClientDoer] TRACE tanks.ClientDoer - tanks.ClientDoerrun:
	 at beginning of run
08:33:13.817 [ClientDoer] TRACE tanks.ClientDoer - Communicator sleepWorker:
	 sleeping worker
08:33:13.867 [ClientDoer] TRACE tanks.ClientDoer - tanks.ClientDoerrun:
	 at beginning of run
08:33:13.867 [ClientDoer] TRACE tanks.ClientDoer - Communicator sleepWorker:
	 sleeping worker
08:33:13.917 [ClientDoer] TRACE tanks.ClientDoer - tanks.ClientDoerrun:
	 at beginning of run
08:33:13.917 [ClientDoer] TRACE tanks.ClientDoer - Communicator sleepWorker:
	 sleeping worker
08:33:13.967 [ClientDoer] TRACE tanks.ClientDoer - tanks.ClientDoerrun:
	 at beginning of run
08:33:13.967 [ClientDoer] TRACE tanks.ClientDoer - Communicator sleepWorker:
	 sleeping worker
08:33:14.017 [ClientDoer] TRACE tanks.ClientDoer - tanks.ClientDoerrun:
	 at beginning of run
08:33:14.017 [ClientDoer] TRACE tanks.ClientDoer - Communicator sleepWorker:
	 sleeping worker
08:33:14.067 [ClientDoer] TRACE tanks.ClientDoer - tanks.ClientDoerrun:
	 at beginning of run
08:33:14.067 [ClientDoer] TRACE tanks.ClientDoer - Communicator sleepWorker:
	 sleeping worker
08:33:14.118 [ClientDoer] TRACE tanks.ClientDoer - tanks.ClientDoerrun:
	 at beginning of run
08:33:14.118 [ClientDoer] TRACE tanks.ClientDoer - Communicator sleepWorker:
	 sleeping worker
08:33:14.168 [ClientDoer] TRACE tanks.ClientDoer - tanks.ClientDoerrun:
	 at beginning of run
08:33:14.168 [ClientDoer] TRACE tanks.ClientDoer - Communicator sleepWorker:
	 sleeping worker
08:33:14.218 [ClientDoer] TRACE tanks.ClientDoer - tanks.ClientDoerrun:
	 at beginning of run
08:33:14.218 [ClientDoer] TRACE tanks.ClientDoer - Communicator sleepWorker:
	 sleeping worker
08:33:14.268 [ClientDoer] TRACE tanks.ClientDoer - tanks.ClientDoerrun:
	 at beginning of run
08:33:14.268 [ClientDoer] TRACE tanks.ClientDoer - Communicator sleepWorker:
	 sleeping worker
08:33:14.318 [ClientDoer] TRACE tanks.ClientDoer - tanks.ClientDoerrun:
	 at beginning of run
08:33:14.318 [ClientDoer] TRACE tanks.ClientDoer - Communicator sleepWorker:
	 sleeping worker
08:33:14.368 [ClientDoer] TRACE tanks.ClientDoer - tanks.ClientDoerrun:
	 at beginning of run
08:33:14.368 [ClientDoer] TRACE tanks.ClientDoer - Communicator sleepWorker:
	 sleeping worker
08:33:14.418 [ClientDoer] TRACE tanks.ClientDoer - tanks.ClientDoerrun:
	 at beginning of run
08:33:14.418 [ClientDoer] TRACE tanks.ClientDoer - Communicator sleepWorker:
	 sleeping worker
08:33:14.468 [ClientDoer] TRACE tanks.ClientDoer - tanks.ClientDoerrun:
	 at beginning of run
08:33:14.468 [ClientDoer] TRACE tanks.ClientDoer - Communicator sleepWorker:
	 sleeping worker
08:33:14.518 [ClientDoer] TRACE tanks.ClientDoer - tanks.ClientDoerrun:
	 at beginning of run
08:33:14.518 [ClientDoer] TRACE tanks.ClientDoer - Communicator sleepWorker:
	 sleeping worker
08:33:14.568 [ClientDoer] TRACE tanks.ClientDoer - tanks.ClientDoerrun:
	 at beginning of run
08:33:14.568 [ClientDoer] TRACE tanks.ClientDoer - Communicator sleepWorker:
	 sleeping worker
08:33:14.618 [ClientDoer] TRACE tanks.ClientDoer - tanks.ClientDoerrun:
	 at beginning of run
08:33:14.618 [ClientDoer] TRACE tanks.ClientDoer - Communicator sleepWorker:
	 sleeping worker
08:33:14.668 [ClientDoer] TRACE tanks.ClientDoer - tanks.ClientDoerrun:
	 at beginning of run
08:33:14.668 [ClientDoer] TRACE tanks.ClientDoer - Communicator sleepWorker:
	 sleeping worker
08:33:14.718 [ClientDoer] TRACE tanks.ClientDoer - tanks.ClientDoerrun:
	 at beginning of run
08:33:14.718 [ClientDoer] TRACE tanks.ClientDoer - Communicator sleepWorker:
	 sleeping worker
08:33:14.768 [ClientDoer] TRACE tanks.ClientDoer - tanks.ClientDoerrun:
	 at beginning of run
08:33:14.768 [ClientDoer] TRACE tanks.ClientDoer - Communicator sleepWorker:
	 sleeping worker
08:33:14.818 [ClientDoer] TRACE tanks.ClientDoer - tanks.ClientDoerrun:
	 at beginning of run
08:33:14.818 [ClientDoer] TRACE tanks.ClientDoer - Communicator sleepWorker:
	 sleeping worker
08:33:14.868 [ClientDoer] TRACE tanks.ClientDoer - tanks.ClientDoerrun:
	 at beginning of run
08:33:14.868 [ClientDoer] TRACE tanks.ClientDoer - Communicator sleepWorker:
	 sleeping worker
08:33:14.918 [ClientDoer] TRACE tanks.ClientDoer - tanks.ClientDoerrun:
	 at beginning of run
08:33:14.918 [ClientDoer] TRACE tanks.ClientDoer - Communicator sleepWorker:
	 sleeping worker
08:33:14.968 [ClientDoer] TRACE tanks.ClientDoer - tanks.ClientDoerrun:
	 at beginning of run
08:33:14.968 [ClientDoer] TRACE tanks.ClientDoer - Communicator sleepWorker:
	 sleeping worker
08:33:15.018 [ClientDoer] TRACE tanks.ClientDoer - tanks.ClientDoerrun:
	 at beginning of run
08:33:15.018 [ClientDoer] TRACE tanks.ClientDoer - Communicator sleepWorker:
	 sleeping worker
08:33:15.068 [ClientDoer] TRACE tanks.ClientDoer - tanks.ClientDoerrun:
	 at beginning of run
08:33:15.068 [ClientDoer] TRACE tanks.ClientDoer - Communicator sleepWorker:
	 sleeping worker
08:33:15.118 [ClientDoer] TRACE tanks.ClientDoer - tanks.ClientDoerrun:
	 at beginning of run
08:33:15.118 [ClientDoer] TRACE tanks.ClientDoer - Communicator sleepWorker:
	 sleeping worker
08:33:15.168 [ClientDoer] TRACE tanks.ClientDoer - tanks.ClientDoerrun:
	 at beginning of run
08:33:15.168 [ClientDoer] TRACE tanks.ClientDoer - Communicator sleepWorker:
	 sleeping worker
08:33:15.218 [ClientDoer] TRACE tanks.ClientDoer - tanks.ClientDoerrun:
	 at beginning of run
08:33:15.218 [ClientDoer] TRACE tanks.ClientDoer - Communicator sleepWorker:
	 sleeping worker
08:33:15.268 [ClientDoer] TRACE tanks.ClientDoer - tanks.ClientDoerrun:
	 at beginning of run
08:33:15.268 [ClientDoer] TRACE tanks.ClientDoer - Communicator sleepWorker:
	 sleeping worker
08:33:15.318 [ClientDoer] TRACE tanks.ClientDoer - tanks.ClientDoerrun:
	 at beginning of run
08:33:15.318 [ClientDoer] TRACE tanks.ClientDoer - Communicator sleepWorker:
	 sleeping worker
08:33:15.368 [ClientDoer] TRACE tanks.ClientDoer - tanks.ClientDoerrun:
	 at beginning of run
08:33:15.368 [ClientDoer] TRACE tanks.ClientDoer - Communicator sleepWorker:
	 sleeping worker
08:33:15.418 [ClientDoer] TRACE tanks.ClientDoer - tanks.ClientDoerrun:
	 at beginning of run
08:33:15.418 [ClientDoer] TRACE tanks.ClientDoer - Communicator sleepWorker:
	 sleeping worker
08:33:15.468 [ClientDoer] TRACE tanks.ClientDoer - tanks.ClientDoerrun:
	 at beginning of run
08:33:15.468 [ClientDoer] TRACE tanks.ClientDoer - Communicator sleepWorker:
	 sleeping worker
08:33:15.518 [ClientDoer] TRACE tanks.ClientDoer - tanks.ClientDoerrun:
	 at beginning of run
08:33:15.518 [ClientDoer] TRACE tanks.ClientDoer - Communicator sleepWorker:
	 sleeping worker
08:33:15.568 [ClientDoer] TRACE tanks.ClientDoer - tanks.ClientDoerrun:
	 at beginning of run
08:33:15.568 [ClientDoer] TRACE tanks.ClientDoer - Communicator sleepWorker:
	 sleeping worker
08:33:15.618 [ClientDoer] TRACE tanks.ClientDoer - tanks.ClientDoerrun:
	 at beginning of run
08:33:15.618 [ClientDoer] TRACE tanks.ClientDoer - Communicator sleepWorker:
	 sleeping worker
08:33:15.669 [ClientDoer] TRACE tanks.ClientDoer - tanks.ClientDoerrun:
	 at beginning of run
08:33:15.669 [ClientDoer] TRACE tanks.ClientDoer - Communicator sleepWorker:
	 sleeping worker
08:33:15.719 [ClientDoer] TRACE tanks.ClientDoer - tanks.ClientDoerrun:
	 at beginning of run
08:33:15.719 [ClientDoer] TRACE tanks.ClientDoer - Communicator sleepWorker:
	 sleeping worker
08:33:15.769 [ClientDoer] TRACE tanks.ClientDoer - tanks.ClientDoerrun:
	 at beginning of run
08:33:15.769 [ClientDoer] TRACE tanks.ClientDoer - Communicator sleepWorker:
	 sleeping worker
08:33:15.819 [ClientDoer] TRACE tanks.ClientDoer - tanks.ClientDoerrun:
	 at beginning of run
08:33:15.819 [ClientDoer] TRACE tanks.ClientDoer - Communicator sleepWorker:
	 sleeping worker
08:33:15.869 [ClientDoer] TRACE tanks.ClientDoer - tanks.ClientDoerrun:
	 at beginning of run
08:33:15.869 [ClientDoer] TRACE tanks.ClientDoer - Communicator sleepWorker:
	 sleeping worker
08:33:15.919 [ClientDoer] TRACE tanks.ClientDoer - tanks.ClientDoerrun:
	 at beginning of run
08:33:15.919 [ClientDoer] TRACE tanks.ClientDoer - Communicator sleepWorker:
	 sleeping worker
08:33:15.969 [ClientDoer] TRACE tanks.ClientDoer - tanks.ClientDoerrun:
	 at beginning of run
08:33:15.969 [ClientDoer] TRACE tanks.ClientDoer - Communicator sleepWorker:
	 sleeping worker
08:33:16.019 [ClientDoer] TRACE tanks.ClientDoer - tanks.ClientDoerrun:
	 at beginning of run
08:33:16.019 [ClientDoer] TRACE tanks.ClientDoer - Communicator sleepWorker:
	 sleeping worker
08:33:16.069 [ClientDoer] TRACE tanks.ClientDoer - tanks.ClientDoerrun:
	 at beginning of run
08:33:16.069 [ClientDoer] TRACE tanks.ClientDoer - Communicator sleepWorker:
	 sleeping worker
08:33:16.119 [ClientDoer] TRACE tanks.ClientDoer - tanks.ClientDoerrun:
	 at beginning of run
08:33:16.119 [ClientDoer] TRACE tanks.ClientDoer - Communicator sleepWorker:
	 sleeping worker
08:33:16.169 [ClientDoer] TRACE tanks.ClientDoer - tanks.ClientDoerrun:
	 at beginning of run
08:33:16.169 [ClientDoer] TRACE tanks.ClientDoer - Communicator sleepWorker:
	 sleeping worker
08:33:16.219 [ClientDoer] TRACE tanks.ClientDoer - tanks.ClientDoerrun:
	 at beginning of run
08:33:16.219 [ClientDoer] TRACE tanks.ClientDoer - Communicator sleepWorker:
	 sleeping worker
08:33:16.269 [ClientDoer] TRACE tanks.ClientDoer - tanks.ClientDoerrun:
	 at beginning of run
08:33:16.269 [ClientDoer] TRACE tanks.ClientDoer - Communicator sleepWorker:
	 sleeping worker
08:33:16.319 [ClientDoer] TRACE tanks.ClientDoer - tanks.ClientDoerrun:
	 at beginning of run
08:33:16.319 [ClientDoer] TRACE tanks.ClientDoer - Communicator sleepWorker:
	 sleeping worker
08:33:16.369 [ClientDoer] TRACE tanks.ClientDoer - tanks.ClientDoerrun:
	 at beginning of run
08:33:16.369 [ClientDoer] TRACE tanks.ClientDoer - Communicator sleepWorker:
	 sleeping worker
08:33:16.419 [ClientDoer] TRACE tanks.ClientDoer - tanks.ClientDoerrun:
	 at beginning of run
08:33:16.419 [ClientDoer] TRACE tanks.ClientDoer - Communicator sleepWorker:
	 sleeping worker
08:33:16.469 [ClientDoer] TRACE tanks.ClientDoer - tanks.ClientDoerrun:
	 at beginning of run
08:33:16.469 [ClientDoer] TRACE tanks.ClientDoer - Communicator sleepWorker:
	 sleeping worker
08:33:16.519 [ClientDoer] TRACE tanks.ClientDoer - tanks.ClientDoerrun:
	 at beginning of run
08:33:16.519 [ClientDoer] TRACE tanks.ClientDoer - Communicator sleepWorker:
	 sleeping worker
08:33:16.569 [ClientDoer] TRACE tanks.ClientDoer - tanks.ClientDoerrun:
	 at beginning of run
08:33:16.569 [ClientDoer] TRACE tanks.ClientDoer - Communicator sleepWorker:
	 sleeping worker
08:33:16.619 [ClientDoer] TRACE tanks.ClientDoer - tanks.ClientDoerrun:
	 at beginning of run
08:33:16.619 [ClientDoer] TRACE tanks.ClientDoer - Communicator sleepWorker:
	 sleeping worker
08:33:16.669 [ClientDoer] TRACE tanks.ClientDoer - tanks.ClientDoerrun:
	 at beginning of run
08:33:16.669 [ClientDoer] TRACE tanks.ClientDoer - Communicator sleepWorker:
	 sleeping worker
08:33:16.719 [ClientDoer] TRACE tanks.ClientDoer - tanks.ClientDoerrun:
	 at beginning of run
08:33:16.719 [ClientDoer] TRACE tanks.ClientDoer - Communicator sleepWorker:
	 sleeping worker
08:33:16.769 [ClientDoer] TRACE tanks.ClientDoer - tanks.ClientDoerrun:
	 at beginning of run
08:33:16.769 [ClientDoer] TRACE tanks.ClientDoer - Communicator sleepWorker:
	 sleeping worker
08:33:16.819 [ClientDoer] TRACE tanks.ClientDoer - tanks.ClientDoerrun:
	 at beginning of run
08:33:16.819 [ClientDoer] TRACE tanks.ClientDoer - Communicator sleepWorker:
	 sleeping worker
08:33:16.869 [ClientDoer] TRACE tanks.ClientDoer - tanks.ClientDoerrun:
	 at beginning of run
08:33:16.869 [ClientDoer] TRACE tanks.ClientDoer - Communicator sleepWorker:
	 sleeping worker
08:33:16.919 [ClientDoer] TRACE tanks.ClientDoer - tanks.ClientDoerrun:
	 at beginning of run
08:33:16.919 [ClientDoer] TRACE tanks.ClientDoer - Communicator sleepWorker:
	 sleeping worker
08:33:16.969 [ClientDoer] TRACE tanks.ClientDoer - tanks.ClientDoerrun:
	 at beginning of run
08:33:16.969 [ClientDoer] TRACE tanks.ClientDoer - Communicator sleepWorker:
	 sleeping worker
08:33:17.019 [ClientDoer] TRACE tanks.ClientDoer - tanks.ClientDoerrun:
	 at beginning of run
08:33:17.019 [ClientDoer] TRACE tanks.ClientDoer - Communicator sleepWorker:
	 sleeping worker
08:33:17.069 [ClientDoer] TRACE tanks.ClientDoer - tanks.ClientDoerrun:
	 at beginning of run
08:33:17.069 [ClientDoer] TRACE tanks.ClientDoer - Communicator sleepWorker:
	 sleeping worker
08:33:17.119 [ClientDoer] TRACE tanks.ClientDoer - tanks.ClientDoerrun:
	 at beginning of run
08:33:17.119 [ClientDoer] TRACE tanks.ClientDoer - Communicator sleepWorker:
	 sleeping worker
08:33:17.170 [ClientDoer] TRACE tanks.ClientDoer - tanks.ClientDoerrun:
	 at beginning of run
08:33:17.170 [ClientDoer] TRACE tanks.ClientDoer - Communicator sleepWorker:
	 sleeping worker
08:33:17.220 [ClientDoer] TRACE tanks.ClientDoer - tanks.ClientDoerrun:
	 at beginning of run
08:33:17.220 [ClientDoer] TRACE tanks.ClientDoer - Communicator sleepWorker:
	 sleeping worker
08:33:17.270 [ClientDoer] TRACE tanks.ClientDoer - tanks.ClientDoerrun:
	 at beginning of run
08:33:17.270 [ClientDoer] TRACE tanks.ClientDoer - Communicator sleepWorker:
	 sleeping worker
08:33:17.320 [ClientDoer] TRACE tanks.ClientDoer - tanks.ClientDoerrun:
	 at beginning of run
08:33:17.320 [ClientDoer] TRACE tanks.ClientDoer - Communicator sleepWorker:
	 sleeping worker
08:33:17.370 [ClientDoer] TRACE tanks.ClientDoer - tanks.ClientDoerrun:
	 at beginning of run
08:33:17.370 [ClientDoer] TRACE tanks.ClientDoer - Communicator sleepWorker:
	 sleeping worker
08:33:17.420 [ClientDoer] TRACE tanks.ClientDoer - tanks.ClientDoerrun:
	 at beginning of run
08:33:17.420 [ClientDoer] TRACE tanks.ClientDoer - Communicator sleepWorker:
	 sleeping worker
08:33:17.470 [ClientDoer] TRACE tanks.ClientDoer - tanks.ClientDoerrun:
	 at beginning of run
08:33:17.470 [ClientDoer] TRACE tanks.ClientDoer - Communicator sleepWorker:
	 sleeping worker
08:33:17.520 [ClientDoer] TRACE tanks.ClientDoer - tanks.ClientDoerrun:
	 at beginning of run
08:33:17.520 [ClientDoer] TRACE tanks.ClientDoer - Communicator sleepWorker:
	 sleeping worker
08:33:17.570 [ClientDoer] TRACE tanks.ClientDoer - tanks.ClientDoerrun:
	 at beginning of run
08:33:17.570 [ClientDoer] TRACE tanks.ClientDoer - Communicator sleepWorker:
	 sleeping worker
08:33:17.620 [ClientDoer] TRACE tanks.ClientDoer - tanks.ClientDoerrun:
	 at beginning of run
08:33:17.620 [ClientDoer] TRACE tanks.ClientDoer - Communicator sleepWorker:
	 sleeping worker
08:33:17.670 [ClientDoer] TRACE tanks.ClientDoer - tanks.ClientDoerrun:
	 at beginning of run
08:33:17.670 [ClientDoer] TRACE tanks.ClientDoer - Communicator sleepWorker:
	 sleeping worker
08:33:17.720 [ClientDoer] TRACE tanks.ClientDoer - tanks.ClientDoerrun:
	 at beginning of run
08:33:17.720 [ClientDoer] TRACE tanks.ClientDoer - Communicator sleepWorker:
	 sleeping worker
08:33:17.770 [ClientDoer] TRACE tanks.ClientDoer - tanks.ClientDoerrun:
	 at beginning of run
08:33:17.770 [ClientDoer] TRACE tanks.ClientDoer - Communicator sleepWorker:
	 sleeping worker
08:33:17.820 [ClientDoer] TRACE tanks.ClientDoer - tanks.ClientDoerrun:
	 at beginning of run
08:33:17.820 [ClientDoer] TRACE tanks.ClientDoer - Communicator sleepWorker:
	 sleeping worker
08:33:17.870 [ClientDoer] TRACE tanks.ClientDoer - tanks.ClientDoerrun:
	 at beginning of run
08:33:17.870 [ClientDoer] TRACE tanks.ClientDoer - Communicator sleepWorker:
	 sleeping worker
08:33:17.920 [ClientDoer] TRACE tanks.ClientDoer - tanks.ClientDoerrun:
	 at beginning of run
08:33:17.920 [ClientDoer] TRACE tanks.ClientDoer - Communicator sleepWorker:
	 sleeping worker
08:33:17.970 [ClientDoer] TRACE tanks.ClientDoer - tanks.ClientDoerrun:
	 at beginning of run
08:33:17.970 [ClientDoer] TRACE tanks.ClientDoer - Communicator sleepWorker:
	 sleeping worker
08:33:18.020 [ClientDoer] TRACE tanks.ClientDoer - tanks.ClientDoerrun:
	 at beginning of run
08:33:18.020 [ClientDoer] TRACE tanks.ClientDoer - Communicator sleepWorker:
	 sleeping worker
08:33:18.070 [ClientDoer] TRACE tanks.ClientDoer - tanks.ClientDoerrun:
	 at beginning of run
08:33:18.070 [ClientDoer] TRACE tanks.ClientDoer - Communicator sleepWorker:
	 sleeping worker
08:33:18.120 [ClientDoer] TRACE tanks.ClientDoer - tanks.ClientDoerrun:
	 at beginning of run
08:33:18.120 [ClientDoer] TRACE tanks.ClientDoer - Communicator sleepWorker:
	 sleeping worker
08:33:18.170 [ClientDoer] TRACE tanks.ClientDoer - tanks.ClientDoerrun:
	 at beginning of run
08:33:18.170 [ClientDoer] TRACE tanks.ClientDoer - Communicator sleepWorker:
	 sleeping worker
08:33:18.220 [ClientDoer] TRACE tanks.ClientDoer - tanks.ClientDoerrun:
	 at beginning of run
08:33:18.220 [ClientDoer] TRACE tanks.ClientDoer - Communicator sleepWorker:
	 sleeping worker
08:33:18.270 [ClientDoer] TRACE tanks.ClientDoer - tanks.ClientDoerrun:
	 at beginning of run
08:33:18.270 [ClientDoer] TRACE tanks.ClientDoer - Communicator sleepWorker:
	 sleeping worker
08:33:18.320 [ClientDoer] TRACE tanks.ClientDoer - tanks.ClientDoerrun:
	 at beginning of run
08:33:18.320 [ClientDoer] TRACE tanks.ClientDoer - Communicator sleepWorker:
	 sleeping worker
08:33:18.370 [ClientDoer] TRACE tanks.ClientDoer - tanks.ClientDoerrun:
	 at beginning of run
08:33:18.370 [ClientDoer] TRACE tanks.ClientDoer - Communicator sleepWorker:
	 sleeping worker
08:33:18.420 [ClientDoer] TRACE tanks.ClientDoer - tanks.ClientDoerrun:
	 at beginning of run
08:33:18.420 [ClientDoer] TRACE tanks.ClientDoer - Communicator sleepWorker:
	 sleeping worker
08:33:18.470 [ClientDoer] TRACE tanks.ClientDoer - tanks.ClientDoerrun:
	 at beginning of run
08:33:18.470 [ClientDoer] TRACE tanks.ClientDoer - Communicator sleepWorker:
	 sleeping worker
08:33:18.520 [ClientDoer] TRACE tanks.ClientDoer - tanks.ClientDoerrun:
	 at beginning of run
08:33:18.520 [ClientDoer] TRACE tanks.ClientDoer - Communicator sleepWorker:
	 sleeping worker
08:33:18.570 [ClientDoer] TRACE tanks.ClientDoer - tanks.ClientDoerrun:
	 at beginning of run
08:33:18.570 [ClientDoer] TRACE tanks.ClientDoer - Communicator sleepWorker:
	 sleeping worker
08:33:18.620 [ClientDoer] TRACE tanks.ClientDoer - tanks.ClientDoerrun:
	 at beginning of run
08:33:18.620 [ClientDoer] TRACE tanks.ClientDoer - Communicator sleepWorker:
	 sleeping worker
08:33:18.670 [ClientDoer] TRACE tanks.ClientDoer - tanks.ClientDoerrun:
	 at beginning of run
08:33:18.670 [ClientDoer] TRACE tanks.ClientDoer - Communicator sleepWorker:
	 sleeping worker
08:33:18.721 [ClientDoer] TRACE tanks.ClientDoer - tanks.ClientDoerrun:
	 at beginning of run
08:33:18.721 [ClientDoer] TRACE tanks.ClientDoer - Communicator sleepWorker:
	 sleeping worker
08:33:18.771 [ClientDoer] TRACE tanks.ClientDoer - tanks.ClientDoerrun:
	 at beginning of run
08:33:18.771 [ClientDoer] TRACE tanks.ClientDoer - Communicator sleepWorker:
	 sleeping worker
08:33:18.821 [ClientDoer] TRACE tanks.ClientDoer - tanks.ClientDoerrun:
	 at beginning of run
08:33:18.821 [ClientDoer] TRACE tanks.ClientDoer - Communicator sleepWorker:
	 sleeping worker
08:33:18.871 [ClientDoer] TRACE tanks.ClientDoer - tanks.ClientDoerrun:
	 at beginning of run
08:33:18.871 [ClientDoer] TRACE tanks.ClientDoer - Communicator sleepWorker:
	 sleeping worker
08:33:18.921 [ClientDoer] TRACE tanks.ClientDoer - tanks.ClientDoerrun:
	 at beginning of run
08:33:18.921 [ClientDoer] TRACE tanks.ClientDoer - Communicator sleepWorker:
	 sleeping worker
08:33:18.971 [ClientDoer] TRACE tanks.ClientDoer - tanks.ClientDoerrun:
	 at beginning of run
08:33:18.971 [ClientDoer] TRACE tanks.ClientDoer - Communicator sleepWorker:
	 sleeping worker
08:33:19.021 [ClientDoer] TRACE tanks.ClientDoer - tanks.ClientDoerrun:
	 at beginning of run
08:33:19.021 [ClientDoer] TRACE tanks.ClientDoer - Communicator sleepWorker:
	 sleeping worker
08:33:19.071 [ClientDoer] TRACE tanks.ClientDoer - tanks.ClientDoerrun:
	 at beginning of run
08:33:19.071 [ClientDoer] TRACE tanks.ClientDoer - Communicator sleepWorker:
	 sleeping worker
08:33:19.121 [ClientDoer] TRACE tanks.ClientDoer - tanks.ClientDoerrun:
	 at beginning of run
08:33:19.121 [ClientDoer] TRACE tanks.ClientDoer - Communicator sleepWorker:
	 sleeping worker
08:33:19.171 [ClientDoer] TRACE tanks.ClientDoer - tanks.ClientDoerrun:
	 at beginning of run
08:33:19.171 [ClientDoer] TRACE tanks.ClientDoer - Communicator sleepWorker:
	 sleeping worker
08:33:19.221 [ClientDoer] TRACE tanks.ClientDoer - tanks.ClientDoerrun:
	 at beginning of run
08:33:19.221 [ClientDoer] TRACE tanks.ClientDoer - Communicator sleepWorker:
	 sleeping worker
08:33:19.271 [ClientDoer] TRACE tanks.ClientDoer - tanks.ClientDoerrun:
	 at beginning of run
08:33:19.271 [ClientDoer] TRACE tanks.ClientDoer - Communicator sleepWorker:
	 sleeping worker
08:33:19.321 [ClientDoer] TRACE tanks.ClientDoer - tanks.ClientDoerrun:
	 at beginning of run
08:33:19.321 [ClientDoer] TRACE tanks.ClientDoer - Communicator sleepWorker:
	 sleeping worker
08:33:19.371 [ClientDoer] TRACE tanks.ClientDoer - tanks.ClientDoerrun:
	 at beginning of run
08:33:19.371 [ClientDoer] TRACE tanks.ClientDoer - Communicator sleepWorker:
	 sleeping worker
08:33:19.421 [ClientDoer] TRACE tanks.ClientDoer - tanks.ClientDoerrun:
	 at beginning of run
08:33:19.421 [ClientDoer] TRACE tanks.ClientDoer - Communicator sleepWorker:
	 sleeping worker
08:33:19.471 [ClientDoer] TRACE tanks.ClientDoer - tanks.ClientDoerrun:
	 at beginning of run
08:33:19.471 [ClientDoer] TRACE tanks.ClientDoer - Communicator sleepWorker:
	 sleeping worker
08:33:19.521 [ClientDoer] TRACE tanks.ClientDoer - tanks.ClientDoerrun:
	 at beginning of run
08:33:19.521 [ClientDoer] TRACE tanks.ClientDoer - Communicator sleepWorker:
	 sleeping worker
08:33:19.571 [ClientDoer] TRACE tanks.ClientDoer - tanks.ClientDoerrun:
	 at beginning of run
08:33:19.571 [ClientDoer] TRACE tanks.ClientDoer - Communicator sleepWorker:
	 sleeping worker
08:33:19.621 [ClientDoer] TRACE tanks.ClientDoer - tanks.ClientDoerrun:
	 at beginning of run
08:33:19.621 [ClientDoer] TRACE tanks.ClientDoer - Communicator sleepWorker:
	 sleeping worker
08:33:19.671 [ClientDoer] TRACE tanks.ClientDoer - tanks.ClientDoerrun:
	 at beginning of run
08:33:19.671 [ClientDoer] TRACE tanks.ClientDoer - Communicator sleepWorker:
	 sleeping worker
08:33:19.721 [ClientDoer] TRACE tanks.ClientDoer - tanks.ClientDoerrun:
	 at beginning of run
08:33:19.721 [ClientDoer] TRACE tanks.ClientDoer - Communicator sleepWorker:
	 sleeping worker
08:33:19.771 [ClientDoer] TRACE tanks.ClientDoer - tanks.ClientDoerrun:
	 at beginning of run
08:33:19.771 [ClientDoer] TRACE tanks.ClientDoer - Communicator sleepWorker:
	 sleeping worker
08:33:19.821 [ClientDoer] TRACE tanks.ClientDoer - tanks.ClientDoerrun:
	 at beginning of run
08:33:19.821 [ClientDoer] TRACE tanks.ClientDoer - Communicator sleepWorker:
	 sleeping worker
08:33:19.871 [ClientDoer] TRACE tanks.ClientDoer - tanks.ClientDoerrun:
	 at beginning of run
08:33:19.871 [ClientDoer] TRACE tanks.ClientDoer - Communicator sleepWorker:
	 sleeping worker
08:33:19.921 [ClientDoer] TRACE tanks.ClientDoer - tanks.ClientDoerrun:
	 at beginning of run
08:33:19.921 [ClientDoer] TRACE tanks.ClientDoer - Communicator sleepWorker:
	 sleeping worker
08:33:19.971 [ClientDoer] TRACE tanks.ClientDoer - tanks.ClientDoerrun:
	 at beginning of run
08:33:19.971 [ClientDoer] TRACE tanks.ClientDoer - Communicator sleepWorker:
	 sleeping worker
08:33:20.021 [ClientDoer] TRACE tanks.ClientDoer - tanks.ClientDoerrun:
	 at beginning of run
08:33:20.021 [ClientDoer] TRACE tanks.ClientDoer - Communicator sleepWorker:
	 sleeping worker
08:33:20.071 [ClientDoer] TRACE tanks.ClientDoer - tanks.ClientDoerrun:
	 at beginning of run
08:33:20.071 [ClientDoer] TRACE tanks.ClientDoer - Communicator sleepWorker:
	 sleeping worker
08:33:20.121 [ClientDoer] TRACE tanks.ClientDoer - tanks.ClientDoerrun:
	 at beginning of run
08:33:20.121 [ClientDoer] TRACE tanks.ClientDoer - Communicator sleepWorker:
	 sleeping worker
08:33:20.171 [ClientDoer] TRACE tanks.ClientDoer - tanks.ClientDoerrun:
	 at beginning of run
08:33:20.171 [ClientDoer] TRACE tanks.ClientDoer - Communicator sleepWorker:
	 sleeping worker
08:33:20.222 [ClientDoer] TRACE tanks.ClientDoer - tanks.ClientDoerrun:
	 at beginning of run
08:33:20.222 [ClientDoer] TRACE tanks.ClientDoer - Communicator sleepWorker:
	 sleeping worker
08:33:20.272 [ClientDoer] TRACE tanks.ClientDoer - tanks.ClientDoerrun:
	 at beginning of run
08:33:20.272 [ClientDoer] TRACE tanks.ClientDoer - Communicator sleepWorker:
	 sleeping worker
08:33:20.322 [ClientDoer] TRACE tanks.ClientDoer - tanks.ClientDoerrun:
	 at beginning of run
08:33:20.322 [ClientDoer] TRACE tanks.ClientDoer - Communicator sleepWorker:
	 sleeping worker
08:33:20.372 [ClientDoer] TRACE tanks.ClientDoer - tanks.ClientDoerrun:
	 at beginning of run
08:33:20.372 [ClientDoer] TRACE tanks.ClientDoer - Communicator sleepWorker:
	 sleeping worker
08:33:20.422 [ClientDoer] TRACE tanks.ClientDoer - tanks.ClientDoerrun:
	 at beginning of run
08:33:20.422 [ClientDoer] TRACE tanks.ClientDoer - Communicator sleepWorker:
	 sleeping worker
08:33:20.472 [ClientDoer] TRACE tanks.ClientDoer - tanks.ClientDoerrun:
	 at beginning of run
08:33:20.472 [ClientDoer] TRACE tanks.ClientDoer - Communicator sleepWorker:
	 sleeping worker
08:33:20.522 [ClientDoer] TRACE tanks.ClientDoer - tanks.ClientDoerrun:
	 at beginning of run
08:33:20.522 [ClientDoer] TRACE tanks.ClientDoer - Communicator sleepWorker:
	 sleeping worker
08:33:20.572 [ClientDoer] TRACE tanks.ClientDoer - tanks.ClientDoerrun:
	 at beginning of run
08:33:20.572 [ClientDoer] TRACE tanks.ClientDoer - Communicator sleepWorker:
	 sleeping worker
08:33:20.622 [ClientDoer] TRACE tanks.ClientDoer - tanks.ClientDoerrun:
	 at beginning of run
08:33:20.622 [ClientDoer] TRACE tanks.ClientDoer - Communicator sleepWorker:
	 sleeping worker
08:33:20.672 [ClientDoer] TRACE tanks.ClientDoer - tanks.ClientDoerrun:
	 at beginning of run
08:33:20.672 [ClientDoer] TRACE tanks.ClientDoer - Communicator sleepWorker:
	 sleeping worker
08:33:20.722 [ClientDoer] TRACE tanks.ClientDoer - tanks.ClientDoerrun:
	 at beginning of run
08:33:20.722 [ClientDoer] TRACE tanks.ClientDoer - Communicator sleepWorker:
	 sleeping worker
08:33:20.772 [ClientDoer] TRACE tanks.ClientDoer - tanks.ClientDoerrun:
	 at beginning of run
08:33:20.772 [ClientDoer] TRACE tanks.ClientDoer - Communicator sleepWorker:
	 sleeping worker
08:33:20.822 [ClientDoer] TRACE tanks.ClientDoer - tanks.ClientDoerrun:
	 at beginning of run
08:33:20.822 [ClientDoer] TRACE tanks.ClientDoer - Communicator sleepWorker:
	 sleeping worker
08:33:20.872 [ClientDoer] TRACE tanks.ClientDoer - tanks.ClientDoerrun:
	 at beginning of run
08:33:20.872 [ClientDoer] TRACE tanks.ClientDoer - Communicator sleepWorker:
	 sleeping worker
08:33:20.922 [ClientDoer] TRACE tanks.ClientDoer - tanks.ClientDoerrun:
	 at beginning of run
08:33:20.922 [ClientDoer] TRACE tanks.ClientDoer - Communicator sleepWorker:
	 sleeping worker
08:33:20.972 [ClientDoer] TRACE tanks.ClientDoer - tanks.ClientDoerrun:
	 at beginning of run
08:33:20.972 [ClientDoer] TRACE tanks.ClientDoer - Communicator sleepWorker:
	 sleeping worker
08:33:21.022 [ClientDoer] TRACE tanks.ClientDoer - tanks.ClientDoerrun:
	 at beginning of run
08:33:21.022 [ClientDoer] TRACE tanks.ClientDoer - Communicator sleepWorker:
	 sleeping worker
08:33:21.072 [ClientDoer] TRACE tanks.ClientDoer - tanks.ClientDoerrun:
	 at beginning of run
08:33:21.072 [ClientDoer] TRACE tanks.ClientDoer - Communicator sleepWorker:
	 sleeping worker
08:33:21.122 [ClientDoer] TRACE tanks.ClientDoer - tanks.ClientDoerrun:
	 at beginning of run
08:33:21.122 [ClientDoer] TRACE tanks.ClientDoer - Communicator sleepWorker:
	 sleeping worker
08:33:21.172 [ClientDoer] TRACE tanks.ClientDoer - tanks.ClientDoerrun:
	 at beginning of run
08:33:21.172 [ClientDoer] TRACE tanks.ClientDoer - Communicator sleepWorker:
	 sleeping worker
08:33:21.222 [ClientDoer] TRACE tanks.ClientDoer - tanks.ClientDoerrun:
	 at beginning of run
08:33:21.222 [ClientDoer] TRACE tanks.ClientDoer - Communicator sleepWorker:
	 sleeping worker
08:33:21.272 [ClientDoer] TRACE tanks.ClientDoer - tanks.ClientDoerrun:
	 at beginning of run
08:33:21.272 [ClientDoer] TRACE tanks.ClientDoer - Communicator sleepWorker:
	 sleeping worker
08:33:21.322 [ClientDoer] TRACE tanks.ClientDoer - tanks.ClientDoerrun:
	 at beginning of run
08:33:21.322 [ClientDoer] TRACE tanks.ClientDoer - Communicator sleepWorker:
	 sleeping worker
08:33:21.372 [ClientDoer] TRACE tanks.ClientDoer - tanks.ClientDoerrun:
	 at beginning of run
08:33:21.372 [ClientDoer] TRACE tanks.ClientDoer - Communicator sleepWorker:
	 sleeping worker
08:33:21.422 [ClientDoer] TRACE tanks.ClientDoer - tanks.ClientDoerrun:
	 at beginning of run
08:33:21.422 [ClientDoer] TRACE tanks.ClientDoer - Communicator sleepWorker:
	 sleeping worker
08:33:21.472 [ClientDoer] TRACE tanks.ClientDoer - tanks.ClientDoerrun:
	 at beginning of run
08:33:21.472 [ClientDoer] TRACE tanks.ClientDoer - Communicator sleepWorker:
	 sleeping worker
08:33:21.522 [ClientDoer] TRACE tanks.ClientDoer - tanks.ClientDoerrun:
	 at beginning of run
08:33:21.522 [ClientDoer] TRACE tanks.ClientDoer - Communicator sleepWorker:
	 sleeping worker
08:33:21.572 [ClientDoer] TRACE tanks.ClientDoer - tanks.ClientDoerrun:
	 at beginning of run
08:33:21.572 [ClientDoer] TRACE tanks.ClientDoer - Communicator sleepWorker:
	 sleeping worker
08:33:21.622 [ClientDoer] TRACE tanks.ClientDoer - tanks.ClientDoerrun:
	 at beginning of run
08:33:21.622 [ClientDoer] TRACE tanks.ClientDoer - Communicator sleepWorker:
	 sleeping worker
08:33:21.672 [ClientDoer] TRACE tanks.ClientDoer - tanks.ClientDoerrun:
	 at beginning of run
08:33:21.672 [ClientDoer] TRACE tanks.ClientDoer - Communicator sleepWorker:
	 sleeping worker
08:33:21.723 [ClientDoer] TRACE tanks.ClientDoer - tanks.ClientDoerrun:
	 at beginning of run
08:33:21.723 [ClientDoer] TRACE tanks.ClientDoer - Communicator sleepWorker:
	 sleeping worker
08:33:21.773 [ClientDoer] TRACE tanks.ClientDoer - tanks.ClientDoerrun:
	 at beginning of run
08:33:21.773 [ClientDoer] TRACE tanks.ClientDoer - Communicator sleepWorker:
	 sleeping worker
08:33:21.823 [ClientDoer] TRACE tanks.ClientDoer - tanks.ClientDoerrun:
	 at beginning of run
08:33:21.823 [ClientDoer] TRACE tanks.ClientDoer - Communicator sleepWorker:
	 sleeping worker
08:33:21.873 [ClientDoer] TRACE tanks.ClientDoer - tanks.ClientDoerrun:
	 at beginning of run
08:33:21.873 [ClientDoer] TRACE tanks.ClientDoer - Communicator sleepWorker:
	 sleeping worker
08:33:21.923 [ClientDoer] TRACE tanks.ClientDoer - tanks.ClientDoerrun:
	 at beginning of run
08:33:21.923 [ClientDoer] TRACE tanks.ClientDoer - Communicator sleepWorker:
	 sleeping worker
08:33:21.973 [ClientDoer] TRACE tanks.ClientDoer - tanks.ClientDoerrun:
	 at beginning of run
08:33:21.973 [ClientDoer] TRACE tanks.ClientDoer - Communicator sleepWorker:
	 sleeping worker
08:33:22.023 [ClientDoer] TRACE tanks.ClientDoer - tanks.ClientDoerrun:
	 at beginning of run
08:33:22.023 [ClientDoer] TRACE tanks.ClientDoer - Communicator sleepWorker:
	 sleeping worker
08:33:22.073 [ClientDoer] TRACE tanks.ClientDoer - tanks.ClientDoerrun:
	 at beginning of run
08:33:22.073 [ClientDoer] TRACE tanks.ClientDoer - Communicator sleepWorker:
	 sleeping worker
08:33:22.123 [ClientDoer] TRACE tanks.ClientDoer - tanks.ClientDoerrun:
	 at beginning of run
08:33:22.123 [ClientDoer] TRACE tanks.ClientDoer - Communicator sleepWorker:
	 sleeping worker
08:33:22.173 [ClientDoer] TRACE tanks.ClientDoer - tanks.ClientDoerrun:
	 at beginning of run
08:33:22.173 [ClientDoer] TRACE tanks.ClientDoer - Communicator sleepWorker:
	 sleeping worker
08:33:22.223 [ClientDoer] TRACE tanks.ClientDoer - tanks.ClientDoerrun:
	 at beginning of run
08:33:22.223 [ClientDoer] TRACE tanks.ClientDoer - Communicator sleepWorker:
	 sleeping worker
08:33:22.273 [ClientDoer] TRACE tanks.ClientDoer - tanks.ClientDoerrun:
	 at beginning of run
08:33:22.273 [ClientDoer] TRACE tanks.ClientDoer - Communicator sleepWorker:
	 sleeping worker
08:33:22.323 [ClientDoer] TRACE tanks.ClientDoer - tanks.ClientDoerrun:
	 at beginning of run
08:33:22.323 [ClientDoer] TRACE tanks.ClientDoer - Communicator sleepWorker:
	 sleeping worker
08:33:22.373 [ClientDoer] TRACE tanks.ClientDoer - tanks.ClientDoerrun:
	 at beginning of run
08:33:22.373 [ClientDoer] TRACE tanks.ClientDoer - Communicator sleepWorker:
	 sleeping worker
08:33:22.423 [ClientDoer] TRACE tanks.ClientDoer - tanks.ClientDoerrun:
	 at beginning of run
08:33:22.423 [ClientDoer] TRACE tanks.ClientDoer - Communicator sleepWorker:
	 sleeping worker
08:33:22.473 [ClientDoer] TRACE tanks.ClientDoer - tanks.ClientDoerrun:
	 at beginning of run
08:33:22.473 [ClientDoer] TRACE tanks.ClientDoer - Communicator sleepWorker:
	 sleeping worker
08:33:22.523 [ClientDoer] TRACE tanks.ClientDoer - tanks.ClientDoerrun:
	 at beginning of run
08:33:22.523 [ClientDoer] TRACE tanks.ClientDoer - Communicator sleepWorker:
	 sleeping worker
08:33:22.573 [ClientDoer] TRACE tanks.ClientDoer - tanks.ClientDoerrun:
	 at beginning of run
08:33:22.573 [ClientDoer] TRACE tanks.ClientDoer - Communicator sleepWorker:
	 sleeping worker
08:33:22.623 [ClientDoer] TRACE tanks.ClientDoer - tanks.ClientDoerrun:
	 at beginning of run
08:33:22.623 [ClientDoer] TRACE tanks.ClientDoer - Communicator sleepWorker:
	 sleeping worker
08:33:22.673 [ClientDoer] TRACE tanks.ClientDoer - tanks.ClientDoerrun:
	 at beginning of run
08:33:22.673 [ClientDoer] TRACE tanks.ClientDoer - Communicator sleepWorker:
	 sleeping worker
08:33:22.723 [ClientDoer] TRACE tanks.ClientDoer - tanks.ClientDoerrun:
	 at beginning of run
08:33:22.723 [ClientDoer] TRACE tanks.ClientDoer - Communicator sleepWorker:
	 sleeping worker
08:33:22.773 [ClientDoer] TRACE tanks.ClientDoer - tanks.ClientDoerrun:
	 at beginning of run
08:33:22.773 [ClientDoer] TRACE tanks.ClientDoer - Communicator sleepWorker:
	 sleeping worker
08:33:22.823 [ClientDoer] TRACE tanks.ClientDoer - tanks.ClientDoerrun:
	 at beginning of run
08:33:22.823 [ClientDoer] TRACE tanks.ClientDoer - Communicator sleepWorker:
	 sleeping worker
08:33:22.873 [ClientDoer] TRACE tanks.ClientDoer - tanks.ClientDoerrun:
	 at beginning of run
08:33:22.873 [ClientDoer] TRACE tanks.ClientDoer - Communicator sleepWorker:
	 sleeping worker
08:33:22.923 [ClientDoer] TRACE tanks.ClientDoer - tanks.ClientDoerrun:
	 at beginning of run
08:33:22.923 [ClientDoer] TRACE tanks.ClientDoer - Communicator sleepWorker:
	 sleeping worker
08:33:22.973 [ClientDoer] TRACE tanks.ClientDoer - tanks.ClientDoerrun:
	 at beginning of run
08:33:22.973 [ClientDoer] TRACE tanks.ClientDoer - Communicator sleepWorker:
	 sleeping worker
08:33:23.023 [ClientDoer] TRACE tanks.ClientDoer - tanks.ClientDoerrun:
	 at beginning of run
08:33:23.023 [ClientDoer] TRACE tanks.ClientDoer - Communicator sleepWorker:
	 sleeping worker
08:33:23.073 [ClientDoer] TRACE tanks.ClientDoer - tanks.ClientDoerrun:
	 at beginning of run
08:33:23.073 [ClientDoer] TRACE tanks.ClientDoer - Communicator sleepWorker:
	 sleeping worker
08:33:23.123 [ClientDoer] TRACE tanks.ClientDoer - tanks.ClientDoerrun:
	 at beginning of run
08:33:23.123 [ClientDoer] TRACE tanks.ClientDoer - Communicator sleepWorker:
	 sleeping worker
08:33:23.173 [ClientDoer] TRACE tanks.ClientDoer - tanks.ClientDoerrun:
	 at beginning of run
08:33:23.173 [ClientDoer] TRACE tanks.ClientDoer - Communicator sleepWorker:
	 sleeping worker
08:33:23.223 [ClientDoer] TRACE tanks.ClientDoer - tanks.ClientDoerrun:
	 at beginning of run
08:33:23.223 [ClientDoer] TRACE tanks.ClientDoer - Communicator sleepWorker:
	 sleeping worker
08:33:23.274 [ClientDoer] TRACE tanks.ClientDoer - tanks.ClientDoerrun:
	 at beginning of run
08:33:23.274 [ClientDoer] TRACE tanks.ClientDoer - Communicator sleepWorker:
	 sleeping worker
08:33:23.324 [ClientDoer] TRACE tanks.ClientDoer - tanks.ClientDoerrun:
	 at beginning of run
08:33:23.324 [ClientDoer] TRACE tanks.ClientDoer - Communicator sleepWorker:
	 sleeping worker
08:33:23.374 [ClientDoer] TRACE tanks.ClientDoer - tanks.ClientDoerrun:
	 at beginning of run
08:33:23.374 [ClientDoer] TRACE tanks.ClientDoer - Communicator sleepWorker:
	 sleeping worker
08:33:23.424 [ClientDoer] TRACE tanks.ClientDoer - tanks.ClientDoerrun:
	 at beginning of run
08:33:23.424 [ClientDoer] TRACE tanks.ClientDoer - Communicator sleepWorker:
	 sleeping worker
08:33:23.474 [ClientDoer] TRACE tanks.ClientDoer - tanks.ClientDoerrun:
	 at beginning of run
08:33:23.474 [ClientDoer] TRACE tanks.ClientDoer - Communicator sleepWorker:
	 sleeping worker
08:33:23.524 [ClientDoer] TRACE tanks.ClientDoer - tanks.ClientDoerrun:
	 at beginning of run
08:33:23.524 [ClientDoer] TRACE tanks.ClientDoer - Communicator sleepWorker:
	 sleeping worker
08:33:23.574 [ClientDoer] TRACE tanks.ClientDoer - tanks.ClientDoerrun:
	 at beginning of run
08:33:23.574 [ClientDoer] TRACE tanks.ClientDoer - Communicator sleepWorker:
	 sleeping worker
08:33:23.624 [ClientDoer] TRACE tanks.ClientDoer - tanks.ClientDoerrun:
	 at beginning of run
08:33:23.624 [ClientDoer] TRACE tanks.ClientDoer - Communicator sleepWorker:
	 sleeping worker
08:33:23.674 [ClientDoer] TRACE tanks.ClientDoer - tanks.ClientDoerrun:
	 at beginning of run
08:33:23.674 [ClientDoer] TRACE tanks.ClientDoer - Communicator sleepWorker:
	 sleeping worker
08:33:23.724 [ClientDoer] TRACE tanks.ClientDoer - tanks.ClientDoerrun:
	 at beginning of run
08:33:23.724 [ClientDoer] TRACE tanks.ClientDoer - Communicator sleepWorker:
	 sleeping worker
08:33:23.774 [ClientDoer] TRACE tanks.ClientDoer - tanks.ClientDoerrun:
	 at beginning of run
08:33:23.774 [ClientDoer] TRACE tanks.ClientDoer - Communicator sleepWorker:
	 sleeping worker
08:33:23.824 [ClientDoer] TRACE tanks.ClientDoer - tanks.ClientDoerrun:
	 at beginning of run
08:33:23.824 [ClientDoer] TRACE tanks.ClientDoer - Communicator sleepWorker:
	 sleeping worker
08:33:23.874 [ClientDoer] TRACE tanks.ClientDoer - tanks.ClientDoerrun:
	 at beginning of run
08:33:23.874 [ClientDoer] TRACE tanks.ClientDoer - Communicator sleepWorker:
	 sleeping worker
08:33:23.924 [ClientDoer] TRACE tanks.ClientDoer - tanks.ClientDoerrun:
	 at beginning of run
08:33:23.924 [ClientDoer] TRACE tanks.ClientDoer - Communicator sleepWorker:
	 sleeping worker
08:33:23.974 [ClientDoer] TRACE tanks.ClientDoer - tanks.ClientDoerrun:
	 at beginning of run
08:33:23.974 [ClientDoer] TRACE tanks.ClientDoer - Communicator sleepWorker:
	 sleeping worker
08:33:24.024 [ClientDoer] TRACE tanks.ClientDoer - tanks.ClientDoerrun:
	 at beginning of run
08:33:24.024 [ClientDoer] TRACE tanks.ClientDoer - Communicator sleepWorker:
	 sleeping worker
08:33:24.074 [ClientDoer] TRACE tanks.ClientDoer - tanks.ClientDoerrun:
	 at beginning of run
08:33:24.074 [ClientDoer] TRACE tanks.ClientDoer - Communicator sleepWorker:
	 sleeping worker
08:33:24.124 [ClientDoer] TRACE tanks.ClientDoer - tanks.ClientDoerrun:
	 at beginning of run
08:33:24.124 [ClientDoer] TRACE tanks.ClientDoer - Communicator sleepWorker:
	 sleeping worker
08:33:24.174 [ClientDoer] TRACE tanks.ClientDoer - tanks.ClientDoerrun:
	 at beginning of run
08:33:24.174 [ClientDoer] TRACE tanks.ClientDoer - Communicator sleepWorker:
	 sleeping worker
08:33:24.224 [ClientDoer] TRACE tanks.ClientDoer - tanks.ClientDoerrun:
	 at beginning of run
08:33:24.224 [ClientDoer] TRACE tanks.ClientDoer - Communicator sleepWorker:
	 sleeping worker
08:33:24.274 [ClientDoer] TRACE tanks.ClientDoer - tanks.ClientDoerrun:
	 at beginning of run
08:33:24.274 [ClientDoer] TRACE tanks.ClientDoer - Communicator sleepWorker:
	 sleeping worker
08:33:24.324 [ClientDoer] TRACE tanks.ClientDoer - tanks.ClientDoerrun:
	 at beginning of run
08:33:24.324 [ClientDoer] TRACE tanks.ClientDoer - Communicator sleepWorker:
	 sleeping worker
08:33:24.374 [ClientDoer] TRACE tanks.ClientDoer - tanks.ClientDoerrun:
	 at beginning of run
08:33:24.374 [ClientDoer] TRACE tanks.ClientDoer - Communicator sleepWorker:
	 sleeping worker
08:33:24.424 [ClientDoer] TRACE tanks.ClientDoer - tanks.ClientDoerrun:
	 at beginning of run
08:33:24.424 [ClientDoer] TRACE tanks.ClientDoer - Communicator sleepWorker:
	 sleeping worker
08:33:24.474 [ClientDoer] TRACE tanks.ClientDoer - tanks.ClientDoerrun:
	 at beginning of run
08:33:24.474 [ClientDoer] TRACE tanks.ClientDoer - Communicator sleepWorker:
	 sleeping worker
08:33:24.524 [ClientDoer] TRACE tanks.ClientDoer - tanks.ClientDoerrun:
	 at beginning of run
08:33:24.524 [ClientDoer] TRACE tanks.ClientDoer - Communicator sleepWorker:
	 sleeping worker
08:33:24.574 [ClientDoer] TRACE tanks.ClientDoer - tanks.ClientDoerrun:
	 at beginning of run
08:33:24.574 [ClientDoer] TRACE tanks.ClientDoer - Communicator sleepWorker:
	 sleeping worker
08:33:24.624 [ClientDoer] TRACE tanks.ClientDoer - tanks.ClientDoerrun:
	 at beginning of run
08:33:24.624 [ClientDoer] TRACE tanks.ClientDoer - Communicator sleepWorker:
	 sleeping worker
08:33:24.674 [ClientDoer] TRACE tanks.ClientDoer - tanks.ClientDoerrun:
	 at beginning of run
08:33:24.674 [ClientDoer] TRACE tanks.ClientDoer - Communicator sleepWorker:
	 sleeping worker
08:33:24.724 [ClientDoer] TRACE tanks.ClientDoer - tanks.ClientDoerrun:
	 at beginning of run
08:33:24.724 [ClientDoer] TRACE tanks.ClientDoer - Communicator sleepWorker:
	 sleeping worker
08:33:24.775 [ClientDoer] TRACE tanks.ClientDoer - tanks.ClientDoerrun:
	 at beginning of run
08:33:24.775 [ClientDoer] TRACE tanks.ClientDoer - Communicator sleepWorker:
	 sleeping worker
08:33:24.825 [ClientDoer] TRACE tanks.ClientDoer - tanks.ClientDoerrun:
	 at beginning of run
08:33:24.825 [ClientDoer] TRACE tanks.ClientDoer - Communicator sleepWorker:
	 sleeping worker
08:33:24.875 [ClientDoer] TRACE tanks.ClientDoer - tanks.ClientDoerrun:
	 at beginning of run
08:33:24.875 [ClientDoer] TRACE tanks.ClientDoer - Communicator sleepWorker:
	 sleeping worker
08:33:24.925 [ClientDoer] TRACE tanks.ClientDoer - tanks.ClientDoerrun:
	 at beginning of run
08:33:24.925 [ClientDoer] TRACE tanks.ClientDoer - Communicator sleepWorker:
	 sleeping worker
08:33:24.975 [ClientDoer] TRACE tanks.ClientDoer - tanks.ClientDoerrun:
	 at beginning of run
08:33:24.975 [ClientDoer] TRACE tanks.ClientDoer - Communicator sleepWorker:
	 sleeping worker
08:33:25.025 [ClientDoer] TRACE tanks.ClientDoer - tanks.ClientDoerrun:
	 at beginning of run
08:33:25.025 [ClientDoer] TRACE tanks.ClientDoer - Communicator sleepWorker:
	 sleeping worker
08:33:25.075 [ClientDoer] TRACE tanks.ClientDoer - tanks.ClientDoerrun:
	 at beginning of run
08:33:25.075 [ClientDoer] TRACE tanks.ClientDoer - Communicator sleepWorker:
	 sleeping worker
08:33:25.125 [ClientDoer] TRACE tanks.ClientDoer - tanks.ClientDoerrun:
	 at beginning of run
08:33:25.125 [ClientDoer] TRACE tanks.ClientDoer - Communicator sleepWorker:
	 sleeping worker
08:33:25.175 [ClientDoer] TRACE tanks.ClientDoer - tanks.ClientDoerrun:
	 at beginning of run
08:33:25.175 [ClientDoer] TRACE tanks.ClientDoer - Communicator sleepWorker:
	 sleeping worker
08:33:25.225 [ClientDoer] TRACE tanks.ClientDoer - tanks.ClientDoerrun:
	 at beginning of run
08:33:25.225 [ClientDoer] TRACE tanks.ClientDoer - Communicator sleepWorker:
	 sleeping worker
08:33:25.275 [ClientDoer] TRACE tanks.ClientDoer - tanks.ClientDoerrun:
	 at beginning of run
08:33:25.275 [ClientDoer] TRACE tanks.ClientDoer - Communicator sleepWorker:
	 sleeping worker
08:33:25.325 [ClientDoer] TRACE tanks.ClientDoer - tanks.ClientDoerrun:
	 at beginning of run
08:33:25.325 [ClientDoer] TRACE tanks.ClientDoer - Communicator sleepWorker:
	 sleeping worker
08:33:25.375 [ClientDoer] TRACE tanks.ClientDoer - tanks.ClientDoerrun:
	 at beginning of run
08:33:25.375 [ClientDoer] TRACE tanks.ClientDoer - Communicator sleepWorker:
	 sleeping worker
08:33:25.425 [ClientDoer] TRACE tanks.ClientDoer - tanks.ClientDoerrun:
	 at beginning of run
08:33:25.425 [ClientDoer] TRACE tanks.ClientDoer - Communicator sleepWorker:
	 sleeping worker
08:33:25.475 [ClientDoer] TRACE tanks.ClientDoer - tanks.ClientDoerrun:
	 at beginning of run
08:33:25.475 [ClientDoer] TRACE tanks.ClientDoer - Communicator sleepWorker:
	 sleeping worker
08:33:25.525 [ClientDoer] TRACE tanks.ClientDoer - tanks.ClientDoerrun:
	 at beginning of run
08:33:25.525 [ClientDoer] TRACE tanks.ClientDoer - Communicator sleepWorker:
	 sleeping worker
08:33:25.575 [ClientDoer] TRACE tanks.ClientDoer - tanks.ClientDoerrun:
	 at beginning of run
08:33:25.575 [ClientDoer] TRACE tanks.ClientDoer - Communicator sleepWorker:
	 sleeping worker
08:33:25.625 [ClientDoer] TRACE tanks.ClientDoer - tanks.ClientDoerrun:
	 at beginning of run
08:33:25.625 [ClientDoer] TRACE tanks.ClientDoer - Communicator sleepWorker:
	 sleeping worker
08:33:25.675 [ClientDoer] TRACE tanks.ClientDoer - tanks.ClientDoerrun:
	 at beginning of run
08:33:25.675 [ClientDoer] TRACE tanks.ClientDoer - Communicator sleepWorker:
	 sleeping worker
08:33:25.725 [ClientDoer] TRACE tanks.ClientDoer - tanks.ClientDoerrun:
	 at beginning of run
08:33:25.725 [ClientDoer] TRACE tanks.ClientDoer - Communicator sleepWorker:
	 sleeping worker
08:33:25.775 [ClientDoer] TRACE tanks.ClientDoer - tanks.ClientDoerrun:
	 at beginning of run
08:33:25.775 [ClientDoer] TRACE tanks.ClientDoer - Communicator sleepWorker:
	 sleeping worker
08:33:25.825 [ClientDoer] TRACE tanks.ClientDoer - tanks.ClientDoerrun:
	 at beginning of run
08:33:25.825 [ClientDoer] TRACE tanks.ClientDoer - Communicator sleepWorker:
	 sleeping worker
08:33:25.875 [ClientDoer] TRACE tanks.ClientDoer - tanks.ClientDoerrun:
	 at beginning of run
08:33:25.875 [ClientDoer] TRACE tanks.ClientDoer - Communicator sleepWorker:
	 sleeping worker
08:33:25.925 [ClientDoer] TRACE tanks.ClientDoer - tanks.ClientDoerrun:
	 at beginning of run
08:33:25.925 [ClientDoer] TRACE tanks.ClientDoer - Communicator sleepWorker:
	 sleeping worker
08:33:25.975 [ClientDoer] TRACE tanks.ClientDoer - tanks.ClientDoerrun:
	 at beginning of run
08:33:25.975 [ClientDoer] TRACE tanks.ClientDoer - Communicator sleepWorker:
	 sleeping worker
08:33:26.025 [ClientDoer] TRACE tanks.ClientDoer - tanks.ClientDoerrun:
	 at beginning of run
08:33:26.025 [ClientDoer] TRACE tanks.ClientDoer - Communicator sleepWorker:
	 sleeping worker
08:33:26.075 [ClientDoer] TRACE tanks.ClientDoer - tanks.ClientDoerrun:
	 at beginning of run
08:33:26.075 [ClientDoer] TRACE tanks.ClientDoer - Communicator sleepWorker:
	 sleeping worker
08:33:26.125 [ClientDoer] TRACE tanks.ClientDoer - tanks.ClientDoerrun:
	 at beginning of run
08:33:26.125 [ClientDoer] TRACE tanks.ClientDoer - Communicator sleepWorker:
	 sleeping worker
08:33:26.175 [ClientDoer] TRACE tanks.ClientDoer - tanks.ClientDoerrun:
	 at beginning of run
08:33:26.175 [ClientDoer] TRACE tanks.ClientDoer - Communicator sleepWorker:
	 sleeping worker
08:33:26.225 [ClientDoer] TRACE tanks.ClientDoer - tanks.ClientDoerrun:
	 at beginning of run
08:33:26.225 [ClientDoer] TRACE tanks.ClientDoer - Communicator sleepWorker:
	 sleeping worker
08:33:26.276 [ClientDoer] TRACE tanks.ClientDoer - tanks.ClientDoerrun:
	 at beginning of run
08:33:26.276 [ClientDoer] TRACE tanks.ClientDoer - Communicator sleepWorker:
	 sleeping worker
08:33:26.326 [ClientDoer] TRACE tanks.ClientDoer - tanks.ClientDoerrun:
	 at beginning of run
08:33:26.326 [ClientDoer] TRACE tanks.ClientDoer - Communicator sleepWorker:
	 sleeping worker
08:33:26.376 [ClientDoer] TRACE tanks.ClientDoer - tanks.ClientDoerrun:
	 at beginning of run
08:33:26.376 [ClientDoer] TRACE tanks.ClientDoer - Communicator sleepWorker:
	 sleeping worker
08:33:26.426 [ClientDoer] TRACE tanks.ClientDoer - tanks.ClientDoerrun:
	 at beginning of run
08:33:26.426 [ClientDoer] TRACE tanks.ClientDoer - Communicator sleepWorker:
	 sleeping worker
08:33:26.476 [ClientDoer] TRACE tanks.ClientDoer - tanks.ClientDoerrun:
	 at beginning of run
08:33:26.476 [ClientDoer] TRACE tanks.ClientDoer - Communicator sleepWorker:
	 sleeping worker
08:33:26.526 [ClientDoer] TRACE tanks.ClientDoer - tanks.ClientDoerrun:
	 at beginning of run
08:33:26.526 [ClientDoer] TRACE tanks.ClientDoer - Communicator sleepWorker:
	 sleeping worker
08:33:26.576 [ClientDoer] TRACE tanks.ClientDoer - tanks.ClientDoerrun:
	 at beginning of run
08:33:26.576 [ClientDoer] TRACE tanks.ClientDoer - Communicator sleepWorker:
	 sleeping worker
08:33:26.626 [ClientDoer] TRACE tanks.ClientDoer - tanks.ClientDoerrun:
	 at beginning of run
08:33:26.626 [ClientDoer] TRACE tanks.ClientDoer - Communicator sleepWorker:
	 sleeping worker
08:33:26.676 [ClientDoer] TRACE tanks.ClientDoer - tanks.ClientDoerrun:
	 at beginning of run
08:33:26.676 [ClientDoer] TRACE tanks.ClientDoer - Communicator sleepWorker:
	 sleeping worker
08:33:26.726 [ClientDoer] TRACE tanks.ClientDoer - tanks.ClientDoerrun:
	 at beginning of run
08:33:26.726 [ClientDoer] TRACE tanks.ClientDoer - Communicator sleepWorker:
	 sleeping worker
08:33:26.776 [ClientDoer] TRACE tanks.ClientDoer - tanks.ClientDoerrun:
	 at beginning of run
08:33:26.776 [ClientDoer] TRACE tanks.ClientDoer - Communicator sleepWorker:
	 sleeping worker
08:33:26.826 [ClientDoer] TRACE tanks.ClientDoer - tanks.ClientDoerrun:
	 at beginning of run
08:33:26.826 [ClientDoer] TRACE tanks.ClientDoer - Communicator sleepWorker:
	 sleeping worker
08:33:26.876 [ClientDoer] TRACE tanks.ClientDoer - tanks.ClientDoerrun:
	 at beginning of run
08:33:26.876 [ClientDoer] TRACE tanks.ClientDoer - Communicator sleepWorker:
	 sleeping worker
08:33:26.926 [ClientDoer] TRACE tanks.ClientDoer - tanks.ClientDoerrun:
	 at beginning of run
08:33:26.926 [ClientDoer] TRACE tanks.ClientDoer - Communicator sleepWorker:
	 sleeping worker
08:33:26.976 [ClientDoer] TRACE tanks.ClientDoer - tanks.ClientDoerrun:
	 at beginning of run
08:33:26.976 [ClientDoer] TRACE tanks.ClientDoer - Communicator sleepWorker:
	 sleeping worker
08:33:27.026 [ClientDoer] TRACE tanks.ClientDoer - tanks.ClientDoerrun:
	 at beginning of run
08:33:27.026 [ClientDoer] TRACE tanks.ClientDoer - Communicator sleepWorker:
	 sleeping worker
08:33:27.076 [ClientDoer] TRACE tanks.ClientDoer - tanks.ClientDoerrun:
	 at beginning of run
08:33:27.076 [ClientDoer] TRACE tanks.ClientDoer - Communicator sleepWorker:
	 sleeping worker
08:33:27.126 [ClientDoer] TRACE tanks.ClientDoer - tanks.ClientDoerrun:
	 at beginning of run
08:33:27.126 [ClientDoer] TRACE tanks.ClientDoer - Communicator sleepWorker:
	 sleeping worker
08:33:27.176 [ClientDoer] TRACE tanks.ClientDoer - tanks.ClientDoerrun:
	 at beginning of run
08:33:27.176 [ClientDoer] TRACE tanks.ClientDoer - Communicator sleepWorker:
	 sleeping worker
08:33:27.226 [ClientDoer] TRACE tanks.ClientDoer - tanks.ClientDoerrun:
	 at beginning of run
08:33:27.226 [ClientDoer] TRACE tanks.ClientDoer - Communicator sleepWorker:
	 sleeping worker
08:33:27.276 [ClientDoer] TRACE tanks.ClientDoer - tanks.ClientDoerrun:
	 at beginning of run
08:33:27.276 [ClientDoer] TRACE tanks.ClientDoer - Communicator sleepWorker:
	 sleeping worker
08:33:27.326 [ClientDoer] TRACE tanks.ClientDoer - tanks.ClientDoerrun:
	 at beginning of run
08:33:27.326 [ClientDoer] TRACE tanks.ClientDoer - Communicator sleepWorker:
	 sleeping worker
08:33:27.376 [ClientDoer] TRACE tanks.ClientDoer - tanks.ClientDoerrun:
	 at beginning of run
08:33:27.376 [ClientDoer] TRACE tanks.ClientDoer - Communicator sleepWorker:
	 sleeping worker
08:33:27.426 [ClientDoer] TRACE tanks.ClientDoer - tanks.ClientDoerrun:
	 at beginning of run
08:33:27.426 [ClientDoer] TRACE tanks.ClientDoer - Communicator sleepWorker:
	 sleeping worker
08:33:27.476 [ClientDoer] TRACE tanks.ClientDoer - tanks.ClientDoerrun:
	 at beginning of run
08:33:27.476 [ClientDoer] TRACE tanks.ClientDoer - Communicator sleepWorker:
	 sleeping worker
08:33:27.526 [ClientDoer] TRACE tanks.ClientDoer - tanks.ClientDoerrun:
	 at beginning of run
08:33:27.526 [ClientDoer] TRACE tanks.ClientDoer - Communicator sleepWorker:
	 sleeping worker
08:33:27.576 [ClientDoer] TRACE tanks.ClientDoer - tanks.ClientDoerrun:
	 at beginning of run
08:33:27.576 [ClientDoer] TRACE tanks.ClientDoer - Communicator sleepWorker:
	 sleeping worker
08:33:27.626 [ClientDoer] TRACE tanks.ClientDoer - tanks.ClientDoerrun:
	 at beginning of run
08:33:27.626 [ClientDoer] TRACE tanks.ClientDoer - Communicator sleepWorker:
	 sleeping worker
08:33:27.676 [ClientDoer] TRACE tanks.ClientDoer - tanks.ClientDoerrun:
	 at beginning of run
08:33:27.676 [ClientDoer] TRACE tanks.ClientDoer - Communicator sleepWorker:
	 sleeping worker
08:33:27.726 [ClientDoer] TRACE tanks.ClientDoer - tanks.ClientDoerrun:
	 at beginning of run
08:33:27.726 [ClientDoer] TRACE tanks.ClientDoer - Communicator sleepWorker:
	 sleeping worker
08:33:27.776 [ClientDoer] TRACE tanks.ClientDoer - tanks.ClientDoerrun:
	 at beginning of run
08:33:27.776 [ClientDoer] TRACE tanks.ClientDoer - Communicator sleepWorker:
	 sleeping worker
08:33:27.827 [ClientDoer] TRACE tanks.ClientDoer - tanks.ClientDoerrun:
	 at beginning of run
08:33:27.827 [ClientDoer] TRACE tanks.ClientDoer - Communicator sleepWorker:
	 sleeping worker
08:33:27.877 [ClientDoer] TRACE tanks.ClientDoer - tanks.ClientDoerrun:
	 at beginning of run
08:33:27.877 [ClientDoer] TRACE tanks.ClientDoer - Communicator sleepWorker:
	 sleeping worker
08:33:27.927 [ClientDoer] TRACE tanks.ClientDoer - tanks.ClientDoerrun:
	 at beginning of run
08:33:27.927 [ClientDoer] TRACE tanks.ClientDoer - Communicator sleepWorker:
	 sleeping worker
08:33:27.977 [ClientDoer] TRACE tanks.ClientDoer - tanks.ClientDoerrun:
	 at beginning of run
08:33:27.977 [ClientDoer] TRACE tanks.ClientDoer - Communicator sleepWorker:
	 sleeping worker
08:33:28.027 [ClientDoer] TRACE tanks.ClientDoer - tanks.ClientDoerrun:
	 at beginning of run
08:33:28.027 [ClientDoer] TRACE tanks.ClientDoer - Communicator sleepWorker:
	 sleeping worker
08:33:28.077 [ClientDoer] TRACE tanks.ClientDoer - tanks.ClientDoerrun:
	 at beginning of run
08:33:28.077 [ClientDoer] TRACE tanks.ClientDoer - Communicator sleepWorker:
	 sleeping worker
08:33:28.127 [ClientDoer] TRACE tanks.ClientDoer - tanks.ClientDoerrun:
	 at beginning of run
08:33:28.127 [ClientDoer] TRACE tanks.ClientDoer - Communicator sleepWorker:
	 sleeping worker
08:33:28.177 [ClientDoer] TRACE tanks.ClientDoer - tanks.ClientDoerrun:
	 at beginning of run
08:33:28.177 [ClientDoer] TRACE tanks.ClientDoer - Communicator sleepWorker:
	 sleeping worker
08:33:28.227 [ClientDoer] TRACE tanks.ClientDoer - tanks.ClientDoerrun:
	 at beginning of run
08:33:28.227 [ClientDoer] TRACE tanks.ClientDoer - Communicator sleepWorker:
	 sleeping worker
08:33:28.277 [ClientDoer] TRACE tanks.ClientDoer - tanks.ClientDoerrun:
	 at beginning of run
08:33:28.277 [ClientDoer] TRACE tanks.ClientDoer - Communicator sleepWorker:
	 sleeping worker
08:33:28.327 [ClientDoer] TRACE tanks.ClientDoer - tanks.ClientDoerrun:
	 at beginning of run
08:33:28.327 [ClientDoer] TRACE tanks.ClientDoer - Communicator sleepWorker:
	 sleeping worker
08:33:28.377 [ClientDoer] TRACE tanks.ClientDoer - tanks.ClientDoerrun:
	 at beginning of run
08:33:28.377 [ClientDoer] TRACE tanks.ClientDoer - Communicator sleepWorker:
	 sleeping worker
08:33:28.427 [ClientDoer] TRACE tanks.ClientDoer - tanks.ClientDoerrun:
	 at beginning of run
08:33:28.427 [ClientDoer] TRACE tanks.ClientDoer - Communicator sleepWorker:
	 sleeping worker
08:33:28.477 [ClientDoer] TRACE tanks.ClientDoer - tanks.ClientDoerrun:
	 at beginning of run
08:33:28.477 [ClientDoer] TRACE tanks.ClientDoer - Communicator sleepWorker:
	 sleeping worker
08:33:28.527 [ClientDoer] TRACE tanks.ClientDoer - tanks.ClientDoerrun:
	 at beginning of run
08:33:28.527 [ClientDoer] TRACE tanks.ClientDoer - Communicator sleepWorker:
	 sleeping worker
08:33:28.577 [ClientDoer] TRACE tanks.ClientDoer - tanks.ClientDoerrun:
	 at beginning of run
08:33:28.577 [ClientDoer] TRACE tanks.ClientDoer - Communicator sleepWorker:
	 sleeping worker
08:33:28.627 [ClientDoer] TRACE tanks.ClientDoer - tanks.ClientDoerrun:
	 at beginning of run
08:33:28.627 [ClientDoer] TRACE tanks.ClientDoer - Communicator sleepWorker:
	 sleeping worker
08:33:28.677 [ClientDoer] TRACE tanks.ClientDoer - tanks.ClientDoerrun:
	 at beginning of run
08:33:28.677 [ClientDoer] TRACE tanks.ClientDoer - Communicator sleepWorker:
	 sleeping worker
08:33:28.727 [ClientDoer] TRACE tanks.ClientDoer - tanks.ClientDoerrun:
	 at beginning of run
08:33:28.727 [ClientDoer] TRACE tanks.ClientDoer - Communicator sleepWorker:
	 sleeping worker
08:33:28.777 [ClientDoer] TRACE tanks.ClientDoer - tanks.ClientDoerrun:
	 at beginning of run
08:33:28.777 [ClientDoer] TRACE tanks.ClientDoer - Communicator sleepWorker:
	 sleeping worker
08:33:28.827 [ClientDoer] TRACE tanks.ClientDoer - tanks.ClientDoerrun:
	 at beginning of run
08:33:28.827 [ClientDoer] TRACE tanks.ClientDoer - Communicator sleepWorker:
	 sleeping worker
08:33:28.877 [ClientDoer] TRACE tanks.ClientDoer - tanks.ClientDoerrun:
	 at beginning of run
08:33:28.877 [ClientDoer] TRACE tanks.ClientDoer - Communicator sleepWorker:
	 sleeping worker
08:33:28.927 [ClientDoer] TRACE tanks.ClientDoer - tanks.ClientDoerrun:
	 at beginning of run
08:33:28.927 [ClientDoer] TRACE tanks.ClientDoer - Communicator sleepWorker:
	 sleeping worker
08:33:28.977 [ClientDoer] TRACE tanks.ClientDoer - tanks.ClientDoerrun:
	 at beginning of run
08:33:28.977 [ClientDoer] TRACE tanks.ClientDoer - Communicator sleepWorker:
	 sleeping worker
08:33:29.027 [ClientDoer] TRACE tanks.ClientDoer - tanks.ClientDoerrun:
	 at beginning of run
08:33:29.027 [ClientDoer] TRACE tanks.ClientDoer - Communicator sleepWorker:
	 sleeping worker
08:33:29.077 [ClientDoer] TRACE tanks.ClientDoer - tanks.ClientDoerrun:
	 at beginning of run
08:33:29.077 [ClientDoer] TRACE tanks.ClientDoer - Communicator sleepWorker:
	 sleeping worker
08:33:29.127 [ClientDoer] TRACE tanks.ClientDoer - tanks.ClientDoerrun:
	 at beginning of run
08:33:29.127 [ClientDoer] TRACE tanks.ClientDoer - Communicator sleepWorker:
	 sleeping worker
08:33:29.177 [ClientDoer] TRACE tanks.ClientDoer - tanks.ClientDoerrun:
	 at beginning of run
08:33:29.177 [ClientDoer] TRACE tanks.ClientDoer - Communicator sleepWorker:
	 sleeping worker
08:33:29.227 [ClientDoer] TRACE tanks.ClientDoer - tanks.ClientDoerrun:
	 at beginning of run
08:33:29.227 [ClientDoer] TRACE tanks.ClientDoer - Communicator sleepWorker:
	 sleeping worker
08:33:29.277 [ClientDoer] TRACE tanks.ClientDoer - tanks.ClientDoerrun:
	 at beginning of run
08:33:29.277 [ClientDoer] TRACE tanks.ClientDoer - Communicator sleepWorker:
	 sleeping worker
08:33:29.328 [ClientDoer] TRACE tanks.ClientDoer - tanks.ClientDoerrun:
	 at beginning of run
08:33:29.328 [ClientDoer] TRACE tanks.ClientDoer - Communicator sleepWorker:
	 sleeping worker
08:33:29.378 [ClientDoer] TRACE tanks.ClientDoer - tanks.ClientDoerrun:
	 at beginning of run
08:33:29.378 [ClientDoer] TRACE tanks.ClientDoer - Communicator sleepWorker:
	 sleeping worker
08:33:29.428 [ClientDoer] TRACE tanks.ClientDoer - tanks.ClientDoerrun:
	 at beginning of run
08:33:29.428 [ClientDoer] TRACE tanks.ClientDoer - Communicator sleepWorker:
	 sleeping worker
08:33:29.478 [ClientDoer] TRACE tanks.ClientDoer - tanks.ClientDoerrun:
	 at beginning of run
08:33:29.478 [ClientDoer] TRACE tanks.ClientDoer - Communicator sleepWorker:
	 sleeping worker
08:33:29.528 [ClientDoer] TRACE tanks.ClientDoer - tanks.ClientDoerrun:
	 at beginning of run
08:33:29.528 [ClientDoer] TRACE tanks.ClientDoer - Communicator sleepWorker:
	 sleeping worker
08:33:29.578 [ClientDoer] TRACE tanks.ClientDoer - tanks.ClientDoerrun:
	 at beginning of run
08:33:29.578 [ClientDoer] TRACE tanks.ClientDoer - Communicator sleepWorker:
	 sleeping worker
08:33:29.628 [ClientDoer] TRACE tanks.ClientDoer - tanks.ClientDoerrun:
	 at beginning of run
08:33:29.628 [ClientDoer] TRACE tanks.ClientDoer - Communicator sleepWorker:
	 sleeping worker
08:33:29.678 [ClientDoer] TRACE tanks.ClientDoer - tanks.ClientDoerrun:
	 at beginning of run
08:33:29.678 [ClientDoer] TRACE tanks.ClientDoer - Communicator sleepWorker:
	 sleeping worker
08:33:29.728 [ClientDoer] TRACE tanks.ClientDoer - tanks.ClientDoerrun:
	 at beginning of run
08:33:29.728 [ClientDoer] TRACE tanks.ClientDoer - Communicator sleepWorker:
	 sleeping worker
08:33:29.778 [ClientDoer] TRACE tanks.ClientDoer - tanks.ClientDoerrun:
	 at beginning of run
08:33:29.778 [ClientDoer] TRACE tanks.ClientDoer - Communicator sleepWorker:
	 sleeping worker
08:33:29.828 [ClientDoer] TRACE tanks.ClientDoer - tanks.ClientDoerrun:
	 at beginning of run
08:33:29.828 [ClientDoer] TRACE tanks.ClientDoer - Communicator sleepWorker:
	 sleeping worker
08:33:29.878 [ClientDoer] TRACE tanks.ClientDoer - tanks.ClientDoerrun:
	 at beginning of run
08:33:29.878 [ClientDoer] TRACE tanks.ClientDoer - Communicator sleepWorker:
	 sleeping worker
08:33:29.928 [ClientDoer] TRACE tanks.ClientDoer - tanks.ClientDoerrun:
	 at beginning of run
08:33:29.928 [ClientDoer] TRACE tanks.ClientDoer - Communicator sleepWorker:
	 sleeping worker
08:33:29.978 [ClientDoer] TRACE tanks.ClientDoer - tanks.ClientDoerrun:
	 at beginning of run
08:33:29.978 [ClientDoer] TRACE tanks.ClientDoer - Communicator sleepWorker:
	 sleeping worker
08:33:30.028 [ClientDoer] TRACE tanks.ClientDoer - tanks.ClientDoerrun:
	 at beginning of run
08:33:30.028 [ClientDoer] TRACE tanks.ClientDoer - Communicator sleepWorker:
	 sleeping worker
08:33:30.078 [ClientDoer] TRACE tanks.ClientDoer - tanks.ClientDoerrun:
	 at beginning of run
08:33:30.078 [ClientDoer] TRACE tanks.ClientDoer - Communicator sleepWorker:
	 sleeping worker
08:33:30.128 [ClientDoer] TRACE tanks.ClientDoer - tanks.ClientDoerrun:
	 at beginning of run
08:33:30.128 [ClientDoer] TRACE tanks.ClientDoer - Communicator sleepWorker:
	 sleeping worker
08:33:30.178 [ClientDoer] TRACE tanks.ClientDoer - tanks.ClientDoerrun:
	 at beginning of run
08:33:30.178 [ClientDoer] TRACE tanks.ClientDoer - Communicator sleepWorker:
	 sleeping worker
08:33:30.228 [ClientDoer] TRACE tanks.ClientDoer - tanks.ClientDoerrun:
	 at beginning of run
08:33:30.228 [ClientDoer] TRACE tanks.ClientDoer - Communicator sleepWorker:
	 sleeping worker
08:33:30.278 [ClientDoer] TRACE tanks.ClientDoer - tanks.ClientDoerrun:
	 at beginning of run
08:33:30.278 [ClientDoer] TRACE tanks.ClientDoer - Communicator sleepWorker:
	 sleeping worker
08:33:30.328 [ClientDoer] TRACE tanks.ClientDoer - tanks.ClientDoerrun:
	 at beginning of run
08:33:30.328 [ClientDoer] TRACE tanks.ClientDoer - Communicator sleepWorker:
	 sleeping worker
08:33:30.378 [ClientDoer] TRACE tanks.ClientDoer - tanks.ClientDoerrun:
	 at beginning of run
08:33:30.378 [ClientDoer] TRACE tanks.ClientDoer - Communicator sleepWorker:
	 sleeping worker
08:33:30.428 [ClientDoer] TRACE tanks.ClientDoer - tanks.ClientDoerrun:
	 at beginning of run
08:33:30.428 [ClientDoer] TRACE tanks.ClientDoer - Communicator sleepWorker:
	 sleeping worker
08:33:30.478 [ClientDoer] TRACE tanks.ClientDoer - tanks.ClientDoerrun:
	 at beginning of run
08:33:30.478 [ClientDoer] TRACE tanks.ClientDoer - Communicator sleepWorker:
	 sleeping worker
08:33:30.528 [ClientDoer] TRACE tanks.ClientDoer - tanks.ClientDoerrun:
	 at beginning of run
08:33:30.528 [ClientDoer] TRACE tanks.ClientDoer - Communicator sleepWorker:
	 sleeping worker
08:33:30.578 [ClientDoer] TRACE tanks.ClientDoer - tanks.ClientDoerrun:
	 at beginning of run
08:33:30.578 [ClientDoer] TRACE tanks.ClientDoer - Communicator sleepWorker:
	 sleeping worker
08:33:30.628 [ClientDoer] TRACE tanks.ClientDoer - tanks.ClientDoerrun:
	 at beginning of run
08:33:30.628 [ClientDoer] TRACE tanks.ClientDoer - Communicator sleepWorker:
	 sleeping worker
08:33:30.678 [ClientDoer] TRACE tanks.ClientDoer - tanks.ClientDoerrun:
	 at beginning of run
08:33:30.678 [ClientDoer] TRACE tanks.ClientDoer - Communicator sleepWorker:
	 sleeping worker
08:33:30.728 [ClientDoer] TRACE tanks.ClientDoer - tanks.ClientDoerrun:
	 at beginning of run
08:33:30.728 [ClientDoer] TRACE tanks.ClientDoer - Communicator sleepWorker:
	 sleeping worker
08:33:30.778 [ClientDoer] TRACE tanks.ClientDoer - tanks.ClientDoerrun:
	 at beginning of run
08:33:30.778 [ClientDoer] TRACE tanks.ClientDoer - Communicator sleepWorker:
	 sleeping worker
08:33:30.828 [ClientDoer] TRACE tanks.ClientDoer - tanks.ClientDoerrun:
	 at beginning of run
08:33:30.828 [ClientDoer] TRACE tanks.ClientDoer - Communicator sleepWorker:
	 sleeping worker
08:33:30.879 [ClientDoer] TRACE tanks.ClientDoer - tanks.ClientDoerrun:
	 at beginning of run
08:33:30.879 [ClientDoer] TRACE tanks.ClientDoer - Communicator sleepWorker:
	 sleeping worker
08:33:30.929 [ClientDoer] TRACE tanks.ClientDoer - tanks.ClientDoerrun:
	 at beginning of run
08:33:30.929 [ClientDoer] TRACE tanks.ClientDoer - Communicator sleepWorker:
	 sleeping worker
08:33:30.979 [ClientDoer] TRACE tanks.ClientDoer - tanks.ClientDoerrun:
	 at beginning of run
08:33:30.979 [ClientDoer] TRACE tanks.ClientDoer - Communicator sleepWorker:
	 sleeping worker
08:33:31.029 [ClientDoer] TRACE tanks.ClientDoer - tanks.ClientDoerrun:
	 at beginning of run
08:33:31.029 [ClientDoer] TRACE tanks.ClientDoer - Communicator sleepWorker:
	 sleeping worker
08:33:31.079 [ClientDoer] TRACE tanks.ClientDoer - tanks.ClientDoerrun:
	 at beginning of run
08:33:31.079 [ClientDoer] TRACE tanks.ClientDoer - Communicator sleepWorker:
	 sleeping worker
08:33:31.129 [ClientDoer] TRACE tanks.ClientDoer - tanks.ClientDoerrun:
	 at beginning of run
08:33:31.129 [ClientDoer] TRACE tanks.ClientDoer - Communicator sleepWorker:
	 sleeping worker
08:33:31.179 [ClientDoer] TRACE tanks.ClientDoer - tanks.ClientDoerrun:
	 at beginning of run
08:33:31.179 [ClientDoer] TRACE tanks.ClientDoer - Communicator sleepWorker:
	 sleeping worker
08:33:31.229 [ClientDoer] TRACE tanks.ClientDoer - tanks.ClientDoerrun:
	 at beginning of run
08:33:31.229 [ClientDoer] TRACE tanks.ClientDoer - Communicator sleepWorker:
	 sleeping worker
08:33:31.279 [ClientDoer] TRACE tanks.ClientDoer - tanks.ClientDoerrun:
	 at beginning of run
08:33:31.279 [ClientDoer] TRACE tanks.ClientDoer - Communicator sleepWorker:
	 sleeping worker
08:33:31.329 [ClientDoer] TRACE tanks.ClientDoer - tanks.ClientDoerrun:
	 at beginning of run
08:33:31.329 [ClientDoer] TRACE tanks.ClientDoer - Communicator sleepWorker:
	 sleeping worker
08:33:31.379 [ClientDoer] TRACE tanks.ClientDoer - tanks.ClientDoerrun:
	 at beginning of run
08:33:31.379 [ClientDoer] TRACE tanks.ClientDoer - Communicator sleepWorker:
	 sleeping worker
08:33:31.429 [ClientDoer] TRACE tanks.ClientDoer - tanks.ClientDoerrun:
	 at beginning of run
08:33:31.429 [ClientDoer] TRACE tanks.ClientDoer - Communicator sleepWorker:
	 sleeping worker
08:33:31.479 [ClientDoer] TRACE tanks.ClientDoer - tanks.ClientDoerrun:
	 at beginning of run
08:33:31.479 [ClientDoer] TRACE tanks.ClientDoer - Communicator sleepWorker:
	 sleeping worker
08:33:31.529 [ClientDoer] TRACE tanks.ClientDoer - tanks.ClientDoerrun:
	 at beginning of run
08:33:31.529 [ClientDoer] TRACE tanks.ClientDoer - Communicator sleepWorker:
	 sleeping worker
08:33:31.579 [ClientDoer] TRACE tanks.ClientDoer - tanks.ClientDoerrun:
	 at beginning of run
08:33:31.579 [ClientDoer] TRACE tanks.ClientDoer - Communicator sleepWorker:
	 sleeping worker
08:33:31.629 [ClientDoer] TRACE tanks.ClientDoer - tanks.ClientDoerrun:
	 at beginning of run
08:33:31.629 [ClientDoer] TRACE tanks.ClientDoer - Communicator sleepWorker:
	 sleeping worker
08:33:31.638 [JavaFX Application Thread] INFO  Strategy.RegisterStrategy - RegisterStrategy constructor
	RegisterStrategy created
08:33:31.679 [ClientDoer] TRACE tanks.ClientDoer - tanks.ClientDoerrun:
	 at beginning of run
08:33:31.679 [ClientDoer] DEBUG tanks.ClientDoer - tanks.ClientDoerrun:
	 Got Task from taskqueue
08:33:31.682 [ClientDoer] DEBUG TanksCommon.Model.TanksModel - TanksModel add
	Added conversation to conversations
08:33:31.684 [ClientDoer] DEBUG Conversation.Conversation - Conversation sendMessageTo
	 message added to communicator output queue
08:33:31.684 [ClientDoer] DEBUG C.ClientRegisterConversation - ClientRegisterConversation sendRegisterRequest
	sent register request
08:33:31.684 [ClientDoer] TRACE tanks.ClientDoer - Communicator sleepWorker:
	 sleeping worker
08:33:31.734 [ClientDoer] TRACE tanks.ClientDoer - tanks.ClientDoerrun:
	 at beginning of run
08:33:31.734 [ClientDoer] TRACE tanks.ClientDoer - Communicator sleepWorker:
	 sleeping worker
08:33:31.779 [Communicator] TRACE M.RegisterProtocol.RegisterRequest - RegisterRequest encode
	adding classID
	Write: 0
	Read: 0
08:33:31.780 [Communicator] TRACE M.RegisterProtocol.RegisterRequest - RegisterRequest encode
	adding messageLength placeholder
	Write: 4
	Read: 0
08:33:31.780 [Communicator] TRACE M.RegisterProtocol.RegisterRequest - Request encode
	adding classID
	Write: 6
	Read: 0
08:33:31.780 [Communicator] TRACE M.RegisterProtocol.RegisterRequest - Request encode
	encoding super
	Write: 12
	Read: 0
08:33:31.780 [Communicator] TRACE M.RegisterProtocol.RegisterRequest - Request encode
	adding ordinal of request type: 1
	Write: 46
	Read: 0
08:33:31.780 [Communicator] TRACE M.RegisterProtocol.RegisterRequest - Request encode
	adding playerID: 0
	Write: 50
	Read: 0
08:33:31.780 [Communicator] TRACE M.RegisterProtocol.RegisterRequest - Request encode
	adding length: 42
	Write: 54
	Read: 0
08:33:31.780 [Communicator] TRACE M.RegisterProtocol.RegisterRequest - RegisterRequest encode
	encoding player name
	Write: 54
	Read: 0
08:33:31.784 [ClientDoer] TRACE tanks.ClientDoer - tanks.ClientDoerrun:
	 at beginning of run
08:33:31.784 [ClientDoer] TRACE tanks.ClientDoer - Communicator sleepWorker:
	 sleeping worker
08:33:31.834 [ClientDoer] TRACE tanks.ClientDoer - tanks.ClientDoerrun:
	 at beginning of run
08:33:31.834 [ClientDoer] TRACE tanks.ClientDoer - Communicator sleepWorker:
	 sleeping worker
08:33:31.884 [ClientDoer] TRACE tanks.ClientDoer - tanks.ClientDoerrun:
	 at beginning of run
08:33:31.884 [ClientDoer] TRACE tanks.ClientDoer - Communicator sleepWorker:
	 sleeping worker
08:33:31.934 [ClientDoer] TRACE tanks.ClientDoer - tanks.ClientDoerrun:
	 at beginning of run
08:33:31.934 [ClientDoer] TRACE tanks.ClientDoer - Communicator sleepWorker:
	 sleeping worker
08:33:31.984 [ClientDoer] TRACE tanks.ClientDoer - tanks.ClientDoerrun:
	 at beginning of run
08:33:31.984 [ClientDoer] DEBUG tanks.ClientDoer - tanks.ClientDoerrun:
	 Got envelope from communicator inputqueue
08:33:31.984 [ClientDoer] DEBUG C.ClientRegisterConversation - ClientRegisterConversation add
	added RegisterReply to conversation
08:33:31.984 [ClientDoer] TRACE tanks.ClientDoer - Communicator sleepWorker:
	 sleeping worker
08:33:32.034 [ClientDoer] TRACE tanks.ClientDoer - tanks.ClientDoerrun:
	 at beginning of run
08:33:32.034 [ClientDoer] TRACE tanks.ClientDoer - Communicator sleepWorker:
	 sleeping worker
08:33:32.084 [ClientDoer] TRACE tanks.ClientDoer - tanks.ClientDoerrun:
	 at beginning of run
08:33:32.084 [ClientDoer] TRACE tanks.ClientDoer - Communicator sleepWorker:
	 sleeping worker
08:33:32.134 [ClientDoer] TRACE tanks.ClientDoer - tanks.ClientDoerrun:
	 at beginning of run
08:33:32.134 [ClientDoer] TRACE tanks.ClientDoer - Communicator sleepWorker:
	 sleeping worker
08:33:32.184 [ClientDoer] TRACE tanks.ClientDoer - tanks.ClientDoerrun:
	 at beginning of run
08:33:32.184 [ClientDoer] TRACE tanks.ClientDoer - Communicator sleepWorker:
	 sleeping worker
08:33:32.234 [ClientDoer] TRACE tanks.ClientDoer - tanks.ClientDoerrun:
	 at beginning of run
08:33:32.234 [ClientDoer] TRACE tanks.ClientDoer - Communicator sleepWorker:
	 sleeping worker
08:33:32.284 [ClientDoer] TRACE tanks.ClientDoer - tanks.ClientDoerrun:
	 at beginning of run
08:33:32.284 [ClientDoer] TRACE tanks.ClientDoer - Communicator sleepWorker:
	 sleeping worker
08:33:32.334 [ClientDoer] TRACE tanks.ClientDoer - tanks.ClientDoerrun:
	 at beginning of run
08:33:32.334 [ClientDoer] TRACE tanks.ClientDoer - Communicator sleepWorker:
	 sleeping worker
08:33:32.385 [ClientDoer] TRACE tanks.ClientDoer - tanks.ClientDoerrun:
	 at beginning of run
08:33:32.385 [ClientDoer] TRACE tanks.ClientDoer - Communicator sleepWorker:
	 sleeping worker
08:33:32.435 [ClientDoer] TRACE tanks.ClientDoer - tanks.ClientDoerrun:
	 at beginning of run
08:33:32.435 [ClientDoer] TRACE tanks.ClientDoer - Communicator sleepWorker:
	 sleeping worker
08:33:32.485 [ClientDoer] TRACE tanks.ClientDoer - tanks.ClientDoerrun:
	 at beginning of run
08:33:32.485 [ClientDoer] TRACE tanks.ClientDoer - Communicator sleepWorker:
	 sleeping worker
08:33:32.535 [ClientDoer] TRACE tanks.ClientDoer - tanks.ClientDoerrun:
	 at beginning of run
08:33:32.535 [ClientDoer] TRACE tanks.ClientDoer - Communicator sleepWorker:
	 sleeping worker
08:33:32.585 [ClientDoer] TRACE tanks.ClientDoer - tanks.ClientDoerrun:
	 at beginning of run
08:33:32.585 [ClientDoer] TRACE tanks.ClientDoer - Communicator sleepWorker:
	 sleeping worker
08:33:32.635 [ClientDoer] TRACE tanks.ClientDoer - tanks.ClientDoerrun:
	 at beginning of run
08:33:32.635 [ClientDoer] TRACE tanks.ClientDoer - Communicator sleepWorker:
	 sleeping worker
08:33:32.685 [ClientDoer] TRACE tanks.ClientDoer - tanks.ClientDoerrun:
	 at beginning of run
08:33:32.685 [ClientDoer] TRACE tanks.ClientDoer - Communicator sleepWorker:
	 sleeping worker
08:33:32.735 [ClientDoer] TRACE tanks.ClientDoer - tanks.ClientDoerrun:
	 at beginning of run
08:33:32.735 [ClientDoer] TRACE tanks.ClientDoer - Communicator sleepWorker:
	 sleeping worker
08:33:32.785 [ClientDoer] TRACE tanks.ClientDoer - tanks.ClientDoerrun:
	 at beginning of run
08:33:32.785 [ClientDoer] TRACE tanks.ClientDoer - Communicator sleepWorker:
	 sleeping worker
08:33:32.835 [ClientDoer] TRACE tanks.ClientDoer - tanks.ClientDoerrun:
	 at beginning of run
08:33:32.835 [ClientDoer] TRACE tanks.ClientDoer - Communicator sleepWorker:
	 sleeping worker
08:33:32.885 [ClientDoer] TRACE tanks.ClientDoer - tanks.ClientDoerrun:
	 at beginning of run
08:33:32.885 [ClientDoer] TRACE tanks.ClientDoer - Communicator sleepWorker:
	 sleeping worker
08:33:32.935 [ClientDoer] TRACE tanks.ClientDoer - tanks.ClientDoerrun:
	 at beginning of run
08:33:32.935 [ClientDoer] TRACE tanks.ClientDoer - Communicator sleepWorker:
	 sleeping worker
08:33:32.985 [ClientDoer] TRACE tanks.ClientDoer - tanks.ClientDoerrun:
	 at beginning of run
08:33:32.985 [ClientDoer] TRACE tanks.ClientDoer - Communicator sleepWorker:
	 sleeping worker
08:33:33.035 [ClientDoer] TRACE tanks.ClientDoer - tanks.ClientDoerrun:
	 at beginning of run
08:33:33.035 [ClientDoer] TRACE tanks.ClientDoer - Communicator sleepWorker:
	 sleeping worker
08:33:33.085 [ClientDoer] TRACE tanks.ClientDoer - tanks.ClientDoerrun:
	 at beginning of run
08:33:33.085 [ClientDoer] TRACE tanks.ClientDoer - Communicator sleepWorker:
	 sleeping worker
08:33:33.135 [ClientDoer] TRACE tanks.ClientDoer - tanks.ClientDoerrun:
	 at beginning of run
08:33:33.135 [ClientDoer] TRACE tanks.ClientDoer - Communicator sleepWorker:
	 sleeping worker
08:33:33.185 [ClientDoer] TRACE tanks.ClientDoer - tanks.ClientDoerrun:
	 at beginning of run
08:33:33.185 [ClientDoer] TRACE tanks.ClientDoer - Communicator sleepWorker:
	 sleeping worker
08:33:33.229 [JavaFX Application Thread] INFO  Strategy.GetShellStrategy - GetShellStrategy constructor
	GetShellStrategy created
08:33:33.235 [ClientDoer] TRACE tanks.ClientDoer - tanks.ClientDoerrun:
	 at beginning of run
08:33:33.235 [ClientDoer] DEBUG tanks.ClientDoer - tanks.ClientDoerrun:
	 Got Task from taskqueue
08:33:51.693 [Timer-1] DEBUG C.ClientRegisterConversation - ClientRegisterConversation sendRegisterRequest
	hit retry limit, retrying last time
