13:35:29.037 [main] DEBUG TanksCommon.Model.TanksModel - TanksModel add
	Added conversation to conversations
13:35:29.045 [main] DEBUG Conversation.Conversation - Conversation sendMessageTo
	 message added to communicator output queue
13:35:29.046 [main] DEBUG C.ClientRegisterConversation - ClientRegisterConversation sendRegisterRequest
	sent register request
13:35:39.047 [Timer-1] DEBUG Conversation.Conversation - Conversation sendMessageTo
	 message added to communicator output queue
13:35:39.047 [Timer-1] DEBUG C.ClientRegisterConversation - ClientRegisterConversation sendRegisterRequest
	sent register request
13:35:49.046 [Timer-1] DEBUG Conversation.Conversation - Conversation sendMessageTo
	 message added to communicator output queue
13:35:49.046 [Timer-1] DEBUG C.ClientRegisterConversation - ClientRegisterConversation sendRegisterRequest
	sent register request
13:35:49.046 [Timer-1] DEBUG C.ClientRegisterConversation - ClientRegisterConversation sendRegisterRequest
	hit retry limit, retrying last time
13:35:59.049 [main] DEBUG TanksCommon.Communicator2 - Communicator constructor:
	 communicator created
13:35:59.049 [main] INFO  TanksCommon.Communicator2 - Communicator initializeSocket:
	 Socket initialized
13:35:59.049 [main] DEBUG TanksCommon.Model.TanksModel - TanksModel add
	Added conversation to conversations
13:35:59.049 [main] DEBUG Conversation.Conversation - Conversation sendMessageTo
	 message added to communicator output queue
13:35:59.049 [main] DEBUG C.ClientRegisterConversation - ClientRegisterConversation sendRegisterRequest
	sent register request
13:35:59.050 [main] DEBUG C.ClientRegisterConversation - ClientRegisterConversation add
	added RegisterReply to conversation
