11:29:15.629 [main] DEBUG TanksCommon.Model.TanksModel - TanksModel add
	Added conversation to conversations
11:29:15.638 [main] DEBUG Conversation.Conversation - Conversation sendMessageTo
	 message added to communicator output queue
11:29:15.639 [main] DEBUG C.ClientRegisterConversation - ClientRegisterConversation sendRegisterRequest
	sent register request
11:29:15.640 [main] DEBUG C.ClientRegisterConversation - ClientRegisterConversation add
	added RegisterReply to conversation
11:29:15.649 [main] DEBUG TanksCommon.Communicator2 - Communicator constructor:
	 communicator created
11:29:15.649 [main] INFO  TanksCommon.Communicator2 - Communicator initializeSocket:
	 Socket initialized
11:29:15.649 [main] DEBUG TanksCommon.Model.TanksModel - TanksModel add
	Added conversation to conversations
11:29:15.649 [main] DEBUG Conversation.Conversation - Conversation sendMessageTo
	 message added to communicator output queue
11:29:15.649 [main] DEBUG C.ClientRegisterConversation - ClientRegisterConversation sendRegisterRequest
	sent register request
11:29:25.649 [Timer-3] DEBUG Conversation.Conversation - Conversation sendMessageTo
	 message added to communicator output queue
11:29:25.649 [Timer-3] DEBUG C.ClientRegisterConversation - ClientRegisterConversation sendRegisterRequest
	sent register request
11:29:35.650 [Timer-3] DEBUG Conversation.Conversation - Conversation sendMessageTo
	 message added to communicator output queue
11:29:35.650 [Timer-3] DEBUG C.ClientRegisterConversation - ClientRegisterConversation sendRegisterRequest
	sent register request
11:29:35.650 [Timer-3] DEBUG C.ClientRegisterConversation - ClientRegisterConversation sendRegisterRequest
	hit retry limit, retrying last time
