09:58:44.458 [main] DEBUG TanksCommon.Communicator2 - Communicator constructor:
	 communicator created
09:58:44.458 [main] INFO  TanksCommon.Communicator2 - Communicator initializeSocket:
	 Socket initialized
09:58:44.459 [main] DEBUG TanksCommon.Communicator3 - Communicator constructor:
	 communicator created
09:58:44.459 [main] INFO  TanksCommon.Communicator3 - Communicator initializeSocket:
	 Socket initialized
09:58:44.463 [main] DEBUG TanksCommon.Model.TanksModel - TanksModel add
	Added conversation to conversations
09:58:44.472 [main] DEBUG Conversation.Conversation - Conversation sendMessageTo
	 message added to communicator output queue
09:58:44.472 [main] DEBUG C.ClientRegisterConversation - ClientRegisterConversation sendRegisterRequest
	sent register request
09:58:54.474 [Timer-1] DEBUG Conversation.Conversation - Conversation sendMessageTo
	 message added to communicator output queue
09:58:54.474 [Timer-1] DEBUG C.ClientRegisterConversation - ClientRegisterConversation sendRegisterRequest
	sent register request
09:59:04.473 [Timer-1] DEBUG Conversation.Conversation - Conversation sendMessageTo
	 message added to communicator output queue
09:59:04.473 [Timer-1] DEBUG C.ClientRegisterConversation - ClientRegisterConversation sendRegisterRequest
	sent register request
09:59:04.473 [Timer-1] DEBUG C.ClientRegisterConversation - ClientRegisterConversation sendRegisterRequest
	hit retry limit, retrying last time
09:59:14.475 [main] DEBUG TanksCommon.Communicator4 - Communicator constructor:
	 communicator created
09:59:14.475 [main] INFO  TanksCommon.Communicator4 - Communicator initializeSocket:
	 Socket initialized
