08:25:55.201 [JavaFX Application Thread] DEBUG tanks.TanksUIController - setupPropertiesReader
	properties reader setup correctly
08:25:55.206 [JavaFX Application Thread] DEBUG tanks.TanksUIController - readServerAddresses
	server addresses read correctly
08:25:55.206 [JavaFX Application Thread] DEBUG tanks.TanksUIController - createBackgroundTasks
	creating background tasks
08:25:55.209 [JavaFX Application Thread] DEBUG tanks.ClientDoer - BackgroundThread Start: 
	Thread Started
08:25:55.210 [ClientDoer] TRACE tanks.ClientDoer - tanks.ClientDoerrun:
	 at beginning of run
08:25:55.210 [ClientDoer] TRACE tanks.ClientDoer - Communicator sleepWorker:
	 sleeping worker
08:25:55.260 [ClientDoer] TRACE tanks.ClientDoer - tanks.ClientDoerrun:
	 at beginning of run
08:25:55.260 [ClientDoer] TRACE tanks.ClientDoer - Communicator sleepWorker:
	 sleeping worker
08:25:55.310 [ClientDoer] TRACE tanks.ClientDoer - tanks.ClientDoerrun:
	 at beginning of run
08:25:55.310 [ClientDoer] TRACE tanks.ClientDoer - Communicator sleepWorker:
	 sleeping worker
08:25:55.360 [ClientDoer] TRACE tanks.ClientDoer - tanks.ClientDoerrun:
	 at beginning of run
08:25:55.360 [ClientDoer] TRACE tanks.ClientDoer - Communicator sleepWorker:
	 sleeping worker
08:25:55.410 [ClientDoer] TRACE tanks.ClientDoer - tanks.ClientDoerrun:
	 at beginning of run
08:25:55.410 [ClientDoer] TRACE tanks.ClientDoer - Communicator sleepWorker:
	 sleeping worker
08:25:55.460 [ClientDoer] TRACE tanks.ClientDoer - tanks.ClientDoerrun:
	 at beginning of run
08:25:55.460 [ClientDoer] TRACE tanks.ClientDoer - Communicator sleepWorker:
	 sleeping worker
08:25:55.510 [ClientDoer] TRACE tanks.ClientDoer - tanks.ClientDoerrun:
	 at beginning of run
08:25:55.510 [ClientDoer] TRACE tanks.ClientDoer - Communicator sleepWorker:
	 sleeping worker
08:25:55.560 [ClientDoer] TRACE tanks.ClientDoer - tanks.ClientDoerrun:
	 at beginning of run
08:25:55.560 [ClientDoer] TRACE tanks.ClientDoer - Communicator sleepWorker:
	 sleeping worker
08:25:55.610 [ClientDoer] TRACE tanks.ClientDoer - tanks.ClientDoerrun:
	 at beginning of run
08:25:55.610 [ClientDoer] TRACE tanks.ClientDoer - Communicator sleepWorker:
	 sleeping worker
08:25:55.660 [ClientDoer] TRACE tanks.ClientDoer - tanks.ClientDoerrun:
	 at beginning of run
08:25:55.660 [ClientDoer] TRACE tanks.ClientDoer - Communicator sleepWorker:
	 sleeping worker
08:25:55.710 [ClientDoer] TRACE tanks.ClientDoer - tanks.ClientDoerrun:
	 at beginning of run
08:25:55.710 [ClientDoer] TRACE tanks.ClientDoer - Communicator sleepWorker:
	 sleeping worker
08:25:55.760 [ClientDoer] TRACE tanks.ClientDoer - tanks.ClientDoerrun:
	 at beginning of run
08:25:55.760 [ClientDoer] TRACE tanks.ClientDoer - Communicator sleepWorker:
	 sleeping worker
08:25:55.810 [ClientDoer] TRACE tanks.ClientDoer - tanks.ClientDoerrun:
	 at beginning of run
08:25:55.810 [ClientDoer] TRACE tanks.ClientDoer - Communicator sleepWorker:
	 sleeping worker
08:25:55.860 [ClientDoer] TRACE tanks.ClientDoer - tanks.ClientDoerrun:
	 at beginning of run
08:25:55.860 [ClientDoer] TRACE tanks.ClientDoer - Communicator sleepWorker:
	 sleeping worker
08:25:55.910 [ClientDoer] TRACE tanks.ClientDoer - tanks.ClientDoerrun:
	 at beginning of run
08:25:55.910 [ClientDoer] TRACE tanks.ClientDoer - Communicator sleepWorker:
	 sleeping worker
08:25:55.960 [ClientDoer] TRACE tanks.ClientDoer - tanks.ClientDoerrun:
	 at beginning of run
08:25:55.960 [ClientDoer] TRACE tanks.ClientDoer - Communicator sleepWorker:
	 sleeping worker
08:25:56.010 [ClientDoer] TRACE tanks.ClientDoer - tanks.ClientDoerrun:
	 at beginning of run
08:25:56.010 [ClientDoer] TRACE tanks.ClientDoer - Communicator sleepWorker:
	 sleeping worker
08:25:56.060 [ClientDoer] TRACE tanks.ClientDoer - tanks.ClientDoerrun:
	 at beginning of run
08:25:56.060 [ClientDoer] TRACE tanks.ClientDoer - Communicator sleepWorker:
	 sleeping worker
08:25:56.110 [ClientDoer] TRACE tanks.ClientDoer - tanks.ClientDoerrun:
	 at beginning of run
08:25:56.110 [ClientDoer] TRACE tanks.ClientDoer - Communicator sleepWorker:
	 sleeping worker
08:25:56.160 [ClientDoer] TRACE tanks.ClientDoer - tanks.ClientDoerrun:
	 at beginning of run
08:25:56.160 [ClientDoer] TRACE tanks.ClientDoer - Communicator sleepWorker:
	 sleeping worker
08:25:56.210 [ClientDoer] TRACE tanks.ClientDoer - tanks.ClientDoerrun:
	 at beginning of run
08:25:56.210 [ClientDoer] TRACE tanks.ClientDoer - Communicator sleepWorker:
	 sleeping worker
08:25:56.260 [ClientDoer] TRACE tanks.ClientDoer - tanks.ClientDoerrun:
	 at beginning of run
08:25:56.260 [ClientDoer] TRACE tanks.ClientDoer - Communicator sleepWorker:
	 sleeping worker
08:25:56.310 [ClientDoer] TRACE tanks.ClientDoer - tanks.ClientDoerrun:
	 at beginning of run
08:25:56.310 [ClientDoer] TRACE tanks.ClientDoer - Communicator sleepWorker:
	 sleeping worker
08:25:56.360 [ClientDoer] TRACE tanks.ClientDoer - tanks.ClientDoerrun:
	 at beginning of run
08:25:56.360 [ClientDoer] TRACE tanks.ClientDoer - Communicator sleepWorker:
	 sleeping worker
08:25:56.411 [ClientDoer] TRACE tanks.ClientDoer - tanks.ClientDoerrun:
	 at beginning of run
08:25:56.411 [ClientDoer] TRACE tanks.ClientDoer - Communicator sleepWorker:
	 sleeping worker
08:25:56.461 [ClientDoer] TRACE tanks.ClientDoer - tanks.ClientDoerrun:
	 at beginning of run
08:25:56.461 [ClientDoer] TRACE tanks.ClientDoer - Communicator sleepWorker:
	 sleeping worker
08:25:56.511 [ClientDoer] TRACE tanks.ClientDoer - tanks.ClientDoerrun:
	 at beginning of run
08:25:56.511 [ClientDoer] TRACE tanks.ClientDoer - Communicator sleepWorker:
	 sleeping worker
08:25:56.561 [ClientDoer] TRACE tanks.ClientDoer - tanks.ClientDoerrun:
	 at beginning of run
08:25:56.561 [ClientDoer] TRACE tanks.ClientDoer - Communicator sleepWorker:
	 sleeping worker
08:25:56.611 [ClientDoer] TRACE tanks.ClientDoer - tanks.ClientDoerrun:
	 at beginning of run
08:25:56.611 [ClientDoer] TRACE tanks.ClientDoer - Communicator sleepWorker:
	 sleeping worker
08:25:56.661 [ClientDoer] TRACE tanks.ClientDoer - tanks.ClientDoerrun:
	 at beginning of run
08:25:56.661 [ClientDoer] TRACE tanks.ClientDoer - Communicator sleepWorker:
	 sleeping worker
08:25:56.711 [ClientDoer] TRACE tanks.ClientDoer - tanks.ClientDoerrun:
	 at beginning of run
08:25:56.711 [ClientDoer] TRACE tanks.ClientDoer - Communicator sleepWorker:
	 sleeping worker
08:25:56.761 [ClientDoer] TRACE tanks.ClientDoer - tanks.ClientDoerrun:
	 at beginning of run
08:25:56.761 [ClientDoer] TRACE tanks.ClientDoer - Communicator sleepWorker:
	 sleeping worker
08:25:56.811 [ClientDoer] TRACE tanks.ClientDoer - tanks.ClientDoerrun:
	 at beginning of run
08:25:56.811 [ClientDoer] TRACE tanks.ClientDoer - Communicator sleepWorker:
	 sleeping worker
08:25:56.861 [ClientDoer] TRACE tanks.ClientDoer - tanks.ClientDoerrun:
	 at beginning of run
08:25:56.861 [ClientDoer] TRACE tanks.ClientDoer - Communicator sleepWorker:
	 sleeping worker
08:25:56.911 [ClientDoer] TRACE tanks.ClientDoer - tanks.ClientDoerrun:
	 at beginning of run
08:25:56.911 [ClientDoer] TRACE tanks.ClientDoer - Communicator sleepWorker:
	 sleeping worker
08:25:56.961 [ClientDoer] TRACE tanks.ClientDoer - tanks.ClientDoerrun:
	 at beginning of run
08:25:56.961 [ClientDoer] TRACE tanks.ClientDoer - Communicator sleepWorker:
	 sleeping worker
08:25:57.011 [ClientDoer] TRACE tanks.ClientDoer - tanks.ClientDoerrun:
	 at beginning of run
08:25:57.011 [ClientDoer] TRACE tanks.ClientDoer - Communicator sleepWorker:
	 sleeping worker
08:25:57.061 [ClientDoer] TRACE tanks.ClientDoer - tanks.ClientDoerrun:
	 at beginning of run
08:25:57.061 [ClientDoer] TRACE tanks.ClientDoer - Communicator sleepWorker:
	 sleeping worker
08:25:57.111 [ClientDoer] TRACE tanks.ClientDoer - tanks.ClientDoerrun:
	 at beginning of run
08:25:57.111 [ClientDoer] TRACE tanks.ClientDoer - Communicator sleepWorker:
	 sleeping worker
08:25:57.161 [ClientDoer] TRACE tanks.ClientDoer - tanks.ClientDoerrun:
	 at beginning of run
08:25:57.161 [ClientDoer] TRACE tanks.ClientDoer - Communicator sleepWorker:
	 sleeping worker
08:25:57.211 [ClientDoer] TRACE tanks.ClientDoer - tanks.ClientDoerrun:
	 at beginning of run
08:25:57.211 [ClientDoer] TRACE tanks.ClientDoer - Communicator sleepWorker:
	 sleeping worker
08:25:57.261 [ClientDoer] TRACE tanks.ClientDoer - tanks.ClientDoerrun:
	 at beginning of run
08:25:57.261 [ClientDoer] TRACE tanks.ClientDoer - Communicator sleepWorker:
	 sleeping worker
08:25:57.311 [ClientDoer] TRACE tanks.ClientDoer - tanks.ClientDoerrun:
	 at beginning of run
08:25:57.311 [ClientDoer] TRACE tanks.ClientDoer - Communicator sleepWorker:
	 sleeping worker
08:25:57.361 [ClientDoer] TRACE tanks.ClientDoer - tanks.ClientDoerrun:
	 at beginning of run
08:25:57.361 [ClientDoer] TRACE tanks.ClientDoer - Communicator sleepWorker:
	 sleeping worker
08:25:57.411 [ClientDoer] TRACE tanks.ClientDoer - tanks.ClientDoerrun:
	 at beginning of run
08:25:57.411 [ClientDoer] TRACE tanks.ClientDoer - Communicator sleepWorker:
	 sleeping worker
08:25:57.461 [ClientDoer] TRACE tanks.ClientDoer - tanks.ClientDoerrun:
	 at beginning of run
08:25:57.461 [ClientDoer] TRACE tanks.ClientDoer - Communicator sleepWorker:
	 sleeping worker
08:25:57.511 [ClientDoer] TRACE tanks.ClientDoer - tanks.ClientDoerrun:
	 at beginning of run
08:25:57.511 [ClientDoer] TRACE tanks.ClientDoer - Communicator sleepWorker:
	 sleeping worker
08:25:57.561 [ClientDoer] TRACE tanks.ClientDoer - tanks.ClientDoerrun:
	 at beginning of run
08:25:57.561 [ClientDoer] TRACE tanks.ClientDoer - Communicator sleepWorker:
	 sleeping worker
08:25:57.611 [ClientDoer] TRACE tanks.ClientDoer - tanks.ClientDoerrun:
	 at beginning of run
08:25:57.611 [ClientDoer] TRACE tanks.ClientDoer - Communicator sleepWorker:
	 sleeping worker
08:25:57.661 [ClientDoer] TRACE tanks.ClientDoer - tanks.ClientDoerrun:
	 at beginning of run
08:25:57.661 [ClientDoer] TRACE tanks.ClientDoer - Communicator sleepWorker:
	 sleeping worker
08:25:57.711 [ClientDoer] TRACE tanks.ClientDoer - tanks.ClientDoerrun:
	 at beginning of run
08:25:57.711 [ClientDoer] TRACE tanks.ClientDoer - Communicator sleepWorker:
	 sleeping worker
08:25:57.761 [ClientDoer] TRACE tanks.ClientDoer - tanks.ClientDoerrun:
	 at beginning of run
08:25:57.761 [ClientDoer] TRACE tanks.ClientDoer - Communicator sleepWorker:
	 sleeping worker
08:25:57.811 [ClientDoer] TRACE tanks.ClientDoer - tanks.ClientDoerrun:
	 at beginning of run
08:25:57.811 [ClientDoer] TRACE tanks.ClientDoer - Communicator sleepWorker:
	 sleeping worker
08:25:57.861 [ClientDoer] TRACE tanks.ClientDoer - tanks.ClientDoerrun:
	 at beginning of run
08:25:57.861 [ClientDoer] TRACE tanks.ClientDoer - Communicator sleepWorker:
	 sleeping worker
08:25:57.911 [ClientDoer] TRACE tanks.ClientDoer - tanks.ClientDoerrun:
	 at beginning of run
08:25:57.911 [ClientDoer] TRACE tanks.ClientDoer - Communicator sleepWorker:
	 sleeping worker
08:25:57.962 [ClientDoer] TRACE tanks.ClientDoer - tanks.ClientDoerrun:
	 at beginning of run
08:25:57.962 [ClientDoer] TRACE tanks.ClientDoer - Communicator sleepWorker:
	 sleeping worker
08:25:57.974 [JavaFX Application Thread] INFO  Strategy.RegisterStrategy - RegisterStrategy constructor
	RegisterStrategy created
08:25:58.012 [ClientDoer] TRACE tanks.ClientDoer - tanks.ClientDoerrun:
	 at beginning of run
08:25:58.012 [ClientDoer] DEBUG tanks.ClientDoer - tanks.ClientDoerrun:
	 Got Task from taskqueue
08:25:58.015 [ClientDoer] DEBUG TanksCommon.Model.TanksModel - TanksModel add
	Added conversation to conversations
08:25:58.017 [ClientDoer] DEBUG Conversation.Conversation - Conversation sendMessageTo
	 message added to communicator output queue
08:25:58.017 [ClientDoer] DEBUG C.ClientRegisterConversation - ClientRegisterConversation sendRegisterRequest
	sent register request
08:25:58.017 [ClientDoer] TRACE tanks.ClientDoer - Communicator sleepWorker:
	 sleeping worker
08:25:58.063 [Communicator] TRACE M.RegisterProtocol.RegisterRequest - RegisterRequest encode
	adding classID
	Write: 0
	Read: 0
08:25:58.063 [Communicator] TRACE M.RegisterProtocol.RegisterRequest - RegisterRequest encode
	adding messageLength placeholder
	Write: 4
	Read: 0
08:25:58.064 [Communicator] TRACE M.RegisterProtocol.RegisterRequest - Request encode
	adding classID
	Write: 6
	Read: 0
08:25:58.064 [Communicator] TRACE M.RegisterProtocol.RegisterRequest - Request encode
	encoding super
	Write: 12
	Read: 0
08:25:58.064 [Communicator] TRACE M.RegisterProtocol.RegisterRequest - Request encode
	adding ordinal of request type: 1
	Write: 46
	Read: 0
08:25:58.064 [Communicator] TRACE M.RegisterProtocol.RegisterRequest - Request encode
	adding playerID: 0
	Write: 50
	Read: 0
08:25:58.064 [Communicator] TRACE M.RegisterProtocol.RegisterRequest - Request encode
	adding length: 42
	Write: 54
	Read: 0
08:25:58.064 [Communicator] TRACE M.RegisterProtocol.RegisterRequest - RegisterRequest encode
	encoding player name
	Write: 54
	Read: 0
08:25:58.067 [ClientDoer] TRACE tanks.ClientDoer - tanks.ClientDoerrun:
	 at beginning of run
08:25:58.067 [ClientDoer] TRACE tanks.ClientDoer - Communicator sleepWorker:
	 sleeping worker
08:25:58.117 [ClientDoer] TRACE tanks.ClientDoer - tanks.ClientDoerrun:
	 at beginning of run
08:25:58.117 [ClientDoer] TRACE tanks.ClientDoer - Communicator sleepWorker:
	 sleeping worker
08:25:58.167 [ClientDoer] TRACE tanks.ClientDoer - tanks.ClientDoerrun:
	 at beginning of run
08:25:58.167 [ClientDoer] TRACE tanks.ClientDoer - Communicator sleepWorker:
	 sleeping worker
08:25:58.217 [ClientDoer] TRACE tanks.ClientDoer - tanks.ClientDoerrun:
	 at beginning of run
08:25:58.217 [ClientDoer] TRACE tanks.ClientDoer - Communicator sleepWorker:
	 sleeping worker
08:25:58.267 [ClientDoer] TRACE tanks.ClientDoer - tanks.ClientDoerrun:
	 at beginning of run
08:25:58.267 [ClientDoer] TRACE tanks.ClientDoer - Communicator sleepWorker:
	 sleeping worker
08:25:58.317 [ClientDoer] TRACE tanks.ClientDoer - tanks.ClientDoerrun:
	 at beginning of run
08:25:58.317 [ClientDoer] TRACE tanks.ClientDoer - Communicator sleepWorker:
	 sleeping worker
08:25:58.367 [ClientDoer] TRACE tanks.ClientDoer - tanks.ClientDoerrun:
	 at beginning of run
08:25:58.367 [ClientDoer] TRACE tanks.ClientDoer - Communicator sleepWorker:
	 sleeping worker
08:25:58.417 [ClientDoer] TRACE tanks.ClientDoer - tanks.ClientDoerrun:
	 at beginning of run
08:25:58.417 [ClientDoer] TRACE tanks.ClientDoer - Communicator sleepWorker:
	 sleeping worker
08:25:58.467 [ClientDoer] TRACE tanks.ClientDoer - tanks.ClientDoerrun:
	 at beginning of run
08:25:58.467 [ClientDoer] TRACE tanks.ClientDoer - Communicator sleepWorker:
	 sleeping worker
08:25:58.517 [ClientDoer] TRACE tanks.ClientDoer - tanks.ClientDoerrun:
	 at beginning of run
08:25:58.517 [ClientDoer] TRACE tanks.ClientDoer - Communicator sleepWorker:
	 sleeping worker
08:25:58.567 [ClientDoer] TRACE tanks.ClientDoer - tanks.ClientDoerrun:
	 at beginning of run
08:25:58.567 [ClientDoer] TRACE tanks.ClientDoer - Communicator sleepWorker:
	 sleeping worker
08:25:58.617 [ClientDoer] TRACE tanks.ClientDoer - tanks.ClientDoerrun:
	 at beginning of run
08:25:58.617 [ClientDoer] TRACE tanks.ClientDoer - Communicator sleepWorker:
	 sleeping worker
08:25:58.667 [ClientDoer] TRACE tanks.ClientDoer - tanks.ClientDoerrun:
	 at beginning of run
08:25:58.667 [ClientDoer] TRACE tanks.ClientDoer - Communicator sleepWorker:
	 sleeping worker
08:25:58.717 [ClientDoer] TRACE tanks.ClientDoer - tanks.ClientDoerrun:
	 at beginning of run
08:25:58.717 [ClientDoer] TRACE tanks.ClientDoer - Communicator sleepWorker:
	 sleeping worker
08:25:58.767 [ClientDoer] TRACE tanks.ClientDoer - tanks.ClientDoerrun:
	 at beginning of run
08:25:58.767 [ClientDoer] TRACE tanks.ClientDoer - Communicator sleepWorker:
	 sleeping worker
08:25:58.817 [ClientDoer] TRACE tanks.ClientDoer - tanks.ClientDoerrun:
	 at beginning of run
08:25:58.817 [ClientDoer] TRACE tanks.ClientDoer - Communicator sleepWorker:
	 sleeping worker
08:25:58.867 [ClientDoer] TRACE tanks.ClientDoer - tanks.ClientDoerrun:
	 at beginning of run
08:25:58.867 [ClientDoer] TRACE tanks.ClientDoer - Communicator sleepWorker:
	 sleeping worker
08:25:58.917 [ClientDoer] TRACE tanks.ClientDoer - tanks.ClientDoerrun:
	 at beginning of run
08:25:58.917 [ClientDoer] TRACE tanks.ClientDoer - Communicator sleepWorker:
	 sleeping worker
08:25:58.967 [ClientDoer] TRACE tanks.ClientDoer - tanks.ClientDoerrun:
	 at beginning of run
08:25:58.967 [ClientDoer] TRACE tanks.ClientDoer - Communicator sleepWorker:
	 sleeping worker
08:25:59.017 [ClientDoer] TRACE tanks.ClientDoer - tanks.ClientDoerrun:
	 at beginning of run
08:25:59.017 [ClientDoer] TRACE tanks.ClientDoer - Communicator sleepWorker:
	 sleeping worker
08:25:59.067 [ClientDoer] TRACE tanks.ClientDoer - tanks.ClientDoerrun:
	 at beginning of run
08:25:59.067 [ClientDoer] TRACE tanks.ClientDoer - Communicator sleepWorker:
	 sleeping worker
08:25:59.117 [ClientDoer] TRACE tanks.ClientDoer - tanks.ClientDoerrun:
	 at beginning of run
08:25:59.117 [ClientDoer] TRACE tanks.ClientDoer - Communicator sleepWorker:
	 sleeping worker
08:25:59.167 [ClientDoer] TRACE tanks.ClientDoer - tanks.ClientDoerrun:
	 at beginning of run
08:25:59.167 [ClientDoer] TRACE tanks.ClientDoer - Communicator sleepWorker:
	 sleeping worker
08:25:59.217 [ClientDoer] TRACE tanks.ClientDoer - tanks.ClientDoerrun:
	 at beginning of run
08:25:59.217 [ClientDoer] TRACE tanks.ClientDoer - Communicator sleepWorker:
	 sleeping worker
08:25:59.267 [ClientDoer] TRACE tanks.ClientDoer - tanks.ClientDoerrun:
	 at beginning of run
08:25:59.267 [ClientDoer] TRACE tanks.ClientDoer - Communicator sleepWorker:
	 sleeping worker
08:25:59.317 [ClientDoer] TRACE tanks.ClientDoer - tanks.ClientDoerrun:
	 at beginning of run
08:25:59.317 [ClientDoer] TRACE tanks.ClientDoer - Communicator sleepWorker:
	 sleeping worker
08:25:59.367 [ClientDoer] TRACE tanks.ClientDoer - tanks.ClientDoerrun:
	 at beginning of run
08:25:59.367 [ClientDoer] TRACE tanks.ClientDoer - Communicator sleepWorker:
	 sleeping worker
08:25:59.417 [ClientDoer] TRACE tanks.ClientDoer - tanks.ClientDoerrun:
	 at beginning of run
08:25:59.417 [ClientDoer] TRACE tanks.ClientDoer - Communicator sleepWorker:
	 sleeping worker
08:25:59.468 [ClientDoer] TRACE tanks.ClientDoer - tanks.ClientDoerrun:
	 at beginning of run
08:25:59.468 [ClientDoer] TRACE tanks.ClientDoer - Communicator sleepWorker:
	 sleeping worker
08:25:59.518 [ClientDoer] TRACE tanks.ClientDoer - tanks.ClientDoerrun:
	 at beginning of run
08:25:59.518 [ClientDoer] TRACE tanks.ClientDoer - Communicator sleepWorker:
	 sleeping worker
08:25:59.568 [ClientDoer] TRACE tanks.ClientDoer - tanks.ClientDoerrun:
	 at beginning of run
08:25:59.568 [ClientDoer] TRACE tanks.ClientDoer - Communicator sleepWorker:
	 sleeping worker
08:25:59.618 [ClientDoer] TRACE tanks.ClientDoer - tanks.ClientDoerrun:
	 at beginning of run
08:25:59.618 [ClientDoer] TRACE tanks.ClientDoer - Communicator sleepWorker:
	 sleeping worker
08:25:59.668 [ClientDoer] TRACE tanks.ClientDoer - tanks.ClientDoerrun:
	 at beginning of run
08:25:59.668 [ClientDoer] TRACE tanks.ClientDoer - Communicator sleepWorker:
	 sleeping worker
08:25:59.718 [ClientDoer] TRACE tanks.ClientDoer - tanks.ClientDoerrun:
	 at beginning of run
08:25:59.718 [ClientDoer] TRACE tanks.ClientDoer - Communicator sleepWorker:
	 sleeping worker
08:25:59.768 [ClientDoer] TRACE tanks.ClientDoer - tanks.ClientDoerrun:
	 at beginning of run
08:25:59.768 [ClientDoer] TRACE tanks.ClientDoer - Communicator sleepWorker:
	 sleeping worker
08:25:59.818 [ClientDoer] TRACE tanks.ClientDoer - tanks.ClientDoerrun:
	 at beginning of run
08:25:59.818 [ClientDoer] TRACE tanks.ClientDoer - Communicator sleepWorker:
	 sleeping worker
08:25:59.868 [ClientDoer] TRACE tanks.ClientDoer - tanks.ClientDoerrun:
	 at beginning of run
08:25:59.868 [ClientDoer] TRACE tanks.ClientDoer - Communicator sleepWorker:
	 sleeping worker
08:25:59.918 [ClientDoer] TRACE tanks.ClientDoer - tanks.ClientDoerrun:
	 at beginning of run
08:25:59.918 [ClientDoer] TRACE tanks.ClientDoer - Communicator sleepWorker:
	 sleeping worker
08:25:59.968 [ClientDoer] TRACE tanks.ClientDoer - tanks.ClientDoerrun:
	 at beginning of run
08:25:59.968 [ClientDoer] TRACE tanks.ClientDoer - Communicator sleepWorker:
	 sleeping worker
08:26:00.018 [ClientDoer] TRACE tanks.ClientDoer - tanks.ClientDoerrun:
	 at beginning of run
08:26:00.018 [ClientDoer] TRACE tanks.ClientDoer - Communicator sleepWorker:
	 sleeping worker
08:26:00.068 [ClientDoer] TRACE tanks.ClientDoer - tanks.ClientDoerrun:
	 at beginning of run
08:26:00.068 [ClientDoer] TRACE tanks.ClientDoer - Communicator sleepWorker:
	 sleeping worker
08:26:00.118 [ClientDoer] TRACE tanks.ClientDoer - tanks.ClientDoerrun:
	 at beginning of run
08:26:00.118 [ClientDoer] TRACE tanks.ClientDoer - Communicator sleepWorker:
	 sleeping worker
08:26:00.168 [ClientDoer] TRACE tanks.ClientDoer - tanks.ClientDoerrun:
	 at beginning of run
08:26:00.168 [ClientDoer] TRACE tanks.ClientDoer - Communicator sleepWorker:
	 sleeping worker
08:26:00.218 [ClientDoer] TRACE tanks.ClientDoer - tanks.ClientDoerrun:
	 at beginning of run
08:26:00.218 [ClientDoer] TRACE tanks.ClientDoer - Communicator sleepWorker:
	 sleeping worker
08:26:00.268 [ClientDoer] TRACE tanks.ClientDoer - tanks.ClientDoerrun:
	 at beginning of run
08:26:00.268 [ClientDoer] TRACE tanks.ClientDoer - Communicator sleepWorker:
	 sleeping worker
08:26:00.318 [ClientDoer] TRACE tanks.ClientDoer - tanks.ClientDoerrun:
	 at beginning of run
08:26:00.318 [ClientDoer] TRACE tanks.ClientDoer - Communicator sleepWorker:
	 sleeping worker
08:26:00.368 [ClientDoer] TRACE tanks.ClientDoer - tanks.ClientDoerrun:
	 at beginning of run
08:26:00.368 [ClientDoer] TRACE tanks.ClientDoer - Communicator sleepWorker:
	 sleeping worker
08:26:00.418 [ClientDoer] TRACE tanks.ClientDoer - tanks.ClientDoerrun:
	 at beginning of run
08:26:00.418 [ClientDoer] TRACE tanks.ClientDoer - Communicator sleepWorker:
	 sleeping worker
08:26:00.468 [ClientDoer] TRACE tanks.ClientDoer - tanks.ClientDoerrun:
	 at beginning of run
08:26:00.468 [ClientDoer] TRACE tanks.ClientDoer - Communicator sleepWorker:
	 sleeping worker
08:26:00.518 [ClientDoer] TRACE tanks.ClientDoer - tanks.ClientDoerrun:
	 at beginning of run
08:26:00.518 [ClientDoer] TRACE tanks.ClientDoer - Communicator sleepWorker:
	 sleeping worker
08:26:00.568 [ClientDoer] TRACE tanks.ClientDoer - tanks.ClientDoerrun:
	 at beginning of run
08:26:00.568 [ClientDoer] TRACE tanks.ClientDoer - Communicator sleepWorker:
	 sleeping worker
08:26:00.618 [ClientDoer] TRACE tanks.ClientDoer - tanks.ClientDoerrun:
	 at beginning of run
08:26:00.618 [ClientDoer] TRACE tanks.ClientDoer - Communicator sleepWorker:
	 sleeping worker
08:26:00.668 [ClientDoer] TRACE tanks.ClientDoer - tanks.ClientDoerrun:
	 at beginning of run
08:26:00.668 [ClientDoer] TRACE tanks.ClientDoer - Communicator sleepWorker:
	 sleeping worker
08:26:00.718 [ClientDoer] TRACE tanks.ClientDoer - tanks.ClientDoerrun:
	 at beginning of run
08:26:00.718 [ClientDoer] TRACE tanks.ClientDoer - Communicator sleepWorker:
	 sleeping worker
08:26:00.768 [ClientDoer] TRACE tanks.ClientDoer - tanks.ClientDoerrun:
	 at beginning of run
08:26:00.768 [ClientDoer] TRACE tanks.ClientDoer - Communicator sleepWorker:
	 sleeping worker
08:26:00.818 [ClientDoer] TRACE tanks.ClientDoer - tanks.ClientDoerrun:
	 at beginning of run
08:26:00.818 [ClientDoer] TRACE tanks.ClientDoer - Communicator sleepWorker:
	 sleeping worker
08:26:00.868 [ClientDoer] TRACE tanks.ClientDoer - tanks.ClientDoerrun:
	 at beginning of run
08:26:00.868 [ClientDoer] TRACE tanks.ClientDoer - Communicator sleepWorker:
	 sleeping worker
08:26:00.918 [ClientDoer] TRACE tanks.ClientDoer - tanks.ClientDoerrun:
	 at beginning of run
08:26:00.918 [ClientDoer] TRACE tanks.ClientDoer - Communicator sleepWorker:
	 sleeping worker
08:26:00.969 [ClientDoer] TRACE tanks.ClientDoer - tanks.ClientDoerrun:
	 at beginning of run
08:26:00.969 [ClientDoer] TRACE tanks.ClientDoer - Communicator sleepWorker:
	 sleeping worker
08:26:01.019 [ClientDoer] TRACE tanks.ClientDoer - tanks.ClientDoerrun:
	 at beginning of run
08:26:01.019 [ClientDoer] TRACE tanks.ClientDoer - Communicator sleepWorker:
	 sleeping worker
08:26:01.069 [ClientDoer] TRACE tanks.ClientDoer - tanks.ClientDoerrun:
	 at beginning of run
08:26:01.069 [ClientDoer] TRACE tanks.ClientDoer - Communicator sleepWorker:
	 sleeping worker
08:26:01.119 [ClientDoer] TRACE tanks.ClientDoer - tanks.ClientDoerrun:
	 at beginning of run
08:26:01.119 [ClientDoer] TRACE tanks.ClientDoer - Communicator sleepWorker:
	 sleeping worker
08:26:01.169 [ClientDoer] TRACE tanks.ClientDoer - tanks.ClientDoerrun:
	 at beginning of run
08:26:01.169 [ClientDoer] TRACE tanks.ClientDoer - Communicator sleepWorker:
	 sleeping worker
08:26:01.219 [ClientDoer] TRACE tanks.ClientDoer - tanks.ClientDoerrun:
	 at beginning of run
08:26:01.219 [ClientDoer] TRACE tanks.ClientDoer - Communicator sleepWorker:
	 sleeping worker
08:26:01.269 [ClientDoer] TRACE tanks.ClientDoer - tanks.ClientDoerrun:
	 at beginning of run
08:26:01.269 [ClientDoer] TRACE tanks.ClientDoer - Communicator sleepWorker:
	 sleeping worker
08:26:01.319 [ClientDoer] TRACE tanks.ClientDoer - tanks.ClientDoerrun:
	 at beginning of run
08:26:01.319 [ClientDoer] TRACE tanks.ClientDoer - Communicator sleepWorker:
	 sleeping worker
08:26:01.369 [ClientDoer] TRACE tanks.ClientDoer - tanks.ClientDoerrun:
	 at beginning of run
08:26:01.369 [ClientDoer] TRACE tanks.ClientDoer - Communicator sleepWorker:
	 sleeping worker
08:26:01.419 [ClientDoer] TRACE tanks.ClientDoer - tanks.ClientDoerrun:
	 at beginning of run
08:26:01.419 [ClientDoer] TRACE tanks.ClientDoer - Communicator sleepWorker:
	 sleeping worker
08:26:01.469 [ClientDoer] TRACE tanks.ClientDoer - tanks.ClientDoerrun:
	 at beginning of run
08:26:01.469 [ClientDoer] TRACE tanks.ClientDoer - Communicator sleepWorker:
	 sleeping worker
08:26:01.519 [ClientDoer] TRACE tanks.ClientDoer - tanks.ClientDoerrun:
	 at beginning of run
08:26:01.519 [ClientDoer] TRACE tanks.ClientDoer - Communicator sleepWorker:
	 sleeping worker
08:26:01.569 [ClientDoer] TRACE tanks.ClientDoer - tanks.ClientDoerrun:
	 at beginning of run
08:26:01.569 [ClientDoer] TRACE tanks.ClientDoer - Communicator sleepWorker:
	 sleeping worker
08:26:01.619 [ClientDoer] TRACE tanks.ClientDoer - tanks.ClientDoerrun:
	 at beginning of run
08:26:01.619 [ClientDoer] TRACE tanks.ClientDoer - Communicator sleepWorker:
	 sleeping worker
08:26:01.669 [ClientDoer] TRACE tanks.ClientDoer - tanks.ClientDoerrun:
	 at beginning of run
08:26:01.669 [ClientDoer] TRACE tanks.ClientDoer - Communicator sleepWorker:
	 sleeping worker
08:26:01.719 [ClientDoer] TRACE tanks.ClientDoer - tanks.ClientDoerrun:
	 at beginning of run
08:26:01.719 [ClientDoer] TRACE tanks.ClientDoer - Communicator sleepWorker:
	 sleeping worker
08:26:01.769 [ClientDoer] TRACE tanks.ClientDoer - tanks.ClientDoerrun:
	 at beginning of run
08:26:01.769 [ClientDoer] TRACE tanks.ClientDoer - Communicator sleepWorker:
	 sleeping worker
08:26:01.819 [ClientDoer] TRACE tanks.ClientDoer - tanks.ClientDoerrun:
	 at beginning of run
08:26:01.819 [ClientDoer] TRACE tanks.ClientDoer - Communicator sleepWorker:
	 sleeping worker
08:26:01.869 [ClientDoer] TRACE tanks.ClientDoer - tanks.ClientDoerrun:
	 at beginning of run
08:26:01.869 [ClientDoer] TRACE tanks.ClientDoer - Communicator sleepWorker:
	 sleeping worker
08:26:01.919 [ClientDoer] TRACE tanks.ClientDoer - tanks.ClientDoerrun:
	 at beginning of run
08:26:01.919 [ClientDoer] TRACE tanks.ClientDoer - Communicator sleepWorker:
	 sleeping worker
08:26:01.969 [ClientDoer] TRACE tanks.ClientDoer - tanks.ClientDoerrun:
	 at beginning of run
08:26:01.969 [ClientDoer] TRACE tanks.ClientDoer - Communicator sleepWorker:
	 sleeping worker
08:26:02.019 [ClientDoer] TRACE tanks.ClientDoer - tanks.ClientDoerrun:
	 at beginning of run
08:26:02.019 [ClientDoer] TRACE tanks.ClientDoer - Communicator sleepWorker:
	 sleeping worker
08:26:02.069 [ClientDoer] TRACE tanks.ClientDoer - tanks.ClientDoerrun:
	 at beginning of run
08:26:02.069 [ClientDoer] TRACE tanks.ClientDoer - Communicator sleepWorker:
	 sleeping worker
08:26:02.119 [ClientDoer] TRACE tanks.ClientDoer - tanks.ClientDoerrun:
	 at beginning of run
08:26:02.119 [ClientDoer] TRACE tanks.ClientDoer - Communicator sleepWorker:
	 sleeping worker
08:26:02.169 [ClientDoer] TRACE tanks.ClientDoer - tanks.ClientDoerrun:
	 at beginning of run
08:26:02.169 [ClientDoer] TRACE tanks.ClientDoer - Communicator sleepWorker:
	 sleeping worker
08:26:02.219 [ClientDoer] TRACE tanks.ClientDoer - tanks.ClientDoerrun:
	 at beginning of run
08:26:02.219 [ClientDoer] TRACE tanks.ClientDoer - Communicator sleepWorker:
	 sleeping worker
08:26:02.269 [ClientDoer] TRACE tanks.ClientDoer - tanks.ClientDoerrun:
	 at beginning of run
08:26:02.269 [ClientDoer] TRACE tanks.ClientDoer - Communicator sleepWorker:
	 sleeping worker
08:26:02.319 [ClientDoer] TRACE tanks.ClientDoer - tanks.ClientDoerrun:
	 at beginning of run
08:26:02.319 [ClientDoer] TRACE tanks.ClientDoer - Communicator sleepWorker:
	 sleeping worker
08:26:02.369 [ClientDoer] TRACE tanks.ClientDoer - tanks.ClientDoerrun:
	 at beginning of run
08:26:02.369 [ClientDoer] TRACE tanks.ClientDoer - Communicator sleepWorker:
	 sleeping worker
08:26:02.419 [ClientDoer] TRACE tanks.ClientDoer - tanks.ClientDoerrun:
	 at beginning of run
08:26:02.419 [ClientDoer] TRACE tanks.ClientDoer - Communicator sleepWorker:
	 sleeping worker
08:26:02.469 [ClientDoer] TRACE tanks.ClientDoer - tanks.ClientDoerrun:
	 at beginning of run
08:26:02.469 [ClientDoer] TRACE tanks.ClientDoer - Communicator sleepWorker:
	 sleeping worker
08:26:02.520 [ClientDoer] TRACE tanks.ClientDoer - tanks.ClientDoerrun:
	 at beginning of run
08:26:02.520 [ClientDoer] TRACE tanks.ClientDoer - Communicator sleepWorker:
	 sleeping worker
08:26:02.570 [ClientDoer] TRACE tanks.ClientDoer - tanks.ClientDoerrun:
	 at beginning of run
08:26:02.570 [ClientDoer] TRACE tanks.ClientDoer - Communicator sleepWorker:
	 sleeping worker
08:26:02.620 [ClientDoer] TRACE tanks.ClientDoer - tanks.ClientDoerrun:
	 at beginning of run
08:26:02.620 [ClientDoer] TRACE tanks.ClientDoer - Communicator sleepWorker:
	 sleeping worker
08:26:02.670 [ClientDoer] TRACE tanks.ClientDoer - tanks.ClientDoerrun:
	 at beginning of run
08:26:02.670 [ClientDoer] TRACE tanks.ClientDoer - Communicator sleepWorker:
	 sleeping worker
08:26:02.720 [ClientDoer] TRACE tanks.ClientDoer - tanks.ClientDoerrun:
	 at beginning of run
08:26:02.720 [ClientDoer] TRACE tanks.ClientDoer - Communicator sleepWorker:
	 sleeping worker
08:26:02.770 [ClientDoer] TRACE tanks.ClientDoer - tanks.ClientDoerrun:
	 at beginning of run
08:26:02.770 [ClientDoer] TRACE tanks.ClientDoer - Communicator sleepWorker:
	 sleeping worker
08:26:02.820 [ClientDoer] TRACE tanks.ClientDoer - tanks.ClientDoerrun:
	 at beginning of run
08:26:02.820 [ClientDoer] TRACE tanks.ClientDoer - Communicator sleepWorker:
	 sleeping worker
08:26:02.870 [ClientDoer] TRACE tanks.ClientDoer - tanks.ClientDoerrun:
	 at beginning of run
08:26:02.870 [ClientDoer] TRACE tanks.ClientDoer - Communicator sleepWorker:
	 sleeping worker
08:26:02.920 [ClientDoer] TRACE tanks.ClientDoer - tanks.ClientDoerrun:
	 at beginning of run
08:26:02.920 [ClientDoer] TRACE tanks.ClientDoer - Communicator sleepWorker:
	 sleeping worker
08:26:02.970 [ClientDoer] TRACE tanks.ClientDoer - tanks.ClientDoerrun:
	 at beginning of run
08:26:02.970 [ClientDoer] TRACE tanks.ClientDoer - Communicator sleepWorker:
	 sleeping worker
08:26:03.020 [ClientDoer] TRACE tanks.ClientDoer - tanks.ClientDoerrun:
	 at beginning of run
08:26:03.020 [ClientDoer] TRACE tanks.ClientDoer - Communicator sleepWorker:
	 sleeping worker
08:26:03.070 [ClientDoer] TRACE tanks.ClientDoer - tanks.ClientDoerrun:
	 at beginning of run
08:26:03.070 [ClientDoer] TRACE tanks.ClientDoer - Communicator sleepWorker:
	 sleeping worker
08:26:03.120 [ClientDoer] TRACE tanks.ClientDoer - tanks.ClientDoerrun:
	 at beginning of run
08:26:03.120 [ClientDoer] TRACE tanks.ClientDoer - Communicator sleepWorker:
	 sleeping worker
08:26:03.170 [ClientDoer] TRACE tanks.ClientDoer - tanks.ClientDoerrun:
	 at beginning of run
08:26:03.170 [ClientDoer] TRACE tanks.ClientDoer - Communicator sleepWorker:
	 sleeping worker
08:26:03.220 [ClientDoer] TRACE tanks.ClientDoer - tanks.ClientDoerrun:
	 at beginning of run
08:26:03.220 [ClientDoer] TRACE tanks.ClientDoer - Communicator sleepWorker:
	 sleeping worker
08:26:03.270 [ClientDoer] TRACE tanks.ClientDoer - tanks.ClientDoerrun:
	 at beginning of run
08:26:03.270 [ClientDoer] TRACE tanks.ClientDoer - Communicator sleepWorker:
	 sleeping worker
08:26:03.320 [ClientDoer] TRACE tanks.ClientDoer - tanks.ClientDoerrun:
	 at beginning of run
08:26:03.320 [ClientDoer] TRACE tanks.ClientDoer - Communicator sleepWorker:
	 sleeping worker
08:26:03.370 [ClientDoer] TRACE tanks.ClientDoer - tanks.ClientDoerrun:
	 at beginning of run
08:26:03.370 [ClientDoer] TRACE tanks.ClientDoer - Communicator sleepWorker:
	 sleeping worker
08:26:03.420 [ClientDoer] TRACE tanks.ClientDoer - tanks.ClientDoerrun:
	 at beginning of run
08:26:03.420 [ClientDoer] TRACE tanks.ClientDoer - Communicator sleepWorker:
	 sleeping worker
08:26:03.470 [ClientDoer] TRACE tanks.ClientDoer - tanks.ClientDoerrun:
	 at beginning of run
08:26:03.470 [ClientDoer] TRACE tanks.ClientDoer - Communicator sleepWorker:
	 sleeping worker
08:26:03.520 [ClientDoer] TRACE tanks.ClientDoer - tanks.ClientDoerrun:
	 at beginning of run
08:26:03.520 [ClientDoer] TRACE tanks.ClientDoer - Communicator sleepWorker:
	 sleeping worker
08:26:03.570 [ClientDoer] TRACE tanks.ClientDoer - tanks.ClientDoerrun:
	 at beginning of run
08:26:03.570 [ClientDoer] TRACE tanks.ClientDoer - Communicator sleepWorker:
	 sleeping worker
08:26:03.620 [ClientDoer] TRACE tanks.ClientDoer - tanks.ClientDoerrun:
	 at beginning of run
08:26:03.620 [ClientDoer] TRACE tanks.ClientDoer - Communicator sleepWorker:
	 sleeping worker
08:26:03.670 [ClientDoer] TRACE tanks.ClientDoer - tanks.ClientDoerrun:
	 at beginning of run
08:26:03.670 [ClientDoer] TRACE tanks.ClientDoer - Communicator sleepWorker:
	 sleeping worker
08:26:03.720 [ClientDoer] TRACE tanks.ClientDoer - tanks.ClientDoerrun:
	 at beginning of run
08:26:03.720 [ClientDoer] TRACE tanks.ClientDoer - Communicator sleepWorker:
	 sleeping worker
08:26:03.770 [ClientDoer] TRACE tanks.ClientDoer - tanks.ClientDoerrun:
	 at beginning of run
08:26:03.770 [ClientDoer] TRACE tanks.ClientDoer - Communicator sleepWorker:
	 sleeping worker
08:26:03.820 [ClientDoer] TRACE tanks.ClientDoer - tanks.ClientDoerrun:
	 at beginning of run
08:26:03.820 [ClientDoer] TRACE tanks.ClientDoer - Communicator sleepWorker:
	 sleeping worker
08:26:03.870 [ClientDoer] TRACE tanks.ClientDoer - tanks.ClientDoerrun:
	 at beginning of run
08:26:03.870 [ClientDoer] TRACE tanks.ClientDoer - Communicator sleepWorker:
	 sleeping worker
08:26:03.920 [ClientDoer] TRACE tanks.ClientDoer - tanks.ClientDoerrun:
	 at beginning of run
08:26:03.920 [ClientDoer] TRACE tanks.ClientDoer - Communicator sleepWorker:
	 sleeping worker
08:26:03.970 [ClientDoer] TRACE tanks.ClientDoer - tanks.ClientDoerrun:
	 at beginning of run
08:26:03.970 [ClientDoer] TRACE tanks.ClientDoer - Communicator sleepWorker:
	 sleeping worker
08:26:04.021 [ClientDoer] TRACE tanks.ClientDoer - tanks.ClientDoerrun:
	 at beginning of run
08:26:04.021 [ClientDoer] TRACE tanks.ClientDoer - Communicator sleepWorker:
	 sleeping worker
08:26:04.071 [ClientDoer] TRACE tanks.ClientDoer - tanks.ClientDoerrun:
	 at beginning of run
08:26:04.071 [ClientDoer] TRACE tanks.ClientDoer - Communicator sleepWorker:
	 sleeping worker
08:26:04.121 [ClientDoer] TRACE tanks.ClientDoer - tanks.ClientDoerrun:
	 at beginning of run
08:26:04.121 [ClientDoer] TRACE tanks.ClientDoer - Communicator sleepWorker:
	 sleeping worker
08:26:04.171 [ClientDoer] TRACE tanks.ClientDoer - tanks.ClientDoerrun:
	 at beginning of run
08:26:04.171 [ClientDoer] TRACE tanks.ClientDoer - Communicator sleepWorker:
	 sleeping worker
08:26:04.221 [ClientDoer] TRACE tanks.ClientDoer - tanks.ClientDoerrun:
	 at beginning of run
08:26:04.221 [ClientDoer] TRACE tanks.ClientDoer - Communicator sleepWorker:
	 sleeping worker
08:26:04.271 [ClientDoer] TRACE tanks.ClientDoer - tanks.ClientDoerrun:
	 at beginning of run
08:26:04.271 [ClientDoer] TRACE tanks.ClientDoer - Communicator sleepWorker:
	 sleeping worker
08:26:04.321 [ClientDoer] TRACE tanks.ClientDoer - tanks.ClientDoerrun:
	 at beginning of run
08:26:04.321 [ClientDoer] TRACE tanks.ClientDoer - Communicator sleepWorker:
	 sleeping worker
08:26:04.371 [ClientDoer] TRACE tanks.ClientDoer - tanks.ClientDoerrun:
	 at beginning of run
08:26:04.371 [ClientDoer] TRACE tanks.ClientDoer - Communicator sleepWorker:
	 sleeping worker
08:26:04.421 [ClientDoer] TRACE tanks.ClientDoer - tanks.ClientDoerrun:
	 at beginning of run
08:26:04.421 [ClientDoer] TRACE tanks.ClientDoer - Communicator sleepWorker:
	 sleeping worker
08:26:04.471 [ClientDoer] TRACE tanks.ClientDoer - tanks.ClientDoerrun:
	 at beginning of run
08:26:04.471 [ClientDoer] TRACE tanks.ClientDoer - Communicator sleepWorker:
	 sleeping worker
08:26:04.521 [ClientDoer] TRACE tanks.ClientDoer - tanks.ClientDoerrun:
	 at beginning of run
08:26:04.521 [ClientDoer] TRACE tanks.ClientDoer - Communicator sleepWorker:
	 sleeping worker
08:26:04.571 [ClientDoer] TRACE tanks.ClientDoer - tanks.ClientDoerrun:
	 at beginning of run
08:26:04.571 [ClientDoer] TRACE tanks.ClientDoer - Communicator sleepWorker:
	 sleeping worker
08:26:04.621 [ClientDoer] TRACE tanks.ClientDoer - tanks.ClientDoerrun:
	 at beginning of run
08:26:04.621 [ClientDoer] TRACE tanks.ClientDoer - Communicator sleepWorker:
	 sleeping worker
08:26:04.671 [ClientDoer] TRACE tanks.ClientDoer - tanks.ClientDoerrun:
	 at beginning of run
08:26:04.671 [ClientDoer] TRACE tanks.ClientDoer - Communicator sleepWorker:
	 sleeping worker
08:26:04.721 [ClientDoer] TRACE tanks.ClientDoer - tanks.ClientDoerrun:
	 at beginning of run
08:26:04.721 [ClientDoer] TRACE tanks.ClientDoer - Communicator sleepWorker:
	 sleeping worker
08:26:04.771 [ClientDoer] TRACE tanks.ClientDoer - tanks.ClientDoerrun:
	 at beginning of run
08:26:04.771 [ClientDoer] TRACE tanks.ClientDoer - Communicator sleepWorker:
	 sleeping worker
08:26:04.821 [ClientDoer] TRACE tanks.ClientDoer - tanks.ClientDoerrun:
	 at beginning of run
08:26:04.821 [ClientDoer] TRACE tanks.ClientDoer - Communicator sleepWorker:
	 sleeping worker
08:26:04.871 [ClientDoer] TRACE tanks.ClientDoer - tanks.ClientDoerrun:
	 at beginning of run
08:26:04.871 [ClientDoer] TRACE tanks.ClientDoer - Communicator sleepWorker:
	 sleeping worker
08:26:04.921 [ClientDoer] TRACE tanks.ClientDoer - tanks.ClientDoerrun:
	 at beginning of run
08:26:04.921 [ClientDoer] TRACE tanks.ClientDoer - Communicator sleepWorker:
	 sleeping worker
08:26:04.971 [ClientDoer] TRACE tanks.ClientDoer - tanks.ClientDoerrun:
	 at beginning of run
08:26:04.971 [ClientDoer] TRACE tanks.ClientDoer - Communicator sleepWorker:
	 sleeping worker
08:26:05.021 [ClientDoer] TRACE tanks.ClientDoer - tanks.ClientDoerrun:
	 at beginning of run
08:26:05.021 [ClientDoer] TRACE tanks.ClientDoer - Communicator sleepWorker:
	 sleeping worker
08:26:05.071 [ClientDoer] TRACE tanks.ClientDoer - tanks.ClientDoerrun:
	 at beginning of run
08:26:05.071 [ClientDoer] TRACE tanks.ClientDoer - Communicator sleepWorker:
	 sleeping worker
08:26:05.121 [ClientDoer] TRACE tanks.ClientDoer - tanks.ClientDoerrun:
	 at beginning of run
08:26:05.121 [ClientDoer] TRACE tanks.ClientDoer - Communicator sleepWorker:
	 sleeping worker
08:26:05.171 [ClientDoer] TRACE tanks.ClientDoer - tanks.ClientDoerrun:
	 at beginning of run
08:26:05.171 [ClientDoer] TRACE tanks.ClientDoer - Communicator sleepWorker:
	 sleeping worker
08:26:05.221 [ClientDoer] TRACE tanks.ClientDoer - tanks.ClientDoerrun:
	 at beginning of run
08:26:05.221 [ClientDoer] TRACE tanks.ClientDoer - Communicator sleepWorker:
	 sleeping worker
08:26:05.271 [ClientDoer] TRACE tanks.ClientDoer - tanks.ClientDoerrun:
	 at beginning of run
08:26:05.271 [ClientDoer] TRACE tanks.ClientDoer - Communicator sleepWorker:
	 sleeping worker
08:26:05.321 [ClientDoer] TRACE tanks.ClientDoer - tanks.ClientDoerrun:
	 at beginning of run
08:26:05.321 [ClientDoer] TRACE tanks.ClientDoer - Communicator sleepWorker:
	 sleeping worker
08:26:05.371 [ClientDoer] TRACE tanks.ClientDoer - tanks.ClientDoerrun:
	 at beginning of run
08:26:05.371 [ClientDoer] TRACE tanks.ClientDoer - Communicator sleepWorker:
	 sleeping worker
08:26:05.421 [ClientDoer] TRACE tanks.ClientDoer - tanks.ClientDoerrun:
	 at beginning of run
08:26:05.421 [ClientDoer] TRACE tanks.ClientDoer - Communicator sleepWorker:
	 sleeping worker
08:26:05.471 [ClientDoer] TRACE tanks.ClientDoer - tanks.ClientDoerrun:
	 at beginning of run
08:26:05.471 [ClientDoer] TRACE tanks.ClientDoer - Communicator sleepWorker:
	 sleeping worker
08:26:05.522 [ClientDoer] TRACE tanks.ClientDoer - tanks.ClientDoerrun:
	 at beginning of run
08:26:05.522 [ClientDoer] TRACE tanks.ClientDoer - Communicator sleepWorker:
	 sleeping worker
08:26:05.572 [ClientDoer] TRACE tanks.ClientDoer - tanks.ClientDoerrun:
	 at beginning of run
08:26:05.572 [ClientDoer] TRACE tanks.ClientDoer - Communicator sleepWorker:
	 sleeping worker
08:26:05.622 [ClientDoer] TRACE tanks.ClientDoer - tanks.ClientDoerrun:
	 at beginning of run
08:26:05.622 [ClientDoer] TRACE tanks.ClientDoer - Communicator sleepWorker:
	 sleeping worker
08:26:05.672 [ClientDoer] TRACE tanks.ClientDoer - tanks.ClientDoerrun:
	 at beginning of run
08:26:05.672 [ClientDoer] TRACE tanks.ClientDoer - Communicator sleepWorker:
	 sleeping worker
08:26:05.722 [ClientDoer] TRACE tanks.ClientDoer - tanks.ClientDoerrun:
	 at beginning of run
08:26:05.722 [ClientDoer] TRACE tanks.ClientDoer - Communicator sleepWorker:
	 sleeping worker
08:26:05.772 [ClientDoer] TRACE tanks.ClientDoer - tanks.ClientDoerrun:
	 at beginning of run
08:26:05.772 [ClientDoer] TRACE tanks.ClientDoer - Communicator sleepWorker:
	 sleeping worker
08:26:05.822 [ClientDoer] TRACE tanks.ClientDoer - tanks.ClientDoerrun:
	 at beginning of run
08:26:05.822 [ClientDoer] TRACE tanks.ClientDoer - Communicator sleepWorker:
	 sleeping worker
08:26:05.872 [ClientDoer] TRACE tanks.ClientDoer - tanks.ClientDoerrun:
	 at beginning of run
08:26:05.872 [ClientDoer] TRACE tanks.ClientDoer - Communicator sleepWorker:
	 sleeping worker
08:26:05.922 [ClientDoer] TRACE tanks.ClientDoer - tanks.ClientDoerrun:
	 at beginning of run
08:26:05.922 [ClientDoer] TRACE tanks.ClientDoer - Communicator sleepWorker:
	 sleeping worker
08:26:05.972 [ClientDoer] TRACE tanks.ClientDoer - tanks.ClientDoerrun:
	 at beginning of run
08:26:05.972 [ClientDoer] TRACE tanks.ClientDoer - Communicator sleepWorker:
	 sleeping worker
08:26:06.022 [ClientDoer] TRACE tanks.ClientDoer - tanks.ClientDoerrun:
	 at beginning of run
08:26:06.022 [ClientDoer] TRACE tanks.ClientDoer - Communicator sleepWorker:
	 sleeping worker
08:26:06.072 [ClientDoer] TRACE tanks.ClientDoer - tanks.ClientDoerrun:
	 at beginning of run
08:26:06.072 [ClientDoer] TRACE tanks.ClientDoer - Communicator sleepWorker:
	 sleeping worker
08:26:06.122 [ClientDoer] TRACE tanks.ClientDoer - tanks.ClientDoerrun:
	 at beginning of run
08:26:06.122 [ClientDoer] TRACE tanks.ClientDoer - Communicator sleepWorker:
	 sleeping worker
08:26:06.172 [ClientDoer] TRACE tanks.ClientDoer - tanks.ClientDoerrun:
	 at beginning of run
08:26:06.172 [ClientDoer] TRACE tanks.ClientDoer - Communicator sleepWorker:
	 sleeping worker
08:26:06.222 [ClientDoer] TRACE tanks.ClientDoer - tanks.ClientDoerrun:
	 at beginning of run
08:26:06.222 [ClientDoer] TRACE tanks.ClientDoer - Communicator sleepWorker:
	 sleeping worker
08:26:06.272 [ClientDoer] TRACE tanks.ClientDoer - tanks.ClientDoerrun:
	 at beginning of run
08:26:06.272 [ClientDoer] TRACE tanks.ClientDoer - Communicator sleepWorker:
	 sleeping worker
08:26:06.322 [ClientDoer] TRACE tanks.ClientDoer - tanks.ClientDoerrun:
	 at beginning of run
08:26:06.322 [ClientDoer] TRACE tanks.ClientDoer - Communicator sleepWorker:
	 sleeping worker
08:26:06.372 [ClientDoer] TRACE tanks.ClientDoer - tanks.ClientDoerrun:
	 at beginning of run
08:26:06.372 [ClientDoer] TRACE tanks.ClientDoer - Communicator sleepWorker:
	 sleeping worker
08:26:06.422 [ClientDoer] TRACE tanks.ClientDoer - tanks.ClientDoerrun:
	 at beginning of run
08:26:06.422 [ClientDoer] TRACE tanks.ClientDoer - Communicator sleepWorker:
	 sleeping worker
08:26:06.472 [ClientDoer] TRACE tanks.ClientDoer - tanks.ClientDoerrun:
	 at beginning of run
08:26:06.472 [ClientDoer] TRACE tanks.ClientDoer - Communicator sleepWorker:
	 sleeping worker
08:26:06.522 [ClientDoer] TRACE tanks.ClientDoer - tanks.ClientDoerrun:
	 at beginning of run
08:26:06.522 [ClientDoer] TRACE tanks.ClientDoer - Communicator sleepWorker:
	 sleeping worker
08:26:06.572 [ClientDoer] TRACE tanks.ClientDoer - tanks.ClientDoerrun:
	 at beginning of run
08:26:06.572 [ClientDoer] TRACE tanks.ClientDoer - Communicator sleepWorker:
	 sleeping worker
08:26:06.622 [ClientDoer] TRACE tanks.ClientDoer - tanks.ClientDoerrun:
	 at beginning of run
08:26:06.622 [ClientDoer] TRACE tanks.ClientDoer - Communicator sleepWorker:
	 sleeping worker
08:26:06.672 [ClientDoer] TRACE tanks.ClientDoer - tanks.ClientDoerrun:
	 at beginning of run
08:26:06.672 [ClientDoer] TRACE tanks.ClientDoer - Communicator sleepWorker:
	 sleeping worker
08:26:06.722 [ClientDoer] TRACE tanks.ClientDoer - tanks.ClientDoerrun:
	 at beginning of run
08:26:06.722 [ClientDoer] TRACE tanks.ClientDoer - Communicator sleepWorker:
	 sleeping worker
08:26:06.772 [ClientDoer] TRACE tanks.ClientDoer - tanks.ClientDoerrun:
	 at beginning of run
08:26:06.772 [ClientDoer] TRACE tanks.ClientDoer - Communicator sleepWorker:
	 sleeping worker
08:26:06.822 [ClientDoer] TRACE tanks.ClientDoer - tanks.ClientDoerrun:
	 at beginning of run
08:26:06.822 [ClientDoer] TRACE tanks.ClientDoer - Communicator sleepWorker:
	 sleeping worker
08:26:06.872 [ClientDoer] TRACE tanks.ClientDoer - tanks.ClientDoerrun:
	 at beginning of run
08:26:06.872 [ClientDoer] TRACE tanks.ClientDoer - Communicator sleepWorker:
	 sleeping worker
08:26:06.922 [ClientDoer] TRACE tanks.ClientDoer - tanks.ClientDoerrun:
	 at beginning of run
08:26:06.922 [ClientDoer] TRACE tanks.ClientDoer - Communicator sleepWorker:
	 sleeping worker
08:26:06.972 [ClientDoer] TRACE tanks.ClientDoer - tanks.ClientDoerrun:
	 at beginning of run
08:26:06.972 [ClientDoer] TRACE tanks.ClientDoer - Communicator sleepWorker:
	 sleeping worker
08:26:07.022 [ClientDoer] TRACE tanks.ClientDoer - tanks.ClientDoerrun:
	 at beginning of run
08:26:07.022 [ClientDoer] TRACE tanks.ClientDoer - Communicator sleepWorker:
	 sleeping worker
08:26:07.073 [ClientDoer] TRACE tanks.ClientDoer - tanks.ClientDoerrun:
	 at beginning of run
08:26:07.073 [ClientDoer] TRACE tanks.ClientDoer - Communicator sleepWorker:
	 sleeping worker
08:26:07.123 [ClientDoer] TRACE tanks.ClientDoer - tanks.ClientDoerrun:
	 at beginning of run
08:26:07.123 [ClientDoer] TRACE tanks.ClientDoer - Communicator sleepWorker:
	 sleeping worker
08:26:07.173 [ClientDoer] TRACE tanks.ClientDoer - tanks.ClientDoerrun:
	 at beginning of run
08:26:07.173 [ClientDoer] TRACE tanks.ClientDoer - Communicator sleepWorker:
	 sleeping worker
08:26:07.223 [ClientDoer] TRACE tanks.ClientDoer - tanks.ClientDoerrun:
	 at beginning of run
08:26:07.223 [ClientDoer] TRACE tanks.ClientDoer - Communicator sleepWorker:
	 sleeping worker
08:26:07.273 [ClientDoer] TRACE tanks.ClientDoer - tanks.ClientDoerrun:
	 at beginning of run
08:26:07.273 [ClientDoer] TRACE tanks.ClientDoer - Communicator sleepWorker:
	 sleeping worker
08:26:07.323 [ClientDoer] TRACE tanks.ClientDoer - tanks.ClientDoerrun:
	 at beginning of run
08:26:07.323 [ClientDoer] TRACE tanks.ClientDoer - Communicator sleepWorker:
	 sleeping worker
08:26:07.373 [ClientDoer] TRACE tanks.ClientDoer - tanks.ClientDoerrun:
	 at beginning of run
08:26:07.373 [ClientDoer] TRACE tanks.ClientDoer - Communicator sleepWorker:
	 sleeping worker
08:26:07.423 [ClientDoer] TRACE tanks.ClientDoer - tanks.ClientDoerrun:
	 at beginning of run
08:26:07.423 [ClientDoer] TRACE tanks.ClientDoer - Communicator sleepWorker:
	 sleeping worker
08:26:07.473 [ClientDoer] TRACE tanks.ClientDoer - tanks.ClientDoerrun:
	 at beginning of run
08:26:07.473 [ClientDoer] TRACE tanks.ClientDoer - Communicator sleepWorker:
	 sleeping worker
08:26:07.523 [ClientDoer] TRACE tanks.ClientDoer - tanks.ClientDoerrun:
	 at beginning of run
08:26:07.523 [ClientDoer] TRACE tanks.ClientDoer - Communicator sleepWorker:
	 sleeping worker
08:26:07.573 [ClientDoer] TRACE tanks.ClientDoer - tanks.ClientDoerrun:
	 at beginning of run
08:26:07.573 [ClientDoer] TRACE tanks.ClientDoer - Communicator sleepWorker:
	 sleeping worker
08:26:07.623 [ClientDoer] TRACE tanks.ClientDoer - tanks.ClientDoerrun:
	 at beginning of run
08:26:07.623 [ClientDoer] TRACE tanks.ClientDoer - Communicator sleepWorker:
	 sleeping worker
08:26:07.673 [ClientDoer] TRACE tanks.ClientDoer - tanks.ClientDoerrun:
	 at beginning of run
08:26:07.673 [ClientDoer] TRACE tanks.ClientDoer - Communicator sleepWorker:
	 sleeping worker
08:26:07.723 [ClientDoer] TRACE tanks.ClientDoer - tanks.ClientDoerrun:
	 at beginning of run
08:26:07.723 [ClientDoer] TRACE tanks.ClientDoer - Communicator sleepWorker:
	 sleeping worker
08:26:07.773 [ClientDoer] TRACE tanks.ClientDoer - tanks.ClientDoerrun:
	 at beginning of run
08:26:07.773 [ClientDoer] TRACE tanks.ClientDoer - Communicator sleepWorker:
	 sleeping worker
08:26:07.823 [ClientDoer] TRACE tanks.ClientDoer - tanks.ClientDoerrun:
	 at beginning of run
08:26:07.823 [ClientDoer] TRACE tanks.ClientDoer - Communicator sleepWorker:
	 sleeping worker
08:26:07.873 [ClientDoer] TRACE tanks.ClientDoer - tanks.ClientDoerrun:
	 at beginning of run
08:26:07.873 [ClientDoer] TRACE tanks.ClientDoer - Communicator sleepWorker:
	 sleeping worker
08:26:07.923 [ClientDoer] TRACE tanks.ClientDoer - tanks.ClientDoerrun:
	 at beginning of run
08:26:07.923 [ClientDoer] TRACE tanks.ClientDoer - Communicator sleepWorker:
	 sleeping worker
08:26:07.973 [ClientDoer] TRACE tanks.ClientDoer - tanks.ClientDoerrun:
	 at beginning of run
08:26:07.973 [ClientDoer] TRACE tanks.ClientDoer - Communicator sleepWorker:
	 sleeping worker
08:26:08.017 [Timer-1] DEBUG Conversation.Conversation - Conversation sendMessageTo
	 message added to communicator output queue
08:26:08.017 [Timer-1] DEBUG C.ClientRegisterConversation - ClientRegisterConversation sendRegisterRequest
	sent register request
08:26:08.023 [ClientDoer] TRACE tanks.ClientDoer - tanks.ClientDoerrun:
	 at beginning of run
08:26:08.023 [ClientDoer] TRACE tanks.ClientDoer - Communicator sleepWorker:
	 sleeping worker
08:26:08.070 [Communicator] TRACE M.RegisterProtocol.RegisterRequest - RegisterRequest encode
	adding classID
	Write: 0
	Read: 0
08:26:08.070 [Communicator] TRACE M.RegisterProtocol.RegisterRequest - RegisterRequest encode
	adding messageLength placeholder
	Write: 4
	Read: 0
08:26:08.070 [Communicator] TRACE M.RegisterProtocol.RegisterRequest - Request encode
	adding classID
	Write: 6
	Read: 0
08:26:08.070 [Communicator] TRACE M.RegisterProtocol.RegisterRequest - Request encode
	encoding super
	Write: 12
	Read: 0
08:26:08.070 [Communicator] TRACE M.RegisterProtocol.RegisterRequest - Request encode
	adding ordinal of request type: 1
	Write: 46
	Read: 0
08:26:08.070 [Communicator] TRACE M.RegisterProtocol.RegisterRequest - Request encode
	adding playerID: 0
	Write: 50
	Read: 0
08:26:08.070 [Communicator] TRACE M.RegisterProtocol.RegisterRequest - Request encode
	adding length: 42
	Write: 54
	Read: 0
08:26:08.070 [Communicator] TRACE M.RegisterProtocol.RegisterRequest - RegisterRequest encode
	encoding player name
	Write: 54
	Read: 0
08:26:08.073 [ClientDoer] TRACE tanks.ClientDoer - tanks.ClientDoerrun:
	 at beginning of run
08:26:08.073 [ClientDoer] TRACE tanks.ClientDoer - Communicator sleepWorker:
	 sleeping worker
08:26:08.123 [ClientDoer] TRACE tanks.ClientDoer - tanks.ClientDoerrun:
	 at beginning of run
08:26:08.123 [ClientDoer] TRACE tanks.ClientDoer - Communicator sleepWorker:
	 sleeping worker
08:26:08.173 [ClientDoer] TRACE tanks.ClientDoer - tanks.ClientDoerrun:
	 at beginning of run
08:26:08.173 [ClientDoer] TRACE tanks.ClientDoer - Communicator sleepWorker:
	 sleeping worker
08:26:08.223 [ClientDoer] TRACE tanks.ClientDoer - tanks.ClientDoerrun:
	 at beginning of run
08:26:08.223 [ClientDoer] TRACE tanks.ClientDoer - Communicator sleepWorker:
	 sleeping worker
08:26:08.273 [ClientDoer] TRACE tanks.ClientDoer - tanks.ClientDoerrun:
	 at beginning of run
08:26:08.273 [ClientDoer] TRACE tanks.ClientDoer - Communicator sleepWorker:
	 sleeping worker
08:26:08.323 [ClientDoer] TRACE tanks.ClientDoer - tanks.ClientDoerrun:
	 at beginning of run
08:26:08.323 [ClientDoer] TRACE tanks.ClientDoer - Communicator sleepWorker:
	 sleeping worker
08:26:08.373 [ClientDoer] TRACE tanks.ClientDoer - tanks.ClientDoerrun:
	 at beginning of run
08:26:08.373 [ClientDoer] TRACE tanks.ClientDoer - Communicator sleepWorker:
	 sleeping worker
08:26:08.423 [ClientDoer] TRACE tanks.ClientDoer - tanks.ClientDoerrun:
	 at beginning of run
08:26:08.423 [ClientDoer] TRACE tanks.ClientDoer - Communicator sleepWorker:
	 sleeping worker
08:26:08.473 [ClientDoer] TRACE tanks.ClientDoer - tanks.ClientDoerrun:
	 at beginning of run
08:26:08.473 [ClientDoer] TRACE tanks.ClientDoer - Communicator sleepWorker:
	 sleeping worker
08:26:08.523 [ClientDoer] TRACE tanks.ClientDoer - tanks.ClientDoerrun:
	 at beginning of run
08:26:08.523 [ClientDoer] TRACE tanks.ClientDoer - Communicator sleepWorker:
	 sleeping worker
08:26:08.574 [ClientDoer] TRACE tanks.ClientDoer - tanks.ClientDoerrun:
	 at beginning of run
08:26:08.574 [ClientDoer] TRACE tanks.ClientDoer - Communicator sleepWorker:
	 sleeping worker
08:26:08.624 [ClientDoer] TRACE tanks.ClientDoer - tanks.ClientDoerrun:
	 at beginning of run
08:26:08.624 [ClientDoer] TRACE tanks.ClientDoer - Communicator sleepWorker:
	 sleeping worker
08:26:08.674 [ClientDoer] TRACE tanks.ClientDoer - tanks.ClientDoerrun:
	 at beginning of run
08:26:08.674 [ClientDoer] TRACE tanks.ClientDoer - Communicator sleepWorker:
	 sleeping worker
08:26:08.724 [ClientDoer] TRACE tanks.ClientDoer - tanks.ClientDoerrun:
	 at beginning of run
08:26:08.724 [ClientDoer] TRACE tanks.ClientDoer - Communicator sleepWorker:
	 sleeping worker
08:26:08.774 [ClientDoer] TRACE tanks.ClientDoer - tanks.ClientDoerrun:
	 at beginning of run
08:26:08.774 [ClientDoer] TRACE tanks.ClientDoer - Communicator sleepWorker:
	 sleeping worker
08:26:08.824 [ClientDoer] TRACE tanks.ClientDoer - tanks.ClientDoerrun:
	 at beginning of run
08:26:08.824 [ClientDoer] TRACE tanks.ClientDoer - Communicator sleepWorker:
	 sleeping worker
08:26:08.874 [ClientDoer] TRACE tanks.ClientDoer - tanks.ClientDoerrun:
	 at beginning of run
08:26:08.874 [ClientDoer] TRACE tanks.ClientDoer - Communicator sleepWorker:
	 sleeping worker
08:26:08.924 [ClientDoer] TRACE tanks.ClientDoer - tanks.ClientDoerrun:
	 at beginning of run
08:26:08.924 [ClientDoer] TRACE tanks.ClientDoer - Communicator sleepWorker:
	 sleeping worker
08:26:08.974 [ClientDoer] TRACE tanks.ClientDoer - tanks.ClientDoerrun:
	 at beginning of run
08:26:08.974 [ClientDoer] TRACE tanks.ClientDoer - Communicator sleepWorker:
	 sleeping worker
08:26:09.024 [ClientDoer] TRACE tanks.ClientDoer - tanks.ClientDoerrun:
	 at beginning of run
08:26:09.024 [ClientDoer] TRACE tanks.ClientDoer - Communicator sleepWorker:
	 sleeping worker
08:26:09.074 [ClientDoer] TRACE tanks.ClientDoer - tanks.ClientDoerrun:
	 at beginning of run
08:26:09.074 [ClientDoer] TRACE tanks.ClientDoer - Communicator sleepWorker:
	 sleeping worker
08:26:09.124 [ClientDoer] TRACE tanks.ClientDoer - tanks.ClientDoerrun:
	 at beginning of run
08:26:09.124 [ClientDoer] TRACE tanks.ClientDoer - Communicator sleepWorker:
	 sleeping worker
08:26:09.174 [ClientDoer] TRACE tanks.ClientDoer - tanks.ClientDoerrun:
	 at beginning of run
08:26:09.174 [ClientDoer] TRACE tanks.ClientDoer - Communicator sleepWorker:
	 sleeping worker
08:26:09.224 [ClientDoer] TRACE tanks.ClientDoer - tanks.ClientDoerrun:
	 at beginning of run
08:26:09.224 [ClientDoer] TRACE tanks.ClientDoer - Communicator sleepWorker:
	 sleeping worker
08:26:09.274 [ClientDoer] TRACE tanks.ClientDoer - tanks.ClientDoerrun:
	 at beginning of run
08:26:09.274 [ClientDoer] TRACE tanks.ClientDoer - Communicator sleepWorker:
	 sleeping worker
08:26:09.324 [ClientDoer] TRACE tanks.ClientDoer - tanks.ClientDoerrun:
	 at beginning of run
08:26:09.324 [ClientDoer] TRACE tanks.ClientDoer - Communicator sleepWorker:
	 sleeping worker
08:26:09.374 [ClientDoer] TRACE tanks.ClientDoer - tanks.ClientDoerrun:
	 at beginning of run
08:26:09.374 [ClientDoer] TRACE tanks.ClientDoer - Communicator sleepWorker:
	 sleeping worker
08:26:09.424 [ClientDoer] TRACE tanks.ClientDoer - tanks.ClientDoerrun:
	 at beginning of run
08:26:09.424 [ClientDoer] TRACE tanks.ClientDoer - Communicator sleepWorker:
	 sleeping worker
08:26:09.474 [ClientDoer] TRACE tanks.ClientDoer - tanks.ClientDoerrun:
	 at beginning of run
08:26:09.474 [ClientDoer] TRACE tanks.ClientDoer - Communicator sleepWorker:
	 sleeping worker
08:26:09.524 [ClientDoer] TRACE tanks.ClientDoer - tanks.ClientDoerrun:
	 at beginning of run
08:26:09.524 [ClientDoer] TRACE tanks.ClientDoer - Communicator sleepWorker:
	 sleeping worker
08:26:09.574 [ClientDoer] TRACE tanks.ClientDoer - tanks.ClientDoerrun:
	 at beginning of run
08:26:09.574 [ClientDoer] TRACE tanks.ClientDoer - Communicator sleepWorker:
	 sleeping worker
08:26:09.624 [ClientDoer] TRACE tanks.ClientDoer - tanks.ClientDoerrun:
	 at beginning of run
08:26:09.624 [ClientDoer] TRACE tanks.ClientDoer - Communicator sleepWorker:
	 sleeping worker
08:26:09.674 [ClientDoer] TRACE tanks.ClientDoer - tanks.ClientDoerrun:
	 at beginning of run
08:26:09.674 [ClientDoer] TRACE tanks.ClientDoer - Communicator sleepWorker:
	 sleeping worker
08:26:09.724 [ClientDoer] TRACE tanks.ClientDoer - tanks.ClientDoerrun:
	 at beginning of run
08:26:09.724 [ClientDoer] TRACE tanks.ClientDoer - Communicator sleepWorker:
	 sleeping worker
08:26:09.774 [ClientDoer] TRACE tanks.ClientDoer - tanks.ClientDoerrun:
	 at beginning of run
08:26:09.774 [ClientDoer] TRACE tanks.ClientDoer - Communicator sleepWorker:
	 sleeping worker
08:26:09.824 [ClientDoer] TRACE tanks.ClientDoer - tanks.ClientDoerrun:
	 at beginning of run
08:26:09.824 [ClientDoer] TRACE tanks.ClientDoer - Communicator sleepWorker:
	 sleeping worker
08:26:09.874 [ClientDoer] TRACE tanks.ClientDoer - tanks.ClientDoerrun:
	 at beginning of run
08:26:09.874 [ClientDoer] TRACE tanks.ClientDoer - Communicator sleepWorker:
	 sleeping worker
08:26:09.924 [ClientDoer] TRACE tanks.ClientDoer - tanks.ClientDoerrun:
	 at beginning of run
08:26:09.924 [ClientDoer] TRACE tanks.ClientDoer - Communicator sleepWorker:
	 sleeping worker
08:26:09.974 [ClientDoer] TRACE tanks.ClientDoer - tanks.ClientDoerrun:
	 at beginning of run
08:26:09.974 [ClientDoer] TRACE tanks.ClientDoer - Communicator sleepWorker:
	 sleeping worker
08:26:10.024 [ClientDoer] TRACE tanks.ClientDoer - tanks.ClientDoerrun:
	 at beginning of run
08:26:10.024 [ClientDoer] TRACE tanks.ClientDoer - Communicator sleepWorker:
	 sleeping worker
08:26:10.074 [ClientDoer] TRACE tanks.ClientDoer - tanks.ClientDoerrun:
	 at beginning of run
08:26:10.074 [ClientDoer] TRACE tanks.ClientDoer - Communicator sleepWorker:
	 sleeping worker
08:26:10.125 [ClientDoer] TRACE tanks.ClientDoer - tanks.ClientDoerrun:
	 at beginning of run
08:26:10.125 [ClientDoer] TRACE tanks.ClientDoer - Communicator sleepWorker:
	 sleeping worker
08:26:10.175 [ClientDoer] TRACE tanks.ClientDoer - tanks.ClientDoerrun:
	 at beginning of run
08:26:10.175 [ClientDoer] TRACE tanks.ClientDoer - Communicator sleepWorker:
	 sleeping worker
08:26:10.225 [ClientDoer] TRACE tanks.ClientDoer - tanks.ClientDoerrun:
	 at beginning of run
08:26:10.225 [ClientDoer] TRACE tanks.ClientDoer - Communicator sleepWorker:
	 sleeping worker
08:26:10.275 [ClientDoer] TRACE tanks.ClientDoer - tanks.ClientDoerrun:
	 at beginning of run
08:26:10.275 [ClientDoer] TRACE tanks.ClientDoer - Communicator sleepWorker:
	 sleeping worker
08:26:10.325 [ClientDoer] TRACE tanks.ClientDoer - tanks.ClientDoerrun:
	 at beginning of run
08:26:10.325 [ClientDoer] TRACE tanks.ClientDoer - Communicator sleepWorker:
	 sleeping worker
08:26:10.375 [ClientDoer] TRACE tanks.ClientDoer - tanks.ClientDoerrun:
	 at beginning of run
08:26:10.375 [ClientDoer] TRACE tanks.ClientDoer - Communicator sleepWorker:
	 sleeping worker
08:26:10.425 [ClientDoer] TRACE tanks.ClientDoer - tanks.ClientDoerrun:
	 at beginning of run
08:26:10.425 [ClientDoer] TRACE tanks.ClientDoer - Communicator sleepWorker:
	 sleeping worker
08:26:10.475 [ClientDoer] TRACE tanks.ClientDoer - tanks.ClientDoerrun:
	 at beginning of run
08:26:10.475 [ClientDoer] TRACE tanks.ClientDoer - Communicator sleepWorker:
	 sleeping worker
08:26:10.525 [ClientDoer] TRACE tanks.ClientDoer - tanks.ClientDoerrun:
	 at beginning of run
08:26:10.525 [ClientDoer] TRACE tanks.ClientDoer - Communicator sleepWorker:
	 sleeping worker
08:26:10.575 [ClientDoer] TRACE tanks.ClientDoer - tanks.ClientDoerrun:
	 at beginning of run
08:26:10.575 [ClientDoer] TRACE tanks.ClientDoer - Communicator sleepWorker:
	 sleeping worker
08:26:10.625 [ClientDoer] TRACE tanks.ClientDoer - tanks.ClientDoerrun:
	 at beginning of run
08:26:10.625 [ClientDoer] TRACE tanks.ClientDoer - Communicator sleepWorker:
	 sleeping worker
08:26:10.675 [ClientDoer] TRACE tanks.ClientDoer - tanks.ClientDoerrun:
	 at beginning of run
08:26:10.675 [ClientDoer] TRACE tanks.ClientDoer - Communicator sleepWorker:
	 sleeping worker
08:26:10.725 [ClientDoer] TRACE tanks.ClientDoer - tanks.ClientDoerrun:
	 at beginning of run
08:26:10.725 [ClientDoer] TRACE tanks.ClientDoer - Communicator sleepWorker:
	 sleeping worker
08:26:10.775 [ClientDoer] TRACE tanks.ClientDoer - tanks.ClientDoerrun:
	 at beginning of run
08:26:10.775 [ClientDoer] TRACE tanks.ClientDoer - Communicator sleepWorker:
	 sleeping worker
08:26:10.825 [ClientDoer] TRACE tanks.ClientDoer - tanks.ClientDoerrun:
	 at beginning of run
08:26:10.825 [ClientDoer] TRACE tanks.ClientDoer - Communicator sleepWorker:
	 sleeping worker
08:26:10.875 [ClientDoer] TRACE tanks.ClientDoer - tanks.ClientDoerrun:
	 at beginning of run
08:26:10.875 [ClientDoer] TRACE tanks.ClientDoer - Communicator sleepWorker:
	 sleeping worker
08:26:10.925 [ClientDoer] TRACE tanks.ClientDoer - tanks.ClientDoerrun:
	 at beginning of run
08:26:10.925 [ClientDoer] TRACE tanks.ClientDoer - Communicator sleepWorker:
	 sleeping worker
08:26:10.975 [ClientDoer] TRACE tanks.ClientDoer - tanks.ClientDoerrun:
	 at beginning of run
08:26:10.975 [ClientDoer] TRACE tanks.ClientDoer - Communicator sleepWorker:
	 sleeping worker
08:26:11.025 [ClientDoer] TRACE tanks.ClientDoer - tanks.ClientDoerrun:
	 at beginning of run
08:26:11.025 [ClientDoer] TRACE tanks.ClientDoer - Communicator sleepWorker:
	 sleeping worker
08:26:11.075 [ClientDoer] TRACE tanks.ClientDoer - tanks.ClientDoerrun:
	 at beginning of run
08:26:11.075 [ClientDoer] TRACE tanks.ClientDoer - Communicator sleepWorker:
	 sleeping worker
08:26:11.125 [ClientDoer] TRACE tanks.ClientDoer - tanks.ClientDoerrun:
	 at beginning of run
08:26:11.125 [ClientDoer] TRACE tanks.ClientDoer - Communicator sleepWorker:
	 sleeping worker
08:26:11.175 [ClientDoer] TRACE tanks.ClientDoer - tanks.ClientDoerrun:
	 at beginning of run
08:26:11.175 [ClientDoer] TRACE tanks.ClientDoer - Communicator sleepWorker:
	 sleeping worker
08:26:11.225 [ClientDoer] TRACE tanks.ClientDoer - tanks.ClientDoerrun:
	 at beginning of run
08:26:11.225 [ClientDoer] TRACE tanks.ClientDoer - Communicator sleepWorker:
	 sleeping worker
08:26:11.275 [ClientDoer] TRACE tanks.ClientDoer - tanks.ClientDoerrun:
	 at beginning of run
08:26:11.275 [ClientDoer] TRACE tanks.ClientDoer - Communicator sleepWorker:
	 sleeping worker
08:26:11.325 [ClientDoer] TRACE tanks.ClientDoer - tanks.ClientDoerrun:
	 at beginning of run
08:26:11.325 [ClientDoer] TRACE tanks.ClientDoer - Communicator sleepWorker:
	 sleeping worker
08:26:11.375 [ClientDoer] TRACE tanks.ClientDoer - tanks.ClientDoerrun:
	 at beginning of run
08:26:11.375 [ClientDoer] TRACE tanks.ClientDoer - Communicator sleepWorker:
	 sleeping worker
08:26:11.425 [ClientDoer] TRACE tanks.ClientDoer - tanks.ClientDoerrun:
	 at beginning of run
08:26:11.425 [ClientDoer] TRACE tanks.ClientDoer - Communicator sleepWorker:
	 sleeping worker
08:26:11.475 [ClientDoer] TRACE tanks.ClientDoer - tanks.ClientDoerrun:
	 at beginning of run
08:26:11.475 [ClientDoer] TRACE tanks.ClientDoer - Communicator sleepWorker:
	 sleeping worker
08:26:11.525 [ClientDoer] TRACE tanks.ClientDoer - tanks.ClientDoerrun:
	 at beginning of run
08:26:11.525 [ClientDoer] TRACE tanks.ClientDoer - Communicator sleepWorker:
	 sleeping worker
08:26:11.575 [ClientDoer] TRACE tanks.ClientDoer - tanks.ClientDoerrun:
	 at beginning of run
08:26:11.575 [ClientDoer] TRACE tanks.ClientDoer - Communicator sleepWorker:
	 sleeping worker
08:26:11.626 [ClientDoer] TRACE tanks.ClientDoer - tanks.ClientDoerrun:
	 at beginning of run
08:26:11.626 [ClientDoer] TRACE tanks.ClientDoer - Communicator sleepWorker:
	 sleeping worker
08:26:11.663 [JavaFX Application Thread] DEBUG tanks.ClientDoer - BackgroundThread Stop:
	 Stopping Thread
08:26:12.663 [JavaFX Application Thread] DEBUG tanks.ClientDoer - BackgroundThread Stop:
	 Thread Stopped
08:26:18.018 [Timer-1] DEBUG Conversation.Conversation - Conversation sendMessageTo
	 message added to communicator output queue
08:26:18.018 [Timer-1] DEBUG C.ClientRegisterConversation - ClientRegisterConversation sendRegisterRequest
	sent register request
08:26:18.018 [Timer-1] DEBUG C.ClientRegisterConversation - ClientRegisterConversation sendRegisterRequest
	hit retry limit, retrying last time
