15:29:23.362 [main] DEBUG TanksCommon.Communicator2 - Communicator constructor:
	 communicator created
15:29:23.362 [main] INFO  TanksCommon.Communicator2 - Communicator initializeSocket:
	 Socket initialized
15:29:23.362 [main] DEBUG TanksCommon.Communicator3 - Communicator constructor:
	 communicator created
15:29:23.363 [main] INFO  TanksCommon.Communicator3 - Communicator initializeSocket:
	 Socket initialized
15:29:23.363 [main] DEBUG TanksCommon.Communicator4 - Communicator constructor:
	 communicator created
15:29:23.363 [main] INFO  TanksCommon.Communicator4 - Communicator initializeSocket:
	 Socket initialized
15:29:23.364 [main] DEBUG TanksCommon.Communicator5 - Communicator constructor:
	 communicator created
15:29:23.364 [main] INFO  TanksCommon.Communicator5 - Communicator initializeSocket:
	 Socket initialized
15:29:23.365 [main] DEBUG TanksCommon.Communicator6 - Communicator constructor:
	 communicator created
15:29:23.365 [main] INFO  TanksCommon.Communicator6 - Communicator initializeSocket:
	 Socket initialized
15:29:23.365 [main] DEBUG TanksCommon.Model.TanksModel - TanksModel add
	Added conversation to conversations
15:29:23.366 [main] DEBUG Conversation.Conversation - Conversation sendMessageTo
	 message added to communicator output queue
15:29:23.367 [main] DEBUG C.ClientShellConversation - ClientShellConversation sendShellRequest
	sent shell request
15:29:23.367 [main] DEBUG C.ClientShellConversation - ClientShellConversation start
	started shell conversation
15:29:28.367 [Timer-1] DEBUG Conversation.Conversation - Conversation sendMessageTo
	 message added to communicator output queue
15:29:28.367 [Timer-1] DEBUG C.ClientShellConversation - ClientShellConversation sendShellRequest
	sent shell request
15:29:33.368 [Timer-1] DEBUG Conversation.Conversation - Conversation sendMessageTo
	 message added to communicator output queue
15:29:33.368 [Timer-1] DEBUG C.ClientShellConversation - ClientShellConversation sendShellRequest
	sent shell request
15:29:33.368 [Timer-1] DEBUG C.ClientShellConversation - ClientRegisterConversation sendRegisterRequest
	hit retry limit, retrying last time
