14:18:52.863 [JavaFX Application Thread] DEBUG tanks.TanksUIController - setupPropertiesReader
	properties reader setup correctly
14:18:52.865 [JavaFX Application Thread] DEBUG tanks.TanksUIController - readServerAddresses
	server addresses read correctly
14:18:52.865 [JavaFX Application Thread] DEBUG tanks.TanksUIController - createBackgroundTasks
	creating background tasks
14:18:52.868 [JavaFX Application Thread] DEBUG tanks.ClientDoer - BackgroundThread Start: 
	Thread Started
14:18:52.868 [ClientDoer] TRACE tanks.ClientDoer - tanks.ClientDoerrun:
	 at beginning of run
14:18:52.869 [ClientDoer] TRACE tanks.ClientDoer - Communicator sleepWorker:
	 sleeping worker
14:18:52.919 [ClientDoer] TRACE tanks.ClientDoer - tanks.ClientDoerrun:
	 at beginning of run
14:18:52.919 [ClientDoer] TRACE tanks.ClientDoer - Communicator sleepWorker:
	 sleeping worker
14:18:52.969 [ClientDoer] TRACE tanks.ClientDoer - tanks.ClientDoerrun:
	 at beginning of run
14:18:52.969 [ClientDoer] TRACE tanks.ClientDoer - Communicator sleepWorker:
	 sleeping worker
14:18:53.019 [ClientDoer] TRACE tanks.ClientDoer - tanks.ClientDoerrun:
	 at beginning of run
14:18:53.019 [ClientDoer] TRACE tanks.ClientDoer - Communicator sleepWorker:
	 sleeping worker
14:18:53.069 [ClientDoer] TRACE tanks.ClientDoer - tanks.ClientDoerrun:
	 at beginning of run
14:18:53.069 [ClientDoer] TRACE tanks.ClientDoer - Communicator sleepWorker:
	 sleeping worker
14:18:53.119 [ClientDoer] TRACE tanks.ClientDoer - tanks.ClientDoerrun:
	 at beginning of run
14:18:53.119 [ClientDoer] TRACE tanks.ClientDoer - Communicator sleepWorker:
	 sleeping worker
14:18:53.169 [ClientDoer] TRACE tanks.ClientDoer - tanks.ClientDoerrun:
	 at beginning of run
14:18:53.169 [ClientDoer] TRACE tanks.ClientDoer - Communicator sleepWorker:
	 sleeping worker
14:18:53.219 [ClientDoer] TRACE tanks.ClientDoer - tanks.ClientDoerrun:
	 at beginning of run
14:18:53.219 [ClientDoer] TRACE tanks.ClientDoer - Communicator sleepWorker:
	 sleeping worker
14:18:53.269 [ClientDoer] TRACE tanks.ClientDoer - tanks.ClientDoerrun:
	 at beginning of run
14:18:53.269 [ClientDoer] TRACE tanks.ClientDoer - Communicator sleepWorker:
	 sleeping worker
14:18:53.319 [ClientDoer] TRACE tanks.ClientDoer - tanks.ClientDoerrun:
	 at beginning of run
14:18:53.319 [ClientDoer] TRACE tanks.ClientDoer - Communicator sleepWorker:
	 sleeping worker
14:18:53.369 [ClientDoer] TRACE tanks.ClientDoer - tanks.ClientDoerrun:
	 at beginning of run
14:18:53.369 [ClientDoer] TRACE tanks.ClientDoer - Communicator sleepWorker:
	 sleeping worker
14:18:53.419 [ClientDoer] TRACE tanks.ClientDoer - tanks.ClientDoerrun:
	 at beginning of run
14:18:53.419 [ClientDoer] TRACE tanks.ClientDoer - Communicator sleepWorker:
	 sleeping worker
14:18:53.469 [ClientDoer] TRACE tanks.ClientDoer - tanks.ClientDoerrun:
	 at beginning of run
14:18:53.469 [ClientDoer] TRACE tanks.ClientDoer - Communicator sleepWorker:
	 sleeping worker
14:18:53.519 [ClientDoer] TRACE tanks.ClientDoer - tanks.ClientDoerrun:
	 at beginning of run
14:18:53.519 [ClientDoer] TRACE tanks.ClientDoer - Communicator sleepWorker:
	 sleeping worker
14:18:53.569 [ClientDoer] TRACE tanks.ClientDoer - tanks.ClientDoerrun:
	 at beginning of run
14:18:53.569 [ClientDoer] TRACE tanks.ClientDoer - Communicator sleepWorker:
	 sleeping worker
14:18:53.619 [ClientDoer] TRACE tanks.ClientDoer - tanks.ClientDoerrun:
	 at beginning of run
14:18:53.619 [ClientDoer] TRACE tanks.ClientDoer - Communicator sleepWorker:
	 sleeping worker
14:18:53.669 [ClientDoer] TRACE tanks.ClientDoer - tanks.ClientDoerrun:
	 at beginning of run
14:18:53.669 [ClientDoer] TRACE tanks.ClientDoer - Communicator sleepWorker:
	 sleeping worker
14:18:53.719 [ClientDoer] TRACE tanks.ClientDoer - tanks.ClientDoerrun:
	 at beginning of run
14:18:53.719 [ClientDoer] TRACE tanks.ClientDoer - Communicator sleepWorker:
	 sleeping worker
14:18:53.769 [ClientDoer] TRACE tanks.ClientDoer - tanks.ClientDoerrun:
	 at beginning of run
14:18:53.769 [ClientDoer] TRACE tanks.ClientDoer - Communicator sleepWorker:
	 sleeping worker
14:18:53.819 [ClientDoer] TRACE tanks.ClientDoer - tanks.ClientDoerrun:
	 at beginning of run
14:18:53.819 [ClientDoer] TRACE tanks.ClientDoer - Communicator sleepWorker:
	 sleeping worker
14:18:53.870 [ClientDoer] TRACE tanks.ClientDoer - tanks.ClientDoerrun:
	 at beginning of run
14:18:53.870 [ClientDoer] TRACE tanks.ClientDoer - Communicator sleepWorker:
	 sleeping worker
14:18:53.920 [ClientDoer] TRACE tanks.ClientDoer - tanks.ClientDoerrun:
	 at beginning of run
14:18:53.920 [ClientDoer] TRACE tanks.ClientDoer - Communicator sleepWorker:
	 sleeping worker
14:18:53.970 [ClientDoer] TRACE tanks.ClientDoer - tanks.ClientDoerrun:
	 at beginning of run
14:18:53.970 [ClientDoer] TRACE tanks.ClientDoer - Communicator sleepWorker:
	 sleeping worker
14:18:54.020 [ClientDoer] TRACE tanks.ClientDoer - tanks.ClientDoerrun:
	 at beginning of run
14:18:54.020 [ClientDoer] TRACE tanks.ClientDoer - Communicator sleepWorker:
	 sleeping worker
14:18:54.070 [ClientDoer] TRACE tanks.ClientDoer - tanks.ClientDoerrun:
	 at beginning of run
14:18:54.070 [ClientDoer] TRACE tanks.ClientDoer - Communicator sleepWorker:
	 sleeping worker
14:18:54.120 [ClientDoer] TRACE tanks.ClientDoer - tanks.ClientDoerrun:
	 at beginning of run
14:18:54.120 [ClientDoer] TRACE tanks.ClientDoer - Communicator sleepWorker:
	 sleeping worker
14:18:54.170 [ClientDoer] TRACE tanks.ClientDoer - tanks.ClientDoerrun:
	 at beginning of run
14:18:54.170 [ClientDoer] TRACE tanks.ClientDoer - Communicator sleepWorker:
	 sleeping worker
14:18:54.220 [ClientDoer] TRACE tanks.ClientDoer - tanks.ClientDoerrun:
	 at beginning of run
14:18:54.220 [ClientDoer] TRACE tanks.ClientDoer - Communicator sleepWorker:
	 sleeping worker
14:18:54.270 [ClientDoer] TRACE tanks.ClientDoer - tanks.ClientDoerrun:
	 at beginning of run
14:18:54.270 [ClientDoer] TRACE tanks.ClientDoer - Communicator sleepWorker:
	 sleeping worker
14:18:54.320 [ClientDoer] TRACE tanks.ClientDoer - tanks.ClientDoerrun:
	 at beginning of run
14:18:54.320 [ClientDoer] TRACE tanks.ClientDoer - Communicator sleepWorker:
	 sleeping worker
14:18:54.370 [ClientDoer] TRACE tanks.ClientDoer - tanks.ClientDoerrun:
	 at beginning of run
14:18:54.370 [ClientDoer] TRACE tanks.ClientDoer - Communicator sleepWorker:
	 sleeping worker
14:18:54.420 [ClientDoer] TRACE tanks.ClientDoer - tanks.ClientDoerrun:
	 at beginning of run
14:18:54.420 [ClientDoer] TRACE tanks.ClientDoer - Communicator sleepWorker:
	 sleeping worker
14:18:54.470 [ClientDoer] TRACE tanks.ClientDoer - tanks.ClientDoerrun:
	 at beginning of run
14:18:54.470 [ClientDoer] TRACE tanks.ClientDoer - Communicator sleepWorker:
	 sleeping worker
14:18:54.520 [ClientDoer] TRACE tanks.ClientDoer - tanks.ClientDoerrun:
	 at beginning of run
14:18:54.520 [ClientDoer] TRACE tanks.ClientDoer - Communicator sleepWorker:
	 sleeping worker
14:18:54.570 [ClientDoer] TRACE tanks.ClientDoer - tanks.ClientDoerrun:
	 at beginning of run
14:18:54.570 [ClientDoer] TRACE tanks.ClientDoer - Communicator sleepWorker:
	 sleeping worker
14:18:54.620 [ClientDoer] TRACE tanks.ClientDoer - tanks.ClientDoerrun:
	 at beginning of run
14:18:54.620 [ClientDoer] TRACE tanks.ClientDoer - Communicator sleepWorker:
	 sleeping worker
14:18:54.670 [ClientDoer] TRACE tanks.ClientDoer - tanks.ClientDoerrun:
	 at beginning of run
14:18:54.670 [ClientDoer] TRACE tanks.ClientDoer - Communicator sleepWorker:
	 sleeping worker
14:18:54.720 [ClientDoer] TRACE tanks.ClientDoer - tanks.ClientDoerrun:
	 at beginning of run
14:18:54.720 [ClientDoer] TRACE tanks.ClientDoer - Communicator sleepWorker:
	 sleeping worker
14:18:54.770 [ClientDoer] TRACE tanks.ClientDoer - tanks.ClientDoerrun:
	 at beginning of run
14:18:54.770 [ClientDoer] TRACE tanks.ClientDoer - Communicator sleepWorker:
	 sleeping worker
14:18:54.820 [ClientDoer] TRACE tanks.ClientDoer - tanks.ClientDoerrun:
	 at beginning of run
14:18:54.820 [ClientDoer] TRACE tanks.ClientDoer - Communicator sleepWorker:
	 sleeping worker
14:18:54.870 [ClientDoer] TRACE tanks.ClientDoer - tanks.ClientDoerrun:
	 at beginning of run
14:18:54.870 [ClientDoer] TRACE tanks.ClientDoer - Communicator sleepWorker:
	 sleeping worker
14:18:54.920 [ClientDoer] TRACE tanks.ClientDoer - tanks.ClientDoerrun:
	 at beginning of run
14:18:54.920 [ClientDoer] TRACE tanks.ClientDoer - Communicator sleepWorker:
	 sleeping worker
14:18:54.970 [ClientDoer] TRACE tanks.ClientDoer - tanks.ClientDoerrun:
	 at beginning of run
14:18:54.970 [ClientDoer] TRACE tanks.ClientDoer - Communicator sleepWorker:
	 sleeping worker
14:18:55.020 [ClientDoer] TRACE tanks.ClientDoer - tanks.ClientDoerrun:
	 at beginning of run
14:18:55.020 [ClientDoer] TRACE tanks.ClientDoer - Communicator sleepWorker:
	 sleeping worker
14:18:55.070 [ClientDoer] TRACE tanks.ClientDoer - tanks.ClientDoerrun:
	 at beginning of run
14:18:55.070 [ClientDoer] TRACE tanks.ClientDoer - Communicator sleepWorker:
	 sleeping worker
14:18:55.120 [ClientDoer] TRACE tanks.ClientDoer - tanks.ClientDoerrun:
	 at beginning of run
14:18:55.120 [ClientDoer] TRACE tanks.ClientDoer - Communicator sleepWorker:
	 sleeping worker
14:18:55.170 [ClientDoer] TRACE tanks.ClientDoer - tanks.ClientDoerrun:
	 at beginning of run
14:18:55.170 [ClientDoer] TRACE tanks.ClientDoer - Communicator sleepWorker:
	 sleeping worker
14:18:55.220 [ClientDoer] TRACE tanks.ClientDoer - tanks.ClientDoerrun:
	 at beginning of run
14:18:55.220 [ClientDoer] TRACE tanks.ClientDoer - Communicator sleepWorker:
	 sleeping worker
14:18:55.270 [ClientDoer] TRACE tanks.ClientDoer - tanks.ClientDoerrun:
	 at beginning of run
14:18:55.270 [ClientDoer] TRACE tanks.ClientDoer - Communicator sleepWorker:
	 sleeping worker
14:18:55.320 [ClientDoer] TRACE tanks.ClientDoer - tanks.ClientDoerrun:
	 at beginning of run
14:18:55.320 [ClientDoer] TRACE tanks.ClientDoer - Communicator sleepWorker:
	 sleeping worker
14:18:55.370 [ClientDoer] TRACE tanks.ClientDoer - tanks.ClientDoerrun:
	 at beginning of run
14:18:55.370 [ClientDoer] TRACE tanks.ClientDoer - Communicator sleepWorker:
	 sleeping worker
14:18:55.421 [ClientDoer] TRACE tanks.ClientDoer - tanks.ClientDoerrun:
	 at beginning of run
14:18:55.421 [ClientDoer] TRACE tanks.ClientDoer - Communicator sleepWorker:
	 sleeping worker
14:18:55.471 [ClientDoer] TRACE tanks.ClientDoer - tanks.ClientDoerrun:
	 at beginning of run
14:18:55.471 [ClientDoer] TRACE tanks.ClientDoer - Communicator sleepWorker:
	 sleeping worker
14:18:55.521 [ClientDoer] TRACE tanks.ClientDoer - tanks.ClientDoerrun:
	 at beginning of run
14:18:55.521 [ClientDoer] TRACE tanks.ClientDoer - Communicator sleepWorker:
	 sleeping worker
14:18:55.571 [ClientDoer] TRACE tanks.ClientDoer - tanks.ClientDoerrun:
	 at beginning of run
14:18:55.571 [ClientDoer] TRACE tanks.ClientDoer - Communicator sleepWorker:
	 sleeping worker
14:18:55.621 [ClientDoer] TRACE tanks.ClientDoer - tanks.ClientDoerrun:
	 at beginning of run
14:18:55.621 [ClientDoer] TRACE tanks.ClientDoer - Communicator sleepWorker:
	 sleeping worker
14:18:55.671 [ClientDoer] TRACE tanks.ClientDoer - tanks.ClientDoerrun:
	 at beginning of run
14:18:55.671 [ClientDoer] TRACE tanks.ClientDoer - Communicator sleepWorker:
	 sleeping worker
14:18:55.721 [ClientDoer] TRACE tanks.ClientDoer - tanks.ClientDoerrun:
	 at beginning of run
14:18:55.721 [ClientDoer] TRACE tanks.ClientDoer - Communicator sleepWorker:
	 sleeping worker
14:18:55.771 [ClientDoer] TRACE tanks.ClientDoer - tanks.ClientDoerrun:
	 at beginning of run
14:18:55.771 [ClientDoer] TRACE tanks.ClientDoer - Communicator sleepWorker:
	 sleeping worker
14:18:55.821 [ClientDoer] TRACE tanks.ClientDoer - tanks.ClientDoerrun:
	 at beginning of run
14:18:55.821 [ClientDoer] TRACE tanks.ClientDoer - Communicator sleepWorker:
	 sleeping worker
14:18:55.871 [ClientDoer] TRACE tanks.ClientDoer - tanks.ClientDoerrun:
	 at beginning of run
14:18:55.871 [ClientDoer] TRACE tanks.ClientDoer - Communicator sleepWorker:
	 sleeping worker
14:18:55.921 [ClientDoer] TRACE tanks.ClientDoer - tanks.ClientDoerrun:
	 at beginning of run
14:18:55.921 [ClientDoer] TRACE tanks.ClientDoer - Communicator sleepWorker:
	 sleeping worker
14:18:55.971 [ClientDoer] TRACE tanks.ClientDoer - tanks.ClientDoerrun:
	 at beginning of run
14:18:55.971 [ClientDoer] TRACE tanks.ClientDoer - Communicator sleepWorker:
	 sleeping worker
14:18:56.021 [ClientDoer] TRACE tanks.ClientDoer - tanks.ClientDoerrun:
	 at beginning of run
14:18:56.021 [ClientDoer] TRACE tanks.ClientDoer - Communicator sleepWorker:
	 sleeping worker
14:18:56.071 [ClientDoer] TRACE tanks.ClientDoer - tanks.ClientDoerrun:
	 at beginning of run
14:18:56.071 [ClientDoer] TRACE tanks.ClientDoer - Communicator sleepWorker:
	 sleeping worker
14:18:56.121 [ClientDoer] TRACE tanks.ClientDoer - tanks.ClientDoerrun:
	 at beginning of run
14:18:56.121 [ClientDoer] TRACE tanks.ClientDoer - Communicator sleepWorker:
	 sleeping worker
14:18:56.171 [ClientDoer] TRACE tanks.ClientDoer - tanks.ClientDoerrun:
	 at beginning of run
14:18:56.171 [ClientDoer] TRACE tanks.ClientDoer - Communicator sleepWorker:
	 sleeping worker
14:18:56.221 [ClientDoer] TRACE tanks.ClientDoer - tanks.ClientDoerrun:
	 at beginning of run
14:18:56.221 [ClientDoer] TRACE tanks.ClientDoer - Communicator sleepWorker:
	 sleeping worker
14:18:56.271 [ClientDoer] TRACE tanks.ClientDoer - tanks.ClientDoerrun:
	 at beginning of run
14:18:56.271 [ClientDoer] TRACE tanks.ClientDoer - Communicator sleepWorker:
	 sleeping worker
14:18:56.321 [ClientDoer] TRACE tanks.ClientDoer - tanks.ClientDoerrun:
	 at beginning of run
14:18:56.321 [ClientDoer] TRACE tanks.ClientDoer - Communicator sleepWorker:
	 sleeping worker
14:18:56.371 [ClientDoer] TRACE tanks.ClientDoer - tanks.ClientDoerrun:
	 at beginning of run
14:18:56.371 [ClientDoer] TRACE tanks.ClientDoer - Communicator sleepWorker:
	 sleeping worker
14:18:56.421 [ClientDoer] TRACE tanks.ClientDoer - tanks.ClientDoerrun:
	 at beginning of run
14:18:56.421 [ClientDoer] TRACE tanks.ClientDoer - Communicator sleepWorker:
	 sleeping worker
14:18:56.471 [ClientDoer] TRACE tanks.ClientDoer - tanks.ClientDoerrun:
	 at beginning of run
14:18:56.471 [ClientDoer] TRACE tanks.ClientDoer - Communicator sleepWorker:
	 sleeping worker
14:18:56.521 [ClientDoer] TRACE tanks.ClientDoer - tanks.ClientDoerrun:
	 at beginning of run
14:18:56.521 [ClientDoer] TRACE tanks.ClientDoer - Communicator sleepWorker:
	 sleeping worker
14:18:56.571 [ClientDoer] TRACE tanks.ClientDoer - tanks.ClientDoerrun:
	 at beginning of run
14:18:56.571 [ClientDoer] TRACE tanks.ClientDoer - Communicator sleepWorker:
	 sleeping worker
14:18:56.621 [ClientDoer] TRACE tanks.ClientDoer - tanks.ClientDoerrun:
	 at beginning of run
14:18:56.621 [ClientDoer] TRACE tanks.ClientDoer - Communicator sleepWorker:
	 sleeping worker
14:18:56.671 [ClientDoer] TRACE tanks.ClientDoer - tanks.ClientDoerrun:
	 at beginning of run
14:18:56.671 [ClientDoer] TRACE tanks.ClientDoer - Communicator sleepWorker:
	 sleeping worker
14:18:56.721 [ClientDoer] TRACE tanks.ClientDoer - tanks.ClientDoerrun:
	 at beginning of run
14:18:56.721 [ClientDoer] TRACE tanks.ClientDoer - Communicator sleepWorker:
	 sleeping worker
14:18:56.771 [ClientDoer] TRACE tanks.ClientDoer - tanks.ClientDoerrun:
	 at beginning of run
14:18:56.771 [ClientDoer] TRACE tanks.ClientDoer - Communicator sleepWorker:
	 sleeping worker
14:18:56.821 [ClientDoer] TRACE tanks.ClientDoer - tanks.ClientDoerrun:
	 at beginning of run
14:18:56.821 [ClientDoer] TRACE tanks.ClientDoer - Communicator sleepWorker:
	 sleeping worker
14:18:56.871 [ClientDoer] TRACE tanks.ClientDoer - tanks.ClientDoerrun:
	 at beginning of run
14:18:56.871 [ClientDoer] TRACE tanks.ClientDoer - Communicator sleepWorker:
	 sleeping worker
14:18:56.922 [ClientDoer] TRACE tanks.ClientDoer - tanks.ClientDoerrun:
	 at beginning of run
14:18:56.922 [ClientDoer] TRACE tanks.ClientDoer - Communicator sleepWorker:
	 sleeping worker
14:18:56.972 [ClientDoer] TRACE tanks.ClientDoer - tanks.ClientDoerrun:
	 at beginning of run
14:18:56.972 [ClientDoer] TRACE tanks.ClientDoer - Communicator sleepWorker:
	 sleeping worker
14:18:57.022 [ClientDoer] TRACE tanks.ClientDoer - tanks.ClientDoerrun:
	 at beginning of run
14:18:57.022 [ClientDoer] TRACE tanks.ClientDoer - Communicator sleepWorker:
	 sleeping worker
14:18:57.072 [ClientDoer] TRACE tanks.ClientDoer - tanks.ClientDoerrun:
	 at beginning of run
14:18:57.072 [ClientDoer] TRACE tanks.ClientDoer - Communicator sleepWorker:
	 sleeping worker
14:18:57.122 [ClientDoer] TRACE tanks.ClientDoer - tanks.ClientDoerrun:
	 at beginning of run
14:18:57.122 [ClientDoer] TRACE tanks.ClientDoer - Communicator sleepWorker:
	 sleeping worker
14:18:57.172 [ClientDoer] TRACE tanks.ClientDoer - tanks.ClientDoerrun:
	 at beginning of run
14:18:57.172 [ClientDoer] TRACE tanks.ClientDoer - Communicator sleepWorker:
	 sleeping worker
14:18:57.222 [ClientDoer] TRACE tanks.ClientDoer - tanks.ClientDoerrun:
	 at beginning of run
14:18:57.222 [ClientDoer] TRACE tanks.ClientDoer - Communicator sleepWorker:
	 sleeping worker
14:18:57.272 [ClientDoer] TRACE tanks.ClientDoer - tanks.ClientDoerrun:
	 at beginning of run
14:18:57.272 [ClientDoer] TRACE tanks.ClientDoer - Communicator sleepWorker:
	 sleeping worker
14:18:57.322 [ClientDoer] TRACE tanks.ClientDoer - tanks.ClientDoerrun:
	 at beginning of run
14:18:57.322 [ClientDoer] TRACE tanks.ClientDoer - Communicator sleepWorker:
	 sleeping worker
14:18:57.372 [ClientDoer] TRACE tanks.ClientDoer - tanks.ClientDoerrun:
	 at beginning of run
14:18:57.372 [ClientDoer] TRACE tanks.ClientDoer - Communicator sleepWorker:
	 sleeping worker
14:18:57.422 [ClientDoer] TRACE tanks.ClientDoer - tanks.ClientDoerrun:
	 at beginning of run
14:18:57.422 [ClientDoer] TRACE tanks.ClientDoer - Communicator sleepWorker:
	 sleeping worker
14:18:57.472 [ClientDoer] TRACE tanks.ClientDoer - tanks.ClientDoerrun:
	 at beginning of run
14:18:57.472 [ClientDoer] TRACE tanks.ClientDoer - Communicator sleepWorker:
	 sleeping worker
14:18:57.522 [ClientDoer] TRACE tanks.ClientDoer - tanks.ClientDoerrun:
	 at beginning of run
14:18:57.522 [ClientDoer] TRACE tanks.ClientDoer - Communicator sleepWorker:
	 sleeping worker
14:18:57.572 [ClientDoer] TRACE tanks.ClientDoer - tanks.ClientDoerrun:
	 at beginning of run
14:18:57.572 [ClientDoer] TRACE tanks.ClientDoer - Communicator sleepWorker:
	 sleeping worker
14:18:57.622 [ClientDoer] TRACE tanks.ClientDoer - tanks.ClientDoerrun:
	 at beginning of run
14:18:57.622 [ClientDoer] TRACE tanks.ClientDoer - Communicator sleepWorker:
	 sleeping worker
14:18:57.672 [ClientDoer] TRACE tanks.ClientDoer - tanks.ClientDoerrun:
	 at beginning of run
14:18:57.672 [ClientDoer] TRACE tanks.ClientDoer - Communicator sleepWorker:
	 sleeping worker
14:18:57.722 [ClientDoer] TRACE tanks.ClientDoer - tanks.ClientDoerrun:
	 at beginning of run
14:18:57.722 [ClientDoer] TRACE tanks.ClientDoer - Communicator sleepWorker:
	 sleeping worker
14:18:57.772 [ClientDoer] TRACE tanks.ClientDoer - tanks.ClientDoerrun:
	 at beginning of run
14:18:57.772 [ClientDoer] TRACE tanks.ClientDoer - Communicator sleepWorker:
	 sleeping worker
14:18:57.822 [ClientDoer] TRACE tanks.ClientDoer - tanks.ClientDoerrun:
	 at beginning of run
14:18:57.822 [ClientDoer] TRACE tanks.ClientDoer - Communicator sleepWorker:
	 sleeping worker
14:18:57.872 [ClientDoer] TRACE tanks.ClientDoer - tanks.ClientDoerrun:
	 at beginning of run
14:18:57.872 [ClientDoer] TRACE tanks.ClientDoer - Communicator sleepWorker:
	 sleeping worker
14:18:57.922 [ClientDoer] TRACE tanks.ClientDoer - tanks.ClientDoerrun:
	 at beginning of run
14:18:57.922 [ClientDoer] TRACE tanks.ClientDoer - Communicator sleepWorker:
	 sleeping worker
14:18:57.972 [ClientDoer] TRACE tanks.ClientDoer - tanks.ClientDoerrun:
	 at beginning of run
14:18:57.972 [ClientDoer] TRACE tanks.ClientDoer - Communicator sleepWorker:
	 sleeping worker
14:18:58.022 [ClientDoer] TRACE tanks.ClientDoer - tanks.ClientDoerrun:
	 at beginning of run
14:18:58.022 [ClientDoer] TRACE tanks.ClientDoer - Communicator sleepWorker:
	 sleeping worker
14:18:58.072 [ClientDoer] TRACE tanks.ClientDoer - tanks.ClientDoerrun:
	 at beginning of run
14:18:58.072 [ClientDoer] TRACE tanks.ClientDoer - Communicator sleepWorker:
	 sleeping worker
14:18:58.122 [ClientDoer] TRACE tanks.ClientDoer - tanks.ClientDoerrun:
	 at beginning of run
14:18:58.122 [ClientDoer] TRACE tanks.ClientDoer - Communicator sleepWorker:
	 sleeping worker
14:18:58.172 [ClientDoer] TRACE tanks.ClientDoer - tanks.ClientDoerrun:
	 at beginning of run
14:18:58.172 [ClientDoer] TRACE tanks.ClientDoer - Communicator sleepWorker:
	 sleeping worker
14:18:58.222 [ClientDoer] TRACE tanks.ClientDoer - tanks.ClientDoerrun:
	 at beginning of run
14:18:58.222 [ClientDoer] TRACE tanks.ClientDoer - Communicator sleepWorker:
	 sleeping worker
14:18:58.272 [ClientDoer] TRACE tanks.ClientDoer - tanks.ClientDoerrun:
	 at beginning of run
14:18:58.272 [ClientDoer] TRACE tanks.ClientDoer - Communicator sleepWorker:
	 sleeping worker
14:18:58.322 [ClientDoer] TRACE tanks.ClientDoer - tanks.ClientDoerrun:
	 at beginning of run
14:18:58.322 [ClientDoer] TRACE tanks.ClientDoer - Communicator sleepWorker:
	 sleeping worker
14:18:58.372 [ClientDoer] TRACE tanks.ClientDoer - tanks.ClientDoerrun:
	 at beginning of run
14:18:58.372 [ClientDoer] TRACE tanks.ClientDoer - Communicator sleepWorker:
	 sleeping worker
14:18:58.422 [ClientDoer] TRACE tanks.ClientDoer - tanks.ClientDoerrun:
	 at beginning of run
14:18:58.422 [ClientDoer] TRACE tanks.ClientDoer - Communicator sleepWorker:
	 sleeping worker
14:18:58.473 [ClientDoer] TRACE tanks.ClientDoer - tanks.ClientDoerrun:
	 at beginning of run
14:18:58.473 [ClientDoer] TRACE tanks.ClientDoer - Communicator sleepWorker:
	 sleeping worker
14:18:58.523 [ClientDoer] TRACE tanks.ClientDoer - tanks.ClientDoerrun:
	 at beginning of run
14:18:58.523 [ClientDoer] TRACE tanks.ClientDoer - Communicator sleepWorker:
	 sleeping worker
14:18:58.573 [ClientDoer] TRACE tanks.ClientDoer - tanks.ClientDoerrun:
	 at beginning of run
14:18:58.573 [ClientDoer] TRACE tanks.ClientDoer - Communicator sleepWorker:
	 sleeping worker
14:18:58.623 [ClientDoer] TRACE tanks.ClientDoer - tanks.ClientDoerrun:
	 at beginning of run
14:18:58.623 [ClientDoer] TRACE tanks.ClientDoer - Communicator sleepWorker:
	 sleeping worker
14:18:58.673 [ClientDoer] TRACE tanks.ClientDoer - tanks.ClientDoerrun:
	 at beginning of run
14:18:58.673 [ClientDoer] TRACE tanks.ClientDoer - Communicator sleepWorker:
	 sleeping worker
14:18:58.723 [ClientDoer] TRACE tanks.ClientDoer - tanks.ClientDoerrun:
	 at beginning of run
14:18:58.723 [ClientDoer] TRACE tanks.ClientDoer - Communicator sleepWorker:
	 sleeping worker
14:18:58.773 [ClientDoer] TRACE tanks.ClientDoer - tanks.ClientDoerrun:
	 at beginning of run
14:18:58.773 [ClientDoer] TRACE tanks.ClientDoer - Communicator sleepWorker:
	 sleeping worker
14:18:58.823 [ClientDoer] TRACE tanks.ClientDoer - tanks.ClientDoerrun:
	 at beginning of run
14:18:58.823 [ClientDoer] TRACE tanks.ClientDoer - Communicator sleepWorker:
	 sleeping worker
14:18:58.873 [ClientDoer] TRACE tanks.ClientDoer - tanks.ClientDoerrun:
	 at beginning of run
14:18:58.873 [ClientDoer] TRACE tanks.ClientDoer - Communicator sleepWorker:
	 sleeping worker
14:18:58.923 [ClientDoer] TRACE tanks.ClientDoer - tanks.ClientDoerrun:
	 at beginning of run
14:18:58.923 [ClientDoer] TRACE tanks.ClientDoer - Communicator sleepWorker:
	 sleeping worker
14:18:58.973 [ClientDoer] TRACE tanks.ClientDoer - tanks.ClientDoerrun:
	 at beginning of run
14:18:58.973 [ClientDoer] TRACE tanks.ClientDoer - Communicator sleepWorker:
	 sleeping worker
14:18:59.023 [ClientDoer] TRACE tanks.ClientDoer - tanks.ClientDoerrun:
	 at beginning of run
14:18:59.023 [ClientDoer] TRACE tanks.ClientDoer - Communicator sleepWorker:
	 sleeping worker
14:18:59.073 [ClientDoer] TRACE tanks.ClientDoer - tanks.ClientDoerrun:
	 at beginning of run
14:18:59.073 [ClientDoer] TRACE tanks.ClientDoer - Communicator sleepWorker:
	 sleeping worker
14:18:59.123 [ClientDoer] TRACE tanks.ClientDoer - tanks.ClientDoerrun:
	 at beginning of run
14:18:59.123 [ClientDoer] TRACE tanks.ClientDoer - Communicator sleepWorker:
	 sleeping worker
14:18:59.173 [ClientDoer] TRACE tanks.ClientDoer - tanks.ClientDoerrun:
	 at beginning of run
14:18:59.173 [ClientDoer] TRACE tanks.ClientDoer - Communicator sleepWorker:
	 sleeping worker
14:18:59.223 [ClientDoer] TRACE tanks.ClientDoer - tanks.ClientDoerrun:
	 at beginning of run
14:18:59.223 [ClientDoer] TRACE tanks.ClientDoer - Communicator sleepWorker:
	 sleeping worker
14:18:59.273 [ClientDoer] TRACE tanks.ClientDoer - tanks.ClientDoerrun:
	 at beginning of run
14:18:59.273 [ClientDoer] TRACE tanks.ClientDoer - Communicator sleepWorker:
	 sleeping worker
14:18:59.323 [ClientDoer] TRACE tanks.ClientDoer - tanks.ClientDoerrun:
	 at beginning of run
14:18:59.323 [ClientDoer] TRACE tanks.ClientDoer - Communicator sleepWorker:
	 sleeping worker
14:18:59.373 [ClientDoer] TRACE tanks.ClientDoer - tanks.ClientDoerrun:
	 at beginning of run
14:18:59.373 [ClientDoer] TRACE tanks.ClientDoer - Communicator sleepWorker:
	 sleeping worker
14:18:59.423 [ClientDoer] TRACE tanks.ClientDoer - tanks.ClientDoerrun:
	 at beginning of run
14:18:59.423 [ClientDoer] TRACE tanks.ClientDoer - Communicator sleepWorker:
	 sleeping worker
14:18:59.473 [ClientDoer] TRACE tanks.ClientDoer - tanks.ClientDoerrun:
	 at beginning of run
14:18:59.473 [ClientDoer] TRACE tanks.ClientDoer - Communicator sleepWorker:
	 sleeping worker
14:18:59.523 [ClientDoer] TRACE tanks.ClientDoer - tanks.ClientDoerrun:
	 at beginning of run
14:18:59.523 [ClientDoer] TRACE tanks.ClientDoer - Communicator sleepWorker:
	 sleeping worker
14:18:59.573 [ClientDoer] TRACE tanks.ClientDoer - tanks.ClientDoerrun:
	 at beginning of run
14:18:59.573 [ClientDoer] TRACE tanks.ClientDoer - Communicator sleepWorker:
	 sleeping worker
14:18:59.623 [ClientDoer] TRACE tanks.ClientDoer - tanks.ClientDoerrun:
	 at beginning of run
14:18:59.623 [ClientDoer] TRACE tanks.ClientDoer - Communicator sleepWorker:
	 sleeping worker
14:18:59.673 [ClientDoer] TRACE tanks.ClientDoer - tanks.ClientDoerrun:
	 at beginning of run
14:18:59.673 [ClientDoer] TRACE tanks.ClientDoer - Communicator sleepWorker:
	 sleeping worker
14:18:59.723 [ClientDoer] TRACE tanks.ClientDoer - tanks.ClientDoerrun:
	 at beginning of run
14:18:59.723 [ClientDoer] TRACE tanks.ClientDoer - Communicator sleepWorker:
	 sleeping worker
14:18:59.773 [ClientDoer] TRACE tanks.ClientDoer - tanks.ClientDoerrun:
	 at beginning of run
14:18:59.773 [ClientDoer] TRACE tanks.ClientDoer - Communicator sleepWorker:
	 sleeping worker
14:18:59.823 [ClientDoer] TRACE tanks.ClientDoer - tanks.ClientDoerrun:
	 at beginning of run
14:18:59.823 [ClientDoer] TRACE tanks.ClientDoer - Communicator sleepWorker:
	 sleeping worker
14:18:59.873 [ClientDoer] TRACE tanks.ClientDoer - tanks.ClientDoerrun:
	 at beginning of run
14:18:59.873 [ClientDoer] TRACE tanks.ClientDoer - Communicator sleepWorker:
	 sleeping worker
14:18:59.923 [ClientDoer] TRACE tanks.ClientDoer - tanks.ClientDoerrun:
	 at beginning of run
14:18:59.923 [ClientDoer] TRACE tanks.ClientDoer - Communicator sleepWorker:
	 sleeping worker
14:18:59.974 [ClientDoer] TRACE tanks.ClientDoer - tanks.ClientDoerrun:
	 at beginning of run
14:18:59.974 [ClientDoer] TRACE tanks.ClientDoer - Communicator sleepWorker:
	 sleeping worker
14:19:00.024 [ClientDoer] TRACE tanks.ClientDoer - tanks.ClientDoerrun:
	 at beginning of run
14:19:00.024 [ClientDoer] TRACE tanks.ClientDoer - Communicator sleepWorker:
	 sleeping worker
14:19:00.074 [ClientDoer] TRACE tanks.ClientDoer - tanks.ClientDoerrun:
	 at beginning of run
14:19:00.074 [ClientDoer] TRACE tanks.ClientDoer - Communicator sleepWorker:
	 sleeping worker
14:19:00.124 [ClientDoer] TRACE tanks.ClientDoer - tanks.ClientDoerrun:
	 at beginning of run
14:19:00.124 [ClientDoer] TRACE tanks.ClientDoer - Communicator sleepWorker:
	 sleeping worker
14:19:00.174 [ClientDoer] TRACE tanks.ClientDoer - tanks.ClientDoerrun:
	 at beginning of run
14:19:00.174 [ClientDoer] TRACE tanks.ClientDoer - Communicator sleepWorker:
	 sleeping worker
14:19:00.224 [ClientDoer] TRACE tanks.ClientDoer - tanks.ClientDoerrun:
	 at beginning of run
14:19:00.224 [ClientDoer] TRACE tanks.ClientDoer - Communicator sleepWorker:
	 sleeping worker
14:19:00.274 [ClientDoer] TRACE tanks.ClientDoer - tanks.ClientDoerrun:
	 at beginning of run
14:19:00.274 [ClientDoer] TRACE tanks.ClientDoer - Communicator sleepWorker:
	 sleeping worker
14:19:00.324 [ClientDoer] TRACE tanks.ClientDoer - tanks.ClientDoerrun:
	 at beginning of run
14:19:00.324 [ClientDoer] TRACE tanks.ClientDoer - Communicator sleepWorker:
	 sleeping worker
14:19:00.374 [ClientDoer] TRACE tanks.ClientDoer - tanks.ClientDoerrun:
	 at beginning of run
14:19:00.374 [ClientDoer] TRACE tanks.ClientDoer - Communicator sleepWorker:
	 sleeping worker
14:19:00.424 [ClientDoer] TRACE tanks.ClientDoer - tanks.ClientDoerrun:
	 at beginning of run
14:19:00.424 [ClientDoer] TRACE tanks.ClientDoer - Communicator sleepWorker:
	 sleeping worker
14:19:00.474 [ClientDoer] TRACE tanks.ClientDoer - tanks.ClientDoerrun:
	 at beginning of run
14:19:00.474 [ClientDoer] TRACE tanks.ClientDoer - Communicator sleepWorker:
	 sleeping worker
14:19:00.524 [ClientDoer] TRACE tanks.ClientDoer - tanks.ClientDoerrun:
	 at beginning of run
14:19:00.524 [ClientDoer] TRACE tanks.ClientDoer - Communicator sleepWorker:
	 sleeping worker
14:19:00.574 [ClientDoer] TRACE tanks.ClientDoer - tanks.ClientDoerrun:
	 at beginning of run
14:19:00.574 [ClientDoer] TRACE tanks.ClientDoer - Communicator sleepWorker:
	 sleeping worker
14:19:00.624 [ClientDoer] TRACE tanks.ClientDoer - tanks.ClientDoerrun:
	 at beginning of run
14:19:00.624 [ClientDoer] TRACE tanks.ClientDoer - Communicator sleepWorker:
	 sleeping worker
14:19:00.674 [ClientDoer] TRACE tanks.ClientDoer - tanks.ClientDoerrun:
	 at beginning of run
14:19:00.674 [ClientDoer] TRACE tanks.ClientDoer - Communicator sleepWorker:
	 sleeping worker
14:19:00.724 [ClientDoer] TRACE tanks.ClientDoer - tanks.ClientDoerrun:
	 at beginning of run
14:19:00.724 [ClientDoer] TRACE tanks.ClientDoer - Communicator sleepWorker:
	 sleeping worker
14:19:00.774 [ClientDoer] TRACE tanks.ClientDoer - tanks.ClientDoerrun:
	 at beginning of run
14:19:00.774 [ClientDoer] TRACE tanks.ClientDoer - Communicator sleepWorker:
	 sleeping worker
14:19:00.824 [ClientDoer] TRACE tanks.ClientDoer - tanks.ClientDoerrun:
	 at beginning of run
14:19:00.824 [ClientDoer] TRACE tanks.ClientDoer - Communicator sleepWorker:
	 sleeping worker
14:19:00.874 [ClientDoer] TRACE tanks.ClientDoer - tanks.ClientDoerrun:
	 at beginning of run
14:19:00.874 [ClientDoer] TRACE tanks.ClientDoer - Communicator sleepWorker:
	 sleeping worker
14:19:00.924 [ClientDoer] TRACE tanks.ClientDoer - tanks.ClientDoerrun:
	 at beginning of run
14:19:00.924 [ClientDoer] TRACE tanks.ClientDoer - Communicator sleepWorker:
	 sleeping worker
14:19:00.974 [ClientDoer] TRACE tanks.ClientDoer - tanks.ClientDoerrun:
	 at beginning of run
14:19:00.974 [ClientDoer] TRACE tanks.ClientDoer - Communicator sleepWorker:
	 sleeping worker
14:19:01.024 [ClientDoer] TRACE tanks.ClientDoer - tanks.ClientDoerrun:
	 at beginning of run
14:19:01.024 [ClientDoer] TRACE tanks.ClientDoer - Communicator sleepWorker:
	 sleeping worker
14:19:01.074 [ClientDoer] TRACE tanks.ClientDoer - tanks.ClientDoerrun:
	 at beginning of run
14:19:01.074 [ClientDoer] TRACE tanks.ClientDoer - Communicator sleepWorker:
	 sleeping worker
14:19:01.124 [ClientDoer] TRACE tanks.ClientDoer - tanks.ClientDoerrun:
	 at beginning of run
14:19:01.124 [ClientDoer] TRACE tanks.ClientDoer - Communicator sleepWorker:
	 sleeping worker
14:19:01.174 [ClientDoer] TRACE tanks.ClientDoer - tanks.ClientDoerrun:
	 at beginning of run
14:19:01.174 [ClientDoer] TRACE tanks.ClientDoer - Communicator sleepWorker:
	 sleeping worker
14:19:01.224 [ClientDoer] TRACE tanks.ClientDoer - tanks.ClientDoerrun:
	 at beginning of run
14:19:01.224 [ClientDoer] TRACE tanks.ClientDoer - Communicator sleepWorker:
	 sleeping worker
14:19:01.274 [ClientDoer] TRACE tanks.ClientDoer - tanks.ClientDoerrun:
	 at beginning of run
14:19:01.274 [ClientDoer] TRACE tanks.ClientDoer - Communicator sleepWorker:
	 sleeping worker
14:19:01.324 [ClientDoer] TRACE tanks.ClientDoer - tanks.ClientDoerrun:
	 at beginning of run
14:19:01.324 [ClientDoer] TRACE tanks.ClientDoer - Communicator sleepWorker:
	 sleeping worker
14:19:01.374 [ClientDoer] TRACE tanks.ClientDoer - tanks.ClientDoerrun:
	 at beginning of run
14:19:01.374 [ClientDoer] TRACE tanks.ClientDoer - Communicator sleepWorker:
	 sleeping worker
14:19:01.424 [ClientDoer] TRACE tanks.ClientDoer - tanks.ClientDoerrun:
	 at beginning of run
14:19:01.424 [ClientDoer] TRACE tanks.ClientDoer - Communicator sleepWorker:
	 sleeping worker
14:19:01.475 [ClientDoer] TRACE tanks.ClientDoer - tanks.ClientDoerrun:
	 at beginning of run
14:19:01.475 [ClientDoer] TRACE tanks.ClientDoer - Communicator sleepWorker:
	 sleeping worker
14:19:01.525 [ClientDoer] TRACE tanks.ClientDoer - tanks.ClientDoerrun:
	 at beginning of run
14:19:01.525 [ClientDoer] TRACE tanks.ClientDoer - Communicator sleepWorker:
	 sleeping worker
14:19:01.575 [ClientDoer] TRACE tanks.ClientDoer - tanks.ClientDoerrun:
	 at beginning of run
14:19:01.575 [ClientDoer] TRACE tanks.ClientDoer - Communicator sleepWorker:
	 sleeping worker
14:19:01.625 [ClientDoer] TRACE tanks.ClientDoer - tanks.ClientDoerrun:
	 at beginning of run
14:19:01.625 [ClientDoer] TRACE tanks.ClientDoer - Communicator sleepWorker:
	 sleeping worker
14:19:01.653 [JavaFX Application Thread] INFO  Strategy.RegisterStrategy - RegisterStrategy constructor
	RegisterStrategy created
14:19:01.675 [ClientDoer] TRACE tanks.ClientDoer - tanks.ClientDoerrun:
	 at beginning of run
14:19:01.675 [ClientDoer] DEBUG tanks.ClientDoer - tanks.ClientDoerrun:
	 Got Task from taskqueue
14:20:05.285 [JavaFX Application Thread] DEBUG tanks.ClientDoer - BackgroundThread Stop:
	 Stopping Thread
14:20:05.285 [JavaFX Application Thread] DEBUG tanks.ClientDoer - BackgroundThread Stop:
	 Thread Stopped
