15:06:16.061 [main] DEBUG TanksCommon.Model.TanksModel - TanksModel add
	Added conversation to conversations
15:06:16.066 [main] DEBUG Conversation.Conversation - Conversation sendMessageTo
	 message added to communicator output queue
15:06:16.066 [main] DEBUG C.ClientRegisterConversation - ClientRegisterConversation sendRegisterRequest
	sent register request
15:06:16.068 [main] DEBUG C.ClientRegisterConversation - ClientRegisterConversation add
	added RegisterReply to conversation
15:06:17.070 [main] DEBUG TanksCommon.Communicator2 - Communicator constructor:
	 communicator created
15:06:17.071 [main] INFO  TanksCommon.Communicator2 - Communicator initializeSocket:
	 Socket initialized
15:06:17.071 [main] DEBUG TanksCommon.Model.TanksModel - TanksModel add
	Added conversation to conversations
15:06:17.071 [main] DEBUG Conversation.Conversation - Conversation sendMessageTo
	 message added to communicator output queue
15:06:17.071 [main] DEBUG C.ClientRegisterConversation - ClientRegisterConversation sendRegisterRequest
	sent register request
15:06:27.071 [Timer-3] DEBUG Conversation.Conversation - Conversation sendMessageTo
	 message added to communicator output queue
15:06:27.071 [Timer-3] DEBUG C.ClientRegisterConversation - ClientRegisterConversation sendRegisterRequest
	sent register request
15:06:36.066 [Timer-1] DEBUG C.ClientRegisterConversation - ClientRegisterConversation sendRegisterRequest
	hit retry limit, retrying last time
15:06:37.072 [Timer-3] DEBUG Conversation.Conversation - Conversation sendMessageTo
	 message added to communicator output queue
15:06:37.072 [Timer-3] DEBUG C.ClientRegisterConversation - ClientRegisterConversation sendRegisterRequest
	sent register request
15:06:37.072 [Timer-3] DEBUG C.ClientRegisterConversation - ClientRegisterConversation sendRegisterRequest
	hit retry limit, retrying last time
