15:46:32.341 [main] DEBUG TanksCommon.Communicator2 - Communicator constructor:
	 communicator created
15:46:32.341 [main] INFO  TanksCommon.Communicator2 - Communicator initializeSocket:
	 Socket initialized
15:46:32.344 [main] INFO  TanksCommon.Communicator2 - Communicator sendMessage
	 Starting to try to send message of length: 72
15:46:32.344 [main] INFO  TanksCommon.Communicator2 - Communicator sendMessage
	 Sent successfully length: 72
15:46:32.345 [main] INFO  tanks.ClientDoer - BackgroundThread Start: 
	Thread Started
15:46:32.345 [ClientDoer] DEBUG tanks.ClientDoer - tanks.ClientDoerrun:
	 at beginning of run
15:46:32.345 [ClientDoer] TRACE tanks.ClientDoer - Communicator sleepWorker:
	 sleeping worker
15:46:32.395 [ClientDoer] DEBUG tanks.ClientDoer - tanks.ClientDoerrun:
	 at beginning of run
15:46:32.395 [ClientDoer] INFO  tanks.ClientDoer - tanks.ClientDoerrun:
	 Got envelope from communicator inputqueue
15:46:32.396 [ClientDoer] TRACE tanks.ClientDoer - Communicator sleepWorker:
	 sleeping worker
15:46:32.446 [ClientDoer] DEBUG tanks.ClientDoer - tanks.ClientDoerrun:
	 at beginning of run
15:46:32.446 [ClientDoer] TRACE tanks.ClientDoer - Communicator sleepWorker:
	 sleeping worker
15:46:32.496 [ClientDoer] DEBUG tanks.ClientDoer - tanks.ClientDoerrun:
	 at beginning of run
15:46:32.496 [ClientDoer] TRACE tanks.ClientDoer - Communicator sleepWorker:
	 sleeping worker
15:46:32.546 [ClientDoer] DEBUG tanks.ClientDoer - tanks.ClientDoerrun:
	 at beginning of run
15:46:32.546 [ClientDoer] TRACE tanks.ClientDoer - Communicator sleepWorker:
	 sleeping worker
15:46:32.596 [ClientDoer] DEBUG tanks.ClientDoer - tanks.ClientDoerrun:
	 at beginning of run
15:46:32.596 [ClientDoer] TRACE tanks.ClientDoer - Communicator sleepWorker:
	 sleeping worker
15:46:32.646 [ClientDoer] DEBUG tanks.ClientDoer - tanks.ClientDoerrun:
	 at beginning of run
15:46:32.646 [ClientDoer] TRACE tanks.ClientDoer - Communicator sleepWorker:
	 sleeping worker
15:46:32.696 [ClientDoer] DEBUG tanks.ClientDoer - tanks.ClientDoerrun:
	 at beginning of run
15:46:32.696 [ClientDoer] TRACE tanks.ClientDoer - Communicator sleepWorker:
	 sleeping worker
15:46:32.746 [ClientDoer] DEBUG tanks.ClientDoer - tanks.ClientDoerrun:
	 at beginning of run
15:46:32.746 [ClientDoer] TRACE tanks.ClientDoer - Communicator sleepWorker:
	 sleeping worker
15:46:32.796 [ClientDoer] DEBUG tanks.ClientDoer - tanks.ClientDoerrun:
	 at beginning of run
15:46:32.796 [ClientDoer] TRACE tanks.ClientDoer - Communicator sleepWorker:
	 sleeping worker
15:46:32.846 [ClientDoer] DEBUG tanks.ClientDoer - tanks.ClientDoerrun:
	 at beginning of run
15:46:32.846 [ClientDoer] TRACE tanks.ClientDoer - Communicator sleepWorker:
	 sleeping worker
15:46:32.896 [ClientDoer] DEBUG tanks.ClientDoer - tanks.ClientDoerrun:
	 at beginning of run
15:46:32.896 [ClientDoer] TRACE tanks.ClientDoer - Communicator sleepWorker:
	 sleeping worker
15:46:32.946 [ClientDoer] DEBUG tanks.ClientDoer - tanks.ClientDoerrun:
	 at beginning of run
15:46:32.946 [ClientDoer] TRACE tanks.ClientDoer - Communicator sleepWorker:
	 sleeping worker
15:46:32.996 [ClientDoer] DEBUG tanks.ClientDoer - tanks.ClientDoerrun:
	 at beginning of run
15:46:32.996 [ClientDoer] TRACE tanks.ClientDoer - Communicator sleepWorker:
	 sleeping worker
15:46:33.046 [ClientDoer] DEBUG tanks.ClientDoer - tanks.ClientDoerrun:
	 at beginning of run
15:46:33.046 [ClientDoer] TRACE tanks.ClientDoer - Communicator sleepWorker:
	 sleeping worker
15:46:33.096 [ClientDoer] DEBUG tanks.ClientDoer - tanks.ClientDoerrun:
	 at beginning of run
15:46:33.096 [ClientDoer] TRACE tanks.ClientDoer - Communicator sleepWorker:
	 sleeping worker
15:46:33.146 [ClientDoer] DEBUG tanks.ClientDoer - tanks.ClientDoerrun:
	 at beginning of run
15:46:33.146 [ClientDoer] TRACE tanks.ClientDoer - Communicator sleepWorker:
	 sleeping worker
15:46:33.196 [ClientDoer] DEBUG tanks.ClientDoer - tanks.ClientDoerrun:
	 at beginning of run
15:46:33.196 [ClientDoer] TRACE tanks.ClientDoer - Communicator sleepWorker:
	 sleeping worker
15:46:33.246 [ClientDoer] DEBUG tanks.ClientDoer - tanks.ClientDoerrun:
	 at beginning of run
15:46:33.246 [ClientDoer] TRACE tanks.ClientDoer - Communicator sleepWorker:
	 sleeping worker
15:46:33.296 [ClientDoer] DEBUG tanks.ClientDoer - tanks.ClientDoerrun:
	 at beginning of run
15:46:33.296 [ClientDoer] TRACE tanks.ClientDoer - Communicator sleepWorker:
	 sleeping worker
15:46:33.346 [ClientDoer] DEBUG tanks.ClientDoer - tanks.ClientDoerrun:
	 at beginning of run
15:46:33.346 [ClientDoer] TRACE tanks.ClientDoer - Communicator sleepWorker:
	 sleeping worker
15:46:33.396 [ClientDoer] DEBUG tanks.ClientDoer - tanks.ClientDoerrun:
	 at beginning of run
15:46:33.396 [ClientDoer] TRACE tanks.ClientDoer - Communicator sleepWorker:
	 sleeping worker
15:46:33.446 [ClientDoer] DEBUG tanks.ClientDoer - tanks.ClientDoerrun:
	 at beginning of run
15:46:33.446 [ClientDoer] TRACE tanks.ClientDoer - Communicator sleepWorker:
	 sleeping worker
15:46:33.496 [ClientDoer] DEBUG tanks.ClientDoer - tanks.ClientDoerrun:
	 at beginning of run
15:46:33.496 [ClientDoer] TRACE tanks.ClientDoer - Communicator sleepWorker:
	 sleeping worker
15:46:33.546 [ClientDoer] DEBUG tanks.ClientDoer - tanks.ClientDoerrun:
	 at beginning of run
15:46:33.546 [ClientDoer] TRACE tanks.ClientDoer - Communicator sleepWorker:
	 sleeping worker
15:46:33.596 [ClientDoer] DEBUG tanks.ClientDoer - tanks.ClientDoerrun:
	 at beginning of run
15:46:33.596 [ClientDoer] TRACE tanks.ClientDoer - Communicator sleepWorker:
	 sleeping worker
15:46:33.647 [ClientDoer] DEBUG tanks.ClientDoer - tanks.ClientDoerrun:
	 at beginning of run
15:46:33.647 [ClientDoer] TRACE tanks.ClientDoer - Communicator sleepWorker:
	 sleeping worker
15:46:33.697 [ClientDoer] DEBUG tanks.ClientDoer - tanks.ClientDoerrun:
	 at beginning of run
15:46:33.697 [ClientDoer] TRACE tanks.ClientDoer - Communicator sleepWorker:
	 sleeping worker
15:46:33.747 [ClientDoer] DEBUG tanks.ClientDoer - tanks.ClientDoerrun:
	 at beginning of run
15:46:33.747 [ClientDoer] TRACE tanks.ClientDoer - Communicator sleepWorker:
	 sleeping worker
15:46:33.797 [ClientDoer] DEBUG tanks.ClientDoer - tanks.ClientDoerrun:
	 at beginning of run
15:46:33.797 [ClientDoer] TRACE tanks.ClientDoer - Communicator sleepWorker:
	 sleeping worker
15:46:33.847 [ClientDoer] DEBUG tanks.ClientDoer - tanks.ClientDoerrun:
	 at beginning of run
15:46:33.847 [ClientDoer] TRACE tanks.ClientDoer - Communicator sleepWorker:
	 sleeping worker
15:46:33.848 [main] DEBUG TanksCommon.Communicator3 - Communicator constructor:
	 communicator created
15:46:33.848 [main] INFO  TanksCommon.Communicator3 - Communicator initializeSocket:
	 Socket initialized
15:46:33.848 [main] DEBUG TanksCommon.Communicator4 - Communicator constructor:
	 communicator created
15:46:33.848 [main] INFO  TanksCommon.Communicator4 - Communicator initializeSocket:
	 Socket initialized
15:46:33.848 [main] ERROR TanksCommon.Communicator4 - ERROR CREATING SOCKET:
	Port Number: 12006
15:46:33.850 [main] INFO  tanks.ClientDoer - BackgroundThread Start: 
	Thread Started
15:46:33.850 [ClientDoer] DEBUG tanks.ClientDoer - tanks.ClientDoerrun:
	 at beginning of run
15:46:33.850 [ClientDoer] TRACE tanks.ClientDoer - Communicator sleepWorker:
	 sleeping worker
15:46:33.897 [ClientDoer] DEBUG tanks.ClientDoer - tanks.ClientDoerrun:
	 at beginning of run
15:46:33.897 [ClientDoer] TRACE tanks.ClientDoer - Communicator sleepWorker:
	 sleeping worker
15:46:33.900 [ClientDoer] DEBUG tanks.ClientDoer - tanks.ClientDoerrun:
	 at beginning of run
15:46:33.900 [ClientDoer] TRACE tanks.ClientDoer - Communicator sleepWorker:
	 sleeping worker
15:46:33.947 [ClientDoer] DEBUG tanks.ClientDoer - tanks.ClientDoerrun:
	 at beginning of run
15:46:33.947 [ClientDoer] TRACE tanks.ClientDoer - Communicator sleepWorker:
	 sleeping worker
15:46:33.950 [ClientDoer] DEBUG tanks.ClientDoer - tanks.ClientDoerrun:
	 at beginning of run
15:46:33.950 [ClientDoer] TRACE tanks.ClientDoer - Communicator sleepWorker:
	 sleeping worker
15:46:33.997 [ClientDoer] DEBUG tanks.ClientDoer - tanks.ClientDoerrun:
	 at beginning of run
15:46:33.997 [ClientDoer] TRACE tanks.ClientDoer - Communicator sleepWorker:
	 sleeping worker
15:46:34.000 [ClientDoer] DEBUG tanks.ClientDoer - tanks.ClientDoerrun:
	 at beginning of run
15:46:34.000 [ClientDoer] TRACE tanks.ClientDoer - Communicator sleepWorker:
	 sleeping worker
15:46:34.047 [ClientDoer] DEBUG tanks.ClientDoer - tanks.ClientDoerrun:
	 at beginning of run
15:46:34.047 [ClientDoer] TRACE tanks.ClientDoer - Communicator sleepWorker:
	 sleeping worker
15:46:34.050 [ClientDoer] DEBUG tanks.ClientDoer - tanks.ClientDoerrun:
	 at beginning of run
15:46:34.050 [ClientDoer] TRACE tanks.ClientDoer - Communicator sleepWorker:
	 sleeping worker
15:46:34.097 [ClientDoer] DEBUG tanks.ClientDoer - tanks.ClientDoerrun:
	 at beginning of run
15:46:34.097 [ClientDoer] TRACE tanks.ClientDoer - Communicator sleepWorker:
	 sleeping worker
15:46:34.100 [ClientDoer] DEBUG tanks.ClientDoer - tanks.ClientDoerrun:
	 at beginning of run
15:46:34.100 [ClientDoer] TRACE tanks.ClientDoer - Communicator sleepWorker:
	 sleeping worker
15:46:34.147 [ClientDoer] DEBUG tanks.ClientDoer - tanks.ClientDoerrun:
	 at beginning of run
15:46:34.147 [ClientDoer] TRACE tanks.ClientDoer - Communicator sleepWorker:
	 sleeping worker
15:46:34.150 [ClientDoer] DEBUG tanks.ClientDoer - tanks.ClientDoerrun:
	 at beginning of run
15:46:34.150 [ClientDoer] TRACE tanks.ClientDoer - Communicator sleepWorker:
	 sleeping worker
15:46:34.197 [ClientDoer] DEBUG tanks.ClientDoer - tanks.ClientDoerrun:
	 at beginning of run
15:46:34.197 [ClientDoer] TRACE tanks.ClientDoer - Communicator sleepWorker:
	 sleeping worker
15:46:34.200 [ClientDoer] DEBUG tanks.ClientDoer - tanks.ClientDoerrun:
	 at beginning of run
15:46:34.200 [ClientDoer] TRACE tanks.ClientDoer - Communicator sleepWorker:
	 sleeping worker
15:46:34.247 [ClientDoer] DEBUG tanks.ClientDoer - tanks.ClientDoerrun:
	 at beginning of run
15:46:34.247 [ClientDoer] TRACE tanks.ClientDoer - Communicator sleepWorker:
	 sleeping worker
15:46:34.250 [ClientDoer] DEBUG tanks.ClientDoer - tanks.ClientDoerrun:
	 at beginning of run
15:46:34.250 [ClientDoer] TRACE tanks.ClientDoer - Communicator sleepWorker:
	 sleeping worker
15:46:34.297 [ClientDoer] DEBUG tanks.ClientDoer - tanks.ClientDoerrun:
	 at beginning of run
15:46:34.297 [ClientDoer] TRACE tanks.ClientDoer - Communicator sleepWorker:
	 sleeping worker
15:46:34.300 [ClientDoer] DEBUG tanks.ClientDoer - tanks.ClientDoerrun:
	 at beginning of run
15:46:34.300 [ClientDoer] TRACE tanks.ClientDoer - Communicator sleepWorker:
	 sleeping worker
15:46:34.347 [ClientDoer] DEBUG tanks.ClientDoer - tanks.ClientDoerrun:
	 at beginning of run
15:46:34.347 [ClientDoer] TRACE tanks.ClientDoer - Communicator sleepWorker:
	 sleeping worker
15:46:34.350 [ClientDoer] DEBUG tanks.ClientDoer - tanks.ClientDoerrun:
	 at beginning of run
15:46:34.350 [ClientDoer] TRACE tanks.ClientDoer - Communicator sleepWorker:
	 sleeping worker
15:46:34.350 [main] INFO  TanksCommon.Communicator3 - BackgroundThread Stop:
	 Thread Stopped
