19:28:28.388 [main] INFO  tanksfightmanager.StatsManager - StatsManager initialize
	initailized StatsManager. Set: 
		guid: TestGuidMOlsen
		managerName: TestManagerNameMOlsen
		operatorName: Mckinley Olsen
		operatorAddress: m.olsen@aggiemail.usu.edu
19:28:28.974 [main] INFO  tanksfightmanager.StatsManager - StatsManager initialize
	initailized StatsManager. Set: 
		guid: TestGuidMOlsen
		managerName: TestManagerNameMOlsen
		operatorName: Mckinley Olsen
		operatorAddress: m.olsen@aggiemail.usu.edu
19:28:30.065 [main] INFO  tanksfightmanager.StatsManager - StatsManager initialize
	initailized StatsManager. Set: 
		guid: TestGuidMOlsen
		managerName: TestManagerNameMOlsen
		operatorName: Mckinley Olsen
		operatorAddress: m.olsen@aggiemail.usu.edu
19:28:30.432 [main] INFO  tanksfightmanager.StatsManager - StatsManager initialize
	initailized StatsManager. Set: 
		guid: TestGuidMOlsen
		managerName: TestManagerNameMOlsen
		operatorName: Mckinley Olsen
		operatorAddress: m.olsen@aggiemail.usu.edu
19:28:30.837 [main] INFO  tanksfightmanager.StatsManager - StatsManager initialize
	initailized StatsManager. Set: 
		guid: TestGuidMOlsen
		managerName: TestManagerNameMOlsen
		operatorName: Mckinley Olsen
		operatorAddress: m.olsen@aggiemail.usu.edu
19:28:31.255 [main] INFO  tanksfightmanager.StatsManager - StatsManager initialize
	initailized StatsManager. Set: 
		guid: TestGuidMOlsen
		managerName: TestManagerNameMOlsen
		operatorName: Mckinley Olsen
		operatorAddress: m.olsen@aggiemail.usu.edu
19:28:31.758 [main] INFO  tanksfightmanager.StatsManager - StatsManager initialize
	initailized StatsManager. Set: 
		guid: TestGuidMOlsen
		managerName: TestManagerNameMOlsen
		operatorName: Mckinley Olsen
		operatorAddress: m.olsen@aggiemail.usu.edu
19:28:31.942 [main] INFO  tanksfightmanager.StatsManager - StatsManager initialize
	initailized StatsManager. Set: 
		guid: TestGuidMOlsen
		managerName: TestManagerNameMOlsen
		operatorName: Mckinley Olsen
		operatorAddress: m.olsen@aggiemail.usu.edu
19:28:32.243 [main] INFO  tanksfightmanager.StatsManager - StatsManager initialize
	initailized StatsManager. Set: 
		guid: TestGuidMOlsen
		managerName: TestManagerNameMOlsen
		operatorName: Mckinley Olsen
		operatorAddress: m.olsen@aggiemail.usu.edu
19:28:32.672 [main] INFO  tanksfightmanager.StatsManager - StatsManager initialize
	initailized StatsManager. Set: 
		guid: TestGuidMOlsen
		managerName: TestManagerNameMOlsen
		operatorName: Mckinley Olsen
		operatorAddress: m.olsen@aggiemail.usu.edu
19:28:32.906 [main] INFO  tanksfightmanager.StatsManager - StatsManager initialize
	initailized StatsManager. Set: 
		guid: TestGuidMOlsen
		managerName: TestManagerNameMOlsen
		operatorName: Mckinley Olsen
		operatorAddress: m.olsen@aggiemail.usu.edu
19:28:33.464 [main] INFO  tanksfightmanager.StatsManager - StatsManager initialize
	initailized StatsManager. Set: 
		guid: TestGuidMOlsen
		managerName: TestManagerNameMOlsen
		operatorName: Mckinley Olsen
		operatorAddress: m.olsen@aggiemail.usu.edu
19:28:33.786 [main] INFO  tanksfightmanager.StatsManager - StatsManager initialize
	initailized StatsManager. Set: 
		guid: TestGuidMOlsen
		managerName: TestManagerNameMOlsen
		operatorName: Mckinley Olsen
		operatorAddress: m.olsen@aggiemail.usu.edu
19:28:34.157 [main] INFO  tanksfightmanager.StatsManager - StatsManager initialize
	initailized StatsManager. Set: 
		guid: TestGuidMOlsen
		managerName: TestManagerNameMOlsen
		operatorName: Mckinley Olsen
		operatorAddress: m.olsen@aggiemail.usu.edu
19:28:34.538 [main] INFO  tanksfightmanager.StatsManager - StatsManager initialize
	initailized StatsManager. Set: 
		guid: TestGuidMOlsen
		managerName: TestManagerNameMOlsen
		operatorName: Mckinley Olsen
		operatorAddress: m.olsen@aggiemail.usu.edu
19:28:34.805 [main] INFO  tanksfightmanager.StatsManager - StatsManager initialize
	initailized StatsManager. Set: 
		guid: TestGuidMOlsen
		managerName: TestManagerNameMOlsen
		operatorName: Mckinley Olsen
		operatorAddress: m.olsen@aggiemail.usu.edu
19:28:35.025 [main] INFO  tanksfightmanager.StatsManager - StatsManager initialize
	initailized StatsManager. Set: 
		guid: TestGuidMOlsen
		managerName: TestManagerNameMOlsen
		operatorName: Mckinley Olsen
		operatorAddress: m.olsen@aggiemail.usu.edu
19:28:35.187 [main] INFO  tanksfightmanager.StatsManager - StatsManager initialize
	initailized StatsManager. Set: 
		guid: TestGuidMOlsen
		managerName: TestManagerNameMOlsen
		operatorName: Mckinley Olsen
		operatorAddress: m.olsen@aggiemail.usu.edu
19:28:35.614 [main] INFO  tanksfightmanager.StatsManager - StatsManager initialize
	initailized StatsManager. Set: 
		guid: TestGuidMOlsen
		managerName: TestManagerNameMOlsen
		operatorName: Mckinley Olsen
		operatorAddress: m.olsen@aggiemail.usu.edu
19:28:35.823 [main] INFO  tanksfightmanager.StatsManager - StatsManager initialize
	initailized StatsManager. Set: 
		guid: TestGuidMOlsen
		managerName: TestManagerNameMOlsen
		operatorName: Mckinley Olsen
		operatorAddress: m.olsen@aggiemail.usu.edu
19:28:37.258 [main] INFO  tanksfightmanager.StatsManager - StatsManager initialize
	initailized StatsManager. Set: 
		guid: TestGuidMOlsen
		managerName: TestManagerNameMOlsen
		operatorName: Mckinley Olsen
		operatorAddress: m.olsen@aggiemail.usu.edu
19:28:37.322 [main] INFO  tanksfightmanager.StatsManager - StatsManager initialize
	initailized StatsManager. Set: 
		guid: TestGuidMOlsen
		managerName: TestManagerNameMOlsen
		operatorName: Mckinley Olsen
		operatorAddress: m.olsen@aggiemail.usu.edu
19:28:37.431 [main] INFO  tanksfightmanager.StatsManager - StatsManager initialize
	initailized StatsManager. Set: 
		guid: TestGuidMOlsen
		managerName: TestManagerNameMOlsen
		operatorName: Mckinley Olsen
		operatorAddress: m.olsen@aggiemail.usu.edu
19:28:37.592 [main] INFO  tanksfightmanager.StatsManager - StatsManager initialize
	initailized StatsManager. Set: 
		guid: TestGuidMOlsen
		managerName: TestManagerNameMOlsen
		operatorName: Mckinley Olsen
		operatorAddress: m.olsen@aggiemail.usu.edu
19:28:37.744 [main] INFO  tanksfightmanager.StatsManager - StatsManager initialize
	initailized StatsManager. Set: 
		guid: TestGuidMOlsen
		managerName: TestManagerNameMOlsen
		operatorName: Mckinley Olsen
		operatorAddress: m.olsen@aggiemail.usu.edu
19:28:37.827 [main] INFO  tanksfightmanager.StatsManager - StatsManager initialize
	initailized StatsManager. Set: 
		guid: TestGuidMOlsen
		managerName: TestManagerNameMOlsen
		operatorName: Mckinley Olsen
		operatorAddress: m.olsen@aggiemail.usu.edu
19:28:37.975 [main] INFO  tanksfightmanager.StatsManager - StatsManager incrementNumberOfPlayers
	incremented current number of players to: 1
19:28:37.975 [main] INFO  tanksfightmanager.StatsManager - StatsManager incrementNumberOfPlayers
	set max number of players to: 1
19:28:37.975 [main] INFO  tanksfightmanager.StatsManager - StatsManager incrementNumberOfPlayers
	incremented current number of players to: 2
19:28:37.975 [main] INFO  tanksfightmanager.StatsManager - StatsManager incrementNumberOfPlayers
	set max number of players to: 2
19:28:37.975 [main] INFO  tanksfightmanager.StatsManager - StatsManager incrementNumberOfPlayers
	incremented current number of players to: 3
19:28:37.975 [main] INFO  tanksfightmanager.StatsManager - StatsManager incrementNumberOfPlayers
	set max number of players to: 3
19:28:37.975 [main] INFO  tanksfightmanager.StatsManager - StatsManager incrementNumberOfPlayers
	incremented current number of players to: 4
19:28:37.975 [main] INFO  tanksfightmanager.StatsManager - StatsManager incrementNumberOfPlayers
	set max number of players to: 4
19:28:37.975 [main] INFO  tanksfightmanager.StatsManager - StatsManager incrementNumberOfPlayers
	incremented current number of players to: 5
19:28:37.975 [main] INFO  tanksfightmanager.StatsManager - StatsManager incrementNumberOfPlayers
	set max number of players to: 5
19:28:37.975 [main] INFO  tanksfightmanager.StatsManager - StatsManager incrementNumberOfPlayers
	incremented current number of players to: 6
19:28:37.975 [main] INFO  tanksfightmanager.StatsManager - StatsManager incrementNumberOfPlayers
	set max number of players to: 6
19:28:37.975 [main] INFO  tanksfightmanager.StatsManager - StatsManager incrementNumberOfPlayers
	incremented current number of players to: 7
19:28:37.975 [main] INFO  tanksfightmanager.StatsManager - StatsManager incrementNumberOfPlayers
	set max number of players to: 7
19:28:37.975 [main] INFO  tanksfightmanager.StatsManager - StatsManager incrementNumberOfPlayers
	incremented current number of players to: 8
19:28:37.975 [main] INFO  tanksfightmanager.StatsManager - StatsManager incrementNumberOfPlayers
	set max number of players to: 8
19:28:37.975 [main] INFO  tanksfightmanager.StatsManager - StatsManager incrementNumberOfPlayers
	incremented current number of players to: 9
19:28:37.975 [main] INFO  tanksfightmanager.StatsManager - StatsManager incrementNumberOfPlayers
	set max number of players to: 9
19:28:37.975 [main] INFO  tanksfightmanager.StatsManager - StatsManager incrementNumberOfPlayers
	incremented current number of players to: 10
19:28:37.975 [main] INFO  tanksfightmanager.StatsManager - StatsManager incrementNumberOfPlayers
	set max number of players to: 10
19:28:37.975 [main] INFO  tanksfightmanager.StatsManager - StatsManager incrementNumberOfPlayers
	incremented current number of players to: 11
19:28:37.975 [main] INFO  tanksfightmanager.StatsManager - StatsManager incrementNumberOfPlayers
	set max number of players to: 11
19:28:37.975 [main] INFO  tanksfightmanager.StatsManager - StatsManager incrementNumberOfPlayers
	incremented current number of players to: 12
19:28:37.975 [main] INFO  tanksfightmanager.StatsManager - StatsManager incrementNumberOfPlayers
	set max number of players to: 12
19:28:37.976 [main] INFO  tanksfightmanager.StatsManager - StatsManager incrementNumberOfPlayers
	incremented current number of players to: 13
19:28:37.976 [main] INFO  tanksfightmanager.StatsManager - StatsManager incrementNumberOfPlayers
	set max number of players to: 13
19:28:37.976 [main] INFO  tanksfightmanager.StatsManager - StatsManager incrementNumberOfPlayers
	incremented current number of players to: 14
19:28:37.976 [main] INFO  tanksfightmanager.StatsManager - StatsManager incrementNumberOfPlayers
	set max number of players to: 14
19:28:37.976 [main] INFO  tanksfightmanager.StatsManager - StatsManager incrementNumberOfPlayers
	incremented current number of players to: 15
19:28:37.976 [main] INFO  tanksfightmanager.StatsManager - StatsManager incrementNumberOfPlayers
	set max number of players to: 15
19:28:37.976 [main] INFO  tanksfightmanager.StatsManager - StatsManager incrementNumberOfPlayers
	incremented current number of players to: 16
19:28:37.976 [main] INFO  tanksfightmanager.StatsManager - StatsManager incrementNumberOfPlayers
	set max number of players to: 16
19:28:37.976 [main] INFO  tanksfightmanager.StatsManager - StatsManager incrementNumberOfPlayers
	incremented current number of players to: 17
19:28:37.976 [main] INFO  tanksfightmanager.StatsManager - StatsManager incrementNumberOfPlayers
	set max number of players to: 17
19:28:37.976 [main] INFO  tanksfightmanager.StatsManager - StatsManager incrementNumberOfPlayers
	incremented current number of players to: 18
19:28:37.976 [main] INFO  tanksfightmanager.StatsManager - StatsManager incrementNumberOfPlayers
	set max number of players to: 18
19:28:37.976 [main] INFO  tanksfightmanager.StatsManager - StatsManager incrementNumberOfPlayers
	incremented current number of players to: 19
19:28:37.976 [main] INFO  tanksfightmanager.StatsManager - StatsManager incrementNumberOfPlayers
	set max number of players to: 19
19:28:37.976 [main] INFO  tanksfightmanager.StatsManager - StatsManager incrementNumberOfPlayers
	incremented current number of players to: 20
19:28:37.976 [main] INFO  tanksfightmanager.StatsManager - StatsManager incrementNumberOfPlayers
	set max number of players to: 20
19:28:37.976 [main] INFO  tanksfightmanager.StatsManager - StatsManager incrementNumberOfPlayers
	incremented current number of players to: 21
19:28:37.976 [main] INFO  tanksfightmanager.StatsManager - StatsManager incrementNumberOfPlayers
	set max number of players to: 21
19:28:37.976 [main] INFO  tanksfightmanager.StatsManager - StatsManager incrementNumberOfPlayers
	incremented current number of players to: 22
19:28:37.976 [main] INFO  tanksfightmanager.StatsManager - StatsManager incrementNumberOfPlayers
	set max number of players to: 22
19:28:37.976 [main] INFO  tanksfightmanager.StatsManager - StatsManager incrementNumberOfPlayers
	incremented current number of players to: 23
19:28:37.976 [main] INFO  tanksfightmanager.StatsManager - StatsManager incrementNumberOfPlayers
	set max number of players to: 23
19:28:37.976 [main] INFO  tanksfightmanager.StatsManager - StatsManager incrementNumberOfPlayers
	incremented current number of players to: 24
19:28:37.976 [main] INFO  tanksfightmanager.StatsManager - StatsManager incrementNumberOfPlayers
	set max number of players to: 24
19:28:37.976 [main] INFO  tanksfightmanager.StatsManager - StatsManager incrementNumberOfPlayers
	incremented current number of players to: 25
19:28:37.976 [main] INFO  tanksfightmanager.StatsManager - StatsManager incrementNumberOfPlayers
	set max number of players to: 25
19:28:37.976 [main] INFO  tanksfightmanager.StatsManager - StatsManager incrementNumberOfPlayers
	incremented current number of players to: 26
19:28:37.976 [main] INFO  tanksfightmanager.StatsManager - StatsManager incrementNumberOfPlayers
	set max number of players to: 26
19:28:37.981 [main] INFO  tanksfightmanager.StatsManager - StatsManager initialize
	initailized StatsManager. Set: 
		guid: TestGuidMOlsen
		managerName: TestManagerNameMOlsen
		operatorName: Mckinley Olsen
		operatorAddress: m.olsen@aggiemail.usu.edu
19:28:38.262 [main] INFO  tanksfightmanager.StatsManager - StatsManager initialize
	initailized StatsManager. Set: 
		guid: TestGuidMOlsen
		managerName: TestManagerNameMOlsen
		operatorName: Mckinley Olsen
		operatorAddress: m.olsen@aggiemail.usu.edu
19:28:38.840 [main] INFO  tanksfightmanager.StatsManager - StatsManager initialize
	initailized StatsManager. Set: 
		guid: TestGuidMOlsen
		managerName: TestManagerNameMOlsen
		operatorName: Mckinley Olsen
		operatorAddress: m.olsen@aggiemail.usu.edu
19:28:39.015 [main] INFO  tanksfightmanager.StatsManager - StatsManager initialize
	initailized StatsManager. Set: 
		guid: TestGuidMOlsen
		managerName: TestManagerNameMOlsen
		operatorName: Mckinley Olsen
		operatorAddress: m.olsen@aggiemail.usu.edu
19:28:39.171 [main] INFO  tanksfightmanager.StatsManager - StatsManager initialize
	initailized StatsManager. Set: 
		guid: TestGuidMOlsen
		managerName: TestManagerNameMOlsen
		operatorName: Mckinley Olsen
		operatorAddress: m.olsen@aggiemail.usu.edu
19:28:39.554 [main] INFO  tanksfightmanager.StatsManager - StatsManager register
	registered with service without exception. Received result: SUCCESS
