19:22:11.338 [main] INFO  tanksfightmanager.StatsManager - StatsManager initialize
	initailized StatsManager. Set: 
		guid: TestGuidMOlsen
		managerName: TestManagerNameMOlsen
		operatorName: Mckinley Olsen
		operatorAddress: m.olsen@aggiemail.usu.edu
19:22:12.247 [main] INFO  tanksfightmanager.StatsManager - StatsManager register
	registered with service without exception. Received result: SUCCESS
19:22:12.249 [main] INFO  tanksfightmanager.StatsManager - StatsManager initialize
	initailized StatsManager. Set: 
		guid: TestGuidMOlsen
		managerName: TestManagerNameMOlsen
		operatorName: Mckinley Olsen
		operatorAddress: m.olsen@aggiemail.usu.edu
19:22:12.430 [main] INFO  tanksfightmanager.StatsManager - StatsManager initialize
	initailized StatsManager. Set: 
		guid: TestGuidMOlsen
		managerName: TestManagerNameMOlsen
		operatorName: Mckinley Olsen
		operatorAddress: m.olsen@aggiemail.usu.edu
19:22:12.524 [main] INFO  tanksfightmanager.StatsManager - StatsManager initialize
	initailized StatsManager. Set: 
		guid: TestGuidMOlsen
		managerName: TestManagerNameMOlsen
		operatorName: Mckinley Olsen
		operatorAddress: m.olsen@aggiemail.usu.edu
19:22:12.734 [main] INFO  tanksfightmanager.StatsManager - StatsManager initialize
	initailized StatsManager. Set: 
		guid: TestGuidMOlsen
		managerName: TestManagerNameMOlsen
		operatorName: Mckinley Olsen
		operatorAddress: m.olsen@aggiemail.usu.edu
19:22:13.328 [main] INFO  tanksfightmanager.StatsManager - StatsManager initialize
	initailized StatsManager. Set: 
		guid: TestGuidMOlsen
		managerName: TestManagerNameMOlsen
		operatorName: Mckinley Olsen
		operatorAddress: m.olsen@aggiemail.usu.edu
19:22:13.488 [main] INFO  tanksfightmanager.StatsManager - StatsManager initialize
	initailized StatsManager. Set: 
		guid: TestGuidMOlsen
		managerName: TestManagerNameMOlsen
		operatorName: Mckinley Olsen
		operatorAddress: m.olsen@aggiemail.usu.edu
19:22:13.674 [main] INFO  tanksfightmanager.StatsManager - StatsManager initialize
	initailized StatsManager. Set: 
		guid: TestGuidMOlsen
		managerName: TestManagerNameMOlsen
		operatorName: Mckinley Olsen
		operatorAddress: m.olsen@aggiemail.usu.edu
19:22:13.943 [main] INFO  tanksfightmanager.StatsManager - StatsManager initialize
	initailized StatsManager. Set: 
		guid: TestGuidMOlsen
		managerName: TestManagerNameMOlsen
		operatorName: Mckinley Olsen
		operatorAddress: m.olsen@aggiemail.usu.edu
19:22:14.347 [main] INFO  tanksfightmanager.StatsManager - StatsManager initialize
	initailized StatsManager. Set: 
		guid: TestGuidMOlsen
		managerName: TestManagerNameMOlsen
		operatorName: Mckinley Olsen
		operatorAddress: m.olsen@aggiemail.usu.edu
19:22:14.529 [main] INFO  tanksfightmanager.StatsManager - StatsManager initialize
	initailized StatsManager. Set: 
		guid: TestGuidMOlsen
		managerName: TestManagerNameMOlsen
		operatorName: Mckinley Olsen
		operatorAddress: m.olsen@aggiemail.usu.edu
19:22:14.818 [main] INFO  tanksfightmanager.StatsManager - StatsManager initialize
	initailized StatsManager. Set: 
		guid: TestGuidMOlsen
		managerName: TestManagerNameMOlsen
		operatorName: Mckinley Olsen
		operatorAddress: m.olsen@aggiemail.usu.edu
19:22:15.100 [main] INFO  tanksfightmanager.StatsManager - StatsManager initialize
	initailized StatsManager. Set: 
		guid: TestGuidMOlsen
		managerName: TestManagerNameMOlsen
		operatorName: Mckinley Olsen
		operatorAddress: m.olsen@aggiemail.usu.edu
19:22:15.358 [main] INFO  tanksfightmanager.StatsManager - StatsManager initialize
	initailized StatsManager. Set: 
		guid: TestGuidMOlsen
		managerName: TestManagerNameMOlsen
		operatorName: Mckinley Olsen
		operatorAddress: m.olsen@aggiemail.usu.edu
19:22:15.525 [main] INFO  tanksfightmanager.StatsManager - StatsManager initialize
	initailized StatsManager. Set: 
		guid: TestGuidMOlsen
		managerName: TestManagerNameMOlsen
		operatorName: Mckinley Olsen
		operatorAddress: m.olsen@aggiemail.usu.edu
19:22:15.811 [main] INFO  tanksfightmanager.StatsManager - StatsManager initialize
	initailized StatsManager. Set: 
		guid: TestGuidMOlsen
		managerName: TestManagerNameMOlsen
		operatorName: Mckinley Olsen
		operatorAddress: m.olsen@aggiemail.usu.edu
19:22:16.098 [main] INFO  tanksfightmanager.StatsManager - StatsManager initialize
	initailized StatsManager. Set: 
		guid: TestGuidMOlsen
		managerName: TestManagerNameMOlsen
		operatorName: Mckinley Olsen
		operatorAddress: m.olsen@aggiemail.usu.edu
19:22:16.944 [main] INFO  tanksfightmanager.StatsManager - StatsManager initialize
	initailized StatsManager. Set: 
		guid: TestGuidMOlsen
		managerName: TestManagerNameMOlsen
		operatorName: Mckinley Olsen
		operatorAddress: m.olsen@aggiemail.usu.edu
19:22:17.250 [main] INFO  tanksfightmanager.StatsManager - StatsManager initialize
	initailized StatsManager. Set: 
		guid: TestGuidMOlsen
		managerName: TestManagerNameMOlsen
		operatorName: Mckinley Olsen
		operatorAddress: m.olsen@aggiemail.usu.edu
19:22:17.476 [main] INFO  tanksfightmanager.StatsManager - StatsManager initialize
	initailized StatsManager. Set: 
		guid: TestGuidMOlsen
		managerName: TestManagerNameMOlsen
		operatorName: Mckinley Olsen
		operatorAddress: m.olsen@aggiemail.usu.edu
19:22:17.773 [main] INFO  tanksfightmanager.StatsManager - StatsManager initialize
	initailized StatsManager. Set: 
		guid: TestGuidMOlsen
		managerName: TestManagerNameMOlsen
		operatorName: Mckinley Olsen
		operatorAddress: m.olsen@aggiemail.usu.edu
19:22:17.963 [main] INFO  tanksfightmanager.StatsManager - StatsManager initialize
	initailized StatsManager. Set: 
		guid: TestGuidMOlsen
		managerName: TestManagerNameMOlsen
		operatorName: Mckinley Olsen
		operatorAddress: m.olsen@aggiemail.usu.edu
19:22:18.234 [main] INFO  tanksfightmanager.StatsManager - StatsManager initialize
	initailized StatsManager. Set: 
		guid: TestGuidMOlsen
		managerName: TestManagerNameMOlsen
		operatorName: Mckinley Olsen
		operatorAddress: m.olsen@aggiemail.usu.edu
19:22:18.622 [main] INFO  tanksfightmanager.StatsManager - StatsManager initialize
	initailized StatsManager. Set: 
		guid: TestGuidMOlsen
		managerName: TestManagerNameMOlsen
		operatorName: Mckinley Olsen
		operatorAddress: m.olsen@aggiemail.usu.edu
19:22:18.886 [main] INFO  tanksfightmanager.StatsManager - StatsManager initialize
	initailized StatsManager. Set: 
		guid: TestGuidMOlsen
		managerName: TestManagerNameMOlsen
		operatorName: Mckinley Olsen
		operatorAddress: m.olsen@aggiemail.usu.edu
19:22:19.078 [main] INFO  tanksfightmanager.StatsManager - StatsManager initialize
	initailized StatsManager. Set: 
		guid: TestGuidMOlsen
		managerName: TestManagerNameMOlsen
		operatorName: Mckinley Olsen
		operatorAddress: m.olsen@aggiemail.usu.edu
19:22:19.280 [main] INFO  tanksfightmanager.StatsManager - StatsManager initialize
	initailized StatsManager. Set: 
		guid: TestGuidMOlsen
		managerName: TestManagerNameMOlsen
		operatorName: Mckinley Olsen
		operatorAddress: m.olsen@aggiemail.usu.edu
19:22:19.653 [main] INFO  tanksfightmanager.StatsManager - StatsManager initialize
	initailized StatsManager. Set: 
		guid: TestGuidMOlsen
		managerName: TestManagerNameMOlsen
		operatorName: Mckinley Olsen
		operatorAddress: m.olsen@aggiemail.usu.edu
19:22:19.921 [main] INFO  tanksfightmanager.StatsManager - StatsManager incrementNumberOfPlayers
	incremented current number of players to: 1
19:22:19.921 [main] INFO  tanksfightmanager.StatsManager - StatsManager incrementNumberOfPlayers
	set max number of players to: 1
19:22:19.921 [main] INFO  tanksfightmanager.StatsManager - StatsManager incrementNumberOfPlayers
	incremented current number of players to: 2
19:22:19.921 [main] INFO  tanksfightmanager.StatsManager - StatsManager incrementNumberOfPlayers
	set max number of players to: 2
19:22:19.921 [main] INFO  tanksfightmanager.StatsManager - StatsManager incrementNumberOfPlayers
	incremented current number of players to: 3
19:22:19.922 [main] INFO  tanksfightmanager.StatsManager - StatsManager incrementNumberOfPlayers
	set max number of players to: 3
19:22:19.922 [main] INFO  tanksfightmanager.StatsManager - StatsManager incrementNumberOfPlayers
	incremented current number of players to: 4
19:22:19.922 [main] INFO  tanksfightmanager.StatsManager - StatsManager incrementNumberOfPlayers
	set max number of players to: 4
19:22:19.922 [main] INFO  tanksfightmanager.StatsManager - StatsManager incrementNumberOfPlayers
	incremented current number of players to: 5
19:22:19.922 [main] INFO  tanksfightmanager.StatsManager - StatsManager incrementNumberOfPlayers
	set max number of players to: 5
19:22:19.922 [main] INFO  tanksfightmanager.StatsManager - StatsManager incrementNumberOfPlayers
	incremented current number of players to: 6
19:22:19.922 [main] INFO  tanksfightmanager.StatsManager - StatsManager incrementNumberOfPlayers
	set max number of players to: 6
19:22:19.922 [main] INFO  tanksfightmanager.StatsManager - StatsManager incrementNumberOfPlayers
	incremented current number of players to: 7
19:22:19.922 [main] INFO  tanksfightmanager.StatsManager - StatsManager incrementNumberOfPlayers
	set max number of players to: 7
19:22:19.922 [main] INFO  tanksfightmanager.StatsManager - StatsManager incrementNumberOfPlayers
	incremented current number of players to: 8
19:22:19.922 [main] INFO  tanksfightmanager.StatsManager - StatsManager incrementNumberOfPlayers
	set max number of players to: 8
19:22:19.922 [main] INFO  tanksfightmanager.StatsManager - StatsManager incrementNumberOfPlayers
	incremented current number of players to: 9
19:22:19.922 [main] INFO  tanksfightmanager.StatsManager - StatsManager incrementNumberOfPlayers
	set max number of players to: 9
19:22:19.922 [main] INFO  tanksfightmanager.StatsManager - StatsManager incrementNumberOfPlayers
	incremented current number of players to: 10
19:22:19.922 [main] INFO  tanksfightmanager.StatsManager - StatsManager incrementNumberOfPlayers
	set max number of players to: 10
19:22:19.922 [main] INFO  tanksfightmanager.StatsManager - StatsManager incrementNumberOfPlayers
	incremented current number of players to: 11
19:22:19.922 [main] INFO  tanksfightmanager.StatsManager - StatsManager incrementNumberOfPlayers
	set max number of players to: 11
19:22:19.922 [main] INFO  tanksfightmanager.StatsManager - StatsManager incrementNumberOfPlayers
	incremented current number of players to: 12
19:22:19.922 [main] INFO  tanksfightmanager.StatsManager - StatsManager incrementNumberOfPlayers
	set max number of players to: 12
19:22:19.922 [main] INFO  tanksfightmanager.StatsManager - StatsManager incrementNumberOfPlayers
	incremented current number of players to: 13
19:22:19.922 [main] INFO  tanksfightmanager.StatsManager - StatsManager incrementNumberOfPlayers
	set max number of players to: 13
19:22:19.922 [main] INFO  tanksfightmanager.StatsManager - StatsManager incrementNumberOfPlayers
	incremented current number of players to: 14
19:22:19.922 [main] INFO  tanksfightmanager.StatsManager - StatsManager incrementNumberOfPlayers
	set max number of players to: 14
19:22:19.922 [main] INFO  tanksfightmanager.StatsManager - StatsManager incrementNumberOfPlayers
	incremented current number of players to: 15
19:22:19.922 [main] INFO  tanksfightmanager.StatsManager - StatsManager incrementNumberOfPlayers
	set max number of players to: 15
19:22:19.922 [main] INFO  tanksfightmanager.StatsManager - StatsManager incrementNumberOfPlayers
	incremented current number of players to: 16
19:22:19.922 [main] INFO  tanksfightmanager.StatsManager - StatsManager incrementNumberOfPlayers
	set max number of players to: 16
19:22:19.922 [main] INFO  tanksfightmanager.StatsManager - StatsManager incrementNumberOfPlayers
	incremented current number of players to: 17
19:22:19.922 [main] INFO  tanksfightmanager.StatsManager - StatsManager incrementNumberOfPlayers
	set max number of players to: 17
19:22:19.923 [main] INFO  tanksfightmanager.StatsManager - StatsManager incrementNumberOfPlayers
	incremented current number of players to: 18
19:22:19.923 [main] INFO  tanksfightmanager.StatsManager - StatsManager incrementNumberOfPlayers
	set max number of players to: 18
19:22:19.923 [main] INFO  tanksfightmanager.StatsManager - StatsManager incrementNumberOfPlayers
	incremented current number of players to: 19
19:22:19.923 [main] INFO  tanksfightmanager.StatsManager - StatsManager incrementNumberOfPlayers
	set max number of players to: 19
19:22:19.923 [main] INFO  tanksfightmanager.StatsManager - StatsManager incrementNumberOfPlayers
	incremented current number of players to: 20
19:22:19.923 [main] INFO  tanksfightmanager.StatsManager - StatsManager incrementNumberOfPlayers
	set max number of players to: 20
19:22:19.923 [main] INFO  tanksfightmanager.StatsManager - StatsManager incrementNumberOfPlayers
	incremented current number of players to: 21
19:22:19.923 [main] INFO  tanksfightmanager.StatsManager - StatsManager incrementNumberOfPlayers
	set max number of players to: 21
19:22:19.923 [main] INFO  tanksfightmanager.StatsManager - StatsManager incrementNumberOfPlayers
	incremented current number of players to: 22
19:22:19.923 [main] INFO  tanksfightmanager.StatsManager - StatsManager incrementNumberOfPlayers
	set max number of players to: 22
19:22:19.923 [main] INFO  tanksfightmanager.StatsManager - StatsManager incrementNumberOfPlayers
	incremented current number of players to: 23
19:22:19.923 [main] INFO  tanksfightmanager.StatsManager - StatsManager incrementNumberOfPlayers
	set max number of players to: 23
19:22:19.923 [main] INFO  tanksfightmanager.StatsManager - StatsManager incrementNumberOfPlayers
	incremented current number of players to: 24
19:22:19.923 [main] INFO  tanksfightmanager.StatsManager - StatsManager incrementNumberOfPlayers
	set max number of players to: 24
19:22:19.923 [main] INFO  tanksfightmanager.StatsManager - StatsManager incrementNumberOfPlayers
	incremented current number of players to: 25
19:22:19.923 [main] INFO  tanksfightmanager.StatsManager - StatsManager incrementNumberOfPlayers
	set max number of players to: 25
19:22:19.923 [main] INFO  tanksfightmanager.StatsManager - StatsManager incrementNumberOfPlayers
	incremented current number of players to: 26
19:22:19.923 [main] INFO  tanksfightmanager.StatsManager - StatsManager incrementNumberOfPlayers
	set max number of players to: 26
19:22:19.923 [main] INFO  tanksfightmanager.StatsManager - StatsManager incrementNumberOfPlayers
	incremented current number of players to: 27
19:22:19.923 [main] INFO  tanksfightmanager.StatsManager - StatsManager incrementNumberOfPlayers
	set max number of players to: 27
19:22:19.923 [main] INFO  tanksfightmanager.StatsManager - StatsManager incrementNumberOfPlayers
	incremented current number of players to: 28
19:22:19.929 [main] INFO  tanksfightmanager.StatsManager - StatsManager incrementNumberOfPlayers
	set max number of players to: 28
19:22:19.933 [main] INFO  tanksfightmanager.StatsManager - StatsManager initialize
	initailized StatsManager. Set: 
		guid: TestGuidMOlsen
		managerName: TestManagerNameMOlsen
		operatorName: Mckinley Olsen
		operatorAddress: m.olsen@aggiemail.usu.edu
19:22:20.397 [main] INFO  tanksfightmanager.StatsManager - StatsManager initialize
	initailized StatsManager. Set: 
		guid: TestGuidMOlsen
		managerName: TestManagerNameMOlsen
		operatorName: Mckinley Olsen
		operatorAddress: m.olsen@aggiemail.usu.edu
19:22:20.712 [main] INFO  tanksfightmanager.StatsManager - StatsManager initialize
	initailized StatsManager. Set: 
		guid: TestGuidMOlsen
		managerName: TestManagerNameMOlsen
		operatorName: Mckinley Olsen
		operatorAddress: m.olsen@aggiemail.usu.edu
