20:59:27.890 [main] INFO  tanksfightmanager.StatsManager - StatsManager initialize
	initailized StatsManager. Set: 
		guid: TestGuidMOlsen
		managerName: TestManagerNameMOlsen
		operatorName: Mckinley Olsen
		operatorAddress: m.olsen@aggiemail.usu.edu
20:59:28.036 [main] INFO  tanksfightmanager.StatsManager - StatsManager setCurrentNumberOfPlayers
	changed current number of players to: 1
20:59:28.036 [main] INFO  tanksfightmanager.StatsManager - StatsManager setCurrentNumberOfPlayers
	set max number of players to: 1
20:59:28.159 [main] INFO  tanksfightmanager.StatsManager - StatsManager initialize
	initailized StatsManager. Set: 
		guid: TestGuidMOlsen
		managerName: TestManagerNameMOlsen
		operatorName: Mckinley Olsen
		operatorAddress: m.olsen@aggiemail.usu.edu
20:59:28.209 [main] INFO  tanksfightmanager.StatsManager - StatsManager setCurrentNumberOfPlayers
	changed current number of players to: 1
20:59:28.209 [main] INFO  tanksfightmanager.StatsManager - StatsManager setCurrentNumberOfPlayers
	changed current number of players to: 1
20:59:28.210 [main] INFO  tanksfightmanager.StatsManager - StatsManager initialize
	initailized StatsManager. Set: 
		guid: TestGuidMOlsen
		managerName: TestManagerNameMOlsen
		operatorName: Mckinley Olsen
		operatorAddress: m.olsen@aggiemail.usu.edu
20:59:28.268 [main] INFO  tanksfightmanager.StatsManager - StatsManager setCurrentNumberOfPlayers
	changed current number of players to: 1
20:59:28.268 [main] INFO  tanksfightmanager.StatsManager - StatsManager setCurrentNumberOfPlayers
	changed current number of players to: 1
20:59:28.268 [main] INFO  tanksfightmanager.StatsManager - StatsManager setCurrentNumberOfPlayers
	changed current number of players to: 1
20:59:28.269 [main] INFO  tanksfightmanager.StatsManager - StatsManager initialize
	initailized StatsManager. Set: 
		guid: TestGuidMOlsen
		managerName: TestManagerNameMOlsen
		operatorName: Mckinley Olsen
		operatorAddress: m.olsen@aggiemail.usu.edu
20:59:28.327 [main] INFO  tanksfightmanager.StatsManager - StatsManager setCurrentNumberOfPlayers
	changed current number of players to: 1
20:59:28.327 [main] INFO  tanksfightmanager.StatsManager - StatsManager setCurrentNumberOfPlayers
	changed current number of players to: 1
20:59:28.327 [main] INFO  tanksfightmanager.StatsManager - StatsManager setCurrentNumberOfPlayers
	changed current number of players to: 1
20:59:28.327 [main] INFO  tanksfightmanager.StatsManager - StatsManager setCurrentNumberOfPlayers
	changed current number of players to: 1
20:59:28.328 [main] INFO  tanksfightmanager.StatsManager - StatsManager initialize
	initailized StatsManager. Set: 
		guid: TestGuidMOlsen
		managerName: TestManagerNameMOlsen
		operatorName: Mckinley Olsen
		operatorAddress: m.olsen@aggiemail.usu.edu
20:59:28.386 [main] INFO  tanksfightmanager.StatsManager - StatsManager setCurrentNumberOfPlayers
	changed current number of players to: 1
20:59:28.386 [main] INFO  tanksfightmanager.StatsManager - StatsManager setCurrentNumberOfPlayers
	changed current number of players to: 1
20:59:28.386 [main] INFO  tanksfightmanager.StatsManager - StatsManager setCurrentNumberOfPlayers
	changed current number of players to: 1
20:59:28.386 [main] INFO  tanksfightmanager.StatsManager - StatsManager setCurrentNumberOfPlayers
	changed current number of players to: 1
20:59:28.386 [main] INFO  tanksfightmanager.StatsManager - StatsManager setCurrentNumberOfPlayers
	changed current number of players to: 1
20:59:28.386 [main] INFO  tanksfightmanager.StatsManager - StatsManager initialize
	initailized StatsManager. Set: 
		guid: TestGuidMOlsen
		managerName: TestManagerNameMOlsen
		operatorName: Mckinley Olsen
		operatorAddress: m.olsen@aggiemail.usu.edu
20:59:28.438 [main] INFO  tanksfightmanager.StatsManager - StatsManager setCurrentNumberOfPlayers
	changed current number of players to: 1
20:59:28.438 [main] INFO  tanksfightmanager.StatsManager - StatsManager setCurrentNumberOfPlayers
	changed current number of players to: 1
20:59:28.438 [main] INFO  tanksfightmanager.StatsManager - StatsManager setCurrentNumberOfPlayers
	changed current number of players to: 1
20:59:28.438 [main] INFO  tanksfightmanager.StatsManager - StatsManager setCurrentNumberOfPlayers
	changed current number of players to: 1
20:59:28.438 [main] INFO  tanksfightmanager.StatsManager - StatsManager setCurrentNumberOfPlayers
	changed current number of players to: 1
20:59:28.438 [main] INFO  tanksfightmanager.StatsManager - StatsManager setCurrentNumberOfPlayers
	changed current number of players to: 1
20:59:28.552 [main] INFO  tanksfightmanager.StatsManager - StatsManager initialize
	initailized StatsManager. Set: 
		guid: TestGuidMOlsen
		managerName: TestManagerNameMOlsen
		operatorName: Mckinley Olsen
		operatorAddress: m.olsen@aggiemail.usu.edu
20:59:28.621 [main] INFO  tanksfightmanager.StatsManager - StatsManager setCurrentNumberOfPlayers
	changed current number of players to: 1
20:59:28.621 [main] INFO  tanksfightmanager.StatsManager - StatsManager setCurrentNumberOfPlayers
	changed current number of players to: 1
20:59:28.621 [main] INFO  tanksfightmanager.StatsManager - StatsManager setCurrentNumberOfPlayers
	changed current number of players to: 1
20:59:28.621 [main] INFO  tanksfightmanager.StatsManager - StatsManager setCurrentNumberOfPlayers
	changed current number of players to: 1
20:59:28.621 [main] INFO  tanksfightmanager.StatsManager - StatsManager setCurrentNumberOfPlayers
	changed current number of players to: 1
20:59:28.621 [main] INFO  tanksfightmanager.StatsManager - StatsManager setCurrentNumberOfPlayers
	changed current number of players to: 1
20:59:28.621 [main] INFO  tanksfightmanager.StatsManager - StatsManager setCurrentNumberOfPlayers
	changed current number of players to: 1
20:59:28.622 [main] INFO  tanksfightmanager.StatsManager - StatsManager initialize
	initailized StatsManager. Set: 
		guid: TestGuidMOlsen
		managerName: TestManagerNameMOlsen
		operatorName: Mckinley Olsen
		operatorAddress: m.olsen@aggiemail.usu.edu
20:59:28.676 [main] INFO  tanksfightmanager.StatsManager - StatsManager setCurrentNumberOfPlayers
	changed current number of players to: 1
20:59:28.676 [main] INFO  tanksfightmanager.StatsManager - StatsManager setCurrentNumberOfPlayers
	changed current number of players to: 1
20:59:28.676 [main] INFO  tanksfightmanager.StatsManager - StatsManager setCurrentNumberOfPlayers
	changed current number of players to: 1
20:59:28.676 [main] INFO  tanksfightmanager.StatsManager - StatsManager setCurrentNumberOfPlayers
	changed current number of players to: 1
20:59:28.676 [main] INFO  tanksfightmanager.StatsManager - StatsManager setCurrentNumberOfPlayers
	changed current number of players to: 1
20:59:28.676 [main] INFO  tanksfightmanager.StatsManager - StatsManager setCurrentNumberOfPlayers
	changed current number of players to: 1
20:59:28.676 [main] INFO  tanksfightmanager.StatsManager - StatsManager setCurrentNumberOfPlayers
	changed current number of players to: 1
20:59:28.676 [main] INFO  tanksfightmanager.StatsManager - StatsManager setCurrentNumberOfPlayers
	changed current number of players to: 1
20:59:28.677 [main] INFO  tanksfightmanager.StatsManager - StatsManager initialize
	initailized StatsManager. Set: 
		guid: TestGuidMOlsen
		managerName: TestManagerNameMOlsen
		operatorName: Mckinley Olsen
		operatorAddress: m.olsen@aggiemail.usu.edu
20:59:28.725 [main] INFO  tanksfightmanager.StatsManager - StatsManager setCurrentNumberOfPlayers
	changed current number of players to: 1
20:59:28.725 [main] INFO  tanksfightmanager.StatsManager - StatsManager setCurrentNumberOfPlayers
	changed current number of players to: 1
20:59:28.725 [main] INFO  tanksfightmanager.StatsManager - StatsManager setCurrentNumberOfPlayers
	changed current number of players to: 1
20:59:28.725 [main] INFO  tanksfightmanager.StatsManager - StatsManager setCurrentNumberOfPlayers
	changed current number of players to: 1
20:59:28.725 [main] INFO  tanksfightmanager.StatsManager - StatsManager setCurrentNumberOfPlayers
	changed current number of players to: 1
20:59:28.726 [main] INFO  tanksfightmanager.StatsManager - StatsManager setCurrentNumberOfPlayers
	changed current number of players to: 1
20:59:28.726 [main] INFO  tanksfightmanager.StatsManager - StatsManager setCurrentNumberOfPlayers
	changed current number of players to: 1
20:59:28.726 [main] INFO  tanksfightmanager.StatsManager - StatsManager setCurrentNumberOfPlayers
	changed current number of players to: 1
20:59:28.726 [main] INFO  tanksfightmanager.StatsManager - StatsManager setCurrentNumberOfPlayers
	changed current number of players to: 1
20:59:28.783 [main] INFO  tanksfightmanager.StatsManager - StatsManager register
	registered with service without exception. Received result: SUCCESS
20:59:28.783 [main] INFO  tanksfightmanager.StatsManager - StatsManager initialize
	initailized StatsManager. Set: 
		guid: TestGuidMOlsen
		managerName: TestManagerNameMOlsen
		operatorName: Mckinley Olsen
		operatorAddress: m.olsen@aggiemail.usu.edu
20:59:28.837 [main] INFO  tanksfightmanager.StatsManager - StatsManager setCurrentNumberOfPlayers
	changed current number of players to: 1
20:59:28.837 [main] INFO  tanksfightmanager.StatsManager - StatsManager setCurrentNumberOfPlayers
	changed current number of players to: 1
20:59:28.837 [main] INFO  tanksfightmanager.StatsManager - StatsManager setCurrentNumberOfPlayers
	changed current number of players to: 1
20:59:28.837 [main] INFO  tanksfightmanager.StatsManager - StatsManager setCurrentNumberOfPlayers
	changed current number of players to: 1
20:59:28.837 [main] INFO  tanksfightmanager.StatsManager - StatsManager setCurrentNumberOfPlayers
	changed current number of players to: 1
20:59:28.838 [main] INFO  tanksfightmanager.StatsManager - StatsManager setCurrentNumberOfPlayers
	changed current number of players to: 1
20:59:28.838 [main] INFO  tanksfightmanager.StatsManager - StatsManager setCurrentNumberOfPlayers
	changed current number of players to: 1
20:59:28.838 [main] INFO  tanksfightmanager.StatsManager - StatsManager setCurrentNumberOfPlayers
	changed current number of players to: 1
20:59:28.838 [main] INFO  tanksfightmanager.StatsManager - StatsManager setCurrentNumberOfPlayers
	changed current number of players to: 1
20:59:28.838 [main] INFO  tanksfightmanager.StatsManager - StatsManager setCurrentNumberOfPlayers
	changed current number of players to: 1
20:59:28.838 [main] INFO  tanksfightmanager.StatsManager - StatsManager initialize
	initailized StatsManager. Set: 
		guid: TestGuidMOlsen
		managerName: TestManagerNameMOlsen
		operatorName: Mckinley Olsen
		operatorAddress: m.olsen@aggiemail.usu.edu
20:59:28.896 [main] INFO  tanksfightmanager.StatsManager - StatsManager setCurrentNumberOfPlayers
	changed current number of players to: 1
20:59:28.896 [main] INFO  tanksfightmanager.StatsManager - StatsManager setCurrentNumberOfPlayers
	changed current number of players to: 1
20:59:28.896 [main] INFO  tanksfightmanager.StatsManager - StatsManager setCurrentNumberOfPlayers
	changed current number of players to: 1
20:59:28.896 [main] INFO  tanksfightmanager.StatsManager - StatsManager setCurrentNumberOfPlayers
	changed current number of players to: 1
20:59:28.896 [main] INFO  tanksfightmanager.StatsManager - StatsManager setCurrentNumberOfPlayers
	changed current number of players to: 1
20:59:28.896 [main] INFO  tanksfightmanager.StatsManager - StatsManager setCurrentNumberOfPlayers
	changed current number of players to: 1
20:59:28.896 [main] INFO  tanksfightmanager.StatsManager - StatsManager setCurrentNumberOfPlayers
	changed current number of players to: 1
20:59:28.896 [main] INFO  tanksfightmanager.StatsManager - StatsManager setCurrentNumberOfPlayers
	changed current number of players to: 1
20:59:28.896 [main] INFO  tanksfightmanager.StatsManager - StatsManager setCurrentNumberOfPlayers
	changed current number of players to: 1
20:59:28.896 [main] INFO  tanksfightmanager.StatsManager - StatsManager setCurrentNumberOfPlayers
	changed current number of players to: 1
20:59:28.896 [main] INFO  tanksfightmanager.StatsManager - StatsManager setCurrentNumberOfPlayers
	changed current number of players to: 1
20:59:28.952 [main] INFO  tanksfightmanager.StatsManager - StatsManager initialize
	initailized StatsManager. Set: 
		guid: TestGuidMOlsen
		managerName: TestManagerNameMOlsen
		operatorName: Mckinley Olsen
		operatorAddress: m.olsen@aggiemail.usu.edu
20:59:29.007 [main] INFO  tanksfightmanager.StatsManager - StatsManager setCurrentNumberOfPlayers
	changed current number of players to: 1
20:59:29.007 [main] INFO  tanksfightmanager.StatsManager - StatsManager setCurrentNumberOfPlayers
	changed current number of players to: 1
20:59:29.007 [main] INFO  tanksfightmanager.StatsManager - StatsManager setCurrentNumberOfPlayers
	changed current number of players to: 1
20:59:29.007 [main] INFO  tanksfightmanager.StatsManager - StatsManager setCurrentNumberOfPlayers
	changed current number of players to: 1
20:59:29.007 [main] INFO  tanksfightmanager.StatsManager - StatsManager setCurrentNumberOfPlayers
	changed current number of players to: 1
20:59:29.007 [main] INFO  tanksfightmanager.StatsManager - StatsManager setCurrentNumberOfPlayers
	changed current number of players to: 1
20:59:29.007 [main] INFO  tanksfightmanager.StatsManager - StatsManager setCurrentNumberOfPlayers
	changed current number of players to: 1
20:59:29.007 [main] INFO  tanksfightmanager.StatsManager - StatsManager setCurrentNumberOfPlayers
	changed current number of players to: 1
20:59:29.007 [main] INFO  tanksfightmanager.StatsManager - StatsManager setCurrentNumberOfPlayers
	changed current number of players to: 1
20:59:29.007 [main] INFO  tanksfightmanager.StatsManager - StatsManager setCurrentNumberOfPlayers
	changed current number of players to: 1
20:59:29.007 [main] INFO  tanksfightmanager.StatsManager - StatsManager setCurrentNumberOfPlayers
	changed current number of players to: 1
20:59:29.007 [main] INFO  tanksfightmanager.StatsManager - StatsManager setCurrentNumberOfPlayers
	changed current number of players to: 1
20:59:29.008 [main] INFO  tanksfightmanager.StatsManager - StatsManager initialize
	initailized StatsManager. Set: 
		guid: TestGuidMOlsen
		managerName: TestManagerNameMOlsen
		operatorName: Mckinley Olsen
		operatorAddress: m.olsen@aggiemail.usu.edu
20:59:29.058 [main] INFO  tanksfightmanager.StatsManager - StatsManager setCurrentNumberOfPlayers
	changed current number of players to: 1
20:59:29.058 [main] INFO  tanksfightmanager.StatsManager - StatsManager setCurrentNumberOfPlayers
	changed current number of players to: 1
20:59:29.058 [main] INFO  tanksfightmanager.StatsManager - StatsManager setCurrentNumberOfPlayers
	changed current number of players to: 1
20:59:29.058 [main] INFO  tanksfightmanager.StatsManager - StatsManager setCurrentNumberOfPlayers
	changed current number of players to: 1
20:59:29.058 [main] INFO  tanksfightmanager.StatsManager - StatsManager setCurrentNumberOfPlayers
	changed current number of players to: 1
20:59:29.058 [main] INFO  tanksfightmanager.StatsManager - StatsManager setCurrentNumberOfPlayers
	changed current number of players to: 1
20:59:29.058 [main] INFO  tanksfightmanager.StatsManager - StatsManager setCurrentNumberOfPlayers
	changed current number of players to: 1
20:59:29.058 [main] INFO  tanksfightmanager.StatsManager - StatsManager setCurrentNumberOfPlayers
	changed current number of players to: 1
20:59:29.058 [main] INFO  tanksfightmanager.StatsManager - StatsManager setCurrentNumberOfPlayers
	changed current number of players to: 1
20:59:29.058 [main] INFO  tanksfightmanager.StatsManager - StatsManager setCurrentNumberOfPlayers
	changed current number of players to: 1
20:59:29.058 [main] INFO  tanksfightmanager.StatsManager - StatsManager setCurrentNumberOfPlayers
	changed current number of players to: 1
20:59:29.059 [main] INFO  tanksfightmanager.StatsManager - StatsManager setCurrentNumberOfPlayers
	changed current number of players to: 1
20:59:29.059 [main] INFO  tanksfightmanager.StatsManager - StatsManager setCurrentNumberOfPlayers
	changed current number of players to: 1
