19:21:12.801 [main] INFO  tanksfightmanager.StatsManager - StatsManager initialize
	initailized StatsManager. Set: 
		guid: TestGuidMOlsen
		managerName: TestManagerNameMOlsen
		operatorName: Mckinley Olsen
		operatorAddress: m.olsen@aggiemail.usu.edu
19:21:13.552 [main] INFO  tanksfightmanager.StatsManager - StatsManager initialize
	initailized StatsManager. Set: 
		guid: TestGuidMOlsen
		managerName: TestManagerNameMOlsen
		operatorName: Mckinley Olsen
		operatorAddress: m.olsen@aggiemail.usu.edu
19:21:13.772 [main] INFO  tanksfightmanager.StatsManager - StatsManager initialize
	initailized StatsManager. Set: 
		guid: TestGuidMOlsen
		managerName: TestManagerNameMOlsen
		operatorName: Mckinley Olsen
		operatorAddress: m.olsen@aggiemail.usu.edu
19:21:14.114 [main] INFO  tanksfightmanager.StatsManager - StatsManager initialize
	initailized StatsManager. Set: 
		guid: TestGuidMOlsen
		managerName: TestManagerNameMOlsen
		operatorName: Mckinley Olsen
		operatorAddress: m.olsen@aggiemail.usu.edu
19:21:14.520 [main] INFO  tanksfightmanager.StatsManager - StatsManager initialize
	initailized StatsManager. Set: 
		guid: TestGuidMOlsen
		managerName: TestManagerNameMOlsen
		operatorName: Mckinley Olsen
		operatorAddress: m.olsen@aggiemail.usu.edu
19:21:15.027 [main] INFO  tanksfightmanager.StatsManager - StatsManager initialize
	initailized StatsManager. Set: 
		guid: TestGuidMOlsen
		managerName: TestManagerNameMOlsen
		operatorName: Mckinley Olsen
		operatorAddress: m.olsen@aggiemail.usu.edu
19:21:15.357 [main] INFO  tanksfightmanager.StatsManager - StatsManager initialize
	initailized StatsManager. Set: 
		guid: TestGuidMOlsen
		managerName: TestManagerNameMOlsen
		operatorName: Mckinley Olsen
		operatorAddress: m.olsen@aggiemail.usu.edu
19:21:15.691 [main] INFO  tanksfightmanager.StatsManager - StatsManager initialize
	initailized StatsManager. Set: 
		guid: TestGuidMOlsen
		managerName: TestManagerNameMOlsen
		operatorName: Mckinley Olsen
		operatorAddress: m.olsen@aggiemail.usu.edu
19:21:15.998 [main] INFO  tanksfightmanager.StatsManager - StatsManager initialize
	initailized StatsManager. Set: 
		guid: TestGuidMOlsen
		managerName: TestManagerNameMOlsen
		operatorName: Mckinley Olsen
		operatorAddress: m.olsen@aggiemail.usu.edu
19:21:16.300 [main] INFO  tanksfightmanager.StatsManager - StatsManager initialize
	initailized StatsManager. Set: 
		guid: TestGuidMOlsen
		managerName: TestManagerNameMOlsen
		operatorName: Mckinley Olsen
		operatorAddress: m.olsen@aggiemail.usu.edu
19:21:16.766 [main] INFO  tanksfightmanager.StatsManager - StatsManager initialize
	initailized StatsManager. Set: 
		guid: TestGuidMOlsen
		managerName: TestManagerNameMOlsen
		operatorName: Mckinley Olsen
		operatorAddress: m.olsen@aggiemail.usu.edu
19:21:17.048 [main] INFO  tanksfightmanager.StatsManager - StatsManager initialize
	initailized StatsManager. Set: 
		guid: TestGuidMOlsen
		managerName: TestManagerNameMOlsen
		operatorName: Mckinley Olsen
		operatorAddress: m.olsen@aggiemail.usu.edu
19:21:17.434 [main] INFO  tanksfightmanager.StatsManager - StatsManager initialize
	initailized StatsManager. Set: 
		guid: TestGuidMOlsen
		managerName: TestManagerNameMOlsen
		operatorName: Mckinley Olsen
		operatorAddress: m.olsen@aggiemail.usu.edu
19:21:17.749 [main] INFO  tanksfightmanager.StatsManager - StatsManager initialize
	initailized StatsManager. Set: 
		guid: TestGuidMOlsen
		managerName: TestManagerNameMOlsen
		operatorName: Mckinley Olsen
		operatorAddress: m.olsen@aggiemail.usu.edu
19:21:18.034 [main] INFO  tanksfightmanager.StatsManager - StatsManager initialize
	initailized StatsManager. Set: 
		guid: TestGuidMOlsen
		managerName: TestManagerNameMOlsen
		operatorName: Mckinley Olsen
		operatorAddress: m.olsen@aggiemail.usu.edu
19:21:18.195 [main] INFO  tanksfightmanager.StatsManager - StatsManager initialize
	initailized StatsManager. Set: 
		guid: TestGuidMOlsen
		managerName: TestManagerNameMOlsen
		operatorName: Mckinley Olsen
		operatorAddress: m.olsen@aggiemail.usu.edu
19:21:18.457 [main] INFO  tanksfightmanager.StatsManager - StatsManager initialize
	initailized StatsManager. Set: 
		guid: TestGuidMOlsen
		managerName: TestManagerNameMOlsen
		operatorName: Mckinley Olsen
		operatorAddress: m.olsen@aggiemail.usu.edu
19:21:18.880 [main] INFO  tanksfightmanager.StatsManager - StatsManager initialize
	initailized StatsManager. Set: 
		guid: TestGuidMOlsen
		managerName: TestManagerNameMOlsen
		operatorName: Mckinley Olsen
		operatorAddress: m.olsen@aggiemail.usu.edu
19:21:19.086 [main] INFO  tanksfightmanager.StatsManager - StatsManager initialize
	initailized StatsManager. Set: 
		guid: TestGuidMOlsen
		managerName: TestManagerNameMOlsen
		operatorName: Mckinley Olsen
		operatorAddress: m.olsen@aggiemail.usu.edu
19:21:19.286 [main] INFO  tanksfightmanager.StatsManager - StatsManager initialize
	initailized StatsManager. Set: 
		guid: TestGuidMOlsen
		managerName: TestManagerNameMOlsen
		operatorName: Mckinley Olsen
		operatorAddress: m.olsen@aggiemail.usu.edu
19:21:19.516 [main] INFO  tanksfightmanager.StatsManager - StatsManager initialize
	initailized StatsManager. Set: 
		guid: TestGuidMOlsen
		managerName: TestManagerNameMOlsen
		operatorName: Mckinley Olsen
		operatorAddress: m.olsen@aggiemail.usu.edu
19:21:19.732 [main] INFO  tanksfightmanager.StatsManager - StatsManager initialize
	initailized StatsManager. Set: 
		guid: TestGuidMOlsen
		managerName: TestManagerNameMOlsen
		operatorName: Mckinley Olsen
		operatorAddress: m.olsen@aggiemail.usu.edu
19:21:19.929 [main] INFO  tanksfightmanager.StatsManager - StatsManager initialize
	initailized StatsManager. Set: 
		guid: TestGuidMOlsen
		managerName: TestManagerNameMOlsen
		operatorName: Mckinley Olsen
		operatorAddress: m.olsen@aggiemail.usu.edu
19:21:20.152 [main] INFO  tanksfightmanager.StatsManager - StatsManager initialize
	initailized StatsManager. Set: 
		guid: TestGuidMOlsen
		managerName: TestManagerNameMOlsen
		operatorName: Mckinley Olsen
		operatorAddress: m.olsen@aggiemail.usu.edu
19:21:20.465 [main] INFO  tanksfightmanager.StatsManager - StatsManager initialize
	initailized StatsManager. Set: 
		guid: TestGuidMOlsen
		managerName: TestManagerNameMOlsen
		operatorName: Mckinley Olsen
		operatorAddress: m.olsen@aggiemail.usu.edu
19:21:21.074 [main] INFO  tanksfightmanager.StatsManager - StatsManager register
	registered with service without exception. Received result: SUCCESS
19:21:21.075 [main] INFO  tanksfightmanager.StatsManager - StatsManager initialize
	initailized StatsManager. Set: 
		guid: TestGuidMOlsen
		managerName: TestManagerNameMOlsen
		operatorName: Mckinley Olsen
		operatorAddress: m.olsen@aggiemail.usu.edu
19:21:21.317 [main] INFO  tanksfightmanager.StatsManager - StatsManager initialize
	initailized StatsManager. Set: 
		guid: TestGuidMOlsen
		managerName: TestManagerNameMOlsen
		operatorName: Mckinley Olsen
		operatorAddress: m.olsen@aggiemail.usu.edu
19:21:21.575 [main] INFO  tanksfightmanager.StatsManager - StatsManager incrementNumberOfPlayers
	incremented current number of players to: 1
19:21:21.575 [main] INFO  tanksfightmanager.StatsManager - StatsManager incrementNumberOfPlayers
	set max number of players to: 1
19:21:21.575 [main] INFO  tanksfightmanager.StatsManager - StatsManager incrementNumberOfPlayers
	incremented current number of players to: 2
19:21:21.575 [main] INFO  tanksfightmanager.StatsManager - StatsManager incrementNumberOfPlayers
	set max number of players to: 2
19:21:21.575 [main] INFO  tanksfightmanager.StatsManager - StatsManager incrementNumberOfPlayers
	incremented current number of players to: 3
19:21:21.575 [main] INFO  tanksfightmanager.StatsManager - StatsManager incrementNumberOfPlayers
	set max number of players to: 3
19:21:21.575 [main] INFO  tanksfightmanager.StatsManager - StatsManager incrementNumberOfPlayers
	incremented current number of players to: 4
19:21:21.575 [main] INFO  tanksfightmanager.StatsManager - StatsManager incrementNumberOfPlayers
	set max number of players to: 4
19:21:21.575 [main] INFO  tanksfightmanager.StatsManager - StatsManager incrementNumberOfPlayers
	incremented current number of players to: 5
19:21:21.575 [main] INFO  tanksfightmanager.StatsManager - StatsManager incrementNumberOfPlayers
	set max number of players to: 5
19:21:21.575 [main] INFO  tanksfightmanager.StatsManager - StatsManager incrementNumberOfPlayers
	incremented current number of players to: 6
19:21:21.575 [main] INFO  tanksfightmanager.StatsManager - StatsManager incrementNumberOfPlayers
	set max number of players to: 6
19:21:21.575 [main] INFO  tanksfightmanager.StatsManager - StatsManager incrementNumberOfPlayers
	incremented current number of players to: 7
19:21:21.575 [main] INFO  tanksfightmanager.StatsManager - StatsManager incrementNumberOfPlayers
	set max number of players to: 7
19:21:21.575 [main] INFO  tanksfightmanager.StatsManager - StatsManager incrementNumberOfPlayers
	incremented current number of players to: 8
19:21:21.575 [main] INFO  tanksfightmanager.StatsManager - StatsManager incrementNumberOfPlayers
	set max number of players to: 8
19:21:21.575 [main] INFO  tanksfightmanager.StatsManager - StatsManager incrementNumberOfPlayers
	incremented current number of players to: 9
19:21:21.575 [main] INFO  tanksfightmanager.StatsManager - StatsManager incrementNumberOfPlayers
	set max number of players to: 9
19:21:21.575 [main] INFO  tanksfightmanager.StatsManager - StatsManager incrementNumberOfPlayers
	incremented current number of players to: 10
19:21:21.575 [main] INFO  tanksfightmanager.StatsManager - StatsManager incrementNumberOfPlayers
	set max number of players to: 10
19:21:21.575 [main] INFO  tanksfightmanager.StatsManager - StatsManager incrementNumberOfPlayers
	incremented current number of players to: 11
19:21:21.575 [main] INFO  tanksfightmanager.StatsManager - StatsManager incrementNumberOfPlayers
	set max number of players to: 11
19:21:21.575 [main] INFO  tanksfightmanager.StatsManager - StatsManager incrementNumberOfPlayers
	incremented current number of players to: 12
19:21:21.575 [main] INFO  tanksfightmanager.StatsManager - StatsManager incrementNumberOfPlayers
	set max number of players to: 12
19:21:21.575 [main] INFO  tanksfightmanager.StatsManager - StatsManager incrementNumberOfPlayers
	incremented current number of players to: 13
19:21:21.575 [main] INFO  tanksfightmanager.StatsManager - StatsManager incrementNumberOfPlayers
	set max number of players to: 13
19:21:21.576 [main] INFO  tanksfightmanager.StatsManager - StatsManager incrementNumberOfPlayers
	incremented current number of players to: 14
19:21:21.576 [main] INFO  tanksfightmanager.StatsManager - StatsManager incrementNumberOfPlayers
	set max number of players to: 14
19:21:21.576 [main] INFO  tanksfightmanager.StatsManager - StatsManager incrementNumberOfPlayers
	incremented current number of players to: 15
19:21:21.576 [main] INFO  tanksfightmanager.StatsManager - StatsManager incrementNumberOfPlayers
	set max number of players to: 15
19:21:21.576 [main] INFO  tanksfightmanager.StatsManager - StatsManager incrementNumberOfPlayers
	incremented current number of players to: 16
19:21:21.576 [main] INFO  tanksfightmanager.StatsManager - StatsManager incrementNumberOfPlayers
	set max number of players to: 16
19:21:21.576 [main] INFO  tanksfightmanager.StatsManager - StatsManager incrementNumberOfPlayers
	incremented current number of players to: 17
19:21:21.576 [main] INFO  tanksfightmanager.StatsManager - StatsManager incrementNumberOfPlayers
	set max number of players to: 17
19:21:21.576 [main] INFO  tanksfightmanager.StatsManager - StatsManager incrementNumberOfPlayers
	incremented current number of players to: 18
19:21:21.576 [main] INFO  tanksfightmanager.StatsManager - StatsManager incrementNumberOfPlayers
	set max number of players to: 18
19:21:21.576 [main] INFO  tanksfightmanager.StatsManager - StatsManager incrementNumberOfPlayers
	incremented current number of players to: 19
19:21:21.576 [main] INFO  tanksfightmanager.StatsManager - StatsManager incrementNumberOfPlayers
	set max number of players to: 19
19:21:21.576 [main] INFO  tanksfightmanager.StatsManager - StatsManager incrementNumberOfPlayers
	incremented current number of players to: 20
19:21:21.576 [main] INFO  tanksfightmanager.StatsManager - StatsManager incrementNumberOfPlayers
	set max number of players to: 20
19:21:21.576 [main] INFO  tanksfightmanager.StatsManager - StatsManager incrementNumberOfPlayers
	incremented current number of players to: 21
19:21:21.576 [main] INFO  tanksfightmanager.StatsManager - StatsManager incrementNumberOfPlayers
	set max number of players to: 21
19:21:21.576 [main] INFO  tanksfightmanager.StatsManager - StatsManager incrementNumberOfPlayers
	incremented current number of players to: 22
19:21:21.576 [main] INFO  tanksfightmanager.StatsManager - StatsManager incrementNumberOfPlayers
	set max number of players to: 22
19:21:21.576 [main] INFO  tanksfightmanager.StatsManager - StatsManager incrementNumberOfPlayers
	incremented current number of players to: 23
19:21:21.576 [main] INFO  tanksfightmanager.StatsManager - StatsManager incrementNumberOfPlayers
	set max number of players to: 23
19:21:21.576 [main] INFO  tanksfightmanager.StatsManager - StatsManager incrementNumberOfPlayers
	incremented current number of players to: 24
19:21:21.576 [main] INFO  tanksfightmanager.StatsManager - StatsManager incrementNumberOfPlayers
	set max number of players to: 24
19:21:21.576 [main] INFO  tanksfightmanager.StatsManager - StatsManager incrementNumberOfPlayers
	incremented current number of players to: 25
19:21:21.576 [main] INFO  tanksfightmanager.StatsManager - StatsManager incrementNumberOfPlayers
	set max number of players to: 25
19:21:21.576 [main] INFO  tanksfightmanager.StatsManager - StatsManager incrementNumberOfPlayers
	incremented current number of players to: 26
19:21:21.576 [main] INFO  tanksfightmanager.StatsManager - StatsManager incrementNumberOfPlayers
	set max number of players to: 26
19:21:21.576 [main] INFO  tanksfightmanager.StatsManager - StatsManager incrementNumberOfPlayers
	incremented current number of players to: 27
19:21:21.576 [main] INFO  tanksfightmanager.StatsManager - StatsManager incrementNumberOfPlayers
	set max number of players to: 27
19:21:21.586 [main] INFO  tanksfightmanager.StatsManager - StatsManager initialize
	initailized StatsManager. Set: 
		guid: TestGuidMOlsen
		managerName: TestManagerNameMOlsen
		operatorName: Mckinley Olsen
		operatorAddress: m.olsen@aggiemail.usu.edu
19:21:21.954 [main] INFO  tanksfightmanager.StatsManager - StatsManager initialize
	initailized StatsManager. Set: 
		guid: TestGuidMOlsen
		managerName: TestManagerNameMOlsen
		operatorName: Mckinley Olsen
		operatorAddress: m.olsen@aggiemail.usu.edu
19:21:22.432 [main] INFO  tanksfightmanager.StatsManager - StatsManager initialize
	initailized StatsManager. Set: 
		guid: TestGuidMOlsen
		managerName: TestManagerNameMOlsen
		operatorName: Mckinley Olsen
		operatorAddress: m.olsen@aggiemail.usu.edu
19:21:25.245 [main] INFO  tanksfightmanager.StatsManager - StatsManager initialize
	initailized StatsManager. Set: 
		guid: TestGuidMOlsen
		managerName: TestManagerNameMOlsen
		operatorName: Mckinley Olsen
		operatorAddress: m.olsen@aggiemail.usu.edu
