20:33:42.977 [JavaFX Application Thread] INFO  TanksCommon.Communicator1 - Communicator initializeSocket:
	 Socket initialized
20:33:42.978 [JavaFX Application Thread] INFO  TanksCommon.Communicator1 - BackgroundThread Start: 
	Thread Started
20:33:48.232 [Communicator] INFO  TanksCommon.Communicator1 - Communicator run:
	 outputQueue not empty, trying to send the message
20:33:48.233 [Communicator] INFO  TanksCommon.Communicator1 - Communicator sendMessage
	 Starting to try to send message of length: 70
20:33:48.233 [Communicator] INFO  TanksCommon.Communicator1 - Communicator sendMessage
	 Sent successfully length: 70
20:34:24.557 [Communicator] INFO  TanksCommon.Communicator1 - Communicator run:
	 outputQueue not empty, trying to send the message
20:34:24.557 [Communicator] INFO  TanksCommon.Communicator1 - Communicator sendMessage
	 Starting to try to send message of length: 54
20:34:24.557 [Communicator] INFO  TanksCommon.Communicator1 - Communicator sendMessage
	 Sent successfully length: 54
20:34:24.711 [Communicator] INFO  TanksCommon.Communicator1 - Communicator run:
	 adding envelope to inputQueue
20:34:25.512 [Communicator] INFO  TanksCommon.Communicator1 - Communicator run:
	 outputQueue not empty, trying to send the message
20:34:25.512 [Communicator] INFO  TanksCommon.Communicator1 - Communicator sendMessage
	 Starting to try to send message of length: 54
20:34:25.512 [Communicator] INFO  TanksCommon.Communicator1 - Communicator sendMessage
	 Sent successfully length: 54
20:34:25.662 [Communicator] INFO  TanksCommon.Communicator1 - Communicator run:
	 adding envelope to inputQueue
20:34:25.662 [Communicator] INFO  TanksCommon.Communicator1 - Communicator run:
	 outputQueue not empty, trying to send the message
20:34:25.662 [Communicator] INFO  TanksCommon.Communicator1 - Communicator sendMessage
	 Starting to try to send message of length: 54
20:34:25.662 [Communicator] INFO  TanksCommon.Communicator1 - Communicator sendMessage
	 Sent successfully length: 54
20:34:25.812 [Communicator] INFO  TanksCommon.Communicator1 - Communicator run:
	 adding envelope to inputQueue
20:34:31.297 [JavaFX Application Thread] INFO  TanksCommon.Communicator1 - BackgroundThread Stop:
	 Stopping Thread
20:34:32.298 [JavaFX Application Thread] INFO  TanksCommon.Communicator1 - BackgroundThread Stop:
	 Thread Stopped
