20:28:34.972 [JavaFX Application Thread] INFO  TanksCommon.Communicator1 - Communicator initializeSocket:
	 Socket initialized
20:28:34.974 [JavaFX Application Thread] INFO  TanksCommon.Communicator1 - BackgroundThread Start: 
	Thread Started
20:28:39.427 [Communicator] INFO  TanksCommon.Communicator1 - Communicator run:
	 outputQueue not empty, trying to send the message
20:28:39.428 [Communicator] INFO  TanksCommon.Communicator1 - Communicator sendMessage
	 Starting to try to send message of length: 70
20:28:39.428 [Communicator] INFO  TanksCommon.Communicator1 - Communicator sendMessage
	 Sent successfully length: 70
20:28:39.582 [Communicator] INFO  TanksCommon.Communicator1 - Communicator run:
	 adding envelope to inputQueue
20:29:47.126 [Communicator] INFO  TanksCommon.Communicator1 - Communicator run:
	 outputQueue not empty, trying to send the message
20:29:47.126 [Communicator] INFO  TanksCommon.Communicator1 - Communicator sendMessage
	 Starting to try to send message of length: 54
20:29:47.126 [Communicator] INFO  TanksCommon.Communicator1 - Communicator sendMessage
	 Sent successfully length: 54
20:29:47.276 [Communicator] INFO  TanksCommon.Communicator1 - Communicator run:
	 adding envelope to inputQueue
20:29:49.378 [Communicator] INFO  TanksCommon.Communicator1 - Communicator run:
	 outputQueue not empty, trying to send the message
20:29:49.378 [Communicator] INFO  TanksCommon.Communicator1 - Communicator sendMessage
	 Starting to try to send message of length: 54
20:29:49.378 [Communicator] INFO  TanksCommon.Communicator1 - Communicator sendMessage
	 Sent successfully length: 54
20:29:49.528 [Communicator] INFO  TanksCommon.Communicator1 - Communicator run:
	 adding envelope to inputQueue
20:29:50.028 [Communicator] INFO  TanksCommon.Communicator1 - Communicator run:
	 outputQueue not empty, trying to send the message
20:29:50.028 [Communicator] INFO  TanksCommon.Communicator1 - Communicator sendMessage
	 Starting to try to send message of length: 54
20:29:50.028 [Communicator] INFO  TanksCommon.Communicator1 - Communicator sendMessage
	 Sent successfully length: 54
20:29:50.178 [Communicator] INFO  TanksCommon.Communicator1 - Communicator run:
	 adding envelope to inputQueue
20:29:50.278 [Communicator] INFO  TanksCommon.Communicator1 - Communicator run:
	 outputQueue not empty, trying to send the message
20:29:50.278 [Communicator] INFO  TanksCommon.Communicator1 - Communicator sendMessage
	 Starting to try to send message of length: 54
20:29:50.278 [Communicator] INFO  TanksCommon.Communicator1 - Communicator sendMessage
	 Sent successfully length: 54
20:29:50.378 [Communicator] INFO  TanksCommon.Communicator1 - Communicator run:
	 outputQueue not empty, trying to send the message
20:29:50.378 [Communicator] INFO  TanksCommon.Communicator1 - Communicator sendMessage
	 Starting to try to send message of length: 54
20:29:50.378 [Communicator] INFO  TanksCommon.Communicator1 - Communicator sendMessage
	 Sent successfully length: 54
20:29:50.428 [Communicator] INFO  TanksCommon.Communicator1 - Communicator run:
	 adding envelope to inputQueue
20:29:50.478 [Communicator] INFO  TanksCommon.Communicator1 - Communicator run:
	 adding envelope to inputQueue
20:29:50.578 [Communicator] INFO  TanksCommon.Communicator1 - Communicator run:
	 outputQueue not empty, trying to send the message
20:29:50.578 [Communicator] INFO  TanksCommon.Communicator1 - Communicator sendMessage
	 Starting to try to send message of length: 54
20:29:50.578 [Communicator] INFO  TanksCommon.Communicator1 - Communicator sendMessage
	 Sent successfully length: 54
20:29:50.679 [Communicator] INFO  TanksCommon.Communicator1 - Communicator run:
	 outputQueue not empty, trying to send the message
20:29:50.679 [Communicator] INFO  TanksCommon.Communicator1 - Communicator sendMessage
	 Starting to try to send message of length: 54
20:29:50.679 [Communicator] INFO  TanksCommon.Communicator1 - Communicator sendMessage
	 Sent successfully length: 54
20:29:50.729 [Communicator] INFO  TanksCommon.Communicator1 - Communicator run:
	 adding envelope to inputQueue
20:29:50.779 [Communicator] INFO  TanksCommon.Communicator1 - Communicator run:
	 adding envelope to inputQueue
20:29:50.879 [Communicator] INFO  TanksCommon.Communicator1 - Communicator run:
	 outputQueue not empty, trying to send the message
20:29:50.879 [Communicator] INFO  TanksCommon.Communicator1 - Communicator sendMessage
	 Starting to try to send message of length: 54
20:29:50.879 [Communicator] INFO  TanksCommon.Communicator1 - Communicator sendMessage
	 Sent successfully length: 54
20:29:50.979 [Communicator] INFO  TanksCommon.Communicator1 - Communicator run:
	 outputQueue not empty, trying to send the message
20:29:50.979 [Communicator] INFO  TanksCommon.Communicator1 - Communicator sendMessage
	 Starting to try to send message of length: 54
20:29:50.979 [Communicator] INFO  TanksCommon.Communicator1 - Communicator sendMessage
	 Sent successfully length: 54
20:29:51.029 [Communicator] INFO  TanksCommon.Communicator1 - Communicator run:
	 adding envelope to inputQueue
20:29:51.079 [Communicator] INFO  TanksCommon.Communicator1 - Communicator run:
	 adding envelope to inputQueue
20:29:51.179 [Communicator] INFO  TanksCommon.Communicator1 - Communicator run:
	 outputQueue not empty, trying to send the message
20:29:51.179 [Communicator] INFO  TanksCommon.Communicator1 - Communicator sendMessage
	 Starting to try to send message of length: 54
20:29:51.179 [Communicator] INFO  TanksCommon.Communicator1 - Communicator sendMessage
	 Sent successfully length: 54
20:29:51.279 [Communicator] INFO  TanksCommon.Communicator1 - Communicator run:
	 outputQueue not empty, trying to send the message
20:29:51.279 [Communicator] INFO  TanksCommon.Communicator1 - Communicator sendMessage
	 Starting to try to send message of length: 54
20:29:51.279 [Communicator] INFO  TanksCommon.Communicator1 - Communicator sendMessage
	 Sent successfully length: 54
20:29:51.329 [Communicator] INFO  TanksCommon.Communicator1 - Communicator run:
	 adding envelope to inputQueue
20:29:51.379 [Communicator] INFO  TanksCommon.Communicator1 - Communicator run:
	 adding envelope to inputQueue
20:29:51.479 [Communicator] INFO  TanksCommon.Communicator1 - Communicator run:
	 outputQueue not empty, trying to send the message
20:29:51.479 [Communicator] INFO  TanksCommon.Communicator1 - Communicator sendMessage
	 Starting to try to send message of length: 54
20:29:51.479 [Communicator] INFO  TanksCommon.Communicator1 - Communicator sendMessage
	 Sent successfully length: 54
20:29:51.579 [Communicator] INFO  TanksCommon.Communicator1 - Communicator run:
	 outputQueue not empty, trying to send the message
20:29:51.579 [Communicator] INFO  TanksCommon.Communicator1 - Communicator sendMessage
	 Starting to try to send message of length: 54
20:29:51.579 [Communicator] INFO  TanksCommon.Communicator1 - Communicator sendMessage
	 Sent successfully length: 54
20:29:51.629 [Communicator] INFO  TanksCommon.Communicator1 - Communicator run:
	 adding envelope to inputQueue
20:29:51.679 [Communicator] INFO  TanksCommon.Communicator1 - Communicator run:
	 adding envelope to inputQueue
20:29:51.679 [Communicator] INFO  TanksCommon.Communicator1 - Communicator run:
	 outputQueue not empty, trying to send the message
20:29:51.679 [Communicator] INFO  TanksCommon.Communicator1 - Communicator sendMessage
	 Starting to try to send message of length: 54
20:29:51.679 [Communicator] INFO  TanksCommon.Communicator1 - Communicator sendMessage
	 Sent successfully length: 54
20:29:51.829 [Communicator] INFO  TanksCommon.Communicator1 - Communicator run:
	 adding envelope to inputQueue
20:29:51.829 [Communicator] INFO  TanksCommon.Communicator1 - Communicator run:
	 outputQueue not empty, trying to send the message
20:29:51.829 [Communicator] INFO  TanksCommon.Communicator1 - Communicator sendMessage
	 Starting to try to send message of length: 54
20:29:51.829 [Communicator] INFO  TanksCommon.Communicator1 - Communicator sendMessage
	 Sent successfully length: 54
20:29:51.979 [Communicator] INFO  TanksCommon.Communicator1 - Communicator run:
	 adding envelope to inputQueue
20:29:51.979 [Communicator] INFO  TanksCommon.Communicator1 - Communicator run:
	 outputQueue not empty, trying to send the message
20:29:51.979 [Communicator] INFO  TanksCommon.Communicator1 - Communicator sendMessage
	 Starting to try to send message of length: 54
20:29:51.979 [Communicator] INFO  TanksCommon.Communicator1 - Communicator sendMessage
	 Sent successfully length: 54
20:29:52.129 [Communicator] INFO  TanksCommon.Communicator1 - Communicator run:
	 adding envelope to inputQueue
20:29:52.129 [Communicator] INFO  TanksCommon.Communicator1 - Communicator run:
	 outputQueue not empty, trying to send the message
20:29:52.129 [Communicator] INFO  TanksCommon.Communicator1 - Communicator sendMessage
	 Starting to try to send message of length: 54
20:29:52.129 [Communicator] INFO  TanksCommon.Communicator1 - Communicator sendMessage
	 Sent successfully length: 54
20:29:52.280 [Communicator] INFO  TanksCommon.Communicator1 - Communicator run:
	 adding envelope to inputQueue
20:29:52.280 [Communicator] INFO  TanksCommon.Communicator1 - Communicator run:
	 outputQueue not empty, trying to send the message
20:29:52.280 [Communicator] INFO  TanksCommon.Communicator1 - Communicator sendMessage
	 Starting to try to send message of length: 54
20:29:52.280 [Communicator] INFO  TanksCommon.Communicator1 - Communicator sendMessage
	 Sent successfully length: 54
20:29:52.430 [Communicator] INFO  TanksCommon.Communicator1 - Communicator run:
	 adding envelope to inputQueue
20:29:52.430 [Communicator] INFO  TanksCommon.Communicator1 - Communicator run:
	 outputQueue not empty, trying to send the message
20:29:52.430 [Communicator] INFO  TanksCommon.Communicator1 - Communicator sendMessage
	 Starting to try to send message of length: 54
20:29:52.430 [Communicator] INFO  TanksCommon.Communicator1 - Communicator sendMessage
	 Sent successfully length: 54
20:29:52.580 [Communicator] INFO  TanksCommon.Communicator1 - Communicator run:
	 adding envelope to inputQueue
20:29:52.580 [Communicator] INFO  TanksCommon.Communicator1 - Communicator run:
	 outputQueue not empty, trying to send the message
20:29:52.580 [Communicator] INFO  TanksCommon.Communicator1 - Communicator sendMessage
	 Starting to try to send message of length: 54
20:29:52.580 [Communicator] INFO  TanksCommon.Communicator1 - Communicator sendMessage
	 Sent successfully length: 54
20:29:52.730 [Communicator] INFO  TanksCommon.Communicator1 - Communicator run:
	 adding envelope to inputQueue
20:29:52.730 [Communicator] INFO  TanksCommon.Communicator1 - Communicator run:
	 outputQueue not empty, trying to send the message
20:29:52.730 [Communicator] INFO  TanksCommon.Communicator1 - Communicator sendMessage
	 Starting to try to send message of length: 54
20:29:52.730 [Communicator] INFO  TanksCommon.Communicator1 - Communicator sendMessage
	 Sent successfully length: 54
20:29:52.880 [Communicator] INFO  TanksCommon.Communicator1 - Communicator run:
	 adding envelope to inputQueue
20:31:41.690 [JavaFX Application Thread] INFO  TanksCommon.Communicator1 - BackgroundThread Stop:
	 Stopping Thread
20:31:42.690 [JavaFX Application Thread] INFO  TanksCommon.Communicator1 - BackgroundThread Stop:
	 Thread Stopped
